2023-06-09 01:50:35	/dokuwiki/lib/plugins/indexmenu/syntax/indexmenu.php(528)	E_WARNING: Undefined array key -1
  #0 /dokuwiki/lib/plugins/indexmenu/syntax/indexmenu.php(528): dokuwiki\ErrorHandler::errorHandler()
  #1 /dokuwiki/lib/plugins/indexmenu/syntax/indexmenu.php(479): syntax_plugin_indexmenu_indexmenu->_jsnodes()
  #2 /dokuwiki/lib/plugins/indexmenu/syntax/indexmenu.php(414): syntax_plugin_indexmenu_indexmenu->_jstree()
  #3 /dokuwiki/lib/plugins/indexmenu/syntax/indexmenu.php(357): syntax_plugin_indexmenu_indexmenu->_indexmenu()
  #4 /dokuwiki/inc/parser/renderer.php(119): syntax_plugin_indexmenu_indexmenu->render()
  #5 /dokuwiki/inc/parserutils.php(700): Doku_Renderer->plugin()
  #6 /dokuwiki/inc/parserutils.php(158): p_render()
  #7 /dokuwiki/inc/parserutils.php(96): p_cached_output()
  #8 /dokuwiki/inc/template.php(1592): p_wiki_xhtml()
  #9 /dokuwiki/lib/tpl/mindthedark/main.php(81): tpl_include_page()
  #10 /dokuwiki/inc/actions.php(27): include('...')
  #11 /dokuwiki/doku.php(126): act_dispatch()
  #12 {main}
2023-06-09 01:50:35	/dokuwiki/lib/plugins/indexmenu/syntax/indexmenu.php(528)	E_WARNING: Trying to access array offset on value of type null
  #0 /dokuwiki/lib/plugins/indexmenu/syntax/indexmenu.php(528): dokuwiki\ErrorHandler::errorHandler()
  #1 /dokuwiki/lib/plugins/indexmenu/syntax/indexmenu.php(479): syntax_plugin_indexmenu_indexmenu->_jsnodes()
  #2 /dokuwiki/lib/plugins/indexmenu/syntax/indexmenu.php(414): syntax_plugin_indexmenu_indexmenu->_jstree()
  #3 /dokuwiki/lib/plugins/indexmenu/syntax/indexmenu.php(357): syntax_plugin_indexmenu_indexmenu->_indexmenu()
  #4 /dokuwiki/inc/parser/renderer.php(119): syntax_plugin_indexmenu_indexmenu->render()
  #5 /dokuwiki/inc/parserutils.php(700): Doku_Renderer->plugin()
  #6 /dokuwiki/inc/parserutils.php(158): p_render()
  #7 /dokuwiki/inc/parserutils.php(96): p_cached_output()
  #8 /dokuwiki/inc/template.php(1592): p_wiki_xhtml()
  #9 /dokuwiki/lib/tpl/mindthedark/main.php(81): tpl_include_page()
  #10 /dokuwiki/inc/actions.php(27): include('...')
  #11 /dokuwiki/doku.php(126): act_dispatch()
  #12 {main}
2023-06-09 01:50:35	/dokuwiki/lib/plugins/indexmenu/syntax/indexmenu.php(528)	E_WARNING: Undefined array key -1
  #0 /dokuwiki/lib/plugins/indexmenu/syntax/indexmenu.php(528): dokuwiki\ErrorHandler::errorHandler()
  #1 /dokuwiki/lib/plugins/indexmenu/syntax/indexmenu.php(479): syntax_plugin_indexmenu_indexmenu->_jsnodes()
  #2 /dokuwiki/lib/plugins/indexmenu/syntax/indexmenu.php(414): syntax_plugin_indexmenu_indexmenu->_jstree()
  #3 /dokuwiki/lib/plugins/indexmenu/syntax/indexmenu.php(357): syntax_plugin_indexmenu_indexmenu->_indexmenu()
  #4 /dokuwiki/inc/parser/renderer.php(119): syntax_plugin_indexmenu_indexmenu->render()
  #5 /dokuwiki/inc/parserutils.php(700): Doku_Renderer->plugin()
  #6 /dokuwiki/inc/parserutils.php(158): p_render()
  #7 /dokuwiki/inc/parserutils.php(96): p_cached_output()
  #8 /dokuwiki/inc/template.php(1592): p_wiki_xhtml()
  #9 /dokuwiki/lib/tpl/mindthedark/main.php(81): tpl_include_page()
  #10 /dokuwiki/inc/actions.php(27): include('...')
  #11 /dokuwiki/doku.php(126): act_dispatch()
  #12 {main}
2023-06-09 01:50:35	/dokuwiki/lib/plugins/indexmenu/syntax/indexmenu.php(528)	E_WARNING: Trying to access array offset on value of type null
  #0 /dokuwiki/lib/plugins/indexmenu/syntax/indexmenu.php(528): dokuwiki\ErrorHandler::errorHandler()
  #1 /dokuwiki/lib/plugins/indexmenu/syntax/indexmenu.php(479): syntax_plugin_indexmenu_indexmenu->_jsnodes()
  #2 /dokuwiki/lib/plugins/indexmenu/syntax/indexmenu.php(414): syntax_plugin_indexmenu_indexmenu->_jstree()
  #3 /dokuwiki/lib/plugins/indexmenu/syntax/indexmenu.php(357): syntax_plugin_indexmenu_indexmenu->_indexmenu()
  #4 /dokuwiki/inc/parser/renderer.php(119): syntax_plugin_indexmenu_indexmenu->render()
  #5 /dokuwiki/inc/parserutils.php(700): Doku_Renderer->plugin()
  #6 /dokuwiki/inc/parserutils.php(158): p_render()
  #7 /dokuwiki/inc/parserutils.php(96): p_cached_output()
  #8 /dokuwiki/inc/template.php(1592): p_wiki_xhtml()
  #9 /dokuwiki/lib/tpl/mindthedark/main.php(81): tpl_include_page()
  #10 /dokuwiki/inc/actions.php(27): include('...')
  #11 /dokuwiki/doku.php(126): act_dispatch()
  #12 {main}
2023-06-09 01:50:35	/dokuwiki/lib/plugins/indexmenu/syntax/indexmenu.php(528)	E_WARNING: Undefined array key -1
  #0 /dokuwiki/lib/plugins/indexmenu/syntax/indexmenu.php(528): dokuwiki\ErrorHandler::errorHandler()
  #1 /dokuwiki/lib/plugins/indexmenu/syntax/indexmenu.php(479): syntax_plugin_indexmenu_indexmenu->_jsnodes()
  #2 /dokuwiki/lib/plugins/indexmenu/syntax/indexmenu.php(414): syntax_plugin_indexmenu_indexmenu->_jstree()
  #3 /dokuwiki/lib/plugins/indexmenu/syntax/indexmenu.php(357): syntax_plugin_indexmenu_indexmenu->_indexmenu()
  #4 /dokuwiki/inc/parser/renderer.php(119): syntax_plugin_indexmenu_indexmenu->render()
  #5 /dokuwiki/inc/parserutils.php(700): Doku_Renderer->plugin()
  #6 /dokuwiki/inc/parserutils.php(158): p_render()
  #7 /dokuwiki/inc/parserutils.php(96): p_cached_output()
  #8 /dokuwiki/inc/template.php(1592): p_wiki_xhtml()
  #9 /dokuwiki/lib/tpl/mindthedark/main.php(81): tpl_include_page()
  #10 /dokuwiki/inc/actions.php(27): include('...')
  #11 /dokuwiki/doku.php(126): act_dispatch()
  #12 {main}
2023-06-09 01:50:35	/dokuwiki/lib/plugins/indexmenu/syntax/indexmenu.php(528)	E_WARNING: Trying to access array offset on value of type null
  #0 /dokuwiki/lib/plugins/indexmenu/syntax/indexmenu.php(528): dokuwiki\ErrorHandler::errorHandler()
  #1 /dokuwiki/lib/plugins/indexmenu/syntax/indexmenu.php(479): syntax_plugin_indexmenu_indexmenu->_jsnodes()
  #2 /dokuwiki/lib/plugins/indexmenu/syntax/indexmenu.php(414): syntax_plugin_indexmenu_indexmenu->_jstree()
  #3 /dokuwiki/lib/plugins/indexmenu/syntax/indexmenu.php(357): syntax_plugin_indexmenu_indexmenu->_indexmenu()
  #4 /dokuwiki/inc/parser/renderer.php(119): syntax_plugin_indexmenu_indexmenu->render()
  #5 /dokuwiki/inc/parserutils.php(700): Doku_Renderer->plugin()
  #6 /dokuwiki/inc/parserutils.php(158): p_render()
  #7 /dokuwiki/inc/parserutils.php(96): p_cached_output()
  #8 /dokuwiki/inc/template.php(1592): p_wiki_xhtml()
  #9 /dokuwiki/lib/tpl/mindthedark/main.php(81): tpl_include_page()
  #10 /dokuwiki/inc/actions.php(27): include('...')
  #11 /dokuwiki/doku.php(126): act_dispatch()
  #12 {main}
2023-06-09 01:50:35	/dokuwiki/lib/plugins/indexmenu/syntax/indexmenu.php(528)	E_WARNING: Undefined array key -1
  #0 /dokuwiki/lib/plugins/indexmenu/syntax/indexmenu.php(528): dokuwiki\ErrorHandler::errorHandler()
  #1 /dokuwiki/lib/plugins/indexmenu/syntax/indexmenu.php(479): syntax_plugin_indexmenu_indexmenu->_jsnodes()
  #2 /dokuwiki/lib/plugins/indexmenu/syntax/indexmenu.php(414): syntax_plugin_indexmenu_indexmenu->_jstree()
  #3 /dokuwiki/lib/plugins/indexmenu/syntax/indexmenu.php(357): syntax_plugin_indexmenu_indexmenu->_indexmenu()
  #4 /dokuwiki/inc/parser/renderer.php(119): syntax_plugin_indexmenu_indexmenu->render()
  #5 /dokuwiki/inc/parserutils.php(700): Doku_Renderer->plugin()
  #6 /dokuwiki/inc/parserutils.php(158): p_render()
  #7 /dokuwiki/inc/parserutils.php(96): p_cached_output()
  #8 /dokuwiki/inc/template.php(1592): p_wiki_xhtml()
  #9 /dokuwiki/lib/tpl/mindthedark/main.php(81): tpl_include_page()
  #10 /dokuwiki/inc/actions.php(27): include('...')
  #11 /dokuwiki/doku.php(126): act_dispatch()
  #12 {main}
2023-06-09 01:50:35	/dokuwiki/lib/plugins/indexmenu/syntax/indexmenu.php(528)	E_WARNING: Trying to access array offset on value of type null
  #0 /dokuwiki/lib/plugins/indexmenu/syntax/indexmenu.php(528): dokuwiki\ErrorHandler::errorHandler()
  #1 /dokuwiki/lib/plugins/indexmenu/syntax/indexmenu.php(479): syntax_plugin_indexmenu_indexmenu->_jsnodes()
  #2 /dokuwiki/lib/plugins/indexmenu/syntax/indexmenu.php(414): syntax_plugin_indexmenu_indexmenu->_jstree()
  #3 /dokuwiki/lib/plugins/indexmenu/syntax/indexmenu.php(357): syntax_plugin_indexmenu_indexmenu->_indexmenu()
  #4 /dokuwiki/inc/parser/renderer.php(119): syntax_plugin_indexmenu_indexmenu->render()
  #5 /dokuwiki/inc/parserutils.php(700): Doku_Renderer->plugin()
  #6 /dokuwiki/inc/parserutils.php(158): p_render()
  #7 /dokuwiki/inc/parserutils.php(96): p_cached_output()
  #8 /dokuwiki/inc/template.php(1592): p_wiki_xhtml()
  #9 /dokuwiki/lib/tpl/mindthedark/main.php(81): tpl_include_page()
  #10 /dokuwiki/inc/actions.php(27): include('...')
  #11 /dokuwiki/doku.php(126): act_dispatch()
  #12 {main}
2023-06-09 01:50:35	/dokuwiki/lib/plugins/indexmenu/syntax/indexmenu.php(528)	E_WARNING: Undefined array key -1
  #0 /dokuwiki/lib/plugins/indexmenu/syntax/indexmenu.php(528): dokuwiki\ErrorHandler::errorHandler()
  #1 /dokuwiki/lib/plugins/indexmenu/syntax/indexmenu.php(479): syntax_plugin_indexmenu_indexmenu->_jsnodes()
  #2 /dokuwiki/lib/plugins/indexmenu/syntax/indexmenu.php(414): syntax_plugin_indexmenu_indexmenu->_jstree()
  #3 /dokuwiki/lib/plugins/indexmenu/syntax/indexmenu.php(357): syntax_plugin_indexmenu_indexmenu->_indexmenu()
  #4 /dokuwiki/inc/parser/renderer.php(119): syntax_plugin_indexmenu_indexmenu->render()
  #5 /dokuwiki/inc/parserutils.php(700): Doku_Renderer->plugin()
  #6 /dokuwiki/inc/parserutils.php(158): p_render()
  #7 /dokuwiki/inc/parserutils.php(96): p_cached_output()
  #8 /dokuwiki/inc/template.php(1592): p_wiki_xhtml()
  #9 /dokuwiki/lib/tpl/mindthedark/main.php(81): tpl_include_page()
  #10 /dokuwiki/inc/actions.php(27): include('...')
  #11 /dokuwiki/doku.php(126): act_dispatch()
  #12 {main}
2023-06-09 01:50:35	/dokuwiki/lib/plugins/indexmenu/syntax/indexmenu.php(528)	E_WARNING: Trying to access array offset on value of type null
  #0 /dokuwiki/lib/plugins/indexmenu/syntax/indexmenu.php(528): dokuwiki\ErrorHandler::errorHandler()
  #1 /dokuwiki/lib/plugins/indexmenu/syntax/indexmenu.php(479): syntax_plugin_indexmenu_indexmenu->_jsnodes()
  #2 /dokuwiki/lib/plugins/indexmenu/syntax/indexmenu.php(414): syntax_plugin_indexmenu_indexmenu->_jstree()
  #3 /dokuwiki/lib/plugins/indexmenu/syntax/indexmenu.php(357): syntax_plugin_indexmenu_indexmenu->_indexmenu()
  #4 /dokuwiki/inc/parser/renderer.php(119): syntax_plugin_indexmenu_indexmenu->render()
  #5 /dokuwiki/inc/parserutils.php(700): Doku_Renderer->plugin()
  #6 /dokuwiki/inc/parserutils.php(158): p_render()
  #7 /dokuwiki/inc/parserutils.php(96): p_cached_output()
  #8 /dokuwiki/inc/template.php(1592): p_wiki_xhtml()
  #9 /dokuwiki/lib/tpl/mindthedark/main.php(81): tpl_include_page()
  #10 /dokuwiki/inc/actions.php(27): include('...')
  #11 /dokuwiki/doku.php(126): act_dispatch()
  #12 {main}
2023-06-09 01:50:35	/dokuwiki/lib/plugins/indexmenu/syntax/indexmenu.php(528)	E_WARNING: Undefined array key -1
  #0 /dokuwiki/lib/plugins/indexmenu/syntax/indexmenu.php(528): dokuwiki\ErrorHandler::errorHandler()
  #1 /dokuwiki/lib/plugins/indexmenu/syntax/indexmenu.php(479): syntax_plugin_indexmenu_indexmenu->_jsnodes()
  #2 /dokuwiki/lib/plugins/indexmenu/syntax/indexmenu.php(414): syntax_plugin_indexmenu_indexmenu->_jstree()
  #3 /dokuwiki/lib/plugins/indexmenu/syntax/indexmenu.php(357): syntax_plugin_indexmenu_indexmenu->_indexmenu()
  #4 /dokuwiki/inc/parser/renderer.php(119): syntax_plugin_indexmenu_indexmenu->render()
  #5 /dokuwiki/inc/parserutils.php(700): Doku_Renderer->plugin()
  #6 /dokuwiki/inc/parserutils.php(158): p_render()
  #7 /dokuwiki/inc/parserutils.php(96): p_cached_output()
  #8 /dokuwiki/inc/template.php(1592): p_wiki_xhtml()
  #9 /dokuwiki/lib/tpl/mindthedark/main.php(81): tpl_include_page()
  #10 /dokuwiki/inc/actions.php(27): include('...')
  #11 /dokuwiki/doku.php(126): act_dispatch()
  #12 {main}
2023-06-09 01:50:35	/dokuwiki/lib/plugins/indexmenu/syntax/indexmenu.php(528)	E_WARNING: Trying to access array offset on value of type null
  #0 /dokuwiki/lib/plugins/indexmenu/syntax/indexmenu.php(528): dokuwiki\ErrorHandler::errorHandler()
  #1 /dokuwiki/lib/plugins/indexmenu/syntax/indexmenu.php(479): syntax_plugin_indexmenu_indexmenu->_jsnodes()
  #2 /dokuwiki/lib/plugins/indexmenu/syntax/indexmenu.php(414): syntax_plugin_indexmenu_indexmenu->_jstree()
  #3 /dokuwiki/lib/plugins/indexmenu/syntax/indexmenu.php(357): syntax_plugin_indexmenu_indexmenu->_indexmenu()
  #4 /dokuwiki/inc/parser/renderer.php(119): syntax_plugin_indexmenu_indexmenu->render()
  #5 /dokuwiki/inc/parserutils.php(700): Doku_Renderer->plugin()
  #6 /dokuwiki/inc/parserutils.php(158): p_render()
  #7 /dokuwiki/inc/parserutils.php(96): p_cached_output()
  #8 /dokuwiki/inc/template.php(1592): p_wiki_xhtml()
  #9 /dokuwiki/lib/tpl/mindthedark/main.php(81): tpl_include_page()
  #10 /dokuwiki/inc/actions.php(27): include('...')
  #11 /dokuwiki/doku.php(126): act_dispatch()
  #12 {main}
2023-06-09 01:50:35	/dokuwiki/lib/plugins/indexmenu/syntax/indexmenu.php(528)	E_WARNING: Undefined array key -1
  #0 /dokuwiki/lib/plugins/indexmenu/syntax/indexmenu.php(528): dokuwiki\ErrorHandler::errorHandler()
  #1 /dokuwiki/lib/plugins/indexmenu/syntax/indexmenu.php(479): syntax_plugin_indexmenu_indexmenu->_jsnodes()
  #2 /dokuwiki/lib/plugins/indexmenu/syntax/indexmenu.php(414): syntax_plugin_indexmenu_indexmenu->_jstree()
  #3 /dokuwiki/lib/plugins/indexmenu/syntax/indexmenu.php(357): syntax_plugin_indexmenu_indexmenu->_indexmenu()
  #4 /dokuwiki/inc/parser/renderer.php(119): syntax_plugin_indexmenu_indexmenu->render()
  #5 /dokuwiki/inc/parserutils.php(700): Doku_Renderer->plugin()
  #6 /dokuwiki/inc/parserutils.php(158): p_render()
  #7 /dokuwiki/inc/parserutils.php(96): p_cached_output()
  #8 /dokuwiki/inc/template.php(1592): p_wiki_xhtml()
  #9 /dokuwiki/lib/tpl/mindthedark/main.php(81): tpl_include_page()
  #10 /dokuwiki/inc/actions.php(27): include('...')
  #11 /dokuwiki/doku.php(126): act_dispatch()
  #12 {main}
2023-06-09 01:50:35	/dokuwiki/lib/plugins/indexmenu/syntax/indexmenu.php(528)	E_WARNING: Trying to access array offset on value of type null
  #0 /dokuwiki/lib/plugins/indexmenu/syntax/indexmenu.php(528): dokuwiki\ErrorHandler::errorHandler()
  #1 /dokuwiki/lib/plugins/indexmenu/syntax/indexmenu.php(479): syntax_plugin_indexmenu_indexmenu->_jsnodes()
  #2 /dokuwiki/lib/plugins/indexmenu/syntax/indexmenu.php(414): syntax_plugin_indexmenu_indexmenu->_jstree()
  #3 /dokuwiki/lib/plugins/indexmenu/syntax/indexmenu.php(357): syntax_plugin_indexmenu_indexmenu->_indexmenu()
  #4 /dokuwiki/inc/parser/renderer.php(119): syntax_plugin_indexmenu_indexmenu->render()
  #5 /dokuwiki/inc/parserutils.php(700): Doku_Renderer->plugin()
  #6 /dokuwiki/inc/parserutils.php(158): p_render()
  #7 /dokuwiki/inc/parserutils.php(96): p_cached_output()
  #8 /dokuwiki/inc/template.php(1592): p_wiki_xhtml()
  #9 /dokuwiki/lib/tpl/mindthedark/main.php(81): tpl_include_page()
  #10 /dokuwiki/inc/actions.php(27): include('...')
  #11 /dokuwiki/doku.php(126): act_dispatch()
  #12 {main}
2023-06-09 01:50:35	/dokuwiki/lib/plugins/indexmenu/syntax/indexmenu.php(528)	E_WARNING: Undefined array key -1
  #0 /dokuwiki/lib/plugins/indexmenu/syntax/indexmenu.php(528): dokuwiki\ErrorHandler::errorHandler()
  #1 /dokuwiki/lib/plugins/indexmenu/syntax/indexmenu.php(479): syntax_plugin_indexmenu_indexmenu->_jsnodes()
  #2 /dokuwiki/lib/plugins/indexmenu/syntax/indexmenu.php(414): syntax_plugin_indexmenu_indexmenu->_jstree()
  #3 /dokuwiki/lib/plugins/indexmenu/syntax/indexmenu.php(357): syntax_plugin_indexmenu_indexmenu->_indexmenu()
  #4 /dokuwiki/inc/parser/renderer.php(119): syntax_plugin_indexmenu_indexmenu->render()
  #5 /dokuwiki/inc/parserutils.php(700): Doku_Renderer->plugin()
  #6 /dokuwiki/inc/parserutils.php(158): p_render()
  #7 /dokuwiki/inc/parserutils.php(96): p_cached_output()
  #8 /dokuwiki/inc/template.php(1592): p_wiki_xhtml()
  #9 /dokuwiki/lib/tpl/mindthedark/main.php(81): tpl_include_page()
  #10 /dokuwiki/inc/actions.php(27): include('...')
  #11 /dokuwiki/doku.php(126): act_dispatch()
  #12 {main}
2023-06-09 01:50:35	/dokuwiki/lib/plugins/indexmenu/syntax/indexmenu.php(528)	E_WARNING: Trying to access array offset on value of type null
  #0 /dokuwiki/lib/plugins/indexmenu/syntax/indexmenu.php(528): dokuwiki\ErrorHandler::errorHandler()
  #1 /dokuwiki/lib/plugins/indexmenu/syntax/indexmenu.php(479): syntax_plugin_indexmenu_indexmenu->_jsnodes()
  #2 /dokuwiki/lib/plugins/indexmenu/syntax/indexmenu.php(414): syntax_plugin_indexmenu_indexmenu->_jstree()
  #3 /dokuwiki/lib/plugins/indexmenu/syntax/indexmenu.php(357): syntax_plugin_indexmenu_indexmenu->_indexmenu()
  #4 /dokuwiki/inc/parser/renderer.php(119): syntax_plugin_indexmenu_indexmenu->render()
  #5 /dokuwiki/inc/parserutils.php(700): Doku_Renderer->plugin()
  #6 /dokuwiki/inc/parserutils.php(158): p_render()
  #7 /dokuwiki/inc/parserutils.php(96): p_cached_output()
  #8 /dokuwiki/inc/template.php(1592): p_wiki_xhtml()
  #9 /dokuwiki/lib/tpl/mindthedark/main.php(81): tpl_include_page()
  #10 /dokuwiki/inc/actions.php(27): include('...')
  #11 /dokuwiki/doku.php(126): act_dispatch()
  #12 {main}
2023-06-09 03:54:25	/dokuwiki/lib/plugins/indexmenu/syntax/indexmenu.php(528)	E_WARNING: Undefined array key -1
  #0 /dokuwiki/lib/plugins/indexmenu/syntax/indexmenu.php(528): dokuwiki\ErrorHandler::errorHandler()
  #1 /dokuwiki/lib/plugins/indexmenu/syntax/indexmenu.php(479): syntax_plugin_indexmenu_indexmenu->_jsnodes()
  #2 /dokuwiki/lib/plugins/indexmenu/syntax/indexmenu.php(414): syntax_plugin_indexmenu_indexmenu->_jstree()
  #3 /dokuwiki/lib/plugins/indexmenu/syntax/indexmenu.php(357): syntax_plugin_indexmenu_indexmenu->_indexmenu()
  #4 /dokuwiki/inc/parser/renderer.php(119): syntax_plugin_indexmenu_indexmenu->render()
  #5 /dokuwiki/inc/parserutils.php(700): Doku_Renderer->plugin()
  #6 /dokuwiki/inc/parserutils.php(158): p_render()
  #7 /dokuwiki/inc/parserutils.php(96): p_cached_output()
  #8 /dokuwiki/inc/template.php(1592): p_wiki_xhtml()
  #9 /dokuwiki/lib/tpl/mindthedark/main.php(81): tpl_include_page()
  #10 /dokuwiki/inc/actions.php(27): include('...')
  #11 /dokuwiki/doku.php(126): act_dispatch()
  #12 {main}
2023-06-09 03:54:25	/dokuwiki/lib/plugins/indexmenu/syntax/indexmenu.php(528)	E_WARNING: Trying to access array offset on value of type null
  #0 /dokuwiki/lib/plugins/indexmenu/syntax/indexmenu.php(528): dokuwiki\ErrorHandler::errorHandler()
  #1 /dokuwiki/lib/plugins/indexmenu/syntax/indexmenu.php(479): syntax_plugin_indexmenu_indexmenu->_jsnodes()
  #2 /dokuwiki/lib/plugins/indexmenu/syntax/indexmenu.php(414): syntax_plugin_indexmenu_indexmenu->_jstree()
  #3 /dokuwiki/lib/plugins/indexmenu/syntax/indexmenu.php(357): syntax_plugin_indexmenu_indexmenu->_indexmenu()
  #4 /dokuwiki/inc/parser/renderer.php(119): syntax_plugin_indexmenu_indexmenu->render()
  #5 /dokuwiki/inc/parserutils.php(700): Doku_Renderer->plugin()
  #6 /dokuwiki/inc/parserutils.php(158): p_render()
  #7 /dokuwiki/inc/parserutils.php(96): p_cached_output()
  #8 /dokuwiki/inc/template.php(1592): p_wiki_xhtml()
  #9 /dokuwiki/lib/tpl/mindthedark/main.php(81): tpl_include_page()
  #10 /dokuwiki/inc/actions.php(27): include('...')
  #11 /dokuwiki/doku.php(126): act_dispatch()
  #12 {main}
2023-06-09 03:54:25	/dokuwiki/lib/plugins/indexmenu/syntax/indexmenu.php(528)	E_WARNING: Undefined array key -1
  #0 /dokuwiki/lib/plugins/indexmenu/syntax/indexmenu.php(528): dokuwiki\ErrorHandler::errorHandler()
  #1 /dokuwiki/lib/plugins/indexmenu/syntax/indexmenu.php(479): syntax_plugin_indexmenu_indexmenu->_jsnodes()
  #2 /dokuwiki/lib/plugins/indexmenu/syntax/indexmenu.php(414): syntax_plugin_indexmenu_indexmenu->_jstree()
  #3 /dokuwiki/lib/plugins/indexmenu/syntax/indexmenu.php(357): syntax_plugin_indexmenu_indexmenu->_indexmenu()
  #4 /dokuwiki/inc/parser/renderer.php(119): syntax_plugin_indexmenu_indexmenu->render()
  #5 /dokuwiki/inc/parserutils.php(700): Doku_Renderer->plugin()
  #6 /dokuwiki/inc/parserutils.php(158): p_render()
  #7 /dokuwiki/inc/parserutils.php(96): p_cached_output()
  #8 /dokuwiki/inc/template.php(1592): p_wiki_xhtml()
  #9 /dokuwiki/lib/tpl/mindthedark/main.php(81): tpl_include_page()
  #10 /dokuwiki/inc/actions.php(27): include('...')
  #11 /dokuwiki/doku.php(126): act_dispatch()
  #12 {main}
2023-06-09 03:54:25	/dokuwiki/lib/plugins/indexmenu/syntax/indexmenu.php(528)	E_WARNING: Trying to access array offset on value of type null
  #0 /dokuwiki/lib/plugins/indexmenu/syntax/indexmenu.php(528): dokuwiki\ErrorHandler::errorHandler()
  #1 /dokuwiki/lib/plugins/indexmenu/syntax/indexmenu.php(479): syntax_plugin_indexmenu_indexmenu->_jsnodes()
  #2 /dokuwiki/lib/plugins/indexmenu/syntax/indexmenu.php(414): syntax_plugin_indexmenu_indexmenu->_jstree()
  #3 /dokuwiki/lib/plugins/indexmenu/syntax/indexmenu.php(357): syntax_plugin_indexmenu_indexmenu->_indexmenu()
  #4 /dokuwiki/inc/parser/renderer.php(119): syntax_plugin_indexmenu_indexmenu->render()
  #5 /dokuwiki/inc/parserutils.php(700): Doku_Renderer->plugin()
  #6 /dokuwiki/inc/parserutils.php(158): p_render()
  #7 /dokuwiki/inc/parserutils.php(96): p_cached_output()
  #8 /dokuwiki/inc/template.php(1592): p_wiki_xhtml()
  #9 /dokuwiki/lib/tpl/mindthedark/main.php(81): tpl_include_page()
  #10 /dokuwiki/inc/actions.php(27): include('...')
  #11 /dokuwiki/doku.php(126): act_dispatch()
  #12 {main}
2023-06-09 03:54:25	/dokuwiki/lib/plugins/indexmenu/syntax/indexmenu.php(528)	E_WARNING: Undefined array key -1
  #0 /dokuwiki/lib/plugins/indexmenu/syntax/indexmenu.php(528): dokuwiki\ErrorHandler::errorHandler()
  #1 /dokuwiki/lib/plugins/indexmenu/syntax/indexmenu.php(479): syntax_plugin_indexmenu_indexmenu->_jsnodes()
  #2 /dokuwiki/lib/plugins/indexmenu/syntax/indexmenu.php(414): syntax_plugin_indexmenu_indexmenu->_jstree()
  #3 /dokuwiki/lib/plugins/indexmenu/syntax/indexmenu.php(357): syntax_plugin_indexmenu_indexmenu->_indexmenu()
  #4 /dokuwiki/inc/parser/renderer.php(119): syntax_plugin_indexmenu_indexmenu->render()
  #5 /dokuwiki/inc/parserutils.php(700): Doku_Renderer->plugin()
  #6 /dokuwiki/inc/parserutils.php(158): p_render()
  #7 /dokuwiki/inc/parserutils.php(96): p_cached_output()
  #8 /dokuwiki/inc/template.php(1592): p_wiki_xhtml()
  #9 /dokuwiki/lib/tpl/mindthedark/main.php(81): tpl_include_page()
  #10 /dokuwiki/inc/actions.php(27): include('...')
  #11 /dokuwiki/doku.php(126): act_dispatch()
  #12 {main}
2023-06-09 03:54:25	/dokuwiki/lib/plugins/indexmenu/syntax/indexmenu.php(528)	E_WARNING: Trying to access array offset on value of type null
  #0 /dokuwiki/lib/plugins/indexmenu/syntax/indexmenu.php(528): dokuwiki\ErrorHandler::errorHandler()
  #1 /dokuwiki/lib/plugins/indexmenu/syntax/indexmenu.php(479): syntax_plugin_indexmenu_indexmenu->_jsnodes()
  #2 /dokuwiki/lib/plugins/indexmenu/syntax/indexmenu.php(414): syntax_plugin_indexmenu_indexmenu->_jstree()
  #3 /dokuwiki/lib/plugins/indexmenu/syntax/indexmenu.php(357): syntax_plugin_indexmenu_indexmenu->_indexmenu()
  #4 /dokuwiki/inc/parser/renderer.php(119): syntax_plugin_indexmenu_indexmenu->render()
  #5 /dokuwiki/inc/parserutils.php(700): Doku_Renderer->plugin()
  #6 /dokuwiki/inc/parserutils.php(158): p_render()
  #7 /dokuwiki/inc/parserutils.php(96): p_cached_output()
  #8 /dokuwiki/inc/template.php(1592): p_wiki_xhtml()
  #9 /dokuwiki/lib/tpl/mindthedark/main.php(81): tpl_include_page()
  #10 /dokuwiki/inc/actions.php(27): include('...')
  #11 /dokuwiki/doku.php(126): act_dispatch()
  #12 {main}
2023-06-09 03:54:25	/dokuwiki/lib/plugins/indexmenu/syntax/indexmenu.php(528)	E_WARNING: Undefined array key -1
  #0 /dokuwiki/lib/plugins/indexmenu/syntax/indexmenu.php(528): dokuwiki\ErrorHandler::errorHandler()
  #1 /dokuwiki/lib/plugins/indexmenu/syntax/indexmenu.php(479): syntax_plugin_indexmenu_indexmenu->_jsnodes()
  #2 /dokuwiki/lib/plugins/indexmenu/syntax/indexmenu.php(414): syntax_plugin_indexmenu_indexmenu->_jstree()
  #3 /dokuwiki/lib/plugins/indexmenu/syntax/indexmenu.php(357): syntax_plugin_indexmenu_indexmenu->_indexmenu()
  #4 /dokuwiki/inc/parser/renderer.php(119): syntax_plugin_indexmenu_indexmenu->render()
  #5 /dokuwiki/inc/parserutils.php(700): Doku_Renderer->plugin()
  #6 /dokuwiki/inc/parserutils.php(158): p_render()
  #7 /dokuwiki/inc/parserutils.php(96): p_cached_output()
  #8 /dokuwiki/inc/template.php(1592): p_wiki_xhtml()
  #9 /dokuwiki/lib/tpl/mindthedark/main.php(81): tpl_include_page()
  #10 /dokuwiki/inc/actions.php(27): include('...')
  #11 /dokuwiki/doku.php(126): act_dispatch()
  #12 {main}
2023-06-09 03:54:25	/dokuwiki/lib/plugins/indexmenu/syntax/indexmenu.php(528)	E_WARNING: Trying to access array offset on value of type null
  #0 /dokuwiki/lib/plugins/indexmenu/syntax/indexmenu.php(528): dokuwiki\ErrorHandler::errorHandler()
  #1 /dokuwiki/lib/plugins/indexmenu/syntax/indexmenu.php(479): syntax_plugin_indexmenu_indexmenu->_jsnodes()
  #2 /dokuwiki/lib/plugins/indexmenu/syntax/indexmenu.php(414): syntax_plugin_indexmenu_indexmenu->_jstree()
  #3 /dokuwiki/lib/plugins/indexmenu/syntax/indexmenu.php(357): syntax_plugin_indexmenu_indexmenu->_indexmenu()
  #4 /dokuwiki/inc/parser/renderer.php(119): syntax_plugin_indexmenu_indexmenu->render()
  #5 /dokuwiki/inc/parserutils.php(700): Doku_Renderer->plugin()
  #6 /dokuwiki/inc/parserutils.php(158): p_render()
  #7 /dokuwiki/inc/parserutils.php(96): p_cached_output()
  #8 /dokuwiki/inc/template.php(1592): p_wiki_xhtml()
  #9 /dokuwiki/lib/tpl/mindthedark/main.php(81): tpl_include_page()
  #10 /dokuwiki/inc/actions.php(27): include('...')
  #11 /dokuwiki/doku.php(126): act_dispatch()
  #12 {main}
2023-06-09 03:54:25	/dokuwiki/lib/plugins/indexmenu/syntax/indexmenu.php(528)	E_WARNING: Undefined array key -1
  #0 /dokuwiki/lib/plugins/indexmenu/syntax/indexmenu.php(528): dokuwiki\ErrorHandler::errorHandler()
  #1 /dokuwiki/lib/plugins/indexmenu/syntax/indexmenu.php(479): syntax_plugin_indexmenu_indexmenu->_jsnodes()
  #2 /dokuwiki/lib/plugins/indexmenu/syntax/indexmenu.php(414): syntax_plugin_indexmenu_indexmenu->_jstree()
  #3 /dokuwiki/lib/plugins/indexmenu/syntax/indexmenu.php(357): syntax_plugin_indexmenu_indexmenu->_indexmenu()
  #4 /dokuwiki/inc/parser/renderer.php(119): syntax_plugin_indexmenu_indexmenu->render()
  #5 /dokuwiki/inc/parserutils.php(700): Doku_Renderer->plugin()
  #6 /dokuwiki/inc/parserutils.php(158): p_render()
  #7 /dokuwiki/inc/parserutils.php(96): p_cached_output()
  #8 /dokuwiki/inc/template.php(1592): p_wiki_xhtml()
  #9 /dokuwiki/lib/tpl/mindthedark/main.php(81): tpl_include_page()
  #10 /dokuwiki/inc/actions.php(27): include('...')
  #11 /dokuwiki/doku.php(126): act_dispatch()
  #12 {main}
2023-06-09 03:54:25	/dokuwiki/lib/plugins/indexmenu/syntax/indexmenu.php(528)	E_WARNING: Trying to access array offset on value of type null
  #0 /dokuwiki/lib/plugins/indexmenu/syntax/indexmenu.php(528): dokuwiki\ErrorHandler::errorHandler()
  #1 /dokuwiki/lib/plugins/indexmenu/syntax/indexmenu.php(479): syntax_plugin_indexmenu_indexmenu->_jsnodes()
  #2 /dokuwiki/lib/plugins/indexmenu/syntax/indexmenu.php(414): syntax_plugin_indexmenu_indexmenu->_jstree()
  #3 /dokuwiki/lib/plugins/indexmenu/syntax/indexmenu.php(357): syntax_plugin_indexmenu_indexmenu->_indexmenu()
  #4 /dokuwiki/inc/parser/renderer.php(119): syntax_plugin_indexmenu_indexmenu->render()
  #5 /dokuwiki/inc/parserutils.php(700): Doku_Renderer->plugin()
  #6 /dokuwiki/inc/parserutils.php(158): p_render()
  #7 /dokuwiki/inc/parserutils.php(96): p_cached_output()
  #8 /dokuwiki/inc/template.php(1592): p_wiki_xhtml()
  #9 /dokuwiki/lib/tpl/mindthedark/main.php(81): tpl_include_page()
  #10 /dokuwiki/inc/actions.php(27): include('...')
  #11 /dokuwiki/doku.php(126): act_dispatch()
  #12 {main}
2023-06-09 03:54:25	/dokuwiki/lib/plugins/indexmenu/syntax/indexmenu.php(528)	E_WARNING: Undefined array key -1
  #0 /dokuwiki/lib/plugins/indexmenu/syntax/indexmenu.php(528): dokuwiki\ErrorHandler::errorHandler()
  #1 /dokuwiki/lib/plugins/indexmenu/syntax/indexmenu.php(479): syntax_plugin_indexmenu_indexmenu->_jsnodes()
  #2 /dokuwiki/lib/plugins/indexmenu/syntax/indexmenu.php(414): syntax_plugin_indexmenu_indexmenu->_jstree()
  #3 /dokuwiki/lib/plugins/indexmenu/syntax/indexmenu.php(357): syntax_plugin_indexmenu_indexmenu->_indexmenu()
  #4 /dokuwiki/inc/parser/renderer.php(119): syntax_plugin_indexmenu_indexmenu->render()
  #5 /dokuwiki/inc/parserutils.php(700): Doku_Renderer->plugin()
  #6 /dokuwiki/inc/parserutils.php(158): p_render()
  #7 /dokuwiki/inc/parserutils.php(96): p_cached_output()
  #8 /dokuwiki/inc/template.php(1592): p_wiki_xhtml()
  #9 /dokuwiki/lib/tpl/mindthedark/main.php(81): tpl_include_page()
  #10 /dokuwiki/inc/actions.php(27): include('...')
  #11 /dokuwiki/doku.php(126): act_dispatch()
  #12 {main}
2023-06-09 03:54:25	/dokuwiki/lib/plugins/indexmenu/syntax/indexmenu.php(528)	E_WARNING: Trying to access array offset on value of type null
  #0 /dokuwiki/lib/plugins/indexmenu/syntax/indexmenu.php(528): dokuwiki\ErrorHandler::errorHandler()
  #1 /dokuwiki/lib/plugins/indexmenu/syntax/indexmenu.php(479): syntax_plugin_indexmenu_indexmenu->_jsnodes()
  #2 /dokuwiki/lib/plugins/indexmenu/syntax/indexmenu.php(414): syntax_plugin_indexmenu_indexmenu->_jstree()
  #3 /dokuwiki/lib/plugins/indexmenu/syntax/indexmenu.php(357): syntax_plugin_indexmenu_indexmenu->_indexmenu()
  #4 /dokuwiki/inc/parser/renderer.php(119): syntax_plugin_indexmenu_indexmenu->render()
  #5 /dokuwiki/inc/parserutils.php(700): Doku_Renderer->plugin()
  #6 /dokuwiki/inc/parserutils.php(158): p_render()
  #7 /dokuwiki/inc/parserutils.php(96): p_cached_output()
  #8 /dokuwiki/inc/template.php(1592): p_wiki_xhtml()
  #9 /dokuwiki/lib/tpl/mindthedark/main.php(81): tpl_include_page()
  #10 /dokuwiki/inc/actions.php(27): include('...')
  #11 /dokuwiki/doku.php(126): act_dispatch()
  #12 {main}
2023-06-09 03:54:25	/dokuwiki/lib/plugins/indexmenu/syntax/indexmenu.php(528)	E_WARNING: Undefined array key -1
  #0 /dokuwiki/lib/plugins/indexmenu/syntax/indexmenu.php(528): dokuwiki\ErrorHandler::errorHandler()
  #1 /dokuwiki/lib/plugins/indexmenu/syntax/indexmenu.php(479): syntax_plugin_indexmenu_indexmenu->_jsnodes()
  #2 /dokuwiki/lib/plugins/indexmenu/syntax/indexmenu.php(414): syntax_plugin_indexmenu_indexmenu->_jstree()
  #3 /dokuwiki/lib/plugins/indexmenu/syntax/indexmenu.php(357): syntax_plugin_indexmenu_indexmenu->_indexmenu()
  #4 /dokuwiki/inc/parser/renderer.php(119): syntax_plugin_indexmenu_indexmenu->render()
  #5 /dokuwiki/inc/parserutils.php(700): Doku_Renderer->plugin()
  #6 /dokuwiki/inc/parserutils.php(158): p_render()
  #7 /dokuwiki/inc/parserutils.php(96): p_cached_output()
  #8 /dokuwiki/inc/template.php(1592): p_wiki_xhtml()
  #9 /dokuwiki/lib/tpl/mindthedark/main.php(81): tpl_include_page()
  #10 /dokuwiki/inc/actions.php(27): include('...')
  #11 /dokuwiki/doku.php(126): act_dispatch()
  #12 {main}
2023-06-09 03:54:25	/dokuwiki/lib/plugins/indexmenu/syntax/indexmenu.php(528)	E_WARNING: Trying to access array offset on value of type null
  #0 /dokuwiki/lib/plugins/indexmenu/syntax/indexmenu.php(528): dokuwiki\ErrorHandler::errorHandler()
  #1 /dokuwiki/lib/plugins/indexmenu/syntax/indexmenu.php(479): syntax_plugin_indexmenu_indexmenu->_jsnodes()
  #2 /dokuwiki/lib/plugins/indexmenu/syntax/indexmenu.php(414): syntax_plugin_indexmenu_indexmenu->_jstree()
  #3 /dokuwiki/lib/plugins/indexmenu/syntax/indexmenu.php(357): syntax_plugin_indexmenu_indexmenu->_indexmenu()
  #4 /dokuwiki/inc/parser/renderer.php(119): syntax_plugin_indexmenu_indexmenu->render()
  #5 /dokuwiki/inc/parserutils.php(700): Doku_Renderer->plugin()
  #6 /dokuwiki/inc/parserutils.php(158): p_render()
  #7 /dokuwiki/inc/parserutils.php(96): p_cached_output()
  #8 /dokuwiki/inc/template.php(1592): p_wiki_xhtml()
  #9 /dokuwiki/lib/tpl/mindthedark/main.php(81): tpl_include_page()
  #10 /dokuwiki/inc/actions.php(27): include('...')
  #11 /dokuwiki/doku.php(126): act_dispatch()
  #12 {main}
2023-06-09 03:54:25	/dokuwiki/lib/plugins/indexmenu/syntax/indexmenu.php(528)	E_WARNING: Undefined array key -1
  #0 /dokuwiki/lib/plugins/indexmenu/syntax/indexmenu.php(528): dokuwiki\ErrorHandler::errorHandler()
  #1 /dokuwiki/lib/plugins/indexmenu/syntax/indexmenu.php(479): syntax_plugin_indexmenu_indexmenu->_jsnodes()
  #2 /dokuwiki/lib/plugins/indexmenu/syntax/indexmenu.php(414): syntax_plugin_indexmenu_indexmenu->_jstree()
  #3 /dokuwiki/lib/plugins/indexmenu/syntax/indexmenu.php(357): syntax_plugin_indexmenu_indexmenu->_indexmenu()
  #4 /dokuwiki/inc/parser/renderer.php(119): syntax_plugin_indexmenu_indexmenu->render()
  #5 /dokuwiki/inc/parserutils.php(700): Doku_Renderer->plugin()
  #6 /dokuwiki/inc/parserutils.php(158): p_render()
  #7 /dokuwiki/inc/parserutils.php(96): p_cached_output()
  #8 /dokuwiki/inc/template.php(1592): p_wiki_xhtml()
  #9 /dokuwiki/lib/tpl/mindthedark/main.php(81): tpl_include_page()
  #10 /dokuwiki/inc/actions.php(27): include('...')
  #11 /dokuwiki/doku.php(126): act_dispatch()
  #12 {main}
2023-06-09 03:54:25	/dokuwiki/lib/plugins/indexmenu/syntax/indexmenu.php(528)	E_WARNING: Trying to access array offset on value of type null
  #0 /dokuwiki/lib/plugins/indexmenu/syntax/indexmenu.php(528): dokuwiki\ErrorHandler::errorHandler()
  #1 /dokuwiki/lib/plugins/indexmenu/syntax/indexmenu.php(479): syntax_plugin_indexmenu_indexmenu->_jsnodes()
  #2 /dokuwiki/lib/plugins/indexmenu/syntax/indexmenu.php(414): syntax_plugin_indexmenu_indexmenu->_jstree()
  #3 /dokuwiki/lib/plugins/indexmenu/syntax/indexmenu.php(357): syntax_plugin_indexmenu_indexmenu->_indexmenu()
  #4 /dokuwiki/inc/parser/renderer.php(119): syntax_plugin_indexmenu_indexmenu->render()
  #5 /dokuwiki/inc/parserutils.php(700): Doku_Renderer->plugin()
  #6 /dokuwiki/inc/parserutils.php(158): p_render()
  #7 /dokuwiki/inc/parserutils.php(96): p_cached_output()
  #8 /dokuwiki/inc/template.php(1592): p_wiki_xhtml()
  #9 /dokuwiki/lib/tpl/mindthedark/main.php(81): tpl_include_page()
  #10 /dokuwiki/inc/actions.php(27): include('...')
  #11 /dokuwiki/doku.php(126): act_dispatch()
  #12 {main}
2023-06-09 05:04:14	/dokuwiki/feed.php(235)	E_WARNING: Undefined array key "media"
  #0 /dokuwiki/feed.php(235): dokuwiki\ErrorHandler::errorHandler()
  #1 /dokuwiki/feed.php(96): rss_buildItems()
  #2 {main}
2023-06-09 05:04:14	/dokuwiki/feed.php(305)	E_WARNING: Undefined array key "media"
  #0 /dokuwiki/feed.php(305): dokuwiki\ErrorHandler::errorHandler()
  #1 /dokuwiki/feed.php(96): rss_buildItems()
  #2 {main}
2023-06-09 05:04:14	/dokuwiki/feed.php(235)	E_WARNING: Undefined array key "media"
  #0 /dokuwiki/feed.php(235): dokuwiki\ErrorHandler::errorHandler()
  #1 /dokuwiki/feed.php(96): rss_buildItems()
  #2 {main}
2023-06-09 05:04:14	/dokuwiki/feed.php(305)	E_WARNING: Undefined array key "media"
  #0 /dokuwiki/feed.php(305): dokuwiki\ErrorHandler::errorHandler()
  #1 /dokuwiki/feed.php(96): rss_buildItems()
  #2 {main}
2023-06-09 05:04:14	/dokuwiki/feed.php(235)	E_WARNING: Undefined array key "media"
  #0 /dokuwiki/feed.php(235): dokuwiki\ErrorHandler::errorHandler()
  #1 /dokuwiki/feed.php(96): rss_buildItems()
  #2 {main}
2023-06-09 05:04:14	/dokuwiki/feed.php(305)	E_WARNING: Undefined array key "media"
  #0 /dokuwiki/feed.php(305): dokuwiki\ErrorHandler::errorHandler()
  #1 /dokuwiki/feed.php(96): rss_buildItems()
  #2 {main}
2023-06-09 05:04:14	/dokuwiki/feed.php(235)	E_WARNING: Undefined array key "media"
  #0 /dokuwiki/feed.php(235): dokuwiki\ErrorHandler::errorHandler()
  #1 /dokuwiki/feed.php(96): rss_buildItems()
  #2 {main}
2023-06-09 05:04:14	/dokuwiki/feed.php(305)	E_WARNING: Undefined array key "media"
  #0 /dokuwiki/feed.php(305): dokuwiki\ErrorHandler::errorHandler()
  #1 /dokuwiki/feed.php(96): rss_buildItems()
  #2 {main}
2023-06-09 05:04:14	/dokuwiki/feed.php(235)	E_WARNING: Undefined array key "media"
  #0 /dokuwiki/feed.php(235): dokuwiki\ErrorHandler::errorHandler()
  #1 /dokuwiki/feed.php(96): rss_buildItems()
  #2 {main}
2023-06-09 05:04:14	/dokuwiki/feed.php(305)	E_WARNING: Undefined array key "media"
  #0 /dokuwiki/feed.php(305): dokuwiki\ErrorHandler::errorHandler()
  #1 /dokuwiki/feed.php(96): rss_buildItems()
  #2 {main}
2023-06-09 05:06:09	/dokuwiki/feed.php(235)	E_WARNING: Undefined array key "media"
  #0 /dokuwiki/feed.php(235): dokuwiki\ErrorHandler::errorHandler()
  #1 /dokuwiki/feed.php(96): rss_buildItems()
  #2 {main}
2023-06-09 05:06:09	/dokuwiki/feed.php(305)	E_WARNING: Undefined array key "media"
  #0 /dokuwiki/feed.php(305): dokuwiki\ErrorHandler::errorHandler()
  #1 /dokuwiki/feed.php(96): rss_buildItems()
  #2 {main}
2023-06-09 05:06:09	/dokuwiki/feed.php(235)	E_WARNING: Undefined array key "media"
  #0 /dokuwiki/feed.php(235): dokuwiki\ErrorHandler::errorHandler()
  #1 /dokuwiki/feed.php(96): rss_buildItems()
  #2 {main}
2023-06-09 05:06:09	/dokuwiki/feed.php(305)	E_WARNING: Undefined array key "media"
  #0 /dokuwiki/feed.php(305): dokuwiki\ErrorHandler::errorHandler()
  #1 /dokuwiki/feed.php(96): rss_buildItems()
  #2 {main}
2023-06-09 05:06:09	/dokuwiki/feed.php(235)	E_WARNING: Undefined array key "media"
  #0 /dokuwiki/feed.php(235): dokuwiki\ErrorHandler::errorHandler()
  #1 /dokuwiki/feed.php(96): rss_buildItems()
  #2 {main}
2023-06-09 05:06:09	/dokuwiki/feed.php(305)	E_WARNING: Undefined array key "media"
  #0 /dokuwiki/feed.php(305): dokuwiki\ErrorHandler::errorHandler()
  #1 /dokuwiki/feed.php(96): rss_buildItems()
  #2 {main}
2023-06-09 05:06:09	/dokuwiki/feed.php(235)	E_WARNING: Undefined array key "media"
  #0 /dokuwiki/feed.php(235): dokuwiki\ErrorHandler::errorHandler()
  #1 /dokuwiki/feed.php(96): rss_buildItems()
  #2 {main}
2023-06-09 05:06:09	/dokuwiki/feed.php(305)	E_WARNING: Undefined array key "media"
  #0 /dokuwiki/feed.php(305): dokuwiki\ErrorHandler::errorHandler()
  #1 /dokuwiki/feed.php(96): rss_buildItems()
  #2 {main}
2023-06-09 05:06:09	/dokuwiki/feed.php(235)	E_WARNING: Undefined array key "media"
  #0 /dokuwiki/feed.php(235): dokuwiki\ErrorHandler::errorHandler()
  #1 /dokuwiki/feed.php(96): rss_buildItems()
  #2 {main}
2023-06-09 05:06:09	/dokuwiki/feed.php(305)	E_WARNING: Undefined array key "media"
  #0 /dokuwiki/feed.php(305): dokuwiki\ErrorHandler::errorHandler()
  #1 /dokuwiki/feed.php(96): rss_buildItems()
  #2 {main}
2023-06-09 05:06:09	/dokuwiki/feed.php(235)	E_WARNING: Undefined array key "media"
  #0 /dokuwiki/feed.php(235): dokuwiki\ErrorHandler::errorHandler()
  #1 /dokuwiki/feed.php(96): rss_buildItems()
  #2 {main}
2023-06-09 05:06:09	/dokuwiki/feed.php(305)	E_WARNING: Undefined array key "media"
  #0 /dokuwiki/feed.php(305): dokuwiki\ErrorHandler::errorHandler()
  #1 /dokuwiki/feed.php(96): rss_buildItems()
  #2 {main}
2023-06-09 05:06:09	/dokuwiki/feed.php(235)	E_WARNING: Undefined array key "media"
  #0 /dokuwiki/feed.php(235): dokuwiki\ErrorHandler::errorHandler()
  #1 /dokuwiki/feed.php(96): rss_buildItems()
  #2 {main}
2023-06-09 05:06:09	/dokuwiki/feed.php(305)	E_WARNING: Undefined array key "media"
  #0 /dokuwiki/feed.php(305): dokuwiki\ErrorHandler::errorHandler()
  #1 /dokuwiki/feed.php(96): rss_buildItems()
  #2 {main}
2023-06-09 05:06:09	/dokuwiki/feed.php(235)	E_WARNING: Undefined array key "media"
  #0 /dokuwiki/feed.php(235): dokuwiki\ErrorHandler::errorHandler()
  #1 /dokuwiki/feed.php(96): rss_buildItems()
  #2 {main}
2023-06-09 05:06:09	/dokuwiki/feed.php(305)	E_WARNING: Undefined array key "media"
  #0 /dokuwiki/feed.php(305): dokuwiki\ErrorHandler::errorHandler()
  #1 /dokuwiki/feed.php(96): rss_buildItems()
  #2 {main}
2023-06-09 05:09:43	/dokuwiki/feed.php(235)	E_WARNING: Undefined array key "media"
  #0 /dokuwiki/feed.php(235): dokuwiki\ErrorHandler::errorHandler()
  #1 /dokuwiki/feed.php(96): rss_buildItems()
  #2 {main}
2023-06-09 05:09:43	/dokuwiki/feed.php(305)	E_WARNING: Undefined array key "media"
  #0 /dokuwiki/feed.php(305): dokuwiki\ErrorHandler::errorHandler()
  #1 /dokuwiki/feed.php(96): rss_buildItems()
  #2 {main}
2023-06-09 05:09:43	/dokuwiki/feed.php(235)	E_WARNING: Undefined array key "media"
  #0 /dokuwiki/feed.php(235): dokuwiki\ErrorHandler::errorHandler()
  #1 /dokuwiki/feed.php(96): rss_buildItems()
  #2 {main}
2023-06-09 05:09:43	/dokuwiki/feed.php(305)	E_WARNING: Undefined array key "media"
  #0 /dokuwiki/feed.php(305): dokuwiki\ErrorHandler::errorHandler()
  #1 /dokuwiki/feed.php(96): rss_buildItems()
  #2 {main}
2023-06-09 05:09:43	/dokuwiki/feed.php(235)	E_WARNING: Undefined array key "media"
  #0 /dokuwiki/feed.php(235): dokuwiki\ErrorHandler::errorHandler()
  #1 /dokuwiki/feed.php(96): rss_buildItems()
  #2 {main}
2023-06-09 05:09:43	/dokuwiki/feed.php(305)	E_WARNING: Undefined array key "media"
  #0 /dokuwiki/feed.php(305): dokuwiki\ErrorHandler::errorHandler()
  #1 /dokuwiki/feed.php(96): rss_buildItems()
  #2 {main}
2023-06-09 05:09:43	/dokuwiki/feed.php(235)	E_WARNING: Undefined array key "media"
  #0 /dokuwiki/feed.php(235): dokuwiki\ErrorHandler::errorHandler()
  #1 /dokuwiki/feed.php(96): rss_buildItems()
  #2 {main}
2023-06-09 05:09:43	/dokuwiki/feed.php(305)	E_WARNING: Undefined array key "media"
  #0 /dokuwiki/feed.php(305): dokuwiki\ErrorHandler::errorHandler()
  #1 /dokuwiki/feed.php(96): rss_buildItems()
  #2 {main}
2023-06-09 05:09:43	/dokuwiki/feed.php(235)	E_WARNING: Undefined array key "media"
  #0 /dokuwiki/feed.php(235): dokuwiki\ErrorHandler::errorHandler()
  #1 /dokuwiki/feed.php(96): rss_buildItems()
  #2 {main}
2023-06-09 05:09:43	/dokuwiki/feed.php(305)	E_WARNING: Undefined array key "media"
  #0 /dokuwiki/feed.php(305): dokuwiki\ErrorHandler::errorHandler()
  #1 /dokuwiki/feed.php(96): rss_buildItems()
  #2 {main}
2023-06-09 05:48:12	/dokuwiki/lib/plugins/indexmenu/syntax/indexmenu.php(528)	E_WARNING: Undefined array key -1
  #0 /dokuwiki/lib/plugins/indexmenu/syntax/indexmenu.php(528): dokuwiki\ErrorHandler::errorHandler()
  #1 /dokuwiki/lib/plugins/indexmenu/syntax/indexmenu.php(479): syntax_plugin_indexmenu_indexmenu->_jsnodes()
  #2 /dokuwiki/lib/plugins/indexmenu/syntax/indexmenu.php(414): syntax_plugin_indexmenu_indexmenu->_jstree()
  #3 /dokuwiki/lib/plugins/indexmenu/syntax/indexmenu.php(357): syntax_plugin_indexmenu_indexmenu->_indexmenu()
  #4 /dokuwiki/inc/parser/renderer.php(119): syntax_plugin_indexmenu_indexmenu->render()
  #5 /dokuwiki/inc/parserutils.php(700): Doku_Renderer->plugin()
  #6 /dokuwiki/inc/parserutils.php(158): p_render()
  #7 /dokuwiki/inc/parserutils.php(96): p_cached_output()
  #8 /dokuwiki/inc/template.php(1592): p_wiki_xhtml()
  #9 /dokuwiki/lib/tpl/mindthedark/main.php(81): tpl_include_page()
  #10 /dokuwiki/inc/actions.php(27): include('...')
  #11 /dokuwiki/doku.php(126): act_dispatch()
  #12 {main}
2023-06-09 05:48:12	/dokuwiki/lib/plugins/indexmenu/syntax/indexmenu.php(528)	E_WARNING: Trying to access array offset on value of type null
  #0 /dokuwiki/lib/plugins/indexmenu/syntax/indexmenu.php(528): dokuwiki\ErrorHandler::errorHandler()
  #1 /dokuwiki/lib/plugins/indexmenu/syntax/indexmenu.php(479): syntax_plugin_indexmenu_indexmenu->_jsnodes()
  #2 /dokuwiki/lib/plugins/indexmenu/syntax/indexmenu.php(414): syntax_plugin_indexmenu_indexmenu->_jstree()
  #3 /dokuwiki/lib/plugins/indexmenu/syntax/indexmenu.php(357): syntax_plugin_indexmenu_indexmenu->_indexmenu()
  #4 /dokuwiki/inc/parser/renderer.php(119): syntax_plugin_indexmenu_indexmenu->render()
  #5 /dokuwiki/inc/parserutils.php(700): Doku_Renderer->plugin()
  #6 /dokuwiki/inc/parserutils.php(158): p_render()
  #7 /dokuwiki/inc/parserutils.php(96): p_cached_output()
  #8 /dokuwiki/inc/template.php(1592): p_wiki_xhtml()
  #9 /dokuwiki/lib/tpl/mindthedark/main.php(81): tpl_include_page()
  #10 /dokuwiki/inc/actions.php(27): include('...')
  #11 /dokuwiki/doku.php(126): act_dispatch()
  #12 {main}
2023-06-09 05:48:12	/dokuwiki/lib/plugins/indexmenu/syntax/indexmenu.php(528)	E_WARNING: Undefined array key -1
  #0 /dokuwiki/lib/plugins/indexmenu/syntax/indexmenu.php(528): dokuwiki\ErrorHandler::errorHandler()
  #1 /dokuwiki/lib/plugins/indexmenu/syntax/indexmenu.php(479): syntax_plugin_indexmenu_indexmenu->_jsnodes()
  #2 /dokuwiki/lib/plugins/indexmenu/syntax/indexmenu.php(414): syntax_plugin_indexmenu_indexmenu->_jstree()
  #3 /dokuwiki/lib/plugins/indexmenu/syntax/indexmenu.php(357): syntax_plugin_indexmenu_indexmenu->_indexmenu()
  #4 /dokuwiki/inc/parser/renderer.php(119): syntax_plugin_indexmenu_indexmenu->render()
  #5 /dokuwiki/inc/parserutils.php(700): Doku_Renderer->plugin()
  #6 /dokuwiki/inc/parserutils.php(158): p_render()
  #7 /dokuwiki/inc/parserutils.php(96): p_cached_output()
  #8 /dokuwiki/inc/template.php(1592): p_wiki_xhtml()
  #9 /dokuwiki/lib/tpl/mindthedark/main.php(81): tpl_include_page()
  #10 /dokuwiki/inc/actions.php(27): include('...')
  #11 /dokuwiki/doku.php(126): act_dispatch()
  #12 {main}
2023-06-09 05:48:12	/dokuwiki/lib/plugins/indexmenu/syntax/indexmenu.php(528)	E_WARNING: Trying to access array offset on value of type null
  #0 /dokuwiki/lib/plugins/indexmenu/syntax/indexmenu.php(528): dokuwiki\ErrorHandler::errorHandler()
  #1 /dokuwiki/lib/plugins/indexmenu/syntax/indexmenu.php(479): syntax_plugin_indexmenu_indexmenu->_jsnodes()
  #2 /dokuwiki/lib/plugins/indexmenu/syntax/indexmenu.php(414): syntax_plugin_indexmenu_indexmenu->_jstree()
  #3 /dokuwiki/lib/plugins/indexmenu/syntax/indexmenu.php(357): syntax_plugin_indexmenu_indexmenu->_indexmenu()
  #4 /dokuwiki/inc/parser/renderer.php(119): syntax_plugin_indexmenu_indexmenu->render()
  #5 /dokuwiki/inc/parserutils.php(700): Doku_Renderer->plugin()
  #6 /dokuwiki/inc/parserutils.php(158): p_render()
  #7 /dokuwiki/inc/parserutils.php(96): p_cached_output()
  #8 /dokuwiki/inc/template.php(1592): p_wiki_xhtml()
  #9 /dokuwiki/lib/tpl/mindthedark/main.php(81): tpl_include_page()
  #10 /dokuwiki/inc/actions.php(27): include('...')
  #11 /dokuwiki/doku.php(126): act_dispatch()
  #12 {main}
2023-06-09 05:48:12	/dokuwiki/lib/plugins/indexmenu/syntax/indexmenu.php(528)	E_WARNING: Undefined array key -1
  #0 /dokuwiki/lib/plugins/indexmenu/syntax/indexmenu.php(528): dokuwiki\ErrorHandler::errorHandler()
  #1 /dokuwiki/lib/plugins/indexmenu/syntax/indexmenu.php(479): syntax_plugin_indexmenu_indexmenu->_jsnodes()
  #2 /dokuwiki/lib/plugins/indexmenu/syntax/indexmenu.php(414): syntax_plugin_indexmenu_indexmenu->_jstree()
  #3 /dokuwiki/lib/plugins/indexmenu/syntax/indexmenu.php(357): syntax_plugin_indexmenu_indexmenu->_indexmenu()
  #4 /dokuwiki/inc/parser/renderer.php(119): syntax_plugin_indexmenu_indexmenu->render()
  #5 /dokuwiki/inc/parserutils.php(700): Doku_Renderer->plugin()
  #6 /dokuwiki/inc/parserutils.php(158): p_render()
  #7 /dokuwiki/inc/parserutils.php(96): p_cached_output()
  #8 /dokuwiki/inc/template.php(1592): p_wiki_xhtml()
  #9 /dokuwiki/lib/tpl/mindthedark/main.php(81): tpl_include_page()
  #10 /dokuwiki/inc/actions.php(27): include('...')
  #11 /dokuwiki/doku.php(126): act_dispatch()
  #12 {main}
2023-06-09 05:48:12	/dokuwiki/lib/plugins/indexmenu/syntax/indexmenu.php(528)	E_WARNING: Trying to access array offset on value of type null
  #0 /dokuwiki/lib/plugins/indexmenu/syntax/indexmenu.php(528): dokuwiki\ErrorHandler::errorHandler()
  #1 /dokuwiki/lib/plugins/indexmenu/syntax/indexmenu.php(479): syntax_plugin_indexmenu_indexmenu->_jsnodes()
  #2 /dokuwiki/lib/plugins/indexmenu/syntax/indexmenu.php(414): syntax_plugin_indexmenu_indexmenu->_jstree()
  #3 /dokuwiki/lib/plugins/indexmenu/syntax/indexmenu.php(357): syntax_plugin_indexmenu_indexmenu->_indexmenu()
  #4 /dokuwiki/inc/parser/renderer.php(119): syntax_plugin_indexmenu_indexmenu->render()
  #5 /dokuwiki/inc/parserutils.php(700): Doku_Renderer->plugin()
  #6 /dokuwiki/inc/parserutils.php(158): p_render()
  #7 /dokuwiki/inc/parserutils.php(96): p_cached_output()
  #8 /dokuwiki/inc/template.php(1592): p_wiki_xhtml()
  #9 /dokuwiki/lib/tpl/mindthedark/main.php(81): tpl_include_page()
  #10 /dokuwiki/inc/actions.php(27): include('...')
  #11 /dokuwiki/doku.php(126): act_dispatch()
  #12 {main}
2023-06-09 05:48:12	/dokuwiki/lib/plugins/indexmenu/syntax/indexmenu.php(528)	E_WARNING: Undefined array key -1
  #0 /dokuwiki/lib/plugins/indexmenu/syntax/indexmenu.php(528): dokuwiki\ErrorHandler::errorHandler()
  #1 /dokuwiki/lib/plugins/indexmenu/syntax/indexmenu.php(479): syntax_plugin_indexmenu_indexmenu->_jsnodes()
  #2 /dokuwiki/lib/plugins/indexmenu/syntax/indexmenu.php(414): syntax_plugin_indexmenu_indexmenu->_jstree()
  #3 /dokuwiki/lib/plugins/indexmenu/syntax/indexmenu.php(357): syntax_plugin_indexmenu_indexmenu->_indexmenu()
  #4 /dokuwiki/inc/parser/renderer.php(119): syntax_plugin_indexmenu_indexmenu->render()
  #5 /dokuwiki/inc/parserutils.php(700): Doku_Renderer->plugin()
  #6 /dokuwiki/inc/parserutils.php(158): p_render()
  #7 /dokuwiki/inc/parserutils.php(96): p_cached_output()
  #8 /dokuwiki/inc/template.php(1592): p_wiki_xhtml()
  #9 /dokuwiki/lib/tpl/mindthedark/main.php(81): tpl_include_page()
  #10 /dokuwiki/inc/actions.php(27): include('...')
  #11 /dokuwiki/doku.php(126): act_dispatch()
  #12 {main}
2023-06-09 05:48:12	/dokuwiki/lib/plugins/indexmenu/syntax/indexmenu.php(528)	E_WARNING: Trying to access array offset on value of type null
  #0 /dokuwiki/lib/plugins/indexmenu/syntax/indexmenu.php(528): dokuwiki\ErrorHandler::errorHandler()
  #1 /dokuwiki/lib/plugins/indexmenu/syntax/indexmenu.php(479): syntax_plugin_indexmenu_indexmenu->_jsnodes()
  #2 /dokuwiki/lib/plugins/indexmenu/syntax/indexmenu.php(414): syntax_plugin_indexmenu_indexmenu->_jstree()
  #3 /dokuwiki/lib/plugins/indexmenu/syntax/indexmenu.php(357): syntax_plugin_indexmenu_indexmenu->_indexmenu()
  #4 /dokuwiki/inc/parser/renderer.php(119): syntax_plugin_indexmenu_indexmenu->render()
  #5 /dokuwiki/inc/parserutils.php(700): Doku_Renderer->plugin()
  #6 /dokuwiki/inc/parserutils.php(158): p_render()
  #7 /dokuwiki/inc/parserutils.php(96): p_cached_output()
  #8 /dokuwiki/inc/template.php(1592): p_wiki_xhtml()
  #9 /dokuwiki/lib/tpl/mindthedark/main.php(81): tpl_include_page()
  #10 /dokuwiki/inc/actions.php(27): include('...')
  #11 /dokuwiki/doku.php(126): act_dispatch()
  #12 {main}
2023-06-09 05:48:12	/dokuwiki/lib/plugins/indexmenu/syntax/indexmenu.php(528)	E_WARNING: Undefined array key -1
  #0 /dokuwiki/lib/plugins/indexmenu/syntax/indexmenu.php(528): dokuwiki\ErrorHandler::errorHandler()
  #1 /dokuwiki/lib/plugins/indexmenu/syntax/indexmenu.php(479): syntax_plugin_indexmenu_indexmenu->_jsnodes()
  #2 /dokuwiki/lib/plugins/indexmenu/syntax/indexmenu.php(414): syntax_plugin_indexmenu_indexmenu->_jstree()
  #3 /dokuwiki/lib/plugins/indexmenu/syntax/indexmenu.php(357): syntax_plugin_indexmenu_indexmenu->_indexmenu()
  #4 /dokuwiki/inc/parser/renderer.php(119): syntax_plugin_indexmenu_indexmenu->render()
  #5 /dokuwiki/inc/parserutils.php(700): Doku_Renderer->plugin()
  #6 /dokuwiki/inc/parserutils.php(158): p_render()
  #7 /dokuwiki/inc/parserutils.php(96): p_cached_output()
  #8 /dokuwiki/inc/template.php(1592): p_wiki_xhtml()
  #9 /dokuwiki/lib/tpl/mindthedark/main.php(81): tpl_include_page()
  #10 /dokuwiki/inc/actions.php(27): include('...')
  #11 /dokuwiki/doku.php(126): act_dispatch()
  #12 {main}
2023-06-09 05:48:12	/dokuwiki/lib/plugins/indexmenu/syntax/indexmenu.php(528)	E_WARNING: Trying to access array offset on value of type null
  #0 /dokuwiki/lib/plugins/indexmenu/syntax/indexmenu.php(528): dokuwiki\ErrorHandler::errorHandler()
  #1 /dokuwiki/lib/plugins/indexmenu/syntax/indexmenu.php(479): syntax_plugin_indexmenu_indexmenu->_jsnodes()
  #2 /dokuwiki/lib/plugins/indexmenu/syntax/indexmenu.php(414): syntax_plugin_indexmenu_indexmenu->_jstree()
  #3 /dokuwiki/lib/plugins/indexmenu/syntax/indexmenu.php(357): syntax_plugin_indexmenu_indexmenu->_indexmenu()
  #4 /dokuwiki/inc/parser/renderer.php(119): syntax_plugin_indexmenu_indexmenu->render()
  #5 /dokuwiki/inc/parserutils.php(700): Doku_Renderer->plugin()
  #6 /dokuwiki/inc/parserutils.php(158): p_render()
  #7 /dokuwiki/inc/parserutils.php(96): p_cached_output()
  #8 /dokuwiki/inc/template.php(1592): p_wiki_xhtml()
  #9 /dokuwiki/lib/tpl/mindthedark/main.php(81): tpl_include_page()
  #10 /dokuwiki/inc/actions.php(27): include('...')
  #11 /dokuwiki/doku.php(126): act_dispatch()
  #12 {main}
2023-06-09 05:48:12	/dokuwiki/lib/plugins/indexmenu/syntax/indexmenu.php(528)	E_WARNING: Undefined array key -1
  #0 /dokuwiki/lib/plugins/indexmenu/syntax/indexmenu.php(528): dokuwiki\ErrorHandler::errorHandler()
  #1 /dokuwiki/lib/plugins/indexmenu/syntax/indexmenu.php(479): syntax_plugin_indexmenu_indexmenu->_jsnodes()
  #2 /dokuwiki/lib/plugins/indexmenu/syntax/indexmenu.php(414): syntax_plugin_indexmenu_indexmenu->_jstree()
  #3 /dokuwiki/lib/plugins/indexmenu/syntax/indexmenu.php(357): syntax_plugin_indexmenu_indexmenu->_indexmenu()
  #4 /dokuwiki/inc/parser/renderer.php(119): syntax_plugin_indexmenu_indexmenu->render()
  #5 /dokuwiki/inc/parserutils.php(700): Doku_Renderer->plugin()
  #6 /dokuwiki/inc/parserutils.php(158): p_render()
  #7 /dokuwiki/inc/parserutils.php(96): p_cached_output()
  #8 /dokuwiki/inc/template.php(1592): p_wiki_xhtml()
  #9 /dokuwiki/lib/tpl/mindthedark/main.php(81): tpl_include_page()
  #10 /dokuwiki/inc/actions.php(27): include('...')
  #11 /dokuwiki/doku.php(126): act_dispatch()
  #12 {main}
2023-06-09 05:48:12	/dokuwiki/lib/plugins/indexmenu/syntax/indexmenu.php(528)	E_WARNING: Trying to access array offset on value of type null
  #0 /dokuwiki/lib/plugins/indexmenu/syntax/indexmenu.php(528): dokuwiki\ErrorHandler::errorHandler()
  #1 /dokuwiki/lib/plugins/indexmenu/syntax/indexmenu.php(479): syntax_plugin_indexmenu_indexmenu->_jsnodes()
  #2 /dokuwiki/lib/plugins/indexmenu/syntax/indexmenu.php(414): syntax_plugin_indexmenu_indexmenu->_jstree()
  #3 /dokuwiki/lib/plugins/indexmenu/syntax/indexmenu.php(357): syntax_plugin_indexmenu_indexmenu->_indexmenu()
  #4 /dokuwiki/inc/parser/renderer.php(119): syntax_plugin_indexmenu_indexmenu->render()
  #5 /dokuwiki/inc/parserutils.php(700): Doku_Renderer->plugin()
  #6 /dokuwiki/inc/parserutils.php(158): p_render()
  #7 /dokuwiki/inc/parserutils.php(96): p_cached_output()
  #8 /dokuwiki/inc/template.php(1592): p_wiki_xhtml()
  #9 /dokuwiki/lib/tpl/mindthedark/main.php(81): tpl_include_page()
  #10 /dokuwiki/inc/actions.php(27): include('...')
  #11 /dokuwiki/doku.php(126): act_dispatch()
  #12 {main}
2023-06-09 05:48:12	/dokuwiki/lib/plugins/indexmenu/syntax/indexmenu.php(528)	E_WARNING: Undefined array key -1
  #0 /dokuwiki/lib/plugins/indexmenu/syntax/indexmenu.php(528): dokuwiki\ErrorHandler::errorHandler()
  #1 /dokuwiki/lib/plugins/indexmenu/syntax/indexmenu.php(479): syntax_plugin_indexmenu_indexmenu->_jsnodes()
  #2 /dokuwiki/lib/plugins/indexmenu/syntax/indexmenu.php(414): syntax_plugin_indexmenu_indexmenu->_jstree()
  #3 /dokuwiki/lib/plugins/indexmenu/syntax/indexmenu.php(357): syntax_plugin_indexmenu_indexmenu->_indexmenu()
  #4 /dokuwiki/inc/parser/renderer.php(119): syntax_plugin_indexmenu_indexmenu->render()
  #5 /dokuwiki/inc/parserutils.php(700): Doku_Renderer->plugin()
  #6 /dokuwiki/inc/parserutils.php(158): p_render()
  #7 /dokuwiki/inc/parserutils.php(96): p_cached_output()
  #8 /dokuwiki/inc/template.php(1592): p_wiki_xhtml()
  #9 /dokuwiki/lib/tpl/mindthedark/main.php(81): tpl_include_page()
  #10 /dokuwiki/inc/actions.php(27): include('...')
  #11 /dokuwiki/doku.php(126): act_dispatch()
  #12 {main}
2023-06-09 05:48:12	/dokuwiki/lib/plugins/indexmenu/syntax/indexmenu.php(528)	E_WARNING: Trying to access array offset on value of type null
  #0 /dokuwiki/lib/plugins/indexmenu/syntax/indexmenu.php(528): dokuwiki\ErrorHandler::errorHandler()
  #1 /dokuwiki/lib/plugins/indexmenu/syntax/indexmenu.php(479): syntax_plugin_indexmenu_indexmenu->_jsnodes()
  #2 /dokuwiki/lib/plugins/indexmenu/syntax/indexmenu.php(414): syntax_plugin_indexmenu_indexmenu->_jstree()
  #3 /dokuwiki/lib/plugins/indexmenu/syntax/indexmenu.php(357): syntax_plugin_indexmenu_indexmenu->_indexmenu()
  #4 /dokuwiki/inc/parser/renderer.php(119): syntax_plugin_indexmenu_indexmenu->render()
  #5 /dokuwiki/inc/parserutils.php(700): Doku_Renderer->plugin()
  #6 /dokuwiki/inc/parserutils.php(158): p_render()
  #7 /dokuwiki/inc/parserutils.php(96): p_cached_output()
  #8 /dokuwiki/inc/template.php(1592): p_wiki_xhtml()
  #9 /dokuwiki/lib/tpl/mindthedark/main.php(81): tpl_include_page()
  #10 /dokuwiki/inc/actions.php(27): include('...')
  #11 /dokuwiki/doku.php(126): act_dispatch()
  #12 {main}
2023-06-09 05:48:12	/dokuwiki/lib/plugins/indexmenu/syntax/indexmenu.php(528)	E_WARNING: Undefined array key -1
  #0 /dokuwiki/lib/plugins/indexmenu/syntax/indexmenu.php(528): dokuwiki\ErrorHandler::errorHandler()
  #1 /dokuwiki/lib/plugins/indexmenu/syntax/indexmenu.php(479): syntax_plugin_indexmenu_indexmenu->_jsnodes()
  #2 /dokuwiki/lib/plugins/indexmenu/syntax/indexmenu.php(414): syntax_plugin_indexmenu_indexmenu->_jstree()
  #3 /dokuwiki/lib/plugins/indexmenu/syntax/indexmenu.php(357): syntax_plugin_indexmenu_indexmenu->_indexmenu()
  #4 /dokuwiki/inc/parser/renderer.php(119): syntax_plugin_indexmenu_indexmenu->render()
  #5 /dokuwiki/inc/parserutils.php(700): Doku_Renderer->plugin()
  #6 /dokuwiki/inc/parserutils.php(158): p_render()
  #7 /dokuwiki/inc/parserutils.php(96): p_cached_output()
  #8 /dokuwiki/inc/template.php(1592): p_wiki_xhtml()
  #9 /dokuwiki/lib/tpl/mindthedark/main.php(81): tpl_include_page()
  #10 /dokuwiki/inc/actions.php(27): include('...')
  #11 /dokuwiki/doku.php(126): act_dispatch()
  #12 {main}
2023-06-09 05:48:12	/dokuwiki/lib/plugins/indexmenu/syntax/indexmenu.php(528)	E_WARNING: Trying to access array offset on value of type null
  #0 /dokuwiki/lib/plugins/indexmenu/syntax/indexmenu.php(528): dokuwiki\ErrorHandler::errorHandler()
  #1 /dokuwiki/lib/plugins/indexmenu/syntax/indexmenu.php(479): syntax_plugin_indexmenu_indexmenu->_jsnodes()
  #2 /dokuwiki/lib/plugins/indexmenu/syntax/indexmenu.php(414): syntax_plugin_indexmenu_indexmenu->_jstree()
  #3 /dokuwiki/lib/plugins/indexmenu/syntax/indexmenu.php(357): syntax_plugin_indexmenu_indexmenu->_indexmenu()
  #4 /dokuwiki/inc/parser/renderer.php(119): syntax_plugin_indexmenu_indexmenu->render()
  #5 /dokuwiki/inc/parserutils.php(700): Doku_Renderer->plugin()
  #6 /dokuwiki/inc/parserutils.php(158): p_render()
  #7 /dokuwiki/inc/parserutils.php(96): p_cached_output()
  #8 /dokuwiki/inc/template.php(1592): p_wiki_xhtml()
  #9 /dokuwiki/lib/tpl/mindthedark/main.php(81): tpl_include_page()
  #10 /dokuwiki/inc/actions.php(27): include('...')
  #11 /dokuwiki/doku.php(126): act_dispatch()
  #12 {main}
2023-06-09 13:11:58	/dokuwiki/lib/plugins/indexmenu/syntax/indexmenu.php(528)	E_WARNING: Undefined array key -1
  #0 /dokuwiki/lib/plugins/indexmenu/syntax/indexmenu.php(528): dokuwiki\ErrorHandler::errorHandler()
  #1 /dokuwiki/lib/plugins/indexmenu/syntax/indexmenu.php(479): syntax_plugin_indexmenu_indexmenu->_jsnodes()
  #2 /dokuwiki/lib/plugins/indexmenu/syntax/indexmenu.php(414): syntax_plugin_indexmenu_indexmenu->_jstree()
  #3 /dokuwiki/lib/plugins/indexmenu/syntax/indexmenu.php(357): syntax_plugin_indexmenu_indexmenu->_indexmenu()
  #4 /dokuwiki/inc/parser/renderer.php(119): syntax_plugin_indexmenu_indexmenu->render()
  #5 /dokuwiki/inc/parserutils.php(700): Doku_Renderer->plugin()
  #6 /dokuwiki/inc/parserutils.php(158): p_render()
  #7 /dokuwiki/inc/parserutils.php(96): p_cached_output()
  #8 /dokuwiki/inc/template.php(1592): p_wiki_xhtml()
  #9 /dokuwiki/lib/tpl/mindthedark/main.php(81): tpl_include_page()
  #10 /dokuwiki/inc/actions.php(27): include('...')
  #11 /dokuwiki/doku.php(126): act_dispatch()
  #12 {main}
2023-06-09 13:11:58	/dokuwiki/lib/plugins/indexmenu/syntax/indexmenu.php(528)	E_WARNING: Trying to access array offset on value of type null
  #0 /dokuwiki/lib/plugins/indexmenu/syntax/indexmenu.php(528): dokuwiki\ErrorHandler::errorHandler()
  #1 /dokuwiki/lib/plugins/indexmenu/syntax/indexmenu.php(479): syntax_plugin_indexmenu_indexmenu->_jsnodes()
  #2 /dokuwiki/lib/plugins/indexmenu/syntax/indexmenu.php(414): syntax_plugin_indexmenu_indexmenu->_jstree()
  #3 /dokuwiki/lib/plugins/indexmenu/syntax/indexmenu.php(357): syntax_plugin_indexmenu_indexmenu->_indexmenu()
  #4 /dokuwiki/inc/parser/renderer.php(119): syntax_plugin_indexmenu_indexmenu->render()
  #5 /dokuwiki/inc/parserutils.php(700): Doku_Renderer->plugin()
  #6 /dokuwiki/inc/parserutils.php(158): p_render()
  #7 /dokuwiki/inc/parserutils.php(96): p_cached_output()
  #8 /dokuwiki/inc/template.php(1592): p_wiki_xhtml()
  #9 /dokuwiki/lib/tpl/mindthedark/main.php(81): tpl_include_page()
  #10 /dokuwiki/inc/actions.php(27): include('...')
  #11 /dokuwiki/doku.php(126): act_dispatch()
  #12 {main}
2023-06-09 13:11:58	/dokuwiki/lib/plugins/indexmenu/syntax/indexmenu.php(528)	E_WARNING: Undefined array key -1
  #0 /dokuwiki/lib/plugins/indexmenu/syntax/indexmenu.php(528): dokuwiki\ErrorHandler::errorHandler()
  #1 /dokuwiki/lib/plugins/indexmenu/syntax/indexmenu.php(479): syntax_plugin_indexmenu_indexmenu->_jsnodes()
  #2 /dokuwiki/lib/plugins/indexmenu/syntax/indexmenu.php(414): syntax_plugin_indexmenu_indexmenu->_jstree()
  #3 /dokuwiki/lib/plugins/indexmenu/syntax/indexmenu.php(357): syntax_plugin_indexmenu_indexmenu->_indexmenu()
  #4 /dokuwiki/inc/parser/renderer.php(119): syntax_plugin_indexmenu_indexmenu->render()
  #5 /dokuwiki/inc/parserutils.php(700): Doku_Renderer->plugin()
  #6 /dokuwiki/inc/parserutils.php(158): p_render()
  #7 /dokuwiki/inc/parserutils.php(96): p_cached_output()
  #8 /dokuwiki/inc/template.php(1592): p_wiki_xhtml()
  #9 /dokuwiki/lib/tpl/mindthedark/main.php(81): tpl_include_page()
  #10 /dokuwiki/inc/actions.php(27): include('...')
  #11 /dokuwiki/doku.php(126): act_dispatch()
  #12 {main}
2023-06-09 13:11:58	/dokuwiki/lib/plugins/indexmenu/syntax/indexmenu.php(528)	E_WARNING: Trying to access array offset on value of type null
  #0 /dokuwiki/lib/plugins/indexmenu/syntax/indexmenu.php(528): dokuwiki\ErrorHandler::errorHandler()
  #1 /dokuwiki/lib/plugins/indexmenu/syntax/indexmenu.php(479): syntax_plugin_indexmenu_indexmenu->_jsnodes()
  #2 /dokuwiki/lib/plugins/indexmenu/syntax/indexmenu.php(414): syntax_plugin_indexmenu_indexmenu->_jstree()
  #3 /dokuwiki/lib/plugins/indexmenu/syntax/indexmenu.php(357): syntax_plugin_indexmenu_indexmenu->_indexmenu()
  #4 /dokuwiki/inc/parser/renderer.php(119): syntax_plugin_indexmenu_indexmenu->render()
  #5 /dokuwiki/inc/parserutils.php(700): Doku_Renderer->plugin()
  #6 /dokuwiki/inc/parserutils.php(158): p_render()
  #7 /dokuwiki/inc/parserutils.php(96): p_cached_output()
  #8 /dokuwiki/inc/template.php(1592): p_wiki_xhtml()
  #9 /dokuwiki/lib/tpl/mindthedark/main.php(81): tpl_include_page()
  #10 /dokuwiki/inc/actions.php(27): include('...')
  #11 /dokuwiki/doku.php(126): act_dispatch()
  #12 {main}
2023-06-09 13:11:58	/dokuwiki/lib/plugins/indexmenu/syntax/indexmenu.php(528)	E_WARNING: Undefined array key -1
  #0 /dokuwiki/lib/plugins/indexmenu/syntax/indexmenu.php(528): dokuwiki\ErrorHandler::errorHandler()
  #1 /dokuwiki/lib/plugins/indexmenu/syntax/indexmenu.php(479): syntax_plugin_indexmenu_indexmenu->_jsnodes()
  #2 /dokuwiki/lib/plugins/indexmenu/syntax/indexmenu.php(414): syntax_plugin_indexmenu_indexmenu->_jstree()
  #3 /dokuwiki/lib/plugins/indexmenu/syntax/indexmenu.php(357): syntax_plugin_indexmenu_indexmenu->_indexmenu()
  #4 /dokuwiki/inc/parser/renderer.php(119): syntax_plugin_indexmenu_indexmenu->render()
  #5 /dokuwiki/inc/parserutils.php(700): Doku_Renderer->plugin()
  #6 /dokuwiki/inc/parserutils.php(158): p_render()
  #7 /dokuwiki/inc/parserutils.php(96): p_cached_output()
  #8 /dokuwiki/inc/template.php(1592): p_wiki_xhtml()
  #9 /dokuwiki/lib/tpl/mindthedark/main.php(81): tpl_include_page()
  #10 /dokuwiki/inc/actions.php(27): include('...')
  #11 /dokuwiki/doku.php(126): act_dispatch()
  #12 {main}
2023-06-09 13:11:58	/dokuwiki/lib/plugins/indexmenu/syntax/indexmenu.php(528)	E_WARNING: Trying to access array offset on value of type null
  #0 /dokuwiki/lib/plugins/indexmenu/syntax/indexmenu.php(528): dokuwiki\ErrorHandler::errorHandler()
  #1 /dokuwiki/lib/plugins/indexmenu/syntax/indexmenu.php(479): syntax_plugin_indexmenu_indexmenu->_jsnodes()
  #2 /dokuwiki/lib/plugins/indexmenu/syntax/indexmenu.php(414): syntax_plugin_indexmenu_indexmenu->_jstree()
  #3 /dokuwiki/lib/plugins/indexmenu/syntax/indexmenu.php(357): syntax_plugin_indexmenu_indexmenu->_indexmenu()
  #4 /dokuwiki/inc/parser/renderer.php(119): syntax_plugin_indexmenu_indexmenu->render()
  #5 /dokuwiki/inc/parserutils.php(700): Doku_Renderer->plugin()
  #6 /dokuwiki/inc/parserutils.php(158): p_render()
  #7 /dokuwiki/inc/parserutils.php(96): p_cached_output()
  #8 /dokuwiki/inc/template.php(1592): p_wiki_xhtml()
  #9 /dokuwiki/lib/tpl/mindthedark/main.php(81): tpl_include_page()
  #10 /dokuwiki/inc/actions.php(27): include('...')
  #11 /dokuwiki/doku.php(126): act_dispatch()
  #12 {main}
2023-06-09 13:11:58	/dokuwiki/lib/plugins/indexmenu/syntax/indexmenu.php(528)	E_WARNING: Undefined array key -1
  #0 /dokuwiki/lib/plugins/indexmenu/syntax/indexmenu.php(528): dokuwiki\ErrorHandler::errorHandler()
  #1 /dokuwiki/lib/plugins/indexmenu/syntax/indexmenu.php(479): syntax_plugin_indexmenu_indexmenu->_jsnodes()
  #2 /dokuwiki/lib/plugins/indexmenu/syntax/indexmenu.php(414): syntax_plugin_indexmenu_indexmenu->_jstree()
  #3 /dokuwiki/lib/plugins/indexmenu/syntax/indexmenu.php(357): syntax_plugin_indexmenu_indexmenu->_indexmenu()
  #4 /dokuwiki/inc/parser/renderer.php(119): syntax_plugin_indexmenu_indexmenu->render()
  #5 /dokuwiki/inc/parserutils.php(700): Doku_Renderer->plugin()
  #6 /dokuwiki/inc/parserutils.php(158): p_render()
  #7 /dokuwiki/inc/parserutils.php(96): p_cached_output()
  #8 /dokuwiki/inc/template.php(1592): p_wiki_xhtml()
  #9 /dokuwiki/lib/tpl/mindthedark/main.php(81): tpl_include_page()
  #10 /dokuwiki/inc/actions.php(27): include('...')
  #11 /dokuwiki/doku.php(126): act_dispatch()
  #12 {main}
2023-06-09 13:11:58	/dokuwiki/lib/plugins/indexmenu/syntax/indexmenu.php(528)	E_WARNING: Trying to access array offset on value of type null
  #0 /dokuwiki/lib/plugins/indexmenu/syntax/indexmenu.php(528): dokuwiki\ErrorHandler::errorHandler()
  #1 /dokuwiki/lib/plugins/indexmenu/syntax/indexmenu.php(479): syntax_plugin_indexmenu_indexmenu->_jsnodes()
  #2 /dokuwiki/lib/plugins/indexmenu/syntax/indexmenu.php(414): syntax_plugin_indexmenu_indexmenu->_jstree()
  #3 /dokuwiki/lib/plugins/indexmenu/syntax/indexmenu.php(357): syntax_plugin_indexmenu_indexmenu->_indexmenu()
  #4 /dokuwiki/inc/parser/renderer.php(119): syntax_plugin_indexmenu_indexmenu->render()
  #5 /dokuwiki/inc/parserutils.php(700): Doku_Renderer->plugin()
  #6 /dokuwiki/inc/parserutils.php(158): p_render()
  #7 /dokuwiki/inc/parserutils.php(96): p_cached_output()
  #8 /dokuwiki/inc/template.php(1592): p_wiki_xhtml()
  #9 /dokuwiki/lib/tpl/mindthedark/main.php(81): tpl_include_page()
  #10 /dokuwiki/inc/actions.php(27): include('...')
  #11 /dokuwiki/doku.php(126): act_dispatch()
  #12 {main}
2023-06-09 13:11:58	/dokuwiki/lib/plugins/indexmenu/syntax/indexmenu.php(528)	E_WARNING: Undefined array key -1
  #0 /dokuwiki/lib/plugins/indexmenu/syntax/indexmenu.php(528): dokuwiki\ErrorHandler::errorHandler()
  #1 /dokuwiki/lib/plugins/indexmenu/syntax/indexmenu.php(479): syntax_plugin_indexmenu_indexmenu->_jsnodes()
  #2 /dokuwiki/lib/plugins/indexmenu/syntax/indexmenu.php(414): syntax_plugin_indexmenu_indexmenu->_jstree()
  #3 /dokuwiki/lib/plugins/indexmenu/syntax/indexmenu.php(357): syntax_plugin_indexmenu_indexmenu->_indexmenu()
  #4 /dokuwiki/inc/parser/renderer.php(119): syntax_plugin_indexmenu_indexmenu->render()
  #5 /dokuwiki/inc/parserutils.php(700): Doku_Renderer->plugin()
  #6 /dokuwiki/inc/parserutils.php(158): p_render()
  #7 /dokuwiki/inc/parserutils.php(96): p_cached_output()
  #8 /dokuwiki/inc/template.php(1592): p_wiki_xhtml()
  #9 /dokuwiki/lib/tpl/mindthedark/main.php(81): tpl_include_page()
  #10 /dokuwiki/inc/actions.php(27): include('...')
  #11 /dokuwiki/doku.php(126): act_dispatch()
  #12 {main}
2023-06-09 13:11:58	/dokuwiki/lib/plugins/indexmenu/syntax/indexmenu.php(528)	E_WARNING: Trying to access array offset on value of type null
  #0 /dokuwiki/lib/plugins/indexmenu/syntax/indexmenu.php(528): dokuwiki\ErrorHandler::errorHandler()
  #1 /dokuwiki/lib/plugins/indexmenu/syntax/indexmenu.php(479): syntax_plugin_indexmenu_indexmenu->_jsnodes()
  #2 /dokuwiki/lib/plugins/indexmenu/syntax/indexmenu.php(414): syntax_plugin_indexmenu_indexmenu->_jstree()
  #3 /dokuwiki/lib/plugins/indexmenu/syntax/indexmenu.php(357): syntax_plugin_indexmenu_indexmenu->_indexmenu()
  #4 /dokuwiki/inc/parser/renderer.php(119): syntax_plugin_indexmenu_indexmenu->render()
  #5 /dokuwiki/inc/parserutils.php(700): Doku_Renderer->plugin()
  #6 /dokuwiki/inc/parserutils.php(158): p_render()
  #7 /dokuwiki/inc/parserutils.php(96): p_cached_output()
  #8 /dokuwiki/inc/template.php(1592): p_wiki_xhtml()
  #9 /dokuwiki/lib/tpl/mindthedark/main.php(81): tpl_include_page()
  #10 /dokuwiki/inc/actions.php(27): include('...')
  #11 /dokuwiki/doku.php(126): act_dispatch()
  #12 {main}
2023-06-09 13:11:58	/dokuwiki/lib/plugins/indexmenu/syntax/indexmenu.php(528)	E_WARNING: Undefined array key -1
  #0 /dokuwiki/lib/plugins/indexmenu/syntax/indexmenu.php(528): dokuwiki\ErrorHandler::errorHandler()
  #1 /dokuwiki/lib/plugins/indexmenu/syntax/indexmenu.php(479): syntax_plugin_indexmenu_indexmenu->_jsnodes()
  #2 /dokuwiki/lib/plugins/indexmenu/syntax/indexmenu.php(414): syntax_plugin_indexmenu_indexmenu->_jstree()
  #3 /dokuwiki/lib/plugins/indexmenu/syntax/indexmenu.php(357): syntax_plugin_indexmenu_indexmenu->_indexmenu()
  #4 /dokuwiki/inc/parser/renderer.php(119): syntax_plugin_indexmenu_indexmenu->render()
  #5 /dokuwiki/inc/parserutils.php(700): Doku_Renderer->plugin()
  #6 /dokuwiki/inc/parserutils.php(158): p_render()
  #7 /dokuwiki/inc/parserutils.php(96): p_cached_output()
  #8 /dokuwiki/inc/template.php(1592): p_wiki_xhtml()
  #9 /dokuwiki/lib/tpl/mindthedark/main.php(81): tpl_include_page()
  #10 /dokuwiki/inc/actions.php(27): include('...')
  #11 /dokuwiki/doku.php(126): act_dispatch()
  #12 {main}
2023-06-09 13:11:58	/dokuwiki/lib/plugins/indexmenu/syntax/indexmenu.php(528)	E_WARNING: Trying to access array offset on value of type null
  #0 /dokuwiki/lib/plugins/indexmenu/syntax/indexmenu.php(528): dokuwiki\ErrorHandler::errorHandler()
  #1 /dokuwiki/lib/plugins/indexmenu/syntax/indexmenu.php(479): syntax_plugin_indexmenu_indexmenu->_jsnodes()
  #2 /dokuwiki/lib/plugins/indexmenu/syntax/indexmenu.php(414): syntax_plugin_indexmenu_indexmenu->_jstree()
  #3 /dokuwiki/lib/plugins/indexmenu/syntax/indexmenu.php(357): syntax_plugin_indexmenu_indexmenu->_indexmenu()
  #4 /dokuwiki/inc/parser/renderer.php(119): syntax_plugin_indexmenu_indexmenu->render()
  #5 /dokuwiki/inc/parserutils.php(700): Doku_Renderer->plugin()
  #6 /dokuwiki/inc/parserutils.php(158): p_render()
  #7 /dokuwiki/inc/parserutils.php(96): p_cached_output()
  #8 /dokuwiki/inc/template.php(1592): p_wiki_xhtml()
  #9 /dokuwiki/lib/tpl/mindthedark/main.php(81): tpl_include_page()
  #10 /dokuwiki/inc/actions.php(27): include('...')
  #11 /dokuwiki/doku.php(126): act_dispatch()
  #12 {main}
2023-06-09 13:11:58	/dokuwiki/lib/plugins/indexmenu/syntax/indexmenu.php(528)	E_WARNING: Undefined array key -1
  #0 /dokuwiki/lib/plugins/indexmenu/syntax/indexmenu.php(528): dokuwiki\ErrorHandler::errorHandler()
  #1 /dokuwiki/lib/plugins/indexmenu/syntax/indexmenu.php(479): syntax_plugin_indexmenu_indexmenu->_jsnodes()
  #2 /dokuwiki/lib/plugins/indexmenu/syntax/indexmenu.php(414): syntax_plugin_indexmenu_indexmenu->_jstree()
  #3 /dokuwiki/lib/plugins/indexmenu/syntax/indexmenu.php(357): syntax_plugin_indexmenu_indexmenu->_indexmenu()
  #4 /dokuwiki/inc/parser/renderer.php(119): syntax_plugin_indexmenu_indexmenu->render()
  #5 /dokuwiki/inc/parserutils.php(700): Doku_Renderer->plugin()
  #6 /dokuwiki/inc/parserutils.php(158): p_render()
  #7 /dokuwiki/inc/parserutils.php(96): p_cached_output()
  #8 /dokuwiki/inc/template.php(1592): p_wiki_xhtml()
  #9 /dokuwiki/lib/tpl/mindthedark/main.php(81): tpl_include_page()
  #10 /dokuwiki/inc/actions.php(27): include('...')
  #11 /dokuwiki/doku.php(126): act_dispatch()
  #12 {main}
2023-06-09 13:11:58	/dokuwiki/lib/plugins/indexmenu/syntax/indexmenu.php(528)	E_WARNING: Trying to access array offset on value of type null
  #0 /dokuwiki/lib/plugins/indexmenu/syntax/indexmenu.php(528): dokuwiki\ErrorHandler::errorHandler()
  #1 /dokuwiki/lib/plugins/indexmenu/syntax/indexmenu.php(479): syntax_plugin_indexmenu_indexmenu->_jsnodes()
  #2 /dokuwiki/lib/plugins/indexmenu/syntax/indexmenu.php(414): syntax_plugin_indexmenu_indexmenu->_jstree()
  #3 /dokuwiki/lib/plugins/indexmenu/syntax/indexmenu.php(357): syntax_plugin_indexmenu_indexmenu->_indexmenu()
  #4 /dokuwiki/inc/parser/renderer.php(119): syntax_plugin_indexmenu_indexmenu->render()
  #5 /dokuwiki/inc/parserutils.php(700): Doku_Renderer->plugin()
  #6 /dokuwiki/inc/parserutils.php(158): p_render()
  #7 /dokuwiki/inc/parserutils.php(96): p_cached_output()
  #8 /dokuwiki/inc/template.php(1592): p_wiki_xhtml()
  #9 /dokuwiki/lib/tpl/mindthedark/main.php(81): tpl_include_page()
  #10 /dokuwiki/inc/actions.php(27): include('...')
  #11 /dokuwiki/doku.php(126): act_dispatch()
  #12 {main}
2023-06-09 13:11:58	/dokuwiki/lib/plugins/indexmenu/syntax/indexmenu.php(528)	E_WARNING: Undefined array key -1
  #0 /dokuwiki/lib/plugins/indexmenu/syntax/indexmenu.php(528): dokuwiki\ErrorHandler::errorHandler()
  #1 /dokuwiki/lib/plugins/indexmenu/syntax/indexmenu.php(479): syntax_plugin_indexmenu_indexmenu->_jsnodes()
  #2 /dokuwiki/lib/plugins/indexmenu/syntax/indexmenu.php(414): syntax_plugin_indexmenu_indexmenu->_jstree()
  #3 /dokuwiki/lib/plugins/indexmenu/syntax/indexmenu.php(357): syntax_plugin_indexmenu_indexmenu->_indexmenu()
  #4 /dokuwiki/inc/parser/renderer.php(119): syntax_plugin_indexmenu_indexmenu->render()
  #5 /dokuwiki/inc/parserutils.php(700): Doku_Renderer->plugin()
  #6 /dokuwiki/inc/parserutils.php(158): p_render()
  #7 /dokuwiki/inc/parserutils.php(96): p_cached_output()
  #8 /dokuwiki/inc/template.php(1592): p_wiki_xhtml()
  #9 /dokuwiki/lib/tpl/mindthedark/main.php(81): tpl_include_page()
  #10 /dokuwiki/inc/actions.php(27): include('...')
  #11 /dokuwiki/doku.php(126): act_dispatch()
  #12 {main}
2023-06-09 13:11:58	/dokuwiki/lib/plugins/indexmenu/syntax/indexmenu.php(528)	E_WARNING: Trying to access array offset on value of type null
  #0 /dokuwiki/lib/plugins/indexmenu/syntax/indexmenu.php(528): dokuwiki\ErrorHandler::errorHandler()
  #1 /dokuwiki/lib/plugins/indexmenu/syntax/indexmenu.php(479): syntax_plugin_indexmenu_indexmenu->_jsnodes()
  #2 /dokuwiki/lib/plugins/indexmenu/syntax/indexmenu.php(414): syntax_plugin_indexmenu_indexmenu->_jstree()
  #3 /dokuwiki/lib/plugins/indexmenu/syntax/indexmenu.php(357): syntax_plugin_indexmenu_indexmenu->_indexmenu()
  #4 /dokuwiki/inc/parser/renderer.php(119): syntax_plugin_indexmenu_indexmenu->render()
  #5 /dokuwiki/inc/parserutils.php(700): Doku_Renderer->plugin()
  #6 /dokuwiki/inc/parserutils.php(158): p_render()
  #7 /dokuwiki/inc/parserutils.php(96): p_cached_output()
  #8 /dokuwiki/inc/template.php(1592): p_wiki_xhtml()
  #9 /dokuwiki/lib/tpl/mindthedark/main.php(81): tpl_include_page()
  #10 /dokuwiki/inc/actions.php(27): include('...')
  #11 /dokuwiki/doku.php(126): act_dispatch()
  #12 {main}
