2023-04-17 17:27:39	/dokuwiki/inc/parser/metadata.php(482)	Error: Call to undefined function sexplode()
  #0 /dokuwiki/inc/parserutils.php(525): Doku_Renderer_metadata->internallink()
  #1 /dokuwiki/inc/parserutils.php(289): p_render_metadata()
  #2 /dokuwiki/inc/common.php(246): p_get_metadata()
  #3 /dokuwiki/doku.php(97): pageinfo()
  #4 {main}
2023-04-17 17:27:50	/dokuwiki/inc/parser/metadata.php(482)	Error: Call to undefined function sexplode()
  #0 /dokuwiki/inc/parserutils.php(525): Doku_Renderer_metadata->internallink()
  #1 /dokuwiki/inc/parserutils.php(289): p_render_metadata()
  #2 /dokuwiki/inc/common.php(246): p_get_metadata()
  #3 /dokuwiki/doku.php(97): pageinfo()
  #4 {main}
2023-04-17 17:31:27	/dokuwiki/inc/parser/metadata.php(482)	Error: Call to undefined function sexplode()
  #0 /dokuwiki/inc/parserutils.php(525): Doku_Renderer_metadata->internallink()
  #1 /dokuwiki/inc/parserutils.php(289): p_render_metadata()
  #2 /dokuwiki/inc/common.php(246): p_get_metadata()
  #3 /dokuwiki/doku.php(97): pageinfo()
  #4 {main}
2023-04-17 17:37:00	/dokuwiki/inc/parser/metadata.php(482)	Error: Call to undefined function sexplode()
  #0 /dokuwiki/inc/parserutils.php(525): Doku_Renderer_metadata->internallink()
  #1 /dokuwiki/inc/parserutils.php(289): p_render_metadata()
  #2 /dokuwiki/inc/common.php(246): p_get_metadata()
  #3 /dokuwiki/doku.php(97): pageinfo()
  #4 {main}
2023-04-17 17:58:01	/dokuwiki/lib/plugins/indexmenu/syntax/indexmenu.php(528)	E_WARNING: Undefined array key -1
  #0 /dokuwiki/lib/plugins/indexmenu/syntax/indexmenu.php(528): dokuwiki\ErrorHandler::errorHandler()
  #1 /dokuwiki/lib/plugins/indexmenu/syntax/indexmenu.php(479): syntax_plugin_indexmenu_indexmenu->_jsnodes()
  #2 /dokuwiki/lib/plugins/indexmenu/syntax/indexmenu.php(414): syntax_plugin_indexmenu_indexmenu->_jstree()
  #3 /dokuwiki/lib/plugins/indexmenu/syntax/indexmenu.php(357): syntax_plugin_indexmenu_indexmenu->_indexmenu()
  #4 /dokuwiki/inc/parser/renderer.php(119): syntax_plugin_indexmenu_indexmenu->render()
  #5 /dokuwiki/inc/parserutils.php(700): Doku_Renderer->plugin()
  #6 /dokuwiki/inc/parserutils.php(158): p_render()
  #7 /dokuwiki/inc/parserutils.php(96): p_cached_output()
  #8 /dokuwiki/inc/template.php(1592): p_wiki_xhtml()
  #9 /dokuwiki/lib/tpl/mindthedark/main.php(81): tpl_include_page()
  #10 /dokuwiki/inc/actions.php(27): include('...')
  #11 /dokuwiki/doku.php(126): act_dispatch()
  #12 {main}
2023-04-17 17:58:01	/dokuwiki/lib/plugins/indexmenu/syntax/indexmenu.php(528)	E_WARNING: Trying to access array offset on value of type null
  #0 /dokuwiki/lib/plugins/indexmenu/syntax/indexmenu.php(528): dokuwiki\ErrorHandler::errorHandler()
  #1 /dokuwiki/lib/plugins/indexmenu/syntax/indexmenu.php(479): syntax_plugin_indexmenu_indexmenu->_jsnodes()
  #2 /dokuwiki/lib/plugins/indexmenu/syntax/indexmenu.php(414): syntax_plugin_indexmenu_indexmenu->_jstree()
  #3 /dokuwiki/lib/plugins/indexmenu/syntax/indexmenu.php(357): syntax_plugin_indexmenu_indexmenu->_indexmenu()
  #4 /dokuwiki/inc/parser/renderer.php(119): syntax_plugin_indexmenu_indexmenu->render()
  #5 /dokuwiki/inc/parserutils.php(700): Doku_Renderer->plugin()
  #6 /dokuwiki/inc/parserutils.php(158): p_render()
  #7 /dokuwiki/inc/parserutils.php(96): p_cached_output()
  #8 /dokuwiki/inc/template.php(1592): p_wiki_xhtml()
  #9 /dokuwiki/lib/tpl/mindthedark/main.php(81): tpl_include_page()
  #10 /dokuwiki/inc/actions.php(27): include('...')
  #11 /dokuwiki/doku.php(126): act_dispatch()
  #12 {main}
2023-04-17 17:58:01	/dokuwiki/lib/plugins/indexmenu/syntax/indexmenu.php(528)	E_WARNING: Undefined array key -1
  #0 /dokuwiki/lib/plugins/indexmenu/syntax/indexmenu.php(528): dokuwiki\ErrorHandler::errorHandler()
  #1 /dokuwiki/lib/plugins/indexmenu/syntax/indexmenu.php(479): syntax_plugin_indexmenu_indexmenu->_jsnodes()
  #2 /dokuwiki/lib/plugins/indexmenu/syntax/indexmenu.php(414): syntax_plugin_indexmenu_indexmenu->_jstree()
  #3 /dokuwiki/lib/plugins/indexmenu/syntax/indexmenu.php(357): syntax_plugin_indexmenu_indexmenu->_indexmenu()
  #4 /dokuwiki/inc/parser/renderer.php(119): syntax_plugin_indexmenu_indexmenu->render()
  #5 /dokuwiki/inc/parserutils.php(700): Doku_Renderer->plugin()
  #6 /dokuwiki/inc/parserutils.php(158): p_render()
  #7 /dokuwiki/inc/parserutils.php(96): p_cached_output()
  #8 /dokuwiki/inc/template.php(1592): p_wiki_xhtml()
  #9 /dokuwiki/lib/tpl/mindthedark/main.php(81): tpl_include_page()
  #10 /dokuwiki/inc/actions.php(27): include('...')
  #11 /dokuwiki/doku.php(126): act_dispatch()
  #12 {main}
2023-04-17 17:58:01	/dokuwiki/lib/plugins/indexmenu/syntax/indexmenu.php(528)	E_WARNING: Trying to access array offset on value of type null
  #0 /dokuwiki/lib/plugins/indexmenu/syntax/indexmenu.php(528): dokuwiki\ErrorHandler::errorHandler()
  #1 /dokuwiki/lib/plugins/indexmenu/syntax/indexmenu.php(479): syntax_plugin_indexmenu_indexmenu->_jsnodes()
  #2 /dokuwiki/lib/plugins/indexmenu/syntax/indexmenu.php(414): syntax_plugin_indexmenu_indexmenu->_jstree()
  #3 /dokuwiki/lib/plugins/indexmenu/syntax/indexmenu.php(357): syntax_plugin_indexmenu_indexmenu->_indexmenu()
  #4 /dokuwiki/inc/parser/renderer.php(119): syntax_plugin_indexmenu_indexmenu->render()
  #5 /dokuwiki/inc/parserutils.php(700): Doku_Renderer->plugin()
  #6 /dokuwiki/inc/parserutils.php(158): p_render()
  #7 /dokuwiki/inc/parserutils.php(96): p_cached_output()
  #8 /dokuwiki/inc/template.php(1592): p_wiki_xhtml()
  #9 /dokuwiki/lib/tpl/mindthedark/main.php(81): tpl_include_page()
  #10 /dokuwiki/inc/actions.php(27): include('...')
  #11 /dokuwiki/doku.php(126): act_dispatch()
  #12 {main}
2023-04-17 17:58:01	/dokuwiki/lib/plugins/indexmenu/syntax/indexmenu.php(528)	E_WARNING: Undefined array key -1
  #0 /dokuwiki/lib/plugins/indexmenu/syntax/indexmenu.php(528): dokuwiki\ErrorHandler::errorHandler()
  #1 /dokuwiki/lib/plugins/indexmenu/syntax/indexmenu.php(479): syntax_plugin_indexmenu_indexmenu->_jsnodes()
  #2 /dokuwiki/lib/plugins/indexmenu/syntax/indexmenu.php(414): syntax_plugin_indexmenu_indexmenu->_jstree()
  #3 /dokuwiki/lib/plugins/indexmenu/syntax/indexmenu.php(357): syntax_plugin_indexmenu_indexmenu->_indexmenu()
  #4 /dokuwiki/inc/parser/renderer.php(119): syntax_plugin_indexmenu_indexmenu->render()
  #5 /dokuwiki/inc/parserutils.php(700): Doku_Renderer->plugin()
  #6 /dokuwiki/inc/parserutils.php(158): p_render()
  #7 /dokuwiki/inc/parserutils.php(96): p_cached_output()
  #8 /dokuwiki/inc/template.php(1592): p_wiki_xhtml()
  #9 /dokuwiki/lib/tpl/mindthedark/main.php(81): tpl_include_page()
  #10 /dokuwiki/inc/actions.php(27): include('...')
  #11 /dokuwiki/doku.php(126): act_dispatch()
  #12 {main}
2023-04-17 17:58:01	/dokuwiki/lib/plugins/indexmenu/syntax/indexmenu.php(528)	E_WARNING: Trying to access array offset on value of type null
  #0 /dokuwiki/lib/plugins/indexmenu/syntax/indexmenu.php(528): dokuwiki\ErrorHandler::errorHandler()
  #1 /dokuwiki/lib/plugins/indexmenu/syntax/indexmenu.php(479): syntax_plugin_indexmenu_indexmenu->_jsnodes()
  #2 /dokuwiki/lib/plugins/indexmenu/syntax/indexmenu.php(414): syntax_plugin_indexmenu_indexmenu->_jstree()
  #3 /dokuwiki/lib/plugins/indexmenu/syntax/indexmenu.php(357): syntax_plugin_indexmenu_indexmenu->_indexmenu()
  #4 /dokuwiki/inc/parser/renderer.php(119): syntax_plugin_indexmenu_indexmenu->render()
  #5 /dokuwiki/inc/parserutils.php(700): Doku_Renderer->plugin()
  #6 /dokuwiki/inc/parserutils.php(158): p_render()
  #7 /dokuwiki/inc/parserutils.php(96): p_cached_output()
  #8 /dokuwiki/inc/template.php(1592): p_wiki_xhtml()
  #9 /dokuwiki/lib/tpl/mindthedark/main.php(81): tpl_include_page()
  #10 /dokuwiki/inc/actions.php(27): include('...')
  #11 /dokuwiki/doku.php(126): act_dispatch()
  #12 {main}
2023-04-17 17:58:01	/dokuwiki/lib/plugins/indexmenu/syntax/indexmenu.php(528)	E_WARNING: Undefined array key -1
  #0 /dokuwiki/lib/plugins/indexmenu/syntax/indexmenu.php(528): dokuwiki\ErrorHandler::errorHandler()
  #1 /dokuwiki/lib/plugins/indexmenu/syntax/indexmenu.php(479): syntax_plugin_indexmenu_indexmenu->_jsnodes()
  #2 /dokuwiki/lib/plugins/indexmenu/syntax/indexmenu.php(414): syntax_plugin_indexmenu_indexmenu->_jstree()
  #3 /dokuwiki/lib/plugins/indexmenu/syntax/indexmenu.php(357): syntax_plugin_indexmenu_indexmenu->_indexmenu()
  #4 /dokuwiki/inc/parser/renderer.php(119): syntax_plugin_indexmenu_indexmenu->render()
  #5 /dokuwiki/inc/parserutils.php(700): Doku_Renderer->plugin()
  #6 /dokuwiki/inc/parserutils.php(158): p_render()
  #7 /dokuwiki/inc/parserutils.php(96): p_cached_output()
  #8 /dokuwiki/inc/template.php(1592): p_wiki_xhtml()
  #9 /dokuwiki/lib/tpl/mindthedark/main.php(81): tpl_include_page()
  #10 /dokuwiki/inc/actions.php(27): include('...')
  #11 /dokuwiki/doku.php(126): act_dispatch()
  #12 {main}
2023-04-17 17:58:01	/dokuwiki/lib/plugins/indexmenu/syntax/indexmenu.php(528)	E_WARNING: Trying to access array offset on value of type null
  #0 /dokuwiki/lib/plugins/indexmenu/syntax/indexmenu.php(528): dokuwiki\ErrorHandler::errorHandler()
  #1 /dokuwiki/lib/plugins/indexmenu/syntax/indexmenu.php(479): syntax_plugin_indexmenu_indexmenu->_jsnodes()
  #2 /dokuwiki/lib/plugins/indexmenu/syntax/indexmenu.php(414): syntax_plugin_indexmenu_indexmenu->_jstree()
  #3 /dokuwiki/lib/plugins/indexmenu/syntax/indexmenu.php(357): syntax_plugin_indexmenu_indexmenu->_indexmenu()
  #4 /dokuwiki/inc/parser/renderer.php(119): syntax_plugin_indexmenu_indexmenu->render()
  #5 /dokuwiki/inc/parserutils.php(700): Doku_Renderer->plugin()
  #6 /dokuwiki/inc/parserutils.php(158): p_render()
  #7 /dokuwiki/inc/parserutils.php(96): p_cached_output()
  #8 /dokuwiki/inc/template.php(1592): p_wiki_xhtml()
  #9 /dokuwiki/lib/tpl/mindthedark/main.php(81): tpl_include_page()
  #10 /dokuwiki/inc/actions.php(27): include('...')
  #11 /dokuwiki/doku.php(126): act_dispatch()
  #12 {main}
2023-04-17 17:58:01	/dokuwiki/lib/plugins/indexmenu/syntax/indexmenu.php(528)	E_WARNING: Undefined array key -1
  #0 /dokuwiki/lib/plugins/indexmenu/syntax/indexmenu.php(528): dokuwiki\ErrorHandler::errorHandler()
  #1 /dokuwiki/lib/plugins/indexmenu/syntax/indexmenu.php(479): syntax_plugin_indexmenu_indexmenu->_jsnodes()
  #2 /dokuwiki/lib/plugins/indexmenu/syntax/indexmenu.php(414): syntax_plugin_indexmenu_indexmenu->_jstree()
  #3 /dokuwiki/lib/plugins/indexmenu/syntax/indexmenu.php(357): syntax_plugin_indexmenu_indexmenu->_indexmenu()
  #4 /dokuwiki/inc/parser/renderer.php(119): syntax_plugin_indexmenu_indexmenu->render()
  #5 /dokuwiki/inc/parserutils.php(700): Doku_Renderer->plugin()
  #6 /dokuwiki/inc/parserutils.php(158): p_render()
  #7 /dokuwiki/inc/parserutils.php(96): p_cached_output()
  #8 /dokuwiki/inc/template.php(1592): p_wiki_xhtml()
  #9 /dokuwiki/lib/tpl/mindthedark/main.php(81): tpl_include_page()
  #10 /dokuwiki/inc/actions.php(27): include('...')
  #11 /dokuwiki/doku.php(126): act_dispatch()
  #12 {main}
2023-04-17 17:58:01	/dokuwiki/lib/plugins/indexmenu/syntax/indexmenu.php(528)	E_WARNING: Trying to access array offset on value of type null
  #0 /dokuwiki/lib/plugins/indexmenu/syntax/indexmenu.php(528): dokuwiki\ErrorHandler::errorHandler()
  #1 /dokuwiki/lib/plugins/indexmenu/syntax/indexmenu.php(479): syntax_plugin_indexmenu_indexmenu->_jsnodes()
  #2 /dokuwiki/lib/plugins/indexmenu/syntax/indexmenu.php(414): syntax_plugin_indexmenu_indexmenu->_jstree()
  #3 /dokuwiki/lib/plugins/indexmenu/syntax/indexmenu.php(357): syntax_plugin_indexmenu_indexmenu->_indexmenu()
  #4 /dokuwiki/inc/parser/renderer.php(119): syntax_plugin_indexmenu_indexmenu->render()
  #5 /dokuwiki/inc/parserutils.php(700): Doku_Renderer->plugin()
  #6 /dokuwiki/inc/parserutils.php(158): p_render()
  #7 /dokuwiki/inc/parserutils.php(96): p_cached_output()
  #8 /dokuwiki/inc/template.php(1592): p_wiki_xhtml()
  #9 /dokuwiki/lib/tpl/mindthedark/main.php(81): tpl_include_page()
  #10 /dokuwiki/inc/actions.php(27): include('...')
  #11 /dokuwiki/doku.php(126): act_dispatch()
  #12 {main}
2023-04-17 17:58:01	/dokuwiki/lib/plugins/indexmenu/syntax/indexmenu.php(528)	E_WARNING: Undefined array key -1
  #0 /dokuwiki/lib/plugins/indexmenu/syntax/indexmenu.php(528): dokuwiki\ErrorHandler::errorHandler()
  #1 /dokuwiki/lib/plugins/indexmenu/syntax/indexmenu.php(479): syntax_plugin_indexmenu_indexmenu->_jsnodes()
  #2 /dokuwiki/lib/plugins/indexmenu/syntax/indexmenu.php(414): syntax_plugin_indexmenu_indexmenu->_jstree()
  #3 /dokuwiki/lib/plugins/indexmenu/syntax/indexmenu.php(357): syntax_plugin_indexmenu_indexmenu->_indexmenu()
  #4 /dokuwiki/inc/parser/renderer.php(119): syntax_plugin_indexmenu_indexmenu->render()
  #5 /dokuwiki/inc/parserutils.php(700): Doku_Renderer->plugin()
  #6 /dokuwiki/inc/parserutils.php(158): p_render()
  #7 /dokuwiki/inc/parserutils.php(96): p_cached_output()
  #8 /dokuwiki/inc/template.php(1592): p_wiki_xhtml()
  #9 /dokuwiki/lib/tpl/mindthedark/main.php(81): tpl_include_page()
  #10 /dokuwiki/inc/actions.php(27): include('...')
  #11 /dokuwiki/doku.php(126): act_dispatch()
  #12 {main}
2023-04-17 17:58:01	/dokuwiki/lib/plugins/indexmenu/syntax/indexmenu.php(528)	E_WARNING: Trying to access array offset on value of type null
  #0 /dokuwiki/lib/plugins/indexmenu/syntax/indexmenu.php(528): dokuwiki\ErrorHandler::errorHandler()
  #1 /dokuwiki/lib/plugins/indexmenu/syntax/indexmenu.php(479): syntax_plugin_indexmenu_indexmenu->_jsnodes()
  #2 /dokuwiki/lib/plugins/indexmenu/syntax/indexmenu.php(414): syntax_plugin_indexmenu_indexmenu->_jstree()
  #3 /dokuwiki/lib/plugins/indexmenu/syntax/indexmenu.php(357): syntax_plugin_indexmenu_indexmenu->_indexmenu()
  #4 /dokuwiki/inc/parser/renderer.php(119): syntax_plugin_indexmenu_indexmenu->render()
  #5 /dokuwiki/inc/parserutils.php(700): Doku_Renderer->plugin()
  #6 /dokuwiki/inc/parserutils.php(158): p_render()
  #7 /dokuwiki/inc/parserutils.php(96): p_cached_output()
  #8 /dokuwiki/inc/template.php(1592): p_wiki_xhtml()
  #9 /dokuwiki/lib/tpl/mindthedark/main.php(81): tpl_include_page()
  #10 /dokuwiki/inc/actions.php(27): include('...')
  #11 /dokuwiki/doku.php(126): act_dispatch()
  #12 {main}
2023-04-17 17:58:01	/dokuwiki/lib/plugins/indexmenu/syntax/indexmenu.php(528)	E_WARNING: Undefined array key -1
  #0 /dokuwiki/lib/plugins/indexmenu/syntax/indexmenu.php(528): dokuwiki\ErrorHandler::errorHandler()
  #1 /dokuwiki/lib/plugins/indexmenu/syntax/indexmenu.php(479): syntax_plugin_indexmenu_indexmenu->_jsnodes()
  #2 /dokuwiki/lib/plugins/indexmenu/syntax/indexmenu.php(414): syntax_plugin_indexmenu_indexmenu->_jstree()
  #3 /dokuwiki/lib/plugins/indexmenu/syntax/indexmenu.php(357): syntax_plugin_indexmenu_indexmenu->_indexmenu()
  #4 /dokuwiki/inc/parser/renderer.php(119): syntax_plugin_indexmenu_indexmenu->render()
  #5 /dokuwiki/inc/parserutils.php(700): Doku_Renderer->plugin()
  #6 /dokuwiki/inc/parserutils.php(158): p_render()
  #7 /dokuwiki/inc/parserutils.php(96): p_cached_output()
  #8 /dokuwiki/inc/template.php(1592): p_wiki_xhtml()
  #9 /dokuwiki/lib/tpl/mindthedark/main.php(81): tpl_include_page()
  #10 /dokuwiki/inc/actions.php(27): include('...')
  #11 /dokuwiki/doku.php(126): act_dispatch()
  #12 {main}
2023-04-17 17:58:01	/dokuwiki/lib/plugins/indexmenu/syntax/indexmenu.php(528)	E_WARNING: Trying to access array offset on value of type null
  #0 /dokuwiki/lib/plugins/indexmenu/syntax/indexmenu.php(528): dokuwiki\ErrorHandler::errorHandler()
  #1 /dokuwiki/lib/plugins/indexmenu/syntax/indexmenu.php(479): syntax_plugin_indexmenu_indexmenu->_jsnodes()
  #2 /dokuwiki/lib/plugins/indexmenu/syntax/indexmenu.php(414): syntax_plugin_indexmenu_indexmenu->_jstree()
  #3 /dokuwiki/lib/plugins/indexmenu/syntax/indexmenu.php(357): syntax_plugin_indexmenu_indexmenu->_indexmenu()
  #4 /dokuwiki/inc/parser/renderer.php(119): syntax_plugin_indexmenu_indexmenu->render()
  #5 /dokuwiki/inc/parserutils.php(700): Doku_Renderer->plugin()
  #6 /dokuwiki/inc/parserutils.php(158): p_render()
  #7 /dokuwiki/inc/parserutils.php(96): p_cached_output()
  #8 /dokuwiki/inc/template.php(1592): p_wiki_xhtml()
  #9 /dokuwiki/lib/tpl/mindthedark/main.php(81): tpl_include_page()
  #10 /dokuwiki/inc/actions.php(27): include('...')
  #11 /dokuwiki/doku.php(126): act_dispatch()
  #12 {main}
2023-04-17 17:58:01	/dokuwiki/lib/plugins/indexmenu/syntax/indexmenu.php(528)	E_WARNING: Undefined array key -1
  #0 /dokuwiki/lib/plugins/indexmenu/syntax/indexmenu.php(528): dokuwiki\ErrorHandler::errorHandler()
  #1 /dokuwiki/lib/plugins/indexmenu/syntax/indexmenu.php(479): syntax_plugin_indexmenu_indexmenu->_jsnodes()
  #2 /dokuwiki/lib/plugins/indexmenu/syntax/indexmenu.php(414): syntax_plugin_indexmenu_indexmenu->_jstree()
  #3 /dokuwiki/lib/plugins/indexmenu/syntax/indexmenu.php(357): syntax_plugin_indexmenu_indexmenu->_indexmenu()
  #4 /dokuwiki/inc/parser/renderer.php(119): syntax_plugin_indexmenu_indexmenu->render()
  #5 /dokuwiki/inc/parserutils.php(700): Doku_Renderer->plugin()
  #6 /dokuwiki/inc/parserutils.php(158): p_render()
  #7 /dokuwiki/inc/parserutils.php(96): p_cached_output()
  #8 /dokuwiki/inc/template.php(1592): p_wiki_xhtml()
  #9 /dokuwiki/lib/tpl/mindthedark/main.php(81): tpl_include_page()
  #10 /dokuwiki/inc/actions.php(27): include('...')
  #11 /dokuwiki/doku.php(126): act_dispatch()
  #12 {main}
2023-04-17 17:58:01	/dokuwiki/lib/plugins/indexmenu/syntax/indexmenu.php(528)	E_WARNING: Trying to access array offset on value of type null
  #0 /dokuwiki/lib/plugins/indexmenu/syntax/indexmenu.php(528): dokuwiki\ErrorHandler::errorHandler()
  #1 /dokuwiki/lib/plugins/indexmenu/syntax/indexmenu.php(479): syntax_plugin_indexmenu_indexmenu->_jsnodes()
  #2 /dokuwiki/lib/plugins/indexmenu/syntax/indexmenu.php(414): syntax_plugin_indexmenu_indexmenu->_jstree()
  #3 /dokuwiki/lib/plugins/indexmenu/syntax/indexmenu.php(357): syntax_plugin_indexmenu_indexmenu->_indexmenu()
  #4 /dokuwiki/inc/parser/renderer.php(119): syntax_plugin_indexmenu_indexmenu->render()
  #5 /dokuwiki/inc/parserutils.php(700): Doku_Renderer->plugin()
  #6 /dokuwiki/inc/parserutils.php(158): p_render()
  #7 /dokuwiki/inc/parserutils.php(96): p_cached_output()
  #8 /dokuwiki/inc/template.php(1592): p_wiki_xhtml()
  #9 /dokuwiki/lib/tpl/mindthedark/main.php(81): tpl_include_page()
  #10 /dokuwiki/inc/actions.php(27): include('...')
  #11 /dokuwiki/doku.php(126): act_dispatch()
  #12 {main}
2023-04-17 18:26:36	/dokuwiki/lib/plugins/indexmenu/syntax/indexmenu.php(528)	E_WARNING: Undefined array key -1
  #0 /dokuwiki/lib/plugins/indexmenu/syntax/indexmenu.php(528): dokuwiki\ErrorHandler::errorHandler()
  #1 /dokuwiki/lib/plugins/indexmenu/syntax/indexmenu.php(479): syntax_plugin_indexmenu_indexmenu->_jsnodes()
  #2 /dokuwiki/lib/plugins/indexmenu/syntax/indexmenu.php(414): syntax_plugin_indexmenu_indexmenu->_jstree()
  #3 /dokuwiki/lib/plugins/indexmenu/syntax/indexmenu.php(357): syntax_plugin_indexmenu_indexmenu->_indexmenu()
  #4 /dokuwiki/inc/parser/renderer.php(119): syntax_plugin_indexmenu_indexmenu->render()
  #5 /dokuwiki/inc/parserutils.php(700): Doku_Renderer->plugin()
  #6 /dokuwiki/inc/parserutils.php(158): p_render()
  #7 /dokuwiki/inc/parserutils.php(96): p_cached_output()
  #8 /dokuwiki/inc/template.php(1592): p_wiki_xhtml()
  #9 /dokuwiki/lib/tpl/mindthedark/main.php(81): tpl_include_page()
  #10 /dokuwiki/inc/actions.php(27): include('...')
  #11 /dokuwiki/doku.php(126): act_dispatch()
  #12 {main}
2023-04-17 18:26:36	/dokuwiki/lib/plugins/indexmenu/syntax/indexmenu.php(528)	E_WARNING: Trying to access array offset on value of type null
  #0 /dokuwiki/lib/plugins/indexmenu/syntax/indexmenu.php(528): dokuwiki\ErrorHandler::errorHandler()
  #1 /dokuwiki/lib/plugins/indexmenu/syntax/indexmenu.php(479): syntax_plugin_indexmenu_indexmenu->_jsnodes()
  #2 /dokuwiki/lib/plugins/indexmenu/syntax/indexmenu.php(414): syntax_plugin_indexmenu_indexmenu->_jstree()
  #3 /dokuwiki/lib/plugins/indexmenu/syntax/indexmenu.php(357): syntax_plugin_indexmenu_indexmenu->_indexmenu()
  #4 /dokuwiki/inc/parser/renderer.php(119): syntax_plugin_indexmenu_indexmenu->render()
  #5 /dokuwiki/inc/parserutils.php(700): Doku_Renderer->plugin()
  #6 /dokuwiki/inc/parserutils.php(158): p_render()
  #7 /dokuwiki/inc/parserutils.php(96): p_cached_output()
  #8 /dokuwiki/inc/template.php(1592): p_wiki_xhtml()
  #9 /dokuwiki/lib/tpl/mindthedark/main.php(81): tpl_include_page()
  #10 /dokuwiki/inc/actions.php(27): include('...')
  #11 /dokuwiki/doku.php(126): act_dispatch()
  #12 {main}
2023-04-17 18:26:36	/dokuwiki/lib/plugins/indexmenu/syntax/indexmenu.php(528)	E_WARNING: Undefined array key -1
  #0 /dokuwiki/lib/plugins/indexmenu/syntax/indexmenu.php(528): dokuwiki\ErrorHandler::errorHandler()
  #1 /dokuwiki/lib/plugins/indexmenu/syntax/indexmenu.php(479): syntax_plugin_indexmenu_indexmenu->_jsnodes()
  #2 /dokuwiki/lib/plugins/indexmenu/syntax/indexmenu.php(414): syntax_plugin_indexmenu_indexmenu->_jstree()
  #3 /dokuwiki/lib/plugins/indexmenu/syntax/indexmenu.php(357): syntax_plugin_indexmenu_indexmenu->_indexmenu()
  #4 /dokuwiki/inc/parser/renderer.php(119): syntax_plugin_indexmenu_indexmenu->render()
  #5 /dokuwiki/inc/parserutils.php(700): Doku_Renderer->plugin()
  #6 /dokuwiki/inc/parserutils.php(158): p_render()
  #7 /dokuwiki/inc/parserutils.php(96): p_cached_output()
  #8 /dokuwiki/inc/template.php(1592): p_wiki_xhtml()
  #9 /dokuwiki/lib/tpl/mindthedark/main.php(81): tpl_include_page()
  #10 /dokuwiki/inc/actions.php(27): include('...')
  #11 /dokuwiki/doku.php(126): act_dispatch()
  #12 {main}
2023-04-17 18:26:36	/dokuwiki/lib/plugins/indexmenu/syntax/indexmenu.php(528)	E_WARNING: Trying to access array offset on value of type null
  #0 /dokuwiki/lib/plugins/indexmenu/syntax/indexmenu.php(528): dokuwiki\ErrorHandler::errorHandler()
  #1 /dokuwiki/lib/plugins/indexmenu/syntax/indexmenu.php(479): syntax_plugin_indexmenu_indexmenu->_jsnodes()
  #2 /dokuwiki/lib/plugins/indexmenu/syntax/indexmenu.php(414): syntax_plugin_indexmenu_indexmenu->_jstree()
  #3 /dokuwiki/lib/plugins/indexmenu/syntax/indexmenu.php(357): syntax_plugin_indexmenu_indexmenu->_indexmenu()
  #4 /dokuwiki/inc/parser/renderer.php(119): syntax_plugin_indexmenu_indexmenu->render()
  #5 /dokuwiki/inc/parserutils.php(700): Doku_Renderer->plugin()
  #6 /dokuwiki/inc/parserutils.php(158): p_render()
  #7 /dokuwiki/inc/parserutils.php(96): p_cached_output()
  #8 /dokuwiki/inc/template.php(1592): p_wiki_xhtml()
  #9 /dokuwiki/lib/tpl/mindthedark/main.php(81): tpl_include_page()
  #10 /dokuwiki/inc/actions.php(27): include('...')
  #11 /dokuwiki/doku.php(126): act_dispatch()
  #12 {main}
2023-04-17 18:26:36	/dokuwiki/lib/plugins/indexmenu/syntax/indexmenu.php(528)	E_WARNING: Undefined array key -1
  #0 /dokuwiki/lib/plugins/indexmenu/syntax/indexmenu.php(528): dokuwiki\ErrorHandler::errorHandler()
  #1 /dokuwiki/lib/plugins/indexmenu/syntax/indexmenu.php(479): syntax_plugin_indexmenu_indexmenu->_jsnodes()
  #2 /dokuwiki/lib/plugins/indexmenu/syntax/indexmenu.php(414): syntax_plugin_indexmenu_indexmenu->_jstree()
  #3 /dokuwiki/lib/plugins/indexmenu/syntax/indexmenu.php(357): syntax_plugin_indexmenu_indexmenu->_indexmenu()
  #4 /dokuwiki/inc/parser/renderer.php(119): syntax_plugin_indexmenu_indexmenu->render()
  #5 /dokuwiki/inc/parserutils.php(700): Doku_Renderer->plugin()
  #6 /dokuwiki/inc/parserutils.php(158): p_render()
  #7 /dokuwiki/inc/parserutils.php(96): p_cached_output()
  #8 /dokuwiki/inc/template.php(1592): p_wiki_xhtml()
  #9 /dokuwiki/lib/tpl/mindthedark/main.php(81): tpl_include_page()
  #10 /dokuwiki/inc/actions.php(27): include('...')
  #11 /dokuwiki/doku.php(126): act_dispatch()
  #12 {main}
2023-04-17 18:26:36	/dokuwiki/lib/plugins/indexmenu/syntax/indexmenu.php(528)	E_WARNING: Trying to access array offset on value of type null
  #0 /dokuwiki/lib/plugins/indexmenu/syntax/indexmenu.php(528): dokuwiki\ErrorHandler::errorHandler()
  #1 /dokuwiki/lib/plugins/indexmenu/syntax/indexmenu.php(479): syntax_plugin_indexmenu_indexmenu->_jsnodes()
  #2 /dokuwiki/lib/plugins/indexmenu/syntax/indexmenu.php(414): syntax_plugin_indexmenu_indexmenu->_jstree()
  #3 /dokuwiki/lib/plugins/indexmenu/syntax/indexmenu.php(357): syntax_plugin_indexmenu_indexmenu->_indexmenu()
  #4 /dokuwiki/inc/parser/renderer.php(119): syntax_plugin_indexmenu_indexmenu->render()
  #5 /dokuwiki/inc/parserutils.php(700): Doku_Renderer->plugin()
  #6 /dokuwiki/inc/parserutils.php(158): p_render()
  #7 /dokuwiki/inc/parserutils.php(96): p_cached_output()
  #8 /dokuwiki/inc/template.php(1592): p_wiki_xhtml()
  #9 /dokuwiki/lib/tpl/mindthedark/main.php(81): tpl_include_page()
  #10 /dokuwiki/inc/actions.php(27): include('...')
  #11 /dokuwiki/doku.php(126): act_dispatch()
  #12 {main}
2023-04-17 18:26:36	/dokuwiki/lib/plugins/indexmenu/syntax/indexmenu.php(528)	E_WARNING: Undefined array key -1
  #0 /dokuwiki/lib/plugins/indexmenu/syntax/indexmenu.php(528): dokuwiki\ErrorHandler::errorHandler()
  #1 /dokuwiki/lib/plugins/indexmenu/syntax/indexmenu.php(479): syntax_plugin_indexmenu_indexmenu->_jsnodes()
  #2 /dokuwiki/lib/plugins/indexmenu/syntax/indexmenu.php(414): syntax_plugin_indexmenu_indexmenu->_jstree()
  #3 /dokuwiki/lib/plugins/indexmenu/syntax/indexmenu.php(357): syntax_plugin_indexmenu_indexmenu->_indexmenu()
  #4 /dokuwiki/inc/parser/renderer.php(119): syntax_plugin_indexmenu_indexmenu->render()
  #5 /dokuwiki/inc/parserutils.php(700): Doku_Renderer->plugin()
  #6 /dokuwiki/inc/parserutils.php(158): p_render()
  #7 /dokuwiki/inc/parserutils.php(96): p_cached_output()
  #8 /dokuwiki/inc/template.php(1592): p_wiki_xhtml()
  #9 /dokuwiki/lib/tpl/mindthedark/main.php(81): tpl_include_page()
  #10 /dokuwiki/inc/actions.php(27): include('...')
  #11 /dokuwiki/doku.php(126): act_dispatch()
  #12 {main}
2023-04-17 18:26:36	/dokuwiki/lib/plugins/indexmenu/syntax/indexmenu.php(528)	E_WARNING: Trying to access array offset on value of type null
  #0 /dokuwiki/lib/plugins/indexmenu/syntax/indexmenu.php(528): dokuwiki\ErrorHandler::errorHandler()
  #1 /dokuwiki/lib/plugins/indexmenu/syntax/indexmenu.php(479): syntax_plugin_indexmenu_indexmenu->_jsnodes()
  #2 /dokuwiki/lib/plugins/indexmenu/syntax/indexmenu.php(414): syntax_plugin_indexmenu_indexmenu->_jstree()
  #3 /dokuwiki/lib/plugins/indexmenu/syntax/indexmenu.php(357): syntax_plugin_indexmenu_indexmenu->_indexmenu()
  #4 /dokuwiki/inc/parser/renderer.php(119): syntax_plugin_indexmenu_indexmenu->render()
  #5 /dokuwiki/inc/parserutils.php(700): Doku_Renderer->plugin()
  #6 /dokuwiki/inc/parserutils.php(158): p_render()
  #7 /dokuwiki/inc/parserutils.php(96): p_cached_output()
  #8 /dokuwiki/inc/template.php(1592): p_wiki_xhtml()
  #9 /dokuwiki/lib/tpl/mindthedark/main.php(81): tpl_include_page()
  #10 /dokuwiki/inc/actions.php(27): include('...')
  #11 /dokuwiki/doku.php(126): act_dispatch()
  #12 {main}
2023-04-17 18:26:36	/dokuwiki/lib/plugins/indexmenu/syntax/indexmenu.php(528)	E_WARNING: Undefined array key -1
  #0 /dokuwiki/lib/plugins/indexmenu/syntax/indexmenu.php(528): dokuwiki\ErrorHandler::errorHandler()
  #1 /dokuwiki/lib/plugins/indexmenu/syntax/indexmenu.php(479): syntax_plugin_indexmenu_indexmenu->_jsnodes()
  #2 /dokuwiki/lib/plugins/indexmenu/syntax/indexmenu.php(414): syntax_plugin_indexmenu_indexmenu->_jstree()
  #3 /dokuwiki/lib/plugins/indexmenu/syntax/indexmenu.php(357): syntax_plugin_indexmenu_indexmenu->_indexmenu()
  #4 /dokuwiki/inc/parser/renderer.php(119): syntax_plugin_indexmenu_indexmenu->render()
  #5 /dokuwiki/inc/parserutils.php(700): Doku_Renderer->plugin()
  #6 /dokuwiki/inc/parserutils.php(158): p_render()
  #7 /dokuwiki/inc/parserutils.php(96): p_cached_output()
  #8 /dokuwiki/inc/template.php(1592): p_wiki_xhtml()
  #9 /dokuwiki/lib/tpl/mindthedark/main.php(81): tpl_include_page()
  #10 /dokuwiki/inc/actions.php(27): include('...')
  #11 /dokuwiki/doku.php(126): act_dispatch()
  #12 {main}
2023-04-17 18:26:36	/dokuwiki/lib/plugins/indexmenu/syntax/indexmenu.php(528)	E_WARNING: Trying to access array offset on value of type null
  #0 /dokuwiki/lib/plugins/indexmenu/syntax/indexmenu.php(528): dokuwiki\ErrorHandler::errorHandler()
  #1 /dokuwiki/lib/plugins/indexmenu/syntax/indexmenu.php(479): syntax_plugin_indexmenu_indexmenu->_jsnodes()
  #2 /dokuwiki/lib/plugins/indexmenu/syntax/indexmenu.php(414): syntax_plugin_indexmenu_indexmenu->_jstree()
  #3 /dokuwiki/lib/plugins/indexmenu/syntax/indexmenu.php(357): syntax_plugin_indexmenu_indexmenu->_indexmenu()
  #4 /dokuwiki/inc/parser/renderer.php(119): syntax_plugin_indexmenu_indexmenu->render()
  #5 /dokuwiki/inc/parserutils.php(700): Doku_Renderer->plugin()
  #6 /dokuwiki/inc/parserutils.php(158): p_render()
  #7 /dokuwiki/inc/parserutils.php(96): p_cached_output()
  #8 /dokuwiki/inc/template.php(1592): p_wiki_xhtml()
  #9 /dokuwiki/lib/tpl/mindthedark/main.php(81): tpl_include_page()
  #10 /dokuwiki/inc/actions.php(27): include('...')
  #11 /dokuwiki/doku.php(126): act_dispatch()
  #12 {main}
2023-04-17 18:26:36	/dokuwiki/lib/plugins/indexmenu/syntax/indexmenu.php(528)	E_WARNING: Undefined array key -1
  #0 /dokuwiki/lib/plugins/indexmenu/syntax/indexmenu.php(528): dokuwiki\ErrorHandler::errorHandler()
  #1 /dokuwiki/lib/plugins/indexmenu/syntax/indexmenu.php(479): syntax_plugin_indexmenu_indexmenu->_jsnodes()
  #2 /dokuwiki/lib/plugins/indexmenu/syntax/indexmenu.php(414): syntax_plugin_indexmenu_indexmenu->_jstree()
  #3 /dokuwiki/lib/plugins/indexmenu/syntax/indexmenu.php(357): syntax_plugin_indexmenu_indexmenu->_indexmenu()
  #4 /dokuwiki/inc/parser/renderer.php(119): syntax_plugin_indexmenu_indexmenu->render()
  #5 /dokuwiki/inc/parserutils.php(700): Doku_Renderer->plugin()
  #6 /dokuwiki/inc/parserutils.php(158): p_render()
  #7 /dokuwiki/inc/parserutils.php(96): p_cached_output()
  #8 /dokuwiki/inc/template.php(1592): p_wiki_xhtml()
  #9 /dokuwiki/lib/tpl/mindthedark/main.php(81): tpl_include_page()
  #10 /dokuwiki/inc/actions.php(27): include('...')
  #11 /dokuwiki/doku.php(126): act_dispatch()
  #12 {main}
2023-04-17 18:26:36	/dokuwiki/lib/plugins/indexmenu/syntax/indexmenu.php(528)	E_WARNING: Trying to access array offset on value of type null
  #0 /dokuwiki/lib/plugins/indexmenu/syntax/indexmenu.php(528): dokuwiki\ErrorHandler::errorHandler()
  #1 /dokuwiki/lib/plugins/indexmenu/syntax/indexmenu.php(479): syntax_plugin_indexmenu_indexmenu->_jsnodes()
  #2 /dokuwiki/lib/plugins/indexmenu/syntax/indexmenu.php(414): syntax_plugin_indexmenu_indexmenu->_jstree()
  #3 /dokuwiki/lib/plugins/indexmenu/syntax/indexmenu.php(357): syntax_plugin_indexmenu_indexmenu->_indexmenu()
  #4 /dokuwiki/inc/parser/renderer.php(119): syntax_plugin_indexmenu_indexmenu->render()
  #5 /dokuwiki/inc/parserutils.php(700): Doku_Renderer->plugin()
  #6 /dokuwiki/inc/parserutils.php(158): p_render()
  #7 /dokuwiki/inc/parserutils.php(96): p_cached_output()
  #8 /dokuwiki/inc/template.php(1592): p_wiki_xhtml()
  #9 /dokuwiki/lib/tpl/mindthedark/main.php(81): tpl_include_page()
  #10 /dokuwiki/inc/actions.php(27): include('...')
  #11 /dokuwiki/doku.php(126): act_dispatch()
  #12 {main}
2023-04-17 18:26:36	/dokuwiki/lib/plugins/indexmenu/syntax/indexmenu.php(528)	E_WARNING: Undefined array key -1
  #0 /dokuwiki/lib/plugins/indexmenu/syntax/indexmenu.php(528): dokuwiki\ErrorHandler::errorHandler()
  #1 /dokuwiki/lib/plugins/indexmenu/syntax/indexmenu.php(479): syntax_plugin_indexmenu_indexmenu->_jsnodes()
  #2 /dokuwiki/lib/plugins/indexmenu/syntax/indexmenu.php(414): syntax_plugin_indexmenu_indexmenu->_jstree()
  #3 /dokuwiki/lib/plugins/indexmenu/syntax/indexmenu.php(357): syntax_plugin_indexmenu_indexmenu->_indexmenu()
  #4 /dokuwiki/inc/parser/renderer.php(119): syntax_plugin_indexmenu_indexmenu->render()
  #5 /dokuwiki/inc/parserutils.php(700): Doku_Renderer->plugin()
  #6 /dokuwiki/inc/parserutils.php(158): p_render()
  #7 /dokuwiki/inc/parserutils.php(96): p_cached_output()
  #8 /dokuwiki/inc/template.php(1592): p_wiki_xhtml()
  #9 /dokuwiki/lib/tpl/mindthedark/main.php(81): tpl_include_page()
  #10 /dokuwiki/inc/actions.php(27): include('...')
  #11 /dokuwiki/doku.php(126): act_dispatch()
  #12 {main}
2023-04-17 18:26:36	/dokuwiki/lib/plugins/indexmenu/syntax/indexmenu.php(528)	E_WARNING: Trying to access array offset on value of type null
  #0 /dokuwiki/lib/plugins/indexmenu/syntax/indexmenu.php(528): dokuwiki\ErrorHandler::errorHandler()
  #1 /dokuwiki/lib/plugins/indexmenu/syntax/indexmenu.php(479): syntax_plugin_indexmenu_indexmenu->_jsnodes()
  #2 /dokuwiki/lib/plugins/indexmenu/syntax/indexmenu.php(414): syntax_plugin_indexmenu_indexmenu->_jstree()
  #3 /dokuwiki/lib/plugins/indexmenu/syntax/indexmenu.php(357): syntax_plugin_indexmenu_indexmenu->_indexmenu()
  #4 /dokuwiki/inc/parser/renderer.php(119): syntax_plugin_indexmenu_indexmenu->render()
  #5 /dokuwiki/inc/parserutils.php(700): Doku_Renderer->plugin()
  #6 /dokuwiki/inc/parserutils.php(158): p_render()
  #7 /dokuwiki/inc/parserutils.php(96): p_cached_output()
  #8 /dokuwiki/inc/template.php(1592): p_wiki_xhtml()
  #9 /dokuwiki/lib/tpl/mindthedark/main.php(81): tpl_include_page()
  #10 /dokuwiki/inc/actions.php(27): include('...')
  #11 /dokuwiki/doku.php(126): act_dispatch()
  #12 {main}
2023-04-17 18:26:36	/dokuwiki/lib/plugins/indexmenu/syntax/indexmenu.php(528)	E_WARNING: Undefined array key -1
  #0 /dokuwiki/lib/plugins/indexmenu/syntax/indexmenu.php(528): dokuwiki\ErrorHandler::errorHandler()
  #1 /dokuwiki/lib/plugins/indexmenu/syntax/indexmenu.php(479): syntax_plugin_indexmenu_indexmenu->_jsnodes()
  #2 /dokuwiki/lib/plugins/indexmenu/syntax/indexmenu.php(414): syntax_plugin_indexmenu_indexmenu->_jstree()
  #3 /dokuwiki/lib/plugins/indexmenu/syntax/indexmenu.php(357): syntax_plugin_indexmenu_indexmenu->_indexmenu()
  #4 /dokuwiki/inc/parser/renderer.php(119): syntax_plugin_indexmenu_indexmenu->render()
  #5 /dokuwiki/inc/parserutils.php(700): Doku_Renderer->plugin()
  #6 /dokuwiki/inc/parserutils.php(158): p_render()
  #7 /dokuwiki/inc/parserutils.php(96): p_cached_output()
  #8 /dokuwiki/inc/template.php(1592): p_wiki_xhtml()
  #9 /dokuwiki/lib/tpl/mindthedark/main.php(81): tpl_include_page()
  #10 /dokuwiki/inc/actions.php(27): include('...')
  #11 /dokuwiki/doku.php(126): act_dispatch()
  #12 {main}
2023-04-17 18:26:36	/dokuwiki/lib/plugins/indexmenu/syntax/indexmenu.php(528)	E_WARNING: Trying to access array offset on value of type null
  #0 /dokuwiki/lib/plugins/indexmenu/syntax/indexmenu.php(528): dokuwiki\ErrorHandler::errorHandler()
  #1 /dokuwiki/lib/plugins/indexmenu/syntax/indexmenu.php(479): syntax_plugin_indexmenu_indexmenu->_jsnodes()
  #2 /dokuwiki/lib/plugins/indexmenu/syntax/indexmenu.php(414): syntax_plugin_indexmenu_indexmenu->_jstree()
  #3 /dokuwiki/lib/plugins/indexmenu/syntax/indexmenu.php(357): syntax_plugin_indexmenu_indexmenu->_indexmenu()
  #4 /dokuwiki/inc/parser/renderer.php(119): syntax_plugin_indexmenu_indexmenu->render()
  #5 /dokuwiki/inc/parserutils.php(700): Doku_Renderer->plugin()
  #6 /dokuwiki/inc/parserutils.php(158): p_render()
  #7 /dokuwiki/inc/parserutils.php(96): p_cached_output()
  #8 /dokuwiki/inc/template.php(1592): p_wiki_xhtml()
  #9 /dokuwiki/lib/tpl/mindthedark/main.php(81): tpl_include_page()
  #10 /dokuwiki/inc/actions.php(27): include('...')
  #11 /dokuwiki/doku.php(126): act_dispatch()
  #12 {main}
2023-04-17 18:41:29	/dokuwiki/lib/plugins/indexmenu/syntax/indexmenu.php(80)	E_WARNING: Undefined array key 1
  #0 /dokuwiki/lib/plugins/indexmenu/syntax/indexmenu.php(80): dokuwiki\ErrorHandler::errorHandler()
  #1 /dokuwiki/inc/parser/handler.php(284): syntax_plugin_indexmenu_indexmenu->handle()
  #2 /dokuwiki/inc/Parsing/Lexer/Lexer.php(270): Doku_Handler->plugin()
  #3 /dokuwiki/inc/Parsing/Lexer/Lexer.php(197): dokuwiki\Parsing\Lexer\Lexer->invokeHandler()
  #4 /dokuwiki/inc/Parsing/Lexer/Lexer.php(147): dokuwiki\Parsing\Lexer\Lexer->dispatchTokens()
  #5 /dokuwiki/inc/Parsing/Parser.php(109): dokuwiki\Parsing\Lexer\Lexer->parse()
  #6 /dokuwiki/inc/parserutils.php(234): dokuwiki\Parsing\Parser->parse()
  #7 /dokuwiki/inc/parserutils.php(198): p_get_instructions()
  #8 /dokuwiki/inc/parserutils.php(525): p_cached_instructions()
  #9 /dokuwiki/inc/parserutils.php(299): p_render_metadata()
  #10 /dokuwiki/lib/plugins/indexmenu/syntax/indexmenu.php(954): p_get_metadata()
  #11 /dokuwiki/lib/plugins/indexmenu/syntax/indexmenu.php(778): syntax_plugin_indexmenu_indexmenu->_setorder()
  #12 /dokuwiki/lib/plugins/indexmenu/syntax/indexmenu.php(902): syntax_plugin_indexmenu_indexmenu->_search_index()
  #13 /dokuwiki/lib/plugins/indexmenu/syntax/indexmenu.php(895): syntax_plugin_indexmenu_indexmenu->_search()
  #14 /dokuwiki/lib/plugins/indexmenu/syntax/indexmenu.php(404): syntax_plugin_indexmenu_indexmenu->_search()
  #15 /dokuwiki/lib/plugins/indexmenu/syntax/indexmenu.php(357): syntax_plugin_indexmenu_indexmenu->_indexmenu()
  #16 /dokuwiki/inc/parser/renderer.php(119): syntax_plugin_indexmenu_indexmenu->render()
  #17 /dokuwiki/inc/parserutils.php(700): Doku_Renderer->plugin()
  #18 /dokuwiki/inc/parserutils.php(158): p_render()
  #19 /dokuwiki/inc/parserutils.php(96): p_cached_output()
  #20 /dokuwiki/inc/template.php(1592): p_wiki_xhtml()
  #21 /dokuwiki/lib/tpl/mindthedark/main.php(81): tpl_include_page()
  #22 /dokuwiki/inc/actions.php(27): include('...')
  #23 /dokuwiki/doku.php(126): act_dispatch()
  #24 {main}
2023-04-17 18:41:29	/dokuwiki/lib/plugins/indexmenu/syntax/indexmenu.php(528)	E_WARNING: Undefined array key -1
  #0 /dokuwiki/lib/plugins/indexmenu/syntax/indexmenu.php(528): dokuwiki\ErrorHandler::errorHandler()
  #1 /dokuwiki/lib/plugins/indexmenu/syntax/indexmenu.php(479): syntax_plugin_indexmenu_indexmenu->_jsnodes()
  #2 /dokuwiki/lib/plugins/indexmenu/syntax/indexmenu.php(414): syntax_plugin_indexmenu_indexmenu->_jstree()
  #3 /dokuwiki/lib/plugins/indexmenu/syntax/indexmenu.php(357): syntax_plugin_indexmenu_indexmenu->_indexmenu()
  #4 /dokuwiki/inc/parser/renderer.php(119): syntax_plugin_indexmenu_indexmenu->render()
  #5 /dokuwiki/inc/parserutils.php(700): Doku_Renderer->plugin()
  #6 /dokuwiki/inc/parserutils.php(158): p_render()
  #7 /dokuwiki/inc/parserutils.php(96): p_cached_output()
  #8 /dokuwiki/inc/template.php(1592): p_wiki_xhtml()
  #9 /dokuwiki/lib/tpl/mindthedark/main.php(81): tpl_include_page()
  #10 /dokuwiki/inc/actions.php(27): include('...')
  #11 /dokuwiki/doku.php(126): act_dispatch()
  #12 {main}
2023-04-17 18:41:29	/dokuwiki/lib/plugins/indexmenu/syntax/indexmenu.php(528)	E_WARNING: Trying to access array offset on value of type null
  #0 /dokuwiki/lib/plugins/indexmenu/syntax/indexmenu.php(528): dokuwiki\ErrorHandler::errorHandler()
  #1 /dokuwiki/lib/plugins/indexmenu/syntax/indexmenu.php(479): syntax_plugin_indexmenu_indexmenu->_jsnodes()
  #2 /dokuwiki/lib/plugins/indexmenu/syntax/indexmenu.php(414): syntax_plugin_indexmenu_indexmenu->_jstree()
  #3 /dokuwiki/lib/plugins/indexmenu/syntax/indexmenu.php(357): syntax_plugin_indexmenu_indexmenu->_indexmenu()
  #4 /dokuwiki/inc/parser/renderer.php(119): syntax_plugin_indexmenu_indexmenu->render()
  #5 /dokuwiki/inc/parserutils.php(700): Doku_Renderer->plugin()
  #6 /dokuwiki/inc/parserutils.php(158): p_render()
  #7 /dokuwiki/inc/parserutils.php(96): p_cached_output()
  #8 /dokuwiki/inc/template.php(1592): p_wiki_xhtml()
  #9 /dokuwiki/lib/tpl/mindthedark/main.php(81): tpl_include_page()
  #10 /dokuwiki/inc/actions.php(27): include('...')
  #11 /dokuwiki/doku.php(126): act_dispatch()
  #12 {main}
2023-04-17 18:41:29	/dokuwiki/lib/plugins/indexmenu/syntax/indexmenu.php(528)	E_WARNING: Undefined array key -1
  #0 /dokuwiki/lib/plugins/indexmenu/syntax/indexmenu.php(528): dokuwiki\ErrorHandler::errorHandler()
  #1 /dokuwiki/lib/plugins/indexmenu/syntax/indexmenu.php(479): syntax_plugin_indexmenu_indexmenu->_jsnodes()
  #2 /dokuwiki/lib/plugins/indexmenu/syntax/indexmenu.php(414): syntax_plugin_indexmenu_indexmenu->_jstree()
  #3 /dokuwiki/lib/plugins/indexmenu/syntax/indexmenu.php(357): syntax_plugin_indexmenu_indexmenu->_indexmenu()
  #4 /dokuwiki/inc/parser/renderer.php(119): syntax_plugin_indexmenu_indexmenu->render()
  #5 /dokuwiki/inc/parserutils.php(700): Doku_Renderer->plugin()
  #6 /dokuwiki/inc/parserutils.php(158): p_render()
  #7 /dokuwiki/inc/parserutils.php(96): p_cached_output()
  #8 /dokuwiki/inc/template.php(1592): p_wiki_xhtml()
  #9 /dokuwiki/lib/tpl/mindthedark/main.php(81): tpl_include_page()
  #10 /dokuwiki/inc/actions.php(27): include('...')
  #11 /dokuwiki/doku.php(126): act_dispatch()
  #12 {main}
2023-04-17 18:41:29	/dokuwiki/lib/plugins/indexmenu/syntax/indexmenu.php(528)	E_WARNING: Trying to access array offset on value of type null
  #0 /dokuwiki/lib/plugins/indexmenu/syntax/indexmenu.php(528): dokuwiki\ErrorHandler::errorHandler()
  #1 /dokuwiki/lib/plugins/indexmenu/syntax/indexmenu.php(479): syntax_plugin_indexmenu_indexmenu->_jsnodes()
  #2 /dokuwiki/lib/plugins/indexmenu/syntax/indexmenu.php(414): syntax_plugin_indexmenu_indexmenu->_jstree()
  #3 /dokuwiki/lib/plugins/indexmenu/syntax/indexmenu.php(357): syntax_plugin_indexmenu_indexmenu->_indexmenu()
  #4 /dokuwiki/inc/parser/renderer.php(119): syntax_plugin_indexmenu_indexmenu->render()
  #5 /dokuwiki/inc/parserutils.php(700): Doku_Renderer->plugin()
  #6 /dokuwiki/inc/parserutils.php(158): p_render()
  #7 /dokuwiki/inc/parserutils.php(96): p_cached_output()
  #8 /dokuwiki/inc/template.php(1592): p_wiki_xhtml()
  #9 /dokuwiki/lib/tpl/mindthedark/main.php(81): tpl_include_page()
  #10 /dokuwiki/inc/actions.php(27): include('...')
  #11 /dokuwiki/doku.php(126): act_dispatch()
  #12 {main}
2023-04-17 18:41:29	/dokuwiki/lib/plugins/indexmenu/syntax/indexmenu.php(528)	E_WARNING: Undefined array key -1
  #0 /dokuwiki/lib/plugins/indexmenu/syntax/indexmenu.php(528): dokuwiki\ErrorHandler::errorHandler()
  #1 /dokuwiki/lib/plugins/indexmenu/syntax/indexmenu.php(479): syntax_plugin_indexmenu_indexmenu->_jsnodes()
  #2 /dokuwiki/lib/plugins/indexmenu/syntax/indexmenu.php(414): syntax_plugin_indexmenu_indexmenu->_jstree()
  #3 /dokuwiki/lib/plugins/indexmenu/syntax/indexmenu.php(357): syntax_plugin_indexmenu_indexmenu->_indexmenu()
  #4 /dokuwiki/inc/parser/renderer.php(119): syntax_plugin_indexmenu_indexmenu->render()
  #5 /dokuwiki/inc/parserutils.php(700): Doku_Renderer->plugin()
  #6 /dokuwiki/inc/parserutils.php(158): p_render()
  #7 /dokuwiki/inc/parserutils.php(96): p_cached_output()
  #8 /dokuwiki/inc/template.php(1592): p_wiki_xhtml()
  #9 /dokuwiki/lib/tpl/mindthedark/main.php(81): tpl_include_page()
  #10 /dokuwiki/inc/actions.php(27): include('...')
  #11 /dokuwiki/doku.php(126): act_dispatch()
  #12 {main}
2023-04-17 18:41:29	/dokuwiki/lib/plugins/indexmenu/syntax/indexmenu.php(528)	E_WARNING: Trying to access array offset on value of type null
  #0 /dokuwiki/lib/plugins/indexmenu/syntax/indexmenu.php(528): dokuwiki\ErrorHandler::errorHandler()
  #1 /dokuwiki/lib/plugins/indexmenu/syntax/indexmenu.php(479): syntax_plugin_indexmenu_indexmenu->_jsnodes()
  #2 /dokuwiki/lib/plugins/indexmenu/syntax/indexmenu.php(414): syntax_plugin_indexmenu_indexmenu->_jstree()
  #3 /dokuwiki/lib/plugins/indexmenu/syntax/indexmenu.php(357): syntax_plugin_indexmenu_indexmenu->_indexmenu()
  #4 /dokuwiki/inc/parser/renderer.php(119): syntax_plugin_indexmenu_indexmenu->render()
  #5 /dokuwiki/inc/parserutils.php(700): Doku_Renderer->plugin()
  #6 /dokuwiki/inc/parserutils.php(158): p_render()
  #7 /dokuwiki/inc/parserutils.php(96): p_cached_output()
  #8 /dokuwiki/inc/template.php(1592): p_wiki_xhtml()
  #9 /dokuwiki/lib/tpl/mindthedark/main.php(81): tpl_include_page()
  #10 /dokuwiki/inc/actions.php(27): include('...')
  #11 /dokuwiki/doku.php(126): act_dispatch()
  #12 {main}
2023-04-17 18:41:29	/dokuwiki/lib/plugins/indexmenu/syntax/indexmenu.php(528)	E_WARNING: Undefined array key -1
  #0 /dokuwiki/lib/plugins/indexmenu/syntax/indexmenu.php(528): dokuwiki\ErrorHandler::errorHandler()
  #1 /dokuwiki/lib/plugins/indexmenu/syntax/indexmenu.php(479): syntax_plugin_indexmenu_indexmenu->_jsnodes()
  #2 /dokuwiki/lib/plugins/indexmenu/syntax/indexmenu.php(414): syntax_plugin_indexmenu_indexmenu->_jstree()
  #3 /dokuwiki/lib/plugins/indexmenu/syntax/indexmenu.php(357): syntax_plugin_indexmenu_indexmenu->_indexmenu()
  #4 /dokuwiki/inc/parser/renderer.php(119): syntax_plugin_indexmenu_indexmenu->render()
  #5 /dokuwiki/inc/parserutils.php(700): Doku_Renderer->plugin()
  #6 /dokuwiki/inc/parserutils.php(158): p_render()
  #7 /dokuwiki/inc/parserutils.php(96): p_cached_output()
  #8 /dokuwiki/inc/template.php(1592): p_wiki_xhtml()
  #9 /dokuwiki/lib/tpl/mindthedark/main.php(81): tpl_include_page()
  #10 /dokuwiki/inc/actions.php(27): include('...')
  #11 /dokuwiki/doku.php(126): act_dispatch()
  #12 {main}
2023-04-17 18:41:29	/dokuwiki/lib/plugins/indexmenu/syntax/indexmenu.php(528)	E_WARNING: Trying to access array offset on value of type null
  #0 /dokuwiki/lib/plugins/indexmenu/syntax/indexmenu.php(528): dokuwiki\ErrorHandler::errorHandler()
  #1 /dokuwiki/lib/plugins/indexmenu/syntax/indexmenu.php(479): syntax_plugin_indexmenu_indexmenu->_jsnodes()
  #2 /dokuwiki/lib/plugins/indexmenu/syntax/indexmenu.php(414): syntax_plugin_indexmenu_indexmenu->_jstree()
  #3 /dokuwiki/lib/plugins/indexmenu/syntax/indexmenu.php(357): syntax_plugin_indexmenu_indexmenu->_indexmenu()
  #4 /dokuwiki/inc/parser/renderer.php(119): syntax_plugin_indexmenu_indexmenu->render()
  #5 /dokuwiki/inc/parserutils.php(700): Doku_Renderer->plugin()
  #6 /dokuwiki/inc/parserutils.php(158): p_render()
  #7 /dokuwiki/inc/parserutils.php(96): p_cached_output()
  #8 /dokuwiki/inc/template.php(1592): p_wiki_xhtml()
  #9 /dokuwiki/lib/tpl/mindthedark/main.php(81): tpl_include_page()
  #10 /dokuwiki/inc/actions.php(27): include('...')
  #11 /dokuwiki/doku.php(126): act_dispatch()
  #12 {main}
2023-04-17 18:41:29	/dokuwiki/lib/plugins/indexmenu/syntax/indexmenu.php(528)	E_WARNING: Undefined array key -1
  #0 /dokuwiki/lib/plugins/indexmenu/syntax/indexmenu.php(528): dokuwiki\ErrorHandler::errorHandler()
  #1 /dokuwiki/lib/plugins/indexmenu/syntax/indexmenu.php(479): syntax_plugin_indexmenu_indexmenu->_jsnodes()
  #2 /dokuwiki/lib/plugins/indexmenu/syntax/indexmenu.php(414): syntax_plugin_indexmenu_indexmenu->_jstree()
  #3 /dokuwiki/lib/plugins/indexmenu/syntax/indexmenu.php(357): syntax_plugin_indexmenu_indexmenu->_indexmenu()
  #4 /dokuwiki/inc/parser/renderer.php(119): syntax_plugin_indexmenu_indexmenu->render()
  #5 /dokuwiki/inc/parserutils.php(700): Doku_Renderer->plugin()
  #6 /dokuwiki/inc/parserutils.php(158): p_render()
  #7 /dokuwiki/inc/parserutils.php(96): p_cached_output()
  #8 /dokuwiki/inc/template.php(1592): p_wiki_xhtml()
  #9 /dokuwiki/lib/tpl/mindthedark/main.php(81): tpl_include_page()
  #10 /dokuwiki/inc/actions.php(27): include('...')
  #11 /dokuwiki/doku.php(126): act_dispatch()
  #12 {main}
2023-04-17 18:41:29	/dokuwiki/lib/plugins/indexmenu/syntax/indexmenu.php(528)	E_WARNING: Trying to access array offset on value of type null
  #0 /dokuwiki/lib/plugins/indexmenu/syntax/indexmenu.php(528): dokuwiki\ErrorHandler::errorHandler()
  #1 /dokuwiki/lib/plugins/indexmenu/syntax/indexmenu.php(479): syntax_plugin_indexmenu_indexmenu->_jsnodes()
  #2 /dokuwiki/lib/plugins/indexmenu/syntax/indexmenu.php(414): syntax_plugin_indexmenu_indexmenu->_jstree()
  #3 /dokuwiki/lib/plugins/indexmenu/syntax/indexmenu.php(357): syntax_plugin_indexmenu_indexmenu->_indexmenu()
  #4 /dokuwiki/inc/parser/renderer.php(119): syntax_plugin_indexmenu_indexmenu->render()
  #5 /dokuwiki/inc/parserutils.php(700): Doku_Renderer->plugin()
  #6 /dokuwiki/inc/parserutils.php(158): p_render()
  #7 /dokuwiki/inc/parserutils.php(96): p_cached_output()
  #8 /dokuwiki/inc/template.php(1592): p_wiki_xhtml()
  #9 /dokuwiki/lib/tpl/mindthedark/main.php(81): tpl_include_page()
  #10 /dokuwiki/inc/actions.php(27): include('...')
  #11 /dokuwiki/doku.php(126): act_dispatch()
  #12 {main}
2023-04-17 18:41:29	/dokuwiki/lib/plugins/indexmenu/syntax/indexmenu.php(528)	E_WARNING: Undefined array key -1
  #0 /dokuwiki/lib/plugins/indexmenu/syntax/indexmenu.php(528): dokuwiki\ErrorHandler::errorHandler()
  #1 /dokuwiki/lib/plugins/indexmenu/syntax/indexmenu.php(479): syntax_plugin_indexmenu_indexmenu->_jsnodes()
  #2 /dokuwiki/lib/plugins/indexmenu/syntax/indexmenu.php(414): syntax_plugin_indexmenu_indexmenu->_jstree()
  #3 /dokuwiki/lib/plugins/indexmenu/syntax/indexmenu.php(357): syntax_plugin_indexmenu_indexmenu->_indexmenu()
  #4 /dokuwiki/inc/parser/renderer.php(119): syntax_plugin_indexmenu_indexmenu->render()
  #5 /dokuwiki/inc/parserutils.php(700): Doku_Renderer->plugin()
  #6 /dokuwiki/inc/parserutils.php(158): p_render()
  #7 /dokuwiki/inc/parserutils.php(96): p_cached_output()
  #8 /dokuwiki/inc/template.php(1592): p_wiki_xhtml()
  #9 /dokuwiki/lib/tpl/mindthedark/main.php(81): tpl_include_page()
  #10 /dokuwiki/inc/actions.php(27): include('...')
  #11 /dokuwiki/doku.php(126): act_dispatch()
  #12 {main}
2023-04-17 18:41:29	/dokuwiki/lib/plugins/indexmenu/syntax/indexmenu.php(528)	E_WARNING: Trying to access array offset on value of type null
  #0 /dokuwiki/lib/plugins/indexmenu/syntax/indexmenu.php(528): dokuwiki\ErrorHandler::errorHandler()
  #1 /dokuwiki/lib/plugins/indexmenu/syntax/indexmenu.php(479): syntax_plugin_indexmenu_indexmenu->_jsnodes()
  #2 /dokuwiki/lib/plugins/indexmenu/syntax/indexmenu.php(414): syntax_plugin_indexmenu_indexmenu->_jstree()
  #3 /dokuwiki/lib/plugins/indexmenu/syntax/indexmenu.php(357): syntax_plugin_indexmenu_indexmenu->_indexmenu()
  #4 /dokuwiki/inc/parser/renderer.php(119): syntax_plugin_indexmenu_indexmenu->render()
  #5 /dokuwiki/inc/parserutils.php(700): Doku_Renderer->plugin()
  #6 /dokuwiki/inc/parserutils.php(158): p_render()
  #7 /dokuwiki/inc/parserutils.php(96): p_cached_output()
  #8 /dokuwiki/inc/template.php(1592): p_wiki_xhtml()
  #9 /dokuwiki/lib/tpl/mindthedark/main.php(81): tpl_include_page()
  #10 /dokuwiki/inc/actions.php(27): include('...')
  #11 /dokuwiki/doku.php(126): act_dispatch()
  #12 {main}
2023-04-17 18:41:29	/dokuwiki/lib/plugins/indexmenu/syntax/indexmenu.php(528)	E_WARNING: Undefined array key -1
  #0 /dokuwiki/lib/plugins/indexmenu/syntax/indexmenu.php(528): dokuwiki\ErrorHandler::errorHandler()
  #1 /dokuwiki/lib/plugins/indexmenu/syntax/indexmenu.php(479): syntax_plugin_indexmenu_indexmenu->_jsnodes()
  #2 /dokuwiki/lib/plugins/indexmenu/syntax/indexmenu.php(414): syntax_plugin_indexmenu_indexmenu->_jstree()
  #3 /dokuwiki/lib/plugins/indexmenu/syntax/indexmenu.php(357): syntax_plugin_indexmenu_indexmenu->_indexmenu()
  #4 /dokuwiki/inc/parser/renderer.php(119): syntax_plugin_indexmenu_indexmenu->render()
  #5 /dokuwiki/inc/parserutils.php(700): Doku_Renderer->plugin()
  #6 /dokuwiki/inc/parserutils.php(158): p_render()
  #7 /dokuwiki/inc/parserutils.php(96): p_cached_output()
  #8 /dokuwiki/inc/template.php(1592): p_wiki_xhtml()
  #9 /dokuwiki/lib/tpl/mindthedark/main.php(81): tpl_include_page()
  #10 /dokuwiki/inc/actions.php(27): include('...')
  #11 /dokuwiki/doku.php(126): act_dispatch()
  #12 {main}
2023-04-17 18:41:29	/dokuwiki/lib/plugins/indexmenu/syntax/indexmenu.php(528)	E_WARNING: Trying to access array offset on value of type null
  #0 /dokuwiki/lib/plugins/indexmenu/syntax/indexmenu.php(528): dokuwiki\ErrorHandler::errorHandler()
  #1 /dokuwiki/lib/plugins/indexmenu/syntax/indexmenu.php(479): syntax_plugin_indexmenu_indexmenu->_jsnodes()
  #2 /dokuwiki/lib/plugins/indexmenu/syntax/indexmenu.php(414): syntax_plugin_indexmenu_indexmenu->_jstree()
  #3 /dokuwiki/lib/plugins/indexmenu/syntax/indexmenu.php(357): syntax_plugin_indexmenu_indexmenu->_indexmenu()
  #4 /dokuwiki/inc/parser/renderer.php(119): syntax_plugin_indexmenu_indexmenu->render()
  #5 /dokuwiki/inc/parserutils.php(700): Doku_Renderer->plugin()
  #6 /dokuwiki/inc/parserutils.php(158): p_render()
  #7 /dokuwiki/inc/parserutils.php(96): p_cached_output()
  #8 /dokuwiki/inc/template.php(1592): p_wiki_xhtml()
  #9 /dokuwiki/lib/tpl/mindthedark/main.php(81): tpl_include_page()
  #10 /dokuwiki/inc/actions.php(27): include('...')
  #11 /dokuwiki/doku.php(126): act_dispatch()
  #12 {main}
2023-04-17 18:41:29	/dokuwiki/lib/plugins/indexmenu/syntax/indexmenu.php(528)	E_WARNING: Undefined array key -1
  #0 /dokuwiki/lib/plugins/indexmenu/syntax/indexmenu.php(528): dokuwiki\ErrorHandler::errorHandler()
  #1 /dokuwiki/lib/plugins/indexmenu/syntax/indexmenu.php(479): syntax_plugin_indexmenu_indexmenu->_jsnodes()
  #2 /dokuwiki/lib/plugins/indexmenu/syntax/indexmenu.php(414): syntax_plugin_indexmenu_indexmenu->_jstree()
  #3 /dokuwiki/lib/plugins/indexmenu/syntax/indexmenu.php(357): syntax_plugin_indexmenu_indexmenu->_indexmenu()
  #4 /dokuwiki/inc/parser/renderer.php(119): syntax_plugin_indexmenu_indexmenu->render()
  #5 /dokuwiki/inc/parserutils.php(700): Doku_Renderer->plugin()
  #6 /dokuwiki/inc/parserutils.php(158): p_render()
  #7 /dokuwiki/inc/parserutils.php(96): p_cached_output()
  #8 /dokuwiki/inc/template.php(1592): p_wiki_xhtml()
  #9 /dokuwiki/lib/tpl/mindthedark/main.php(81): tpl_include_page()
  #10 /dokuwiki/inc/actions.php(27): include('...')
  #11 /dokuwiki/doku.php(126): act_dispatch()
  #12 {main}
2023-04-17 18:41:29	/dokuwiki/lib/plugins/indexmenu/syntax/indexmenu.php(528)	E_WARNING: Trying to access array offset on value of type null
  #0 /dokuwiki/lib/plugins/indexmenu/syntax/indexmenu.php(528): dokuwiki\ErrorHandler::errorHandler()
  #1 /dokuwiki/lib/plugins/indexmenu/syntax/indexmenu.php(479): syntax_plugin_indexmenu_indexmenu->_jsnodes()
  #2 /dokuwiki/lib/plugins/indexmenu/syntax/indexmenu.php(414): syntax_plugin_indexmenu_indexmenu->_jstree()
  #3 /dokuwiki/lib/plugins/indexmenu/syntax/indexmenu.php(357): syntax_plugin_indexmenu_indexmenu->_indexmenu()
  #4 /dokuwiki/inc/parser/renderer.php(119): syntax_plugin_indexmenu_indexmenu->render()
  #5 /dokuwiki/inc/parserutils.php(700): Doku_Renderer->plugin()
  #6 /dokuwiki/inc/parserutils.php(158): p_render()
  #7 /dokuwiki/inc/parserutils.php(96): p_cached_output()
  #8 /dokuwiki/inc/template.php(1592): p_wiki_xhtml()
  #9 /dokuwiki/lib/tpl/mindthedark/main.php(81): tpl_include_page()
  #10 /dokuwiki/inc/actions.php(27): include('...')
  #11 /dokuwiki/doku.php(126): act_dispatch()
  #12 {main}
2023-04-17 19:39:12	/dokuwiki/feed.php(235)	E_WARNING: Undefined array key "media"
  #0 /dokuwiki/feed.php(235): dokuwiki\ErrorHandler::errorHandler()
  #1 /dokuwiki/feed.php(96): rss_buildItems()
  #2 {main}
2023-04-17 19:39:12	/dokuwiki/feed.php(305)	E_WARNING: Undefined array key "media"
  #0 /dokuwiki/feed.php(305): dokuwiki\ErrorHandler::errorHandler()
  #1 /dokuwiki/feed.php(96): rss_buildItems()
  #2 {main}
2023-04-17 19:39:12	/dokuwiki/feed.php(235)	E_WARNING: Undefined array key "media"
  #0 /dokuwiki/feed.php(235): dokuwiki\ErrorHandler::errorHandler()
  #1 /dokuwiki/feed.php(96): rss_buildItems()
  #2 {main}
2023-04-17 19:39:12	/dokuwiki/feed.php(305)	E_WARNING: Undefined array key "media"
  #0 /dokuwiki/feed.php(305): dokuwiki\ErrorHandler::errorHandler()
  #1 /dokuwiki/feed.php(96): rss_buildItems()
  #2 {main}
2023-04-17 19:39:12	/dokuwiki/feed.php(235)	E_WARNING: Undefined array key "media"
  #0 /dokuwiki/feed.php(235): dokuwiki\ErrorHandler::errorHandler()
  #1 /dokuwiki/feed.php(96): rss_buildItems()
  #2 {main}
2023-04-17 19:39:12	/dokuwiki/feed.php(305)	E_WARNING: Undefined array key "media"
  #0 /dokuwiki/feed.php(305): dokuwiki\ErrorHandler::errorHandler()
  #1 /dokuwiki/feed.php(96): rss_buildItems()
  #2 {main}
2023-04-17 19:39:12	/dokuwiki/feed.php(235)	E_WARNING: Undefined array key "media"
  #0 /dokuwiki/feed.php(235): dokuwiki\ErrorHandler::errorHandler()
  #1 /dokuwiki/feed.php(96): rss_buildItems()
  #2 {main}
2023-04-17 19:39:12	/dokuwiki/feed.php(305)	E_WARNING: Undefined array key "media"
  #0 /dokuwiki/feed.php(305): dokuwiki\ErrorHandler::errorHandler()
  #1 /dokuwiki/feed.php(96): rss_buildItems()
  #2 {main}
2023-04-17 19:39:12	/dokuwiki/feed.php(235)	E_WARNING: Undefined array key "media"
  #0 /dokuwiki/feed.php(235): dokuwiki\ErrorHandler::errorHandler()
  #1 /dokuwiki/feed.php(96): rss_buildItems()
  #2 {main}
2023-04-17 19:39:12	/dokuwiki/feed.php(305)	E_WARNING: Undefined array key "media"
  #0 /dokuwiki/feed.php(305): dokuwiki\ErrorHandler::errorHandler()
  #1 /dokuwiki/feed.php(96): rss_buildItems()
  #2 {main}
2023-04-17 19:39:12	/dokuwiki/feed.php(235)	E_WARNING: Undefined array key "media"
  #0 /dokuwiki/feed.php(235): dokuwiki\ErrorHandler::errorHandler()
  #1 /dokuwiki/feed.php(96): rss_buildItems()
  #2 {main}
2023-04-17 19:39:12	/dokuwiki/feed.php(305)	E_WARNING: Undefined array key "media"
  #0 /dokuwiki/feed.php(305): dokuwiki\ErrorHandler::errorHandler()
  #1 /dokuwiki/feed.php(96): rss_buildItems()
  #2 {main}
2023-04-17 19:39:12	/dokuwiki/feed.php(235)	E_WARNING: Undefined array key "media"
  #0 /dokuwiki/feed.php(235): dokuwiki\ErrorHandler::errorHandler()
  #1 /dokuwiki/feed.php(96): rss_buildItems()
  #2 {main}
2023-04-17 19:39:12	/dokuwiki/feed.php(305)	E_WARNING: Undefined array key "media"
  #0 /dokuwiki/feed.php(305): dokuwiki\ErrorHandler::errorHandler()
  #1 /dokuwiki/feed.php(96): rss_buildItems()
  #2 {main}
2023-04-17 19:39:12	/dokuwiki/feed.php(235)	E_WARNING: Undefined array key "media"
  #0 /dokuwiki/feed.php(235): dokuwiki\ErrorHandler::errorHandler()
  #1 /dokuwiki/feed.php(96): rss_buildItems()
  #2 {main}
2023-04-17 19:39:12	/dokuwiki/feed.php(305)	E_WARNING: Undefined array key "media"
  #0 /dokuwiki/feed.php(305): dokuwiki\ErrorHandler::errorHandler()
  #1 /dokuwiki/feed.php(96): rss_buildItems()
  #2 {main}
2023-04-17 20:55:42	/dokuwiki/lib/plugins/indexmenu/syntax/indexmenu.php(528)	E_WARNING: Undefined array key -1
  #0 /dokuwiki/lib/plugins/indexmenu/syntax/indexmenu.php(528): dokuwiki\ErrorHandler::errorHandler()
  #1 /dokuwiki/lib/plugins/indexmenu/syntax/indexmenu.php(479): syntax_plugin_indexmenu_indexmenu->_jsnodes()
  #2 /dokuwiki/lib/plugins/indexmenu/syntax/indexmenu.php(414): syntax_plugin_indexmenu_indexmenu->_jstree()
  #3 /dokuwiki/lib/plugins/indexmenu/syntax/indexmenu.php(357): syntax_plugin_indexmenu_indexmenu->_indexmenu()
  #4 /dokuwiki/inc/parser/renderer.php(119): syntax_plugin_indexmenu_indexmenu->render()
  #5 /dokuwiki/inc/parserutils.php(700): Doku_Renderer->plugin()
  #6 /dokuwiki/inc/parserutils.php(158): p_render()
  #7 /dokuwiki/inc/parserutils.php(96): p_cached_output()
  #8 /dokuwiki/inc/template.php(1592): p_wiki_xhtml()
  #9 /dokuwiki/lib/tpl/mindthedark/main.php(81): tpl_include_page()
  #10 /dokuwiki/inc/actions.php(27): include('...')
  #11 /dokuwiki/doku.php(126): act_dispatch()
  #12 {main}
2023-04-17 20:55:42	/dokuwiki/lib/plugins/indexmenu/syntax/indexmenu.php(528)	E_WARNING: Trying to access array offset on value of type null
  #0 /dokuwiki/lib/plugins/indexmenu/syntax/indexmenu.php(528): dokuwiki\ErrorHandler::errorHandler()
  #1 /dokuwiki/lib/plugins/indexmenu/syntax/indexmenu.php(479): syntax_plugin_indexmenu_indexmenu->_jsnodes()
  #2 /dokuwiki/lib/plugins/indexmenu/syntax/indexmenu.php(414): syntax_plugin_indexmenu_indexmenu->_jstree()
  #3 /dokuwiki/lib/plugins/indexmenu/syntax/indexmenu.php(357): syntax_plugin_indexmenu_indexmenu->_indexmenu()
  #4 /dokuwiki/inc/parser/renderer.php(119): syntax_plugin_indexmenu_indexmenu->render()
  #5 /dokuwiki/inc/parserutils.php(700): Doku_Renderer->plugin()
  #6 /dokuwiki/inc/parserutils.php(158): p_render()
  #7 /dokuwiki/inc/parserutils.php(96): p_cached_output()
  #8 /dokuwiki/inc/template.php(1592): p_wiki_xhtml()
  #9 /dokuwiki/lib/tpl/mindthedark/main.php(81): tpl_include_page()
  #10 /dokuwiki/inc/actions.php(27): include('...')
  #11 /dokuwiki/doku.php(126): act_dispatch()
  #12 {main}
2023-04-17 20:55:42	/dokuwiki/lib/plugins/indexmenu/syntax/indexmenu.php(528)	E_WARNING: Undefined array key -1
  #0 /dokuwiki/lib/plugins/indexmenu/syntax/indexmenu.php(528): dokuwiki\ErrorHandler::errorHandler()
  #1 /dokuwiki/lib/plugins/indexmenu/syntax/indexmenu.php(479): syntax_plugin_indexmenu_indexmenu->_jsnodes()
  #2 /dokuwiki/lib/plugins/indexmenu/syntax/indexmenu.php(414): syntax_plugin_indexmenu_indexmenu->_jstree()
  #3 /dokuwiki/lib/plugins/indexmenu/syntax/indexmenu.php(357): syntax_plugin_indexmenu_indexmenu->_indexmenu()
  #4 /dokuwiki/inc/parser/renderer.php(119): syntax_plugin_indexmenu_indexmenu->render()
  #5 /dokuwiki/inc/parserutils.php(700): Doku_Renderer->plugin()
  #6 /dokuwiki/inc/parserutils.php(158): p_render()
  #7 /dokuwiki/inc/parserutils.php(96): p_cached_output()
  #8 /dokuwiki/inc/template.php(1592): p_wiki_xhtml()
  #9 /dokuwiki/lib/tpl/mindthedark/main.php(81): tpl_include_page()
  #10 /dokuwiki/inc/actions.php(27): include('...')
  #11 /dokuwiki/doku.php(126): act_dispatch()
  #12 {main}
2023-04-17 20:55:42	/dokuwiki/lib/plugins/indexmenu/syntax/indexmenu.php(528)	E_WARNING: Trying to access array offset on value of type null
  #0 /dokuwiki/lib/plugins/indexmenu/syntax/indexmenu.php(528): dokuwiki\ErrorHandler::errorHandler()
  #1 /dokuwiki/lib/plugins/indexmenu/syntax/indexmenu.php(479): syntax_plugin_indexmenu_indexmenu->_jsnodes()
  #2 /dokuwiki/lib/plugins/indexmenu/syntax/indexmenu.php(414): syntax_plugin_indexmenu_indexmenu->_jstree()
  #3 /dokuwiki/lib/plugins/indexmenu/syntax/indexmenu.php(357): syntax_plugin_indexmenu_indexmenu->_indexmenu()
  #4 /dokuwiki/inc/parser/renderer.php(119): syntax_plugin_indexmenu_indexmenu->render()
  #5 /dokuwiki/inc/parserutils.php(700): Doku_Renderer->plugin()
  #6 /dokuwiki/inc/parserutils.php(158): p_render()
  #7 /dokuwiki/inc/parserutils.php(96): p_cached_output()
  #8 /dokuwiki/inc/template.php(1592): p_wiki_xhtml()
  #9 /dokuwiki/lib/tpl/mindthedark/main.php(81): tpl_include_page()
  #10 /dokuwiki/inc/actions.php(27): include('...')
  #11 /dokuwiki/doku.php(126): act_dispatch()
  #12 {main}
2023-04-17 20:55:42	/dokuwiki/lib/plugins/indexmenu/syntax/indexmenu.php(528)	E_WARNING: Undefined array key -1
  #0 /dokuwiki/lib/plugins/indexmenu/syntax/indexmenu.php(528): dokuwiki\ErrorHandler::errorHandler()
  #1 /dokuwiki/lib/plugins/indexmenu/syntax/indexmenu.php(479): syntax_plugin_indexmenu_indexmenu->_jsnodes()
  #2 /dokuwiki/lib/plugins/indexmenu/syntax/indexmenu.php(414): syntax_plugin_indexmenu_indexmenu->_jstree()
  #3 /dokuwiki/lib/plugins/indexmenu/syntax/indexmenu.php(357): syntax_plugin_indexmenu_indexmenu->_indexmenu()
  #4 /dokuwiki/inc/parser/renderer.php(119): syntax_plugin_indexmenu_indexmenu->render()
  #5 /dokuwiki/inc/parserutils.php(700): Doku_Renderer->plugin()
  #6 /dokuwiki/inc/parserutils.php(158): p_render()
  #7 /dokuwiki/inc/parserutils.php(96): p_cached_output()
  #8 /dokuwiki/inc/template.php(1592): p_wiki_xhtml()
  #9 /dokuwiki/lib/tpl/mindthedark/main.php(81): tpl_include_page()
  #10 /dokuwiki/inc/actions.php(27): include('...')
  #11 /dokuwiki/doku.php(126): act_dispatch()
  #12 {main}
2023-04-17 20:55:42	/dokuwiki/lib/plugins/indexmenu/syntax/indexmenu.php(528)	E_WARNING: Trying to access array offset on value of type null
  #0 /dokuwiki/lib/plugins/indexmenu/syntax/indexmenu.php(528): dokuwiki\ErrorHandler::errorHandler()
  #1 /dokuwiki/lib/plugins/indexmenu/syntax/indexmenu.php(479): syntax_plugin_indexmenu_indexmenu->_jsnodes()
  #2 /dokuwiki/lib/plugins/indexmenu/syntax/indexmenu.php(414): syntax_plugin_indexmenu_indexmenu->_jstree()
  #3 /dokuwiki/lib/plugins/indexmenu/syntax/indexmenu.php(357): syntax_plugin_indexmenu_indexmenu->_indexmenu()
  #4 /dokuwiki/inc/parser/renderer.php(119): syntax_plugin_indexmenu_indexmenu->render()
  #5 /dokuwiki/inc/parserutils.php(700): Doku_Renderer->plugin()
  #6 /dokuwiki/inc/parserutils.php(158): p_render()
  #7 /dokuwiki/inc/parserutils.php(96): p_cached_output()
  #8 /dokuwiki/inc/template.php(1592): p_wiki_xhtml()
  #9 /dokuwiki/lib/tpl/mindthedark/main.php(81): tpl_include_page()
  #10 /dokuwiki/inc/actions.php(27): include('...')
  #11 /dokuwiki/doku.php(126): act_dispatch()
  #12 {main}
2023-04-17 20:55:42	/dokuwiki/lib/plugins/indexmenu/syntax/indexmenu.php(528)	E_WARNING: Undefined array key -1
  #0 /dokuwiki/lib/plugins/indexmenu/syntax/indexmenu.php(528): dokuwiki\ErrorHandler::errorHandler()
  #1 /dokuwiki/lib/plugins/indexmenu/syntax/indexmenu.php(479): syntax_plugin_indexmenu_indexmenu->_jsnodes()
  #2 /dokuwiki/lib/plugins/indexmenu/syntax/indexmenu.php(414): syntax_plugin_indexmenu_indexmenu->_jstree()
  #3 /dokuwiki/lib/plugins/indexmenu/syntax/indexmenu.php(357): syntax_plugin_indexmenu_indexmenu->_indexmenu()
  #4 /dokuwiki/inc/parser/renderer.php(119): syntax_plugin_indexmenu_indexmenu->render()
  #5 /dokuwiki/inc/parserutils.php(700): Doku_Renderer->plugin()
  #6 /dokuwiki/inc/parserutils.php(158): p_render()
  #7 /dokuwiki/inc/parserutils.php(96): p_cached_output()
  #8 /dokuwiki/inc/template.php(1592): p_wiki_xhtml()
  #9 /dokuwiki/lib/tpl/mindthedark/main.php(81): tpl_include_page()
  #10 /dokuwiki/inc/actions.php(27): include('...')
  #11 /dokuwiki/doku.php(126): act_dispatch()
  #12 {main}
2023-04-17 20:55:42	/dokuwiki/lib/plugins/indexmenu/syntax/indexmenu.php(528)	E_WARNING: Trying to access array offset on value of type null
  #0 /dokuwiki/lib/plugins/indexmenu/syntax/indexmenu.php(528): dokuwiki\ErrorHandler::errorHandler()
  #1 /dokuwiki/lib/plugins/indexmenu/syntax/indexmenu.php(479): syntax_plugin_indexmenu_indexmenu->_jsnodes()
  #2 /dokuwiki/lib/plugins/indexmenu/syntax/indexmenu.php(414): syntax_plugin_indexmenu_indexmenu->_jstree()
  #3 /dokuwiki/lib/plugins/indexmenu/syntax/indexmenu.php(357): syntax_plugin_indexmenu_indexmenu->_indexmenu()
  #4 /dokuwiki/inc/parser/renderer.php(119): syntax_plugin_indexmenu_indexmenu->render()
  #5 /dokuwiki/inc/parserutils.php(700): Doku_Renderer->plugin()
  #6 /dokuwiki/inc/parserutils.php(158): p_render()
  #7 /dokuwiki/inc/parserutils.php(96): p_cached_output()
  #8 /dokuwiki/inc/template.php(1592): p_wiki_xhtml()
  #9 /dokuwiki/lib/tpl/mindthedark/main.php(81): tpl_include_page()
  #10 /dokuwiki/inc/actions.php(27): include('...')
  #11 /dokuwiki/doku.php(126): act_dispatch()
  #12 {main}
2023-04-17 20:55:42	/dokuwiki/lib/plugins/indexmenu/syntax/indexmenu.php(528)	E_WARNING: Undefined array key -1
  #0 /dokuwiki/lib/plugins/indexmenu/syntax/indexmenu.php(528): dokuwiki\ErrorHandler::errorHandler()
  #1 /dokuwiki/lib/plugins/indexmenu/syntax/indexmenu.php(479): syntax_plugin_indexmenu_indexmenu->_jsnodes()
  #2 /dokuwiki/lib/plugins/indexmenu/syntax/indexmenu.php(414): syntax_plugin_indexmenu_indexmenu->_jstree()
  #3 /dokuwiki/lib/plugins/indexmenu/syntax/indexmenu.php(357): syntax_plugin_indexmenu_indexmenu->_indexmenu()
  #4 /dokuwiki/inc/parser/renderer.php(119): syntax_plugin_indexmenu_indexmenu->render()
  #5 /dokuwiki/inc/parserutils.php(700): Doku_Renderer->plugin()
  #6 /dokuwiki/inc/parserutils.php(158): p_render()
  #7 /dokuwiki/inc/parserutils.php(96): p_cached_output()
  #8 /dokuwiki/inc/template.php(1592): p_wiki_xhtml()
  #9 /dokuwiki/lib/tpl/mindthedark/main.php(81): tpl_include_page()
  #10 /dokuwiki/inc/actions.php(27): include('...')
  #11 /dokuwiki/doku.php(126): act_dispatch()
  #12 {main}
2023-04-17 20:55:42	/dokuwiki/lib/plugins/indexmenu/syntax/indexmenu.php(528)	E_WARNING: Trying to access array offset on value of type null
  #0 /dokuwiki/lib/plugins/indexmenu/syntax/indexmenu.php(528): dokuwiki\ErrorHandler::errorHandler()
  #1 /dokuwiki/lib/plugins/indexmenu/syntax/indexmenu.php(479): syntax_plugin_indexmenu_indexmenu->_jsnodes()
  #2 /dokuwiki/lib/plugins/indexmenu/syntax/indexmenu.php(414): syntax_plugin_indexmenu_indexmenu->_jstree()
  #3 /dokuwiki/lib/plugins/indexmenu/syntax/indexmenu.php(357): syntax_plugin_indexmenu_indexmenu->_indexmenu()
  #4 /dokuwiki/inc/parser/renderer.php(119): syntax_plugin_indexmenu_indexmenu->render()
  #5 /dokuwiki/inc/parserutils.php(700): Doku_Renderer->plugin()
  #6 /dokuwiki/inc/parserutils.php(158): p_render()
  #7 /dokuwiki/inc/parserutils.php(96): p_cached_output()
  #8 /dokuwiki/inc/template.php(1592): p_wiki_xhtml()
  #9 /dokuwiki/lib/tpl/mindthedark/main.php(81): tpl_include_page()
  #10 /dokuwiki/inc/actions.php(27): include('...')
  #11 /dokuwiki/doku.php(126): act_dispatch()
  #12 {main}
2023-04-17 20:55:42	/dokuwiki/lib/plugins/indexmenu/syntax/indexmenu.php(528)	E_WARNING: Undefined array key -1
  #0 /dokuwiki/lib/plugins/indexmenu/syntax/indexmenu.php(528): dokuwiki\ErrorHandler::errorHandler()
  #1 /dokuwiki/lib/plugins/indexmenu/syntax/indexmenu.php(479): syntax_plugin_indexmenu_indexmenu->_jsnodes()
  #2 /dokuwiki/lib/plugins/indexmenu/syntax/indexmenu.php(414): syntax_plugin_indexmenu_indexmenu->_jstree()
  #3 /dokuwiki/lib/plugins/indexmenu/syntax/indexmenu.php(357): syntax_plugin_indexmenu_indexmenu->_indexmenu()
  #4 /dokuwiki/inc/parser/renderer.php(119): syntax_plugin_indexmenu_indexmenu->render()
  #5 /dokuwiki/inc/parserutils.php(700): Doku_Renderer->plugin()
  #6 /dokuwiki/inc/parserutils.php(158): p_render()
  #7 /dokuwiki/inc/parserutils.php(96): p_cached_output()
  #8 /dokuwiki/inc/template.php(1592): p_wiki_xhtml()
  #9 /dokuwiki/lib/tpl/mindthedark/main.php(81): tpl_include_page()
  #10 /dokuwiki/inc/actions.php(27): include('...')
  #11 /dokuwiki/doku.php(126): act_dispatch()
  #12 {main}
2023-04-17 20:55:42	/dokuwiki/lib/plugins/indexmenu/syntax/indexmenu.php(528)	E_WARNING: Trying to access array offset on value of type null
  #0 /dokuwiki/lib/plugins/indexmenu/syntax/indexmenu.php(528): dokuwiki\ErrorHandler::errorHandler()
  #1 /dokuwiki/lib/plugins/indexmenu/syntax/indexmenu.php(479): syntax_plugin_indexmenu_indexmenu->_jsnodes()
  #2 /dokuwiki/lib/plugins/indexmenu/syntax/indexmenu.php(414): syntax_plugin_indexmenu_indexmenu->_jstree()
  #3 /dokuwiki/lib/plugins/indexmenu/syntax/indexmenu.php(357): syntax_plugin_indexmenu_indexmenu->_indexmenu()
  #4 /dokuwiki/inc/parser/renderer.php(119): syntax_plugin_indexmenu_indexmenu->render()
  #5 /dokuwiki/inc/parserutils.php(700): Doku_Renderer->plugin()
  #6 /dokuwiki/inc/parserutils.php(158): p_render()
  #7 /dokuwiki/inc/parserutils.php(96): p_cached_output()
  #8 /dokuwiki/inc/template.php(1592): p_wiki_xhtml()
  #9 /dokuwiki/lib/tpl/mindthedark/main.php(81): tpl_include_page()
  #10 /dokuwiki/inc/actions.php(27): include('...')
  #11 /dokuwiki/doku.php(126): act_dispatch()
  #12 {main}
2023-04-17 20:55:42	/dokuwiki/lib/plugins/indexmenu/syntax/indexmenu.php(528)	E_WARNING: Undefined array key -1
  #0 /dokuwiki/lib/plugins/indexmenu/syntax/indexmenu.php(528): dokuwiki\ErrorHandler::errorHandler()
  #1 /dokuwiki/lib/plugins/indexmenu/syntax/indexmenu.php(479): syntax_plugin_indexmenu_indexmenu->_jsnodes()
  #2 /dokuwiki/lib/plugins/indexmenu/syntax/indexmenu.php(414): syntax_plugin_indexmenu_indexmenu->_jstree()
  #3 /dokuwiki/lib/plugins/indexmenu/syntax/indexmenu.php(357): syntax_plugin_indexmenu_indexmenu->_indexmenu()
  #4 /dokuwiki/inc/parser/renderer.php(119): syntax_plugin_indexmenu_indexmenu->render()
  #5 /dokuwiki/inc/parserutils.php(700): Doku_Renderer->plugin()
  #6 /dokuwiki/inc/parserutils.php(158): p_render()
  #7 /dokuwiki/inc/parserutils.php(96): p_cached_output()
  #8 /dokuwiki/inc/template.php(1592): p_wiki_xhtml()
  #9 /dokuwiki/lib/tpl/mindthedark/main.php(81): tpl_include_page()
  #10 /dokuwiki/inc/actions.php(27): include('...')
  #11 /dokuwiki/doku.php(126): act_dispatch()
  #12 {main}
2023-04-17 20:55:42	/dokuwiki/lib/plugins/indexmenu/syntax/indexmenu.php(528)	E_WARNING: Trying to access array offset on value of type null
  #0 /dokuwiki/lib/plugins/indexmenu/syntax/indexmenu.php(528): dokuwiki\ErrorHandler::errorHandler()
  #1 /dokuwiki/lib/plugins/indexmenu/syntax/indexmenu.php(479): syntax_plugin_indexmenu_indexmenu->_jsnodes()
  #2 /dokuwiki/lib/plugins/indexmenu/syntax/indexmenu.php(414): syntax_plugin_indexmenu_indexmenu->_jstree()
  #3 /dokuwiki/lib/plugins/indexmenu/syntax/indexmenu.php(357): syntax_plugin_indexmenu_indexmenu->_indexmenu()
  #4 /dokuwiki/inc/parser/renderer.php(119): syntax_plugin_indexmenu_indexmenu->render()
  #5 /dokuwiki/inc/parserutils.php(700): Doku_Renderer->plugin()
  #6 /dokuwiki/inc/parserutils.php(158): p_render()
  #7 /dokuwiki/inc/parserutils.php(96): p_cached_output()
  #8 /dokuwiki/inc/template.php(1592): p_wiki_xhtml()
  #9 /dokuwiki/lib/tpl/mindthedark/main.php(81): tpl_include_page()
  #10 /dokuwiki/inc/actions.php(27): include('...')
  #11 /dokuwiki/doku.php(126): act_dispatch()
  #12 {main}
2023-04-17 20:55:42	/dokuwiki/lib/plugins/indexmenu/syntax/indexmenu.php(528)	E_WARNING: Undefined array key -1
  #0 /dokuwiki/lib/plugins/indexmenu/syntax/indexmenu.php(528): dokuwiki\ErrorHandler::errorHandler()
  #1 /dokuwiki/lib/plugins/indexmenu/syntax/indexmenu.php(479): syntax_plugin_indexmenu_indexmenu->_jsnodes()
  #2 /dokuwiki/lib/plugins/indexmenu/syntax/indexmenu.php(414): syntax_plugin_indexmenu_indexmenu->_jstree()
  #3 /dokuwiki/lib/plugins/indexmenu/syntax/indexmenu.php(357): syntax_plugin_indexmenu_indexmenu->_indexmenu()
  #4 /dokuwiki/inc/parser/renderer.php(119): syntax_plugin_indexmenu_indexmenu->render()
  #5 /dokuwiki/inc/parserutils.php(700): Doku_Renderer->plugin()
  #6 /dokuwiki/inc/parserutils.php(158): p_render()
  #7 /dokuwiki/inc/parserutils.php(96): p_cached_output()
  #8 /dokuwiki/inc/template.php(1592): p_wiki_xhtml()
  #9 /dokuwiki/lib/tpl/mindthedark/main.php(81): tpl_include_page()
  #10 /dokuwiki/inc/actions.php(27): include('...')
  #11 /dokuwiki/doku.php(126): act_dispatch()
  #12 {main}
2023-04-17 20:55:42	/dokuwiki/lib/plugins/indexmenu/syntax/indexmenu.php(528)	E_WARNING: Trying to access array offset on value of type null
  #0 /dokuwiki/lib/plugins/indexmenu/syntax/indexmenu.php(528): dokuwiki\ErrorHandler::errorHandler()
  #1 /dokuwiki/lib/plugins/indexmenu/syntax/indexmenu.php(479): syntax_plugin_indexmenu_indexmenu->_jsnodes()
  #2 /dokuwiki/lib/plugins/indexmenu/syntax/indexmenu.php(414): syntax_plugin_indexmenu_indexmenu->_jstree()
  #3 /dokuwiki/lib/plugins/indexmenu/syntax/indexmenu.php(357): syntax_plugin_indexmenu_indexmenu->_indexmenu()
  #4 /dokuwiki/inc/parser/renderer.php(119): syntax_plugin_indexmenu_indexmenu->render()
  #5 /dokuwiki/inc/parserutils.php(700): Doku_Renderer->plugin()
  #6 /dokuwiki/inc/parserutils.php(158): p_render()
  #7 /dokuwiki/inc/parserutils.php(96): p_cached_output()
  #8 /dokuwiki/inc/template.php(1592): p_wiki_xhtml()
  #9 /dokuwiki/lib/tpl/mindthedark/main.php(81): tpl_include_page()
  #10 /dokuwiki/inc/actions.php(27): include('...')
  #11 /dokuwiki/doku.php(126): act_dispatch()
  #12 {main}
