2023-05-11 09:10:17	/dokuwiki/lib/plugins/indexmenu/syntax/indexmenu.php(528)	E_WARNING: Undefined array key -1
  #0 /dokuwiki/lib/plugins/indexmenu/syntax/indexmenu.php(528): dokuwiki\ErrorHandler::errorHandler()
  #1 /dokuwiki/lib/plugins/indexmenu/syntax/indexmenu.php(479): syntax_plugin_indexmenu_indexmenu->_jsnodes()
  #2 /dokuwiki/lib/plugins/indexmenu/syntax/indexmenu.php(414): syntax_plugin_indexmenu_indexmenu->_jstree()
  #3 /dokuwiki/lib/plugins/indexmenu/syntax/indexmenu.php(357): syntax_plugin_indexmenu_indexmenu->_indexmenu()
  #4 /dokuwiki/inc/parser/renderer.php(119): syntax_plugin_indexmenu_indexmenu->render()
  #5 /dokuwiki/inc/parserutils.php(700): Doku_Renderer->plugin()
  #6 /dokuwiki/inc/parserutils.php(158): p_render()
  #7 /dokuwiki/inc/parserutils.php(96): p_cached_output()
  #8 /dokuwiki/inc/template.php(1592): p_wiki_xhtml()
  #9 /dokuwiki/lib/tpl/mindthedark/main.php(81): tpl_include_page()
  #10 /dokuwiki/inc/actions.php(27): include('...')
  #11 /dokuwiki/doku.php(126): act_dispatch()
  #12 {main}
2023-05-11 09:10:17	/dokuwiki/lib/plugins/indexmenu/syntax/indexmenu.php(528)	E_WARNING: Trying to access array offset on value of type null
  #0 /dokuwiki/lib/plugins/indexmenu/syntax/indexmenu.php(528): dokuwiki\ErrorHandler::errorHandler()
  #1 /dokuwiki/lib/plugins/indexmenu/syntax/indexmenu.php(479): syntax_plugin_indexmenu_indexmenu->_jsnodes()
  #2 /dokuwiki/lib/plugins/indexmenu/syntax/indexmenu.php(414): syntax_plugin_indexmenu_indexmenu->_jstree()
  #3 /dokuwiki/lib/plugins/indexmenu/syntax/indexmenu.php(357): syntax_plugin_indexmenu_indexmenu->_indexmenu()
  #4 /dokuwiki/inc/parser/renderer.php(119): syntax_plugin_indexmenu_indexmenu->render()
  #5 /dokuwiki/inc/parserutils.php(700): Doku_Renderer->plugin()
  #6 /dokuwiki/inc/parserutils.php(158): p_render()
  #7 /dokuwiki/inc/parserutils.php(96): p_cached_output()
  #8 /dokuwiki/inc/template.php(1592): p_wiki_xhtml()
  #9 /dokuwiki/lib/tpl/mindthedark/main.php(81): tpl_include_page()
  #10 /dokuwiki/inc/actions.php(27): include('...')
  #11 /dokuwiki/doku.php(126): act_dispatch()
  #12 {main}
2023-05-11 09:10:17	/dokuwiki/lib/plugins/indexmenu/syntax/indexmenu.php(528)	E_WARNING: Undefined array key -1
  #0 /dokuwiki/lib/plugins/indexmenu/syntax/indexmenu.php(528): dokuwiki\ErrorHandler::errorHandler()
  #1 /dokuwiki/lib/plugins/indexmenu/syntax/indexmenu.php(479): syntax_plugin_indexmenu_indexmenu->_jsnodes()
  #2 /dokuwiki/lib/plugins/indexmenu/syntax/indexmenu.php(414): syntax_plugin_indexmenu_indexmenu->_jstree()
  #3 /dokuwiki/lib/plugins/indexmenu/syntax/indexmenu.php(357): syntax_plugin_indexmenu_indexmenu->_indexmenu()
  #4 /dokuwiki/inc/parser/renderer.php(119): syntax_plugin_indexmenu_indexmenu->render()
  #5 /dokuwiki/inc/parserutils.php(700): Doku_Renderer->plugin()
  #6 /dokuwiki/inc/parserutils.php(158): p_render()
  #7 /dokuwiki/inc/parserutils.php(96): p_cached_output()
  #8 /dokuwiki/inc/template.php(1592): p_wiki_xhtml()
  #9 /dokuwiki/lib/tpl/mindthedark/main.php(81): tpl_include_page()
  #10 /dokuwiki/inc/actions.php(27): include('...')
  #11 /dokuwiki/doku.php(126): act_dispatch()
  #12 {main}
2023-05-11 09:10:17	/dokuwiki/lib/plugins/indexmenu/syntax/indexmenu.php(528)	E_WARNING: Trying to access array offset on value of type null
  #0 /dokuwiki/lib/plugins/indexmenu/syntax/indexmenu.php(528): dokuwiki\ErrorHandler::errorHandler()
  #1 /dokuwiki/lib/plugins/indexmenu/syntax/indexmenu.php(479): syntax_plugin_indexmenu_indexmenu->_jsnodes()
  #2 /dokuwiki/lib/plugins/indexmenu/syntax/indexmenu.php(414): syntax_plugin_indexmenu_indexmenu->_jstree()
  #3 /dokuwiki/lib/plugins/indexmenu/syntax/indexmenu.php(357): syntax_plugin_indexmenu_indexmenu->_indexmenu()
  #4 /dokuwiki/inc/parser/renderer.php(119): syntax_plugin_indexmenu_indexmenu->render()
  #5 /dokuwiki/inc/parserutils.php(700): Doku_Renderer->plugin()
  #6 /dokuwiki/inc/parserutils.php(158): p_render()
  #7 /dokuwiki/inc/parserutils.php(96): p_cached_output()
  #8 /dokuwiki/inc/template.php(1592): p_wiki_xhtml()
  #9 /dokuwiki/lib/tpl/mindthedark/main.php(81): tpl_include_page()
  #10 /dokuwiki/inc/actions.php(27): include('...')
  #11 /dokuwiki/doku.php(126): act_dispatch()
  #12 {main}
2023-05-11 09:10:17	/dokuwiki/lib/plugins/indexmenu/syntax/indexmenu.php(528)	E_WARNING: Undefined array key -1
  #0 /dokuwiki/lib/plugins/indexmenu/syntax/indexmenu.php(528): dokuwiki\ErrorHandler::errorHandler()
  #1 /dokuwiki/lib/plugins/indexmenu/syntax/indexmenu.php(479): syntax_plugin_indexmenu_indexmenu->_jsnodes()
  #2 /dokuwiki/lib/plugins/indexmenu/syntax/indexmenu.php(414): syntax_plugin_indexmenu_indexmenu->_jstree()
  #3 /dokuwiki/lib/plugins/indexmenu/syntax/indexmenu.php(357): syntax_plugin_indexmenu_indexmenu->_indexmenu()
  #4 /dokuwiki/inc/parser/renderer.php(119): syntax_plugin_indexmenu_indexmenu->render()
  #5 /dokuwiki/inc/parserutils.php(700): Doku_Renderer->plugin()
  #6 /dokuwiki/inc/parserutils.php(158): p_render()
  #7 /dokuwiki/inc/parserutils.php(96): p_cached_output()
  #8 /dokuwiki/inc/template.php(1592): p_wiki_xhtml()
  #9 /dokuwiki/lib/tpl/mindthedark/main.php(81): tpl_include_page()
  #10 /dokuwiki/inc/actions.php(27): include('...')
  #11 /dokuwiki/doku.php(126): act_dispatch()
  #12 {main}
2023-05-11 09:10:17	/dokuwiki/lib/plugins/indexmenu/syntax/indexmenu.php(528)	E_WARNING: Trying to access array offset on value of type null
  #0 /dokuwiki/lib/plugins/indexmenu/syntax/indexmenu.php(528): dokuwiki\ErrorHandler::errorHandler()
  #1 /dokuwiki/lib/plugins/indexmenu/syntax/indexmenu.php(479): syntax_plugin_indexmenu_indexmenu->_jsnodes()
  #2 /dokuwiki/lib/plugins/indexmenu/syntax/indexmenu.php(414): syntax_plugin_indexmenu_indexmenu->_jstree()
  #3 /dokuwiki/lib/plugins/indexmenu/syntax/indexmenu.php(357): syntax_plugin_indexmenu_indexmenu->_indexmenu()
  #4 /dokuwiki/inc/parser/renderer.php(119): syntax_plugin_indexmenu_indexmenu->render()
  #5 /dokuwiki/inc/parserutils.php(700): Doku_Renderer->plugin()
  #6 /dokuwiki/inc/parserutils.php(158): p_render()
  #7 /dokuwiki/inc/parserutils.php(96): p_cached_output()
  #8 /dokuwiki/inc/template.php(1592): p_wiki_xhtml()
  #9 /dokuwiki/lib/tpl/mindthedark/main.php(81): tpl_include_page()
  #10 /dokuwiki/inc/actions.php(27): include('...')
  #11 /dokuwiki/doku.php(126): act_dispatch()
  #12 {main}
2023-05-11 09:10:17	/dokuwiki/lib/plugins/indexmenu/syntax/indexmenu.php(528)	E_WARNING: Undefined array key -1
  #0 /dokuwiki/lib/plugins/indexmenu/syntax/indexmenu.php(528): dokuwiki\ErrorHandler::errorHandler()
  #1 /dokuwiki/lib/plugins/indexmenu/syntax/indexmenu.php(479): syntax_plugin_indexmenu_indexmenu->_jsnodes()
  #2 /dokuwiki/lib/plugins/indexmenu/syntax/indexmenu.php(414): syntax_plugin_indexmenu_indexmenu->_jstree()
  #3 /dokuwiki/lib/plugins/indexmenu/syntax/indexmenu.php(357): syntax_plugin_indexmenu_indexmenu->_indexmenu()
  #4 /dokuwiki/inc/parser/renderer.php(119): syntax_plugin_indexmenu_indexmenu->render()
  #5 /dokuwiki/inc/parserutils.php(700): Doku_Renderer->plugin()
  #6 /dokuwiki/inc/parserutils.php(158): p_render()
  #7 /dokuwiki/inc/parserutils.php(96): p_cached_output()
  #8 /dokuwiki/inc/template.php(1592): p_wiki_xhtml()
  #9 /dokuwiki/lib/tpl/mindthedark/main.php(81): tpl_include_page()
  #10 /dokuwiki/inc/actions.php(27): include('...')
  #11 /dokuwiki/doku.php(126): act_dispatch()
  #12 {main}
2023-05-11 09:10:17	/dokuwiki/lib/plugins/indexmenu/syntax/indexmenu.php(528)	E_WARNING: Trying to access array offset on value of type null
  #0 /dokuwiki/lib/plugins/indexmenu/syntax/indexmenu.php(528): dokuwiki\ErrorHandler::errorHandler()
  #1 /dokuwiki/lib/plugins/indexmenu/syntax/indexmenu.php(479): syntax_plugin_indexmenu_indexmenu->_jsnodes()
  #2 /dokuwiki/lib/plugins/indexmenu/syntax/indexmenu.php(414): syntax_plugin_indexmenu_indexmenu->_jstree()
  #3 /dokuwiki/lib/plugins/indexmenu/syntax/indexmenu.php(357): syntax_plugin_indexmenu_indexmenu->_indexmenu()
  #4 /dokuwiki/inc/parser/renderer.php(119): syntax_plugin_indexmenu_indexmenu->render()
  #5 /dokuwiki/inc/parserutils.php(700): Doku_Renderer->plugin()
  #6 /dokuwiki/inc/parserutils.php(158): p_render()
  #7 /dokuwiki/inc/parserutils.php(96): p_cached_output()
  #8 /dokuwiki/inc/template.php(1592): p_wiki_xhtml()
  #9 /dokuwiki/lib/tpl/mindthedark/main.php(81): tpl_include_page()
  #10 /dokuwiki/inc/actions.php(27): include('...')
  #11 /dokuwiki/doku.php(126): act_dispatch()
  #12 {main}
2023-05-11 09:10:17	/dokuwiki/lib/plugins/indexmenu/syntax/indexmenu.php(528)	E_WARNING: Undefined array key -1
  #0 /dokuwiki/lib/plugins/indexmenu/syntax/indexmenu.php(528): dokuwiki\ErrorHandler::errorHandler()
  #1 /dokuwiki/lib/plugins/indexmenu/syntax/indexmenu.php(479): syntax_plugin_indexmenu_indexmenu->_jsnodes()
  #2 /dokuwiki/lib/plugins/indexmenu/syntax/indexmenu.php(414): syntax_plugin_indexmenu_indexmenu->_jstree()
  #3 /dokuwiki/lib/plugins/indexmenu/syntax/indexmenu.php(357): syntax_plugin_indexmenu_indexmenu->_indexmenu()
  #4 /dokuwiki/inc/parser/renderer.php(119): syntax_plugin_indexmenu_indexmenu->render()
  #5 /dokuwiki/inc/parserutils.php(700): Doku_Renderer->plugin()
  #6 /dokuwiki/inc/parserutils.php(158): p_render()
  #7 /dokuwiki/inc/parserutils.php(96): p_cached_output()
  #8 /dokuwiki/inc/template.php(1592): p_wiki_xhtml()
  #9 /dokuwiki/lib/tpl/mindthedark/main.php(81): tpl_include_page()
  #10 /dokuwiki/inc/actions.php(27): include('...')
  #11 /dokuwiki/doku.php(126): act_dispatch()
  #12 {main}
2023-05-11 09:10:17	/dokuwiki/lib/plugins/indexmenu/syntax/indexmenu.php(528)	E_WARNING: Trying to access array offset on value of type null
  #0 /dokuwiki/lib/plugins/indexmenu/syntax/indexmenu.php(528): dokuwiki\ErrorHandler::errorHandler()
  #1 /dokuwiki/lib/plugins/indexmenu/syntax/indexmenu.php(479): syntax_plugin_indexmenu_indexmenu->_jsnodes()
  #2 /dokuwiki/lib/plugins/indexmenu/syntax/indexmenu.php(414): syntax_plugin_indexmenu_indexmenu->_jstree()
  #3 /dokuwiki/lib/plugins/indexmenu/syntax/indexmenu.php(357): syntax_plugin_indexmenu_indexmenu->_indexmenu()
  #4 /dokuwiki/inc/parser/renderer.php(119): syntax_plugin_indexmenu_indexmenu->render()
  #5 /dokuwiki/inc/parserutils.php(700): Doku_Renderer->plugin()
  #6 /dokuwiki/inc/parserutils.php(158): p_render()
  #7 /dokuwiki/inc/parserutils.php(96): p_cached_output()
  #8 /dokuwiki/inc/template.php(1592): p_wiki_xhtml()
  #9 /dokuwiki/lib/tpl/mindthedark/main.php(81): tpl_include_page()
  #10 /dokuwiki/inc/actions.php(27): include('...')
  #11 /dokuwiki/doku.php(126): act_dispatch()
  #12 {main}
2023-05-11 09:10:17	/dokuwiki/lib/plugins/indexmenu/syntax/indexmenu.php(528)	E_WARNING: Undefined array key -1
  #0 /dokuwiki/lib/plugins/indexmenu/syntax/indexmenu.php(528): dokuwiki\ErrorHandler::errorHandler()
  #1 /dokuwiki/lib/plugins/indexmenu/syntax/indexmenu.php(479): syntax_plugin_indexmenu_indexmenu->_jsnodes()
  #2 /dokuwiki/lib/plugins/indexmenu/syntax/indexmenu.php(414): syntax_plugin_indexmenu_indexmenu->_jstree()
  #3 /dokuwiki/lib/plugins/indexmenu/syntax/indexmenu.php(357): syntax_plugin_indexmenu_indexmenu->_indexmenu()
  #4 /dokuwiki/inc/parser/renderer.php(119): syntax_plugin_indexmenu_indexmenu->render()
  #5 /dokuwiki/inc/parserutils.php(700): Doku_Renderer->plugin()
  #6 /dokuwiki/inc/parserutils.php(158): p_render()
  #7 /dokuwiki/inc/parserutils.php(96): p_cached_output()
  #8 /dokuwiki/inc/template.php(1592): p_wiki_xhtml()
  #9 /dokuwiki/lib/tpl/mindthedark/main.php(81): tpl_include_page()
  #10 /dokuwiki/inc/actions.php(27): include('...')
  #11 /dokuwiki/doku.php(126): act_dispatch()
  #12 {main}
2023-05-11 09:10:17	/dokuwiki/lib/plugins/indexmenu/syntax/indexmenu.php(528)	E_WARNING: Trying to access array offset on value of type null
  #0 /dokuwiki/lib/plugins/indexmenu/syntax/indexmenu.php(528): dokuwiki\ErrorHandler::errorHandler()
  #1 /dokuwiki/lib/plugins/indexmenu/syntax/indexmenu.php(479): syntax_plugin_indexmenu_indexmenu->_jsnodes()
  #2 /dokuwiki/lib/plugins/indexmenu/syntax/indexmenu.php(414): syntax_plugin_indexmenu_indexmenu->_jstree()
  #3 /dokuwiki/lib/plugins/indexmenu/syntax/indexmenu.php(357): syntax_plugin_indexmenu_indexmenu->_indexmenu()
  #4 /dokuwiki/inc/parser/renderer.php(119): syntax_plugin_indexmenu_indexmenu->render()
  #5 /dokuwiki/inc/parserutils.php(700): Doku_Renderer->plugin()
  #6 /dokuwiki/inc/parserutils.php(158): p_render()
  #7 /dokuwiki/inc/parserutils.php(96): p_cached_output()
  #8 /dokuwiki/inc/template.php(1592): p_wiki_xhtml()
  #9 /dokuwiki/lib/tpl/mindthedark/main.php(81): tpl_include_page()
  #10 /dokuwiki/inc/actions.php(27): include('...')
  #11 /dokuwiki/doku.php(126): act_dispatch()
  #12 {main}
2023-05-11 09:10:17	/dokuwiki/lib/plugins/indexmenu/syntax/indexmenu.php(528)	E_WARNING: Undefined array key -1
  #0 /dokuwiki/lib/plugins/indexmenu/syntax/indexmenu.php(528): dokuwiki\ErrorHandler::errorHandler()
  #1 /dokuwiki/lib/plugins/indexmenu/syntax/indexmenu.php(479): syntax_plugin_indexmenu_indexmenu->_jsnodes()
  #2 /dokuwiki/lib/plugins/indexmenu/syntax/indexmenu.php(414): syntax_plugin_indexmenu_indexmenu->_jstree()
  #3 /dokuwiki/lib/plugins/indexmenu/syntax/indexmenu.php(357): syntax_plugin_indexmenu_indexmenu->_indexmenu()
  #4 /dokuwiki/inc/parser/renderer.php(119): syntax_plugin_indexmenu_indexmenu->render()
  #5 /dokuwiki/inc/parserutils.php(700): Doku_Renderer->plugin()
  #6 /dokuwiki/inc/parserutils.php(158): p_render()
  #7 /dokuwiki/inc/parserutils.php(96): p_cached_output()
  #8 /dokuwiki/inc/template.php(1592): p_wiki_xhtml()
  #9 /dokuwiki/lib/tpl/mindthedark/main.php(81): tpl_include_page()
  #10 /dokuwiki/inc/actions.php(27): include('...')
  #11 /dokuwiki/doku.php(126): act_dispatch()
  #12 {main}
2023-05-11 09:10:17	/dokuwiki/lib/plugins/indexmenu/syntax/indexmenu.php(528)	E_WARNING: Trying to access array offset on value of type null
  #0 /dokuwiki/lib/plugins/indexmenu/syntax/indexmenu.php(528): dokuwiki\ErrorHandler::errorHandler()
  #1 /dokuwiki/lib/plugins/indexmenu/syntax/indexmenu.php(479): syntax_plugin_indexmenu_indexmenu->_jsnodes()
  #2 /dokuwiki/lib/plugins/indexmenu/syntax/indexmenu.php(414): syntax_plugin_indexmenu_indexmenu->_jstree()
  #3 /dokuwiki/lib/plugins/indexmenu/syntax/indexmenu.php(357): syntax_plugin_indexmenu_indexmenu->_indexmenu()
  #4 /dokuwiki/inc/parser/renderer.php(119): syntax_plugin_indexmenu_indexmenu->render()
  #5 /dokuwiki/inc/parserutils.php(700): Doku_Renderer->plugin()
  #6 /dokuwiki/inc/parserutils.php(158): p_render()
  #7 /dokuwiki/inc/parserutils.php(96): p_cached_output()
  #8 /dokuwiki/inc/template.php(1592): p_wiki_xhtml()
  #9 /dokuwiki/lib/tpl/mindthedark/main.php(81): tpl_include_page()
  #10 /dokuwiki/inc/actions.php(27): include('...')
  #11 /dokuwiki/doku.php(126): act_dispatch()
  #12 {main}
2023-05-11 09:10:17	/dokuwiki/lib/plugins/indexmenu/syntax/indexmenu.php(528)	E_WARNING: Undefined array key -1
  #0 /dokuwiki/lib/plugins/indexmenu/syntax/indexmenu.php(528): dokuwiki\ErrorHandler::errorHandler()
  #1 /dokuwiki/lib/plugins/indexmenu/syntax/indexmenu.php(479): syntax_plugin_indexmenu_indexmenu->_jsnodes()
  #2 /dokuwiki/lib/plugins/indexmenu/syntax/indexmenu.php(414): syntax_plugin_indexmenu_indexmenu->_jstree()
  #3 /dokuwiki/lib/plugins/indexmenu/syntax/indexmenu.php(357): syntax_plugin_indexmenu_indexmenu->_indexmenu()
  #4 /dokuwiki/inc/parser/renderer.php(119): syntax_plugin_indexmenu_indexmenu->render()
  #5 /dokuwiki/inc/parserutils.php(700): Doku_Renderer->plugin()
  #6 /dokuwiki/inc/parserutils.php(158): p_render()
  #7 /dokuwiki/inc/parserutils.php(96): p_cached_output()
  #8 /dokuwiki/inc/template.php(1592): p_wiki_xhtml()
  #9 /dokuwiki/lib/tpl/mindthedark/main.php(81): tpl_include_page()
  #10 /dokuwiki/inc/actions.php(27): include('...')
  #11 /dokuwiki/doku.php(126): act_dispatch()
  #12 {main}
2023-05-11 09:10:17	/dokuwiki/lib/plugins/indexmenu/syntax/indexmenu.php(528)	E_WARNING: Trying to access array offset on value of type null
  #0 /dokuwiki/lib/plugins/indexmenu/syntax/indexmenu.php(528): dokuwiki\ErrorHandler::errorHandler()
  #1 /dokuwiki/lib/plugins/indexmenu/syntax/indexmenu.php(479): syntax_plugin_indexmenu_indexmenu->_jsnodes()
  #2 /dokuwiki/lib/plugins/indexmenu/syntax/indexmenu.php(414): syntax_plugin_indexmenu_indexmenu->_jstree()
  #3 /dokuwiki/lib/plugins/indexmenu/syntax/indexmenu.php(357): syntax_plugin_indexmenu_indexmenu->_indexmenu()
  #4 /dokuwiki/inc/parser/renderer.php(119): syntax_plugin_indexmenu_indexmenu->render()
  #5 /dokuwiki/inc/parserutils.php(700): Doku_Renderer->plugin()
  #6 /dokuwiki/inc/parserutils.php(158): p_render()
  #7 /dokuwiki/inc/parserutils.php(96): p_cached_output()
  #8 /dokuwiki/inc/template.php(1592): p_wiki_xhtml()
  #9 /dokuwiki/lib/tpl/mindthedark/main.php(81): tpl_include_page()
  #10 /dokuwiki/inc/actions.php(27): include('...')
  #11 /dokuwiki/doku.php(126): act_dispatch()
  #12 {main}
2023-05-11 16:33:01	/dokuwiki/lib/plugins/indexmenu/syntax/indexmenu.php(528)	E_WARNING: Undefined array key -1
  #0 /dokuwiki/lib/plugins/indexmenu/syntax/indexmenu.php(528): dokuwiki\ErrorHandler::errorHandler()
  #1 /dokuwiki/lib/plugins/indexmenu/syntax/indexmenu.php(479): syntax_plugin_indexmenu_indexmenu->_jsnodes()
  #2 /dokuwiki/lib/plugins/indexmenu/syntax/indexmenu.php(414): syntax_plugin_indexmenu_indexmenu->_jstree()
  #3 /dokuwiki/lib/plugins/indexmenu/syntax/indexmenu.php(357): syntax_plugin_indexmenu_indexmenu->_indexmenu()
  #4 /dokuwiki/inc/parser/renderer.php(119): syntax_plugin_indexmenu_indexmenu->render()
  #5 /dokuwiki/inc/parserutils.php(700): Doku_Renderer->plugin()
  #6 /dokuwiki/inc/parserutils.php(158): p_render()
  #7 /dokuwiki/inc/parserutils.php(96): p_cached_output()
  #8 /dokuwiki/inc/template.php(1592): p_wiki_xhtml()
  #9 /dokuwiki/lib/tpl/mindthedark/main.php(81): tpl_include_page()
  #10 /dokuwiki/inc/actions.php(27): include('...')
  #11 /dokuwiki/doku.php(126): act_dispatch()
  #12 {main}
2023-05-11 16:33:01	/dokuwiki/lib/plugins/indexmenu/syntax/indexmenu.php(528)	E_WARNING: Trying to access array offset on value of type null
  #0 /dokuwiki/lib/plugins/indexmenu/syntax/indexmenu.php(528): dokuwiki\ErrorHandler::errorHandler()
  #1 /dokuwiki/lib/plugins/indexmenu/syntax/indexmenu.php(479): syntax_plugin_indexmenu_indexmenu->_jsnodes()
  #2 /dokuwiki/lib/plugins/indexmenu/syntax/indexmenu.php(414): syntax_plugin_indexmenu_indexmenu->_jstree()
  #3 /dokuwiki/lib/plugins/indexmenu/syntax/indexmenu.php(357): syntax_plugin_indexmenu_indexmenu->_indexmenu()
  #4 /dokuwiki/inc/parser/renderer.php(119): syntax_plugin_indexmenu_indexmenu->render()
  #5 /dokuwiki/inc/parserutils.php(700): Doku_Renderer->plugin()
  #6 /dokuwiki/inc/parserutils.php(158): p_render()
  #7 /dokuwiki/inc/parserutils.php(96): p_cached_output()
  #8 /dokuwiki/inc/template.php(1592): p_wiki_xhtml()
  #9 /dokuwiki/lib/tpl/mindthedark/main.php(81): tpl_include_page()
  #10 /dokuwiki/inc/actions.php(27): include('...')
  #11 /dokuwiki/doku.php(126): act_dispatch()
  #12 {main}
2023-05-11 16:33:01	/dokuwiki/lib/plugins/indexmenu/syntax/indexmenu.php(528)	E_WARNING: Undefined array key -1
  #0 /dokuwiki/lib/plugins/indexmenu/syntax/indexmenu.php(528): dokuwiki\ErrorHandler::errorHandler()
  #1 /dokuwiki/lib/plugins/indexmenu/syntax/indexmenu.php(479): syntax_plugin_indexmenu_indexmenu->_jsnodes()
  #2 /dokuwiki/lib/plugins/indexmenu/syntax/indexmenu.php(414): syntax_plugin_indexmenu_indexmenu->_jstree()
  #3 /dokuwiki/lib/plugins/indexmenu/syntax/indexmenu.php(357): syntax_plugin_indexmenu_indexmenu->_indexmenu()
  #4 /dokuwiki/inc/parser/renderer.php(119): syntax_plugin_indexmenu_indexmenu->render()
  #5 /dokuwiki/inc/parserutils.php(700): Doku_Renderer->plugin()
  #6 /dokuwiki/inc/parserutils.php(158): p_render()
  #7 /dokuwiki/inc/parserutils.php(96): p_cached_output()
  #8 /dokuwiki/inc/template.php(1592): p_wiki_xhtml()
  #9 /dokuwiki/lib/tpl/mindthedark/main.php(81): tpl_include_page()
  #10 /dokuwiki/inc/actions.php(27): include('...')
  #11 /dokuwiki/doku.php(126): act_dispatch()
  #12 {main}
2023-05-11 16:33:01	/dokuwiki/lib/plugins/indexmenu/syntax/indexmenu.php(528)	E_WARNING: Trying to access array offset on value of type null
  #0 /dokuwiki/lib/plugins/indexmenu/syntax/indexmenu.php(528): dokuwiki\ErrorHandler::errorHandler()
  #1 /dokuwiki/lib/plugins/indexmenu/syntax/indexmenu.php(479): syntax_plugin_indexmenu_indexmenu->_jsnodes()
  #2 /dokuwiki/lib/plugins/indexmenu/syntax/indexmenu.php(414): syntax_plugin_indexmenu_indexmenu->_jstree()
  #3 /dokuwiki/lib/plugins/indexmenu/syntax/indexmenu.php(357): syntax_plugin_indexmenu_indexmenu->_indexmenu()
  #4 /dokuwiki/inc/parser/renderer.php(119): syntax_plugin_indexmenu_indexmenu->render()
  #5 /dokuwiki/inc/parserutils.php(700): Doku_Renderer->plugin()
  #6 /dokuwiki/inc/parserutils.php(158): p_render()
  #7 /dokuwiki/inc/parserutils.php(96): p_cached_output()
  #8 /dokuwiki/inc/template.php(1592): p_wiki_xhtml()
  #9 /dokuwiki/lib/tpl/mindthedark/main.php(81): tpl_include_page()
  #10 /dokuwiki/inc/actions.php(27): include('...')
  #11 /dokuwiki/doku.php(126): act_dispatch()
  #12 {main}
2023-05-11 16:33:01	/dokuwiki/lib/plugins/indexmenu/syntax/indexmenu.php(528)	E_WARNING: Undefined array key -1
  #0 /dokuwiki/lib/plugins/indexmenu/syntax/indexmenu.php(528): dokuwiki\ErrorHandler::errorHandler()
  #1 /dokuwiki/lib/plugins/indexmenu/syntax/indexmenu.php(479): syntax_plugin_indexmenu_indexmenu->_jsnodes()
  #2 /dokuwiki/lib/plugins/indexmenu/syntax/indexmenu.php(414): syntax_plugin_indexmenu_indexmenu->_jstree()
  #3 /dokuwiki/lib/plugins/indexmenu/syntax/indexmenu.php(357): syntax_plugin_indexmenu_indexmenu->_indexmenu()
  #4 /dokuwiki/inc/parser/renderer.php(119): syntax_plugin_indexmenu_indexmenu->render()
  #5 /dokuwiki/inc/parserutils.php(700): Doku_Renderer->plugin()
  #6 /dokuwiki/inc/parserutils.php(158): p_render()
  #7 /dokuwiki/inc/parserutils.php(96): p_cached_output()
  #8 /dokuwiki/inc/template.php(1592): p_wiki_xhtml()
  #9 /dokuwiki/lib/tpl/mindthedark/main.php(81): tpl_include_page()
  #10 /dokuwiki/inc/actions.php(27): include('...')
  #11 /dokuwiki/doku.php(126): act_dispatch()
  #12 {main}
2023-05-11 16:33:01	/dokuwiki/lib/plugins/indexmenu/syntax/indexmenu.php(528)	E_WARNING: Trying to access array offset on value of type null
  #0 /dokuwiki/lib/plugins/indexmenu/syntax/indexmenu.php(528): dokuwiki\ErrorHandler::errorHandler()
  #1 /dokuwiki/lib/plugins/indexmenu/syntax/indexmenu.php(479): syntax_plugin_indexmenu_indexmenu->_jsnodes()
  #2 /dokuwiki/lib/plugins/indexmenu/syntax/indexmenu.php(414): syntax_plugin_indexmenu_indexmenu->_jstree()
  #3 /dokuwiki/lib/plugins/indexmenu/syntax/indexmenu.php(357): syntax_plugin_indexmenu_indexmenu->_indexmenu()
  #4 /dokuwiki/inc/parser/renderer.php(119): syntax_plugin_indexmenu_indexmenu->render()
  #5 /dokuwiki/inc/parserutils.php(700): Doku_Renderer->plugin()
  #6 /dokuwiki/inc/parserutils.php(158): p_render()
  #7 /dokuwiki/inc/parserutils.php(96): p_cached_output()
  #8 /dokuwiki/inc/template.php(1592): p_wiki_xhtml()
  #9 /dokuwiki/lib/tpl/mindthedark/main.php(81): tpl_include_page()
  #10 /dokuwiki/inc/actions.php(27): include('...')
  #11 /dokuwiki/doku.php(126): act_dispatch()
  #12 {main}
2023-05-11 16:33:01	/dokuwiki/lib/plugins/indexmenu/syntax/indexmenu.php(528)	E_WARNING: Undefined array key -1
  #0 /dokuwiki/lib/plugins/indexmenu/syntax/indexmenu.php(528): dokuwiki\ErrorHandler::errorHandler()
  #1 /dokuwiki/lib/plugins/indexmenu/syntax/indexmenu.php(479): syntax_plugin_indexmenu_indexmenu->_jsnodes()
  #2 /dokuwiki/lib/plugins/indexmenu/syntax/indexmenu.php(414): syntax_plugin_indexmenu_indexmenu->_jstree()
  #3 /dokuwiki/lib/plugins/indexmenu/syntax/indexmenu.php(357): syntax_plugin_indexmenu_indexmenu->_indexmenu()
  #4 /dokuwiki/inc/parser/renderer.php(119): syntax_plugin_indexmenu_indexmenu->render()
  #5 /dokuwiki/inc/parserutils.php(700): Doku_Renderer->plugin()
  #6 /dokuwiki/inc/parserutils.php(158): p_render()
  #7 /dokuwiki/inc/parserutils.php(96): p_cached_output()
  #8 /dokuwiki/inc/template.php(1592): p_wiki_xhtml()
  #9 /dokuwiki/lib/tpl/mindthedark/main.php(81): tpl_include_page()
  #10 /dokuwiki/inc/actions.php(27): include('...')
  #11 /dokuwiki/doku.php(126): act_dispatch()
  #12 {main}
2023-05-11 16:33:01	/dokuwiki/lib/plugins/indexmenu/syntax/indexmenu.php(528)	E_WARNING: Trying to access array offset on value of type null
  #0 /dokuwiki/lib/plugins/indexmenu/syntax/indexmenu.php(528): dokuwiki\ErrorHandler::errorHandler()
  #1 /dokuwiki/lib/plugins/indexmenu/syntax/indexmenu.php(479): syntax_plugin_indexmenu_indexmenu->_jsnodes()
  #2 /dokuwiki/lib/plugins/indexmenu/syntax/indexmenu.php(414): syntax_plugin_indexmenu_indexmenu->_jstree()
  #3 /dokuwiki/lib/plugins/indexmenu/syntax/indexmenu.php(357): syntax_plugin_indexmenu_indexmenu->_indexmenu()
  #4 /dokuwiki/inc/parser/renderer.php(119): syntax_plugin_indexmenu_indexmenu->render()
  #5 /dokuwiki/inc/parserutils.php(700): Doku_Renderer->plugin()
  #6 /dokuwiki/inc/parserutils.php(158): p_render()
  #7 /dokuwiki/inc/parserutils.php(96): p_cached_output()
  #8 /dokuwiki/inc/template.php(1592): p_wiki_xhtml()
  #9 /dokuwiki/lib/tpl/mindthedark/main.php(81): tpl_include_page()
  #10 /dokuwiki/inc/actions.php(27): include('...')
  #11 /dokuwiki/doku.php(126): act_dispatch()
  #12 {main}
2023-05-11 16:33:01	/dokuwiki/lib/plugins/indexmenu/syntax/indexmenu.php(528)	E_WARNING: Undefined array key -1
  #0 /dokuwiki/lib/plugins/indexmenu/syntax/indexmenu.php(528): dokuwiki\ErrorHandler::errorHandler()
  #1 /dokuwiki/lib/plugins/indexmenu/syntax/indexmenu.php(479): syntax_plugin_indexmenu_indexmenu->_jsnodes()
  #2 /dokuwiki/lib/plugins/indexmenu/syntax/indexmenu.php(414): syntax_plugin_indexmenu_indexmenu->_jstree()
  #3 /dokuwiki/lib/plugins/indexmenu/syntax/indexmenu.php(357): syntax_plugin_indexmenu_indexmenu->_indexmenu()
  #4 /dokuwiki/inc/parser/renderer.php(119): syntax_plugin_indexmenu_indexmenu->render()
  #5 /dokuwiki/inc/parserutils.php(700): Doku_Renderer->plugin()
  #6 /dokuwiki/inc/parserutils.php(158): p_render()
  #7 /dokuwiki/inc/parserutils.php(96): p_cached_output()
  #8 /dokuwiki/inc/template.php(1592): p_wiki_xhtml()
  #9 /dokuwiki/lib/tpl/mindthedark/main.php(81): tpl_include_page()
  #10 /dokuwiki/inc/actions.php(27): include('...')
  #11 /dokuwiki/doku.php(126): act_dispatch()
  #12 {main}
2023-05-11 16:33:01	/dokuwiki/lib/plugins/indexmenu/syntax/indexmenu.php(528)	E_WARNING: Trying to access array offset on value of type null
  #0 /dokuwiki/lib/plugins/indexmenu/syntax/indexmenu.php(528): dokuwiki\ErrorHandler::errorHandler()
  #1 /dokuwiki/lib/plugins/indexmenu/syntax/indexmenu.php(479): syntax_plugin_indexmenu_indexmenu->_jsnodes()
  #2 /dokuwiki/lib/plugins/indexmenu/syntax/indexmenu.php(414): syntax_plugin_indexmenu_indexmenu->_jstree()
  #3 /dokuwiki/lib/plugins/indexmenu/syntax/indexmenu.php(357): syntax_plugin_indexmenu_indexmenu->_indexmenu()
  #4 /dokuwiki/inc/parser/renderer.php(119): syntax_plugin_indexmenu_indexmenu->render()
  #5 /dokuwiki/inc/parserutils.php(700): Doku_Renderer->plugin()
  #6 /dokuwiki/inc/parserutils.php(158): p_render()
  #7 /dokuwiki/inc/parserutils.php(96): p_cached_output()
  #8 /dokuwiki/inc/template.php(1592): p_wiki_xhtml()
  #9 /dokuwiki/lib/tpl/mindthedark/main.php(81): tpl_include_page()
  #10 /dokuwiki/inc/actions.php(27): include('...')
  #11 /dokuwiki/doku.php(126): act_dispatch()
  #12 {main}
2023-05-11 16:33:01	/dokuwiki/lib/plugins/indexmenu/syntax/indexmenu.php(528)	E_WARNING: Undefined array key -1
  #0 /dokuwiki/lib/plugins/indexmenu/syntax/indexmenu.php(528): dokuwiki\ErrorHandler::errorHandler()
  #1 /dokuwiki/lib/plugins/indexmenu/syntax/indexmenu.php(479): syntax_plugin_indexmenu_indexmenu->_jsnodes()
  #2 /dokuwiki/lib/plugins/indexmenu/syntax/indexmenu.php(414): syntax_plugin_indexmenu_indexmenu->_jstree()
  #3 /dokuwiki/lib/plugins/indexmenu/syntax/indexmenu.php(357): syntax_plugin_indexmenu_indexmenu->_indexmenu()
  #4 /dokuwiki/inc/parser/renderer.php(119): syntax_plugin_indexmenu_indexmenu->render()
  #5 /dokuwiki/inc/parserutils.php(700): Doku_Renderer->plugin()
  #6 /dokuwiki/inc/parserutils.php(158): p_render()
  #7 /dokuwiki/inc/parserutils.php(96): p_cached_output()
  #8 /dokuwiki/inc/template.php(1592): p_wiki_xhtml()
  #9 /dokuwiki/lib/tpl/mindthedark/main.php(81): tpl_include_page()
  #10 /dokuwiki/inc/actions.php(27): include('...')
  #11 /dokuwiki/doku.php(126): act_dispatch()
  #12 {main}
2023-05-11 16:33:01	/dokuwiki/lib/plugins/indexmenu/syntax/indexmenu.php(528)	E_WARNING: Trying to access array offset on value of type null
  #0 /dokuwiki/lib/plugins/indexmenu/syntax/indexmenu.php(528): dokuwiki\ErrorHandler::errorHandler()
  #1 /dokuwiki/lib/plugins/indexmenu/syntax/indexmenu.php(479): syntax_plugin_indexmenu_indexmenu->_jsnodes()
  #2 /dokuwiki/lib/plugins/indexmenu/syntax/indexmenu.php(414): syntax_plugin_indexmenu_indexmenu->_jstree()
  #3 /dokuwiki/lib/plugins/indexmenu/syntax/indexmenu.php(357): syntax_plugin_indexmenu_indexmenu->_indexmenu()
  #4 /dokuwiki/inc/parser/renderer.php(119): syntax_plugin_indexmenu_indexmenu->render()
  #5 /dokuwiki/inc/parserutils.php(700): Doku_Renderer->plugin()
  #6 /dokuwiki/inc/parserutils.php(158): p_render()
  #7 /dokuwiki/inc/parserutils.php(96): p_cached_output()
  #8 /dokuwiki/inc/template.php(1592): p_wiki_xhtml()
  #9 /dokuwiki/lib/tpl/mindthedark/main.php(81): tpl_include_page()
  #10 /dokuwiki/inc/actions.php(27): include('...')
  #11 /dokuwiki/doku.php(126): act_dispatch()
  #12 {main}
2023-05-11 16:33:01	/dokuwiki/lib/plugins/indexmenu/syntax/indexmenu.php(528)	E_WARNING: Undefined array key -1
  #0 /dokuwiki/lib/plugins/indexmenu/syntax/indexmenu.php(528): dokuwiki\ErrorHandler::errorHandler()
  #1 /dokuwiki/lib/plugins/indexmenu/syntax/indexmenu.php(479): syntax_plugin_indexmenu_indexmenu->_jsnodes()
  #2 /dokuwiki/lib/plugins/indexmenu/syntax/indexmenu.php(414): syntax_plugin_indexmenu_indexmenu->_jstree()
  #3 /dokuwiki/lib/plugins/indexmenu/syntax/indexmenu.php(357): syntax_plugin_indexmenu_indexmenu->_indexmenu()
  #4 /dokuwiki/inc/parser/renderer.php(119): syntax_plugin_indexmenu_indexmenu->render()
  #5 /dokuwiki/inc/parserutils.php(700): Doku_Renderer->plugin()
  #6 /dokuwiki/inc/parserutils.php(158): p_render()
  #7 /dokuwiki/inc/parserutils.php(96): p_cached_output()
  #8 /dokuwiki/inc/template.php(1592): p_wiki_xhtml()
  #9 /dokuwiki/lib/tpl/mindthedark/main.php(81): tpl_include_page()
  #10 /dokuwiki/inc/actions.php(27): include('...')
  #11 /dokuwiki/doku.php(126): act_dispatch()
  #12 {main}
2023-05-11 16:33:01	/dokuwiki/lib/plugins/indexmenu/syntax/indexmenu.php(528)	E_WARNING: Trying to access array offset on value of type null
  #0 /dokuwiki/lib/plugins/indexmenu/syntax/indexmenu.php(528): dokuwiki\ErrorHandler::errorHandler()
  #1 /dokuwiki/lib/plugins/indexmenu/syntax/indexmenu.php(479): syntax_plugin_indexmenu_indexmenu->_jsnodes()
  #2 /dokuwiki/lib/plugins/indexmenu/syntax/indexmenu.php(414): syntax_plugin_indexmenu_indexmenu->_jstree()
  #3 /dokuwiki/lib/plugins/indexmenu/syntax/indexmenu.php(357): syntax_plugin_indexmenu_indexmenu->_indexmenu()
  #4 /dokuwiki/inc/parser/renderer.php(119): syntax_plugin_indexmenu_indexmenu->render()
  #5 /dokuwiki/inc/parserutils.php(700): Doku_Renderer->plugin()
  #6 /dokuwiki/inc/parserutils.php(158): p_render()
  #7 /dokuwiki/inc/parserutils.php(96): p_cached_output()
  #8 /dokuwiki/inc/template.php(1592): p_wiki_xhtml()
  #9 /dokuwiki/lib/tpl/mindthedark/main.php(81): tpl_include_page()
  #10 /dokuwiki/inc/actions.php(27): include('...')
  #11 /dokuwiki/doku.php(126): act_dispatch()
  #12 {main}
2023-05-11 16:33:01	/dokuwiki/lib/plugins/indexmenu/syntax/indexmenu.php(528)	E_WARNING: Undefined array key -1
  #0 /dokuwiki/lib/plugins/indexmenu/syntax/indexmenu.php(528): dokuwiki\ErrorHandler::errorHandler()
  #1 /dokuwiki/lib/plugins/indexmenu/syntax/indexmenu.php(479): syntax_plugin_indexmenu_indexmenu->_jsnodes()
  #2 /dokuwiki/lib/plugins/indexmenu/syntax/indexmenu.php(414): syntax_plugin_indexmenu_indexmenu->_jstree()
  #3 /dokuwiki/lib/plugins/indexmenu/syntax/indexmenu.php(357): syntax_plugin_indexmenu_indexmenu->_indexmenu()
  #4 /dokuwiki/inc/parser/renderer.php(119): syntax_plugin_indexmenu_indexmenu->render()
  #5 /dokuwiki/inc/parserutils.php(700): Doku_Renderer->plugin()
  #6 /dokuwiki/inc/parserutils.php(158): p_render()
  #7 /dokuwiki/inc/parserutils.php(96): p_cached_output()
  #8 /dokuwiki/inc/template.php(1592): p_wiki_xhtml()
  #9 /dokuwiki/lib/tpl/mindthedark/main.php(81): tpl_include_page()
  #10 /dokuwiki/inc/actions.php(27): include('...')
  #11 /dokuwiki/doku.php(126): act_dispatch()
  #12 {main}
2023-05-11 16:33:01	/dokuwiki/lib/plugins/indexmenu/syntax/indexmenu.php(528)	E_WARNING: Trying to access array offset on value of type null
  #0 /dokuwiki/lib/plugins/indexmenu/syntax/indexmenu.php(528): dokuwiki\ErrorHandler::errorHandler()
  #1 /dokuwiki/lib/plugins/indexmenu/syntax/indexmenu.php(479): syntax_plugin_indexmenu_indexmenu->_jsnodes()
  #2 /dokuwiki/lib/plugins/indexmenu/syntax/indexmenu.php(414): syntax_plugin_indexmenu_indexmenu->_jstree()
  #3 /dokuwiki/lib/plugins/indexmenu/syntax/indexmenu.php(357): syntax_plugin_indexmenu_indexmenu->_indexmenu()
  #4 /dokuwiki/inc/parser/renderer.php(119): syntax_plugin_indexmenu_indexmenu->render()
  #5 /dokuwiki/inc/parserutils.php(700): Doku_Renderer->plugin()
  #6 /dokuwiki/inc/parserutils.php(158): p_render()
  #7 /dokuwiki/inc/parserutils.php(96): p_cached_output()
  #8 /dokuwiki/inc/template.php(1592): p_wiki_xhtml()
  #9 /dokuwiki/lib/tpl/mindthedark/main.php(81): tpl_include_page()
  #10 /dokuwiki/inc/actions.php(27): include('...')
  #11 /dokuwiki/doku.php(126): act_dispatch()
  #12 {main}
2023-05-11 18:10:40	/dokuwiki/lib/plugins/indexmenu/syntax/indexmenu.php(528)	E_WARNING: Undefined array key -1
  #0 /dokuwiki/lib/plugins/indexmenu/syntax/indexmenu.php(528): dokuwiki\ErrorHandler::errorHandler()
  #1 /dokuwiki/lib/plugins/indexmenu/syntax/indexmenu.php(479): syntax_plugin_indexmenu_indexmenu->_jsnodes()
  #2 /dokuwiki/lib/plugins/indexmenu/syntax/indexmenu.php(414): syntax_plugin_indexmenu_indexmenu->_jstree()
  #3 /dokuwiki/lib/plugins/indexmenu/syntax/indexmenu.php(357): syntax_plugin_indexmenu_indexmenu->_indexmenu()
  #4 /dokuwiki/inc/parser/renderer.php(119): syntax_plugin_indexmenu_indexmenu->render()
  #5 /dokuwiki/inc/parserutils.php(700): Doku_Renderer->plugin()
  #6 /dokuwiki/inc/parserutils.php(158): p_render()
  #7 /dokuwiki/inc/parserutils.php(96): p_cached_output()
  #8 /dokuwiki/inc/template.php(1592): p_wiki_xhtml()
  #9 /dokuwiki/lib/tpl/mindthedark/main.php(81): tpl_include_page()
  #10 /dokuwiki/inc/actions.php(27): include('...')
  #11 /dokuwiki/doku.php(126): act_dispatch()
  #12 {main}
2023-05-11 18:10:40	/dokuwiki/lib/plugins/indexmenu/syntax/indexmenu.php(528)	E_WARNING: Trying to access array offset on value of type null
  #0 /dokuwiki/lib/plugins/indexmenu/syntax/indexmenu.php(528): dokuwiki\ErrorHandler::errorHandler()
  #1 /dokuwiki/lib/plugins/indexmenu/syntax/indexmenu.php(479): syntax_plugin_indexmenu_indexmenu->_jsnodes()
  #2 /dokuwiki/lib/plugins/indexmenu/syntax/indexmenu.php(414): syntax_plugin_indexmenu_indexmenu->_jstree()
  #3 /dokuwiki/lib/plugins/indexmenu/syntax/indexmenu.php(357): syntax_plugin_indexmenu_indexmenu->_indexmenu()
  #4 /dokuwiki/inc/parser/renderer.php(119): syntax_plugin_indexmenu_indexmenu->render()
  #5 /dokuwiki/inc/parserutils.php(700): Doku_Renderer->plugin()
  #6 /dokuwiki/inc/parserutils.php(158): p_render()
  #7 /dokuwiki/inc/parserutils.php(96): p_cached_output()
  #8 /dokuwiki/inc/template.php(1592): p_wiki_xhtml()
  #9 /dokuwiki/lib/tpl/mindthedark/main.php(81): tpl_include_page()
  #10 /dokuwiki/inc/actions.php(27): include('...')
  #11 /dokuwiki/doku.php(126): act_dispatch()
  #12 {main}
2023-05-11 18:10:40	/dokuwiki/lib/plugins/indexmenu/syntax/indexmenu.php(528)	E_WARNING: Undefined array key -1
  #0 /dokuwiki/lib/plugins/indexmenu/syntax/indexmenu.php(528): dokuwiki\ErrorHandler::errorHandler()
  #1 /dokuwiki/lib/plugins/indexmenu/syntax/indexmenu.php(479): syntax_plugin_indexmenu_indexmenu->_jsnodes()
  #2 /dokuwiki/lib/plugins/indexmenu/syntax/indexmenu.php(414): syntax_plugin_indexmenu_indexmenu->_jstree()
  #3 /dokuwiki/lib/plugins/indexmenu/syntax/indexmenu.php(357): syntax_plugin_indexmenu_indexmenu->_indexmenu()
  #4 /dokuwiki/inc/parser/renderer.php(119): syntax_plugin_indexmenu_indexmenu->render()
  #5 /dokuwiki/inc/parserutils.php(700): Doku_Renderer->plugin()
  #6 /dokuwiki/inc/parserutils.php(158): p_render()
  #7 /dokuwiki/inc/parserutils.php(96): p_cached_output()
  #8 /dokuwiki/inc/template.php(1592): p_wiki_xhtml()
  #9 /dokuwiki/lib/tpl/mindthedark/main.php(81): tpl_include_page()
  #10 /dokuwiki/inc/actions.php(27): include('...')
  #11 /dokuwiki/doku.php(126): act_dispatch()
  #12 {main}
2023-05-11 18:10:40	/dokuwiki/lib/plugins/indexmenu/syntax/indexmenu.php(528)	E_WARNING: Trying to access array offset on value of type null
  #0 /dokuwiki/lib/plugins/indexmenu/syntax/indexmenu.php(528): dokuwiki\ErrorHandler::errorHandler()
  #1 /dokuwiki/lib/plugins/indexmenu/syntax/indexmenu.php(479): syntax_plugin_indexmenu_indexmenu->_jsnodes()
  #2 /dokuwiki/lib/plugins/indexmenu/syntax/indexmenu.php(414): syntax_plugin_indexmenu_indexmenu->_jstree()
  #3 /dokuwiki/lib/plugins/indexmenu/syntax/indexmenu.php(357): syntax_plugin_indexmenu_indexmenu->_indexmenu()
  #4 /dokuwiki/inc/parser/renderer.php(119): syntax_plugin_indexmenu_indexmenu->render()
  #5 /dokuwiki/inc/parserutils.php(700): Doku_Renderer->plugin()
  #6 /dokuwiki/inc/parserutils.php(158): p_render()
  #7 /dokuwiki/inc/parserutils.php(96): p_cached_output()
  #8 /dokuwiki/inc/template.php(1592): p_wiki_xhtml()
  #9 /dokuwiki/lib/tpl/mindthedark/main.php(81): tpl_include_page()
  #10 /dokuwiki/inc/actions.php(27): include('...')
  #11 /dokuwiki/doku.php(126): act_dispatch()
  #12 {main}
2023-05-11 18:10:40	/dokuwiki/lib/plugins/indexmenu/syntax/indexmenu.php(528)	E_WARNING: Undefined array key -1
  #0 /dokuwiki/lib/plugins/indexmenu/syntax/indexmenu.php(528): dokuwiki\ErrorHandler::errorHandler()
  #1 /dokuwiki/lib/plugins/indexmenu/syntax/indexmenu.php(479): syntax_plugin_indexmenu_indexmenu->_jsnodes()
  #2 /dokuwiki/lib/plugins/indexmenu/syntax/indexmenu.php(414): syntax_plugin_indexmenu_indexmenu->_jstree()
  #3 /dokuwiki/lib/plugins/indexmenu/syntax/indexmenu.php(357): syntax_plugin_indexmenu_indexmenu->_indexmenu()
  #4 /dokuwiki/inc/parser/renderer.php(119): syntax_plugin_indexmenu_indexmenu->render()
  #5 /dokuwiki/inc/parserutils.php(700): Doku_Renderer->plugin()
  #6 /dokuwiki/inc/parserutils.php(158): p_render()
  #7 /dokuwiki/inc/parserutils.php(96): p_cached_output()
  #8 /dokuwiki/inc/template.php(1592): p_wiki_xhtml()
  #9 /dokuwiki/lib/tpl/mindthedark/main.php(81): tpl_include_page()
  #10 /dokuwiki/inc/actions.php(27): include('...')
  #11 /dokuwiki/doku.php(126): act_dispatch()
  #12 {main}
2023-05-11 18:10:40	/dokuwiki/lib/plugins/indexmenu/syntax/indexmenu.php(528)	E_WARNING: Trying to access array offset on value of type null
  #0 /dokuwiki/lib/plugins/indexmenu/syntax/indexmenu.php(528): dokuwiki\ErrorHandler::errorHandler()
  #1 /dokuwiki/lib/plugins/indexmenu/syntax/indexmenu.php(479): syntax_plugin_indexmenu_indexmenu->_jsnodes()
  #2 /dokuwiki/lib/plugins/indexmenu/syntax/indexmenu.php(414): syntax_plugin_indexmenu_indexmenu->_jstree()
  #3 /dokuwiki/lib/plugins/indexmenu/syntax/indexmenu.php(357): syntax_plugin_indexmenu_indexmenu->_indexmenu()
  #4 /dokuwiki/inc/parser/renderer.php(119): syntax_plugin_indexmenu_indexmenu->render()
  #5 /dokuwiki/inc/parserutils.php(700): Doku_Renderer->plugin()
  #6 /dokuwiki/inc/parserutils.php(158): p_render()
  #7 /dokuwiki/inc/parserutils.php(96): p_cached_output()
  #8 /dokuwiki/inc/template.php(1592): p_wiki_xhtml()
  #9 /dokuwiki/lib/tpl/mindthedark/main.php(81): tpl_include_page()
  #10 /dokuwiki/inc/actions.php(27): include('...')
  #11 /dokuwiki/doku.php(126): act_dispatch()
  #12 {main}
2023-05-11 18:10:40	/dokuwiki/lib/plugins/indexmenu/syntax/indexmenu.php(528)	E_WARNING: Undefined array key -1
  #0 /dokuwiki/lib/plugins/indexmenu/syntax/indexmenu.php(528): dokuwiki\ErrorHandler::errorHandler()
  #1 /dokuwiki/lib/plugins/indexmenu/syntax/indexmenu.php(479): syntax_plugin_indexmenu_indexmenu->_jsnodes()
  #2 /dokuwiki/lib/plugins/indexmenu/syntax/indexmenu.php(414): syntax_plugin_indexmenu_indexmenu->_jstree()
  #3 /dokuwiki/lib/plugins/indexmenu/syntax/indexmenu.php(357): syntax_plugin_indexmenu_indexmenu->_indexmenu()
  #4 /dokuwiki/inc/parser/renderer.php(119): syntax_plugin_indexmenu_indexmenu->render()
  #5 /dokuwiki/inc/parserutils.php(700): Doku_Renderer->plugin()
  #6 /dokuwiki/inc/parserutils.php(158): p_render()
  #7 /dokuwiki/inc/parserutils.php(96): p_cached_output()
  #8 /dokuwiki/inc/template.php(1592): p_wiki_xhtml()
  #9 /dokuwiki/lib/tpl/mindthedark/main.php(81): tpl_include_page()
  #10 /dokuwiki/inc/actions.php(27): include('...')
  #11 /dokuwiki/doku.php(126): act_dispatch()
  #12 {main}
2023-05-11 18:10:40	/dokuwiki/lib/plugins/indexmenu/syntax/indexmenu.php(528)	E_WARNING: Trying to access array offset on value of type null
  #0 /dokuwiki/lib/plugins/indexmenu/syntax/indexmenu.php(528): dokuwiki\ErrorHandler::errorHandler()
  #1 /dokuwiki/lib/plugins/indexmenu/syntax/indexmenu.php(479): syntax_plugin_indexmenu_indexmenu->_jsnodes()
  #2 /dokuwiki/lib/plugins/indexmenu/syntax/indexmenu.php(414): syntax_plugin_indexmenu_indexmenu->_jstree()
  #3 /dokuwiki/lib/plugins/indexmenu/syntax/indexmenu.php(357): syntax_plugin_indexmenu_indexmenu->_indexmenu()
  #4 /dokuwiki/inc/parser/renderer.php(119): syntax_plugin_indexmenu_indexmenu->render()
  #5 /dokuwiki/inc/parserutils.php(700): Doku_Renderer->plugin()
  #6 /dokuwiki/inc/parserutils.php(158): p_render()
  #7 /dokuwiki/inc/parserutils.php(96): p_cached_output()
  #8 /dokuwiki/inc/template.php(1592): p_wiki_xhtml()
  #9 /dokuwiki/lib/tpl/mindthedark/main.php(81): tpl_include_page()
  #10 /dokuwiki/inc/actions.php(27): include('...')
  #11 /dokuwiki/doku.php(126): act_dispatch()
  #12 {main}
2023-05-11 18:10:40	/dokuwiki/lib/plugins/indexmenu/syntax/indexmenu.php(528)	E_WARNING: Undefined array key -1
  #0 /dokuwiki/lib/plugins/indexmenu/syntax/indexmenu.php(528): dokuwiki\ErrorHandler::errorHandler()
  #1 /dokuwiki/lib/plugins/indexmenu/syntax/indexmenu.php(479): syntax_plugin_indexmenu_indexmenu->_jsnodes()
  #2 /dokuwiki/lib/plugins/indexmenu/syntax/indexmenu.php(414): syntax_plugin_indexmenu_indexmenu->_jstree()
  #3 /dokuwiki/lib/plugins/indexmenu/syntax/indexmenu.php(357): syntax_plugin_indexmenu_indexmenu->_indexmenu()
  #4 /dokuwiki/inc/parser/renderer.php(119): syntax_plugin_indexmenu_indexmenu->render()
  #5 /dokuwiki/inc/parserutils.php(700): Doku_Renderer->plugin()
  #6 /dokuwiki/inc/parserutils.php(158): p_render()
  #7 /dokuwiki/inc/parserutils.php(96): p_cached_output()
  #8 /dokuwiki/inc/template.php(1592): p_wiki_xhtml()
  #9 /dokuwiki/lib/tpl/mindthedark/main.php(81): tpl_include_page()
  #10 /dokuwiki/inc/actions.php(27): include('...')
  #11 /dokuwiki/doku.php(126): act_dispatch()
  #12 {main}
2023-05-11 18:10:40	/dokuwiki/lib/plugins/indexmenu/syntax/indexmenu.php(528)	E_WARNING: Trying to access array offset on value of type null
  #0 /dokuwiki/lib/plugins/indexmenu/syntax/indexmenu.php(528): dokuwiki\ErrorHandler::errorHandler()
  #1 /dokuwiki/lib/plugins/indexmenu/syntax/indexmenu.php(479): syntax_plugin_indexmenu_indexmenu->_jsnodes()
  #2 /dokuwiki/lib/plugins/indexmenu/syntax/indexmenu.php(414): syntax_plugin_indexmenu_indexmenu->_jstree()
  #3 /dokuwiki/lib/plugins/indexmenu/syntax/indexmenu.php(357): syntax_plugin_indexmenu_indexmenu->_indexmenu()
  #4 /dokuwiki/inc/parser/renderer.php(119): syntax_plugin_indexmenu_indexmenu->render()
  #5 /dokuwiki/inc/parserutils.php(700): Doku_Renderer->plugin()
  #6 /dokuwiki/inc/parserutils.php(158): p_render()
  #7 /dokuwiki/inc/parserutils.php(96): p_cached_output()
  #8 /dokuwiki/inc/template.php(1592): p_wiki_xhtml()
  #9 /dokuwiki/lib/tpl/mindthedark/main.php(81): tpl_include_page()
  #10 /dokuwiki/inc/actions.php(27): include('...')
  #11 /dokuwiki/doku.php(126): act_dispatch()
  #12 {main}
2023-05-11 18:10:40	/dokuwiki/lib/plugins/indexmenu/syntax/indexmenu.php(528)	E_WARNING: Undefined array key -1
  #0 /dokuwiki/lib/plugins/indexmenu/syntax/indexmenu.php(528): dokuwiki\ErrorHandler::errorHandler()
  #1 /dokuwiki/lib/plugins/indexmenu/syntax/indexmenu.php(479): syntax_plugin_indexmenu_indexmenu->_jsnodes()
  #2 /dokuwiki/lib/plugins/indexmenu/syntax/indexmenu.php(414): syntax_plugin_indexmenu_indexmenu->_jstree()
  #3 /dokuwiki/lib/plugins/indexmenu/syntax/indexmenu.php(357): syntax_plugin_indexmenu_indexmenu->_indexmenu()
  #4 /dokuwiki/inc/parser/renderer.php(119): syntax_plugin_indexmenu_indexmenu->render()
  #5 /dokuwiki/inc/parserutils.php(700): Doku_Renderer->plugin()
  #6 /dokuwiki/inc/parserutils.php(158): p_render()
  #7 /dokuwiki/inc/parserutils.php(96): p_cached_output()
  #8 /dokuwiki/inc/template.php(1592): p_wiki_xhtml()
  #9 /dokuwiki/lib/tpl/mindthedark/main.php(81): tpl_include_page()
  #10 /dokuwiki/inc/actions.php(27): include('...')
  #11 /dokuwiki/doku.php(126): act_dispatch()
  #12 {main}
2023-05-11 18:10:40	/dokuwiki/lib/plugins/indexmenu/syntax/indexmenu.php(528)	E_WARNING: Trying to access array offset on value of type null
  #0 /dokuwiki/lib/plugins/indexmenu/syntax/indexmenu.php(528): dokuwiki\ErrorHandler::errorHandler()
  #1 /dokuwiki/lib/plugins/indexmenu/syntax/indexmenu.php(479): syntax_plugin_indexmenu_indexmenu->_jsnodes()
  #2 /dokuwiki/lib/plugins/indexmenu/syntax/indexmenu.php(414): syntax_plugin_indexmenu_indexmenu->_jstree()
  #3 /dokuwiki/lib/plugins/indexmenu/syntax/indexmenu.php(357): syntax_plugin_indexmenu_indexmenu->_indexmenu()
  #4 /dokuwiki/inc/parser/renderer.php(119): syntax_plugin_indexmenu_indexmenu->render()
  #5 /dokuwiki/inc/parserutils.php(700): Doku_Renderer->plugin()
  #6 /dokuwiki/inc/parserutils.php(158): p_render()
  #7 /dokuwiki/inc/parserutils.php(96): p_cached_output()
  #8 /dokuwiki/inc/template.php(1592): p_wiki_xhtml()
  #9 /dokuwiki/lib/tpl/mindthedark/main.php(81): tpl_include_page()
  #10 /dokuwiki/inc/actions.php(27): include('...')
  #11 /dokuwiki/doku.php(126): act_dispatch()
  #12 {main}
2023-05-11 18:10:40	/dokuwiki/lib/plugins/indexmenu/syntax/indexmenu.php(528)	E_WARNING: Undefined array key -1
  #0 /dokuwiki/lib/plugins/indexmenu/syntax/indexmenu.php(528): dokuwiki\ErrorHandler::errorHandler()
  #1 /dokuwiki/lib/plugins/indexmenu/syntax/indexmenu.php(479): syntax_plugin_indexmenu_indexmenu->_jsnodes()
  #2 /dokuwiki/lib/plugins/indexmenu/syntax/indexmenu.php(414): syntax_plugin_indexmenu_indexmenu->_jstree()
  #3 /dokuwiki/lib/plugins/indexmenu/syntax/indexmenu.php(357): syntax_plugin_indexmenu_indexmenu->_indexmenu()
  #4 /dokuwiki/inc/parser/renderer.php(119): syntax_plugin_indexmenu_indexmenu->render()
  #5 /dokuwiki/inc/parserutils.php(700): Doku_Renderer->plugin()
  #6 /dokuwiki/inc/parserutils.php(158): p_render()
  #7 /dokuwiki/inc/parserutils.php(96): p_cached_output()
  #8 /dokuwiki/inc/template.php(1592): p_wiki_xhtml()
  #9 /dokuwiki/lib/tpl/mindthedark/main.php(81): tpl_include_page()
  #10 /dokuwiki/inc/actions.php(27): include('...')
  #11 /dokuwiki/doku.php(126): act_dispatch()
  #12 {main}
2023-05-11 18:10:40	/dokuwiki/lib/plugins/indexmenu/syntax/indexmenu.php(528)	E_WARNING: Trying to access array offset on value of type null
  #0 /dokuwiki/lib/plugins/indexmenu/syntax/indexmenu.php(528): dokuwiki\ErrorHandler::errorHandler()
  #1 /dokuwiki/lib/plugins/indexmenu/syntax/indexmenu.php(479): syntax_plugin_indexmenu_indexmenu->_jsnodes()
  #2 /dokuwiki/lib/plugins/indexmenu/syntax/indexmenu.php(414): syntax_plugin_indexmenu_indexmenu->_jstree()
  #3 /dokuwiki/lib/plugins/indexmenu/syntax/indexmenu.php(357): syntax_plugin_indexmenu_indexmenu->_indexmenu()
  #4 /dokuwiki/inc/parser/renderer.php(119): syntax_plugin_indexmenu_indexmenu->render()
  #5 /dokuwiki/inc/parserutils.php(700): Doku_Renderer->plugin()
  #6 /dokuwiki/inc/parserutils.php(158): p_render()
  #7 /dokuwiki/inc/parserutils.php(96): p_cached_output()
  #8 /dokuwiki/inc/template.php(1592): p_wiki_xhtml()
  #9 /dokuwiki/lib/tpl/mindthedark/main.php(81): tpl_include_page()
  #10 /dokuwiki/inc/actions.php(27): include('...')
  #11 /dokuwiki/doku.php(126): act_dispatch()
  #12 {main}
2023-05-11 18:10:40	/dokuwiki/lib/plugins/indexmenu/syntax/indexmenu.php(528)	E_WARNING: Undefined array key -1
  #0 /dokuwiki/lib/plugins/indexmenu/syntax/indexmenu.php(528): dokuwiki\ErrorHandler::errorHandler()
  #1 /dokuwiki/lib/plugins/indexmenu/syntax/indexmenu.php(479): syntax_plugin_indexmenu_indexmenu->_jsnodes()
  #2 /dokuwiki/lib/plugins/indexmenu/syntax/indexmenu.php(414): syntax_plugin_indexmenu_indexmenu->_jstree()
  #3 /dokuwiki/lib/plugins/indexmenu/syntax/indexmenu.php(357): syntax_plugin_indexmenu_indexmenu->_indexmenu()
  #4 /dokuwiki/inc/parser/renderer.php(119): syntax_plugin_indexmenu_indexmenu->render()
  #5 /dokuwiki/inc/parserutils.php(700): Doku_Renderer->plugin()
  #6 /dokuwiki/inc/parserutils.php(158): p_render()
  #7 /dokuwiki/inc/parserutils.php(96): p_cached_output()
  #8 /dokuwiki/inc/template.php(1592): p_wiki_xhtml()
  #9 /dokuwiki/lib/tpl/mindthedark/main.php(81): tpl_include_page()
  #10 /dokuwiki/inc/actions.php(27): include('...')
  #11 /dokuwiki/doku.php(126): act_dispatch()
  #12 {main}
2023-05-11 18:10:40	/dokuwiki/lib/plugins/indexmenu/syntax/indexmenu.php(528)	E_WARNING: Trying to access array offset on value of type null
  #0 /dokuwiki/lib/plugins/indexmenu/syntax/indexmenu.php(528): dokuwiki\ErrorHandler::errorHandler()
  #1 /dokuwiki/lib/plugins/indexmenu/syntax/indexmenu.php(479): syntax_plugin_indexmenu_indexmenu->_jsnodes()
  #2 /dokuwiki/lib/plugins/indexmenu/syntax/indexmenu.php(414): syntax_plugin_indexmenu_indexmenu->_jstree()
  #3 /dokuwiki/lib/plugins/indexmenu/syntax/indexmenu.php(357): syntax_plugin_indexmenu_indexmenu->_indexmenu()
  #4 /dokuwiki/inc/parser/renderer.php(119): syntax_plugin_indexmenu_indexmenu->render()
  #5 /dokuwiki/inc/parserutils.php(700): Doku_Renderer->plugin()
  #6 /dokuwiki/inc/parserutils.php(158): p_render()
  #7 /dokuwiki/inc/parserutils.php(96): p_cached_output()
  #8 /dokuwiki/inc/template.php(1592): p_wiki_xhtml()
  #9 /dokuwiki/lib/tpl/mindthedark/main.php(81): tpl_include_page()
  #10 /dokuwiki/inc/actions.php(27): include('...')
  #11 /dokuwiki/doku.php(126): act_dispatch()
  #12 {main}
2023-05-11 18:12:09	/dokuwiki/inc/fulltext.php(129)	E_WARNING: Undefined array key 0
  #0 /dokuwiki/inc/fulltext.php(129): dokuwiki\ErrorHandler::errorHandler()
  #1 [internal function]: _ft_pageSearch()
  #2 /dokuwiki/inc/Extension/Event.php(133): call_user_func_array()
  #3 /dokuwiki/inc/Extension/Event.php(199): dokuwiki\Extension\Event->trigger()
  #4 /dokuwiki/inc/fulltext.php(47): dokuwiki\Extension\Event::createAndTrigger()
  #5 /dokuwiki/inc/Action/Search.php(70): ft_pageSearch()
  #6 /dokuwiki/inc/Action/Search.php(54): dokuwiki\Action\Search->execute()
  #7 /dokuwiki/inc/template.php(100): dokuwiki\Action\Search->tplContent()
  #8 [internal function]: tpl_content_core()
  #9 /dokuwiki/inc/Extension/Event.php(133): call_user_func_array()
  #10 /dokuwiki/inc/Extension/Event.php(199): dokuwiki\Extension\Event->trigger()
  #11 /dokuwiki/inc/template.php(85): dokuwiki\Extension\Event::createAndTrigger()
  #12 /dokuwiki/lib/tpl/mindthedark/main.php(97): tpl_content()
  #13 /dokuwiki/inc/actions.php(27): include('...')
  #14 /dokuwiki/doku.php(126): act_dispatch()
  #15 {main}
2023-05-11 18:12:09	/dokuwiki/inc/fulltext.php(129)	E_WARNING: Undefined array key 1
  #0 /dokuwiki/inc/fulltext.php(129): dokuwiki\ErrorHandler::errorHandler()
  #1 [internal function]: _ft_pageSearch()
  #2 /dokuwiki/inc/Extension/Event.php(133): call_user_func_array()
  #3 /dokuwiki/inc/Extension/Event.php(199): dokuwiki\Extension\Event->trigger()
  #4 /dokuwiki/inc/fulltext.php(47): dokuwiki\Extension\Event::createAndTrigger()
  #5 /dokuwiki/inc/Action/Search.php(70): ft_pageSearch()
  #6 /dokuwiki/inc/Action/Search.php(54): dokuwiki\Action\Search->execute()
  #7 /dokuwiki/inc/template.php(100): dokuwiki\Action\Search->tplContent()
  #8 [internal function]: tpl_content_core()
  #9 /dokuwiki/inc/Extension/Event.php(133): call_user_func_array()
  #10 /dokuwiki/inc/Extension/Event.php(199): dokuwiki\Extension\Event->trigger()
  #11 /dokuwiki/inc/template.php(85): dokuwiki\Extension\Event::createAndTrigger()
  #12 /dokuwiki/lib/tpl/mindthedark/main.php(97): tpl_content()
  #13 /dokuwiki/inc/actions.php(27): include('...')
  #14 /dokuwiki/doku.php(126): act_dispatch()
  #15 {main}
2023-05-11 18:12:09	/dokuwiki/inc/fulltext.php(588)	E_WARNING: foreach() argument must be of type array|object, null given
  #0 /dokuwiki/inc/fulltext.php(588): dokuwiki\ErrorHandler::errorHandler()
  #1 /dokuwiki/inc/fulltext.php(130): ft_resultCombine()
  #2 [internal function]: _ft_pageSearch()
  #3 /dokuwiki/inc/Extension/Event.php(133): call_user_func_array()
  #4 /dokuwiki/inc/Extension/Event.php(199): dokuwiki\Extension\Event->trigger()
  #5 /dokuwiki/inc/fulltext.php(47): dokuwiki\Extension\Event::createAndTrigger()
  #6 /dokuwiki/inc/Action/Search.php(70): ft_pageSearch()
  #7 /dokuwiki/inc/Action/Search.php(54): dokuwiki\Action\Search->execute()
  #8 /dokuwiki/inc/template.php(100): dokuwiki\Action\Search->tplContent()
  #9 [internal function]: tpl_content_core()
  #10 /dokuwiki/inc/Extension/Event.php(133): call_user_func_array()
  #11 /dokuwiki/inc/Extension/Event.php(199): dokuwiki\Extension\Event->trigger()
  #12 /dokuwiki/inc/template.php(85): dokuwiki\Extension\Event::createAndTrigger()
  #13 /dokuwiki/lib/tpl/mindthedark/main.php(97): tpl_content()
  #14 /dokuwiki/inc/actions.php(27): include('...')
  #15 /dokuwiki/doku.php(126): act_dispatch()
  #16 {main}
