2023-04-09 16:29:36	/dokuwiki/lib/plugins/indexmenu/syntax/indexmenu.php(528)	E_WARNING: Undefined array key -1
  #0 /dokuwiki/lib/plugins/indexmenu/syntax/indexmenu.php(528): dokuwiki\ErrorHandler::errorHandler()
  #1 /dokuwiki/lib/plugins/indexmenu/syntax/indexmenu.php(479): syntax_plugin_indexmenu_indexmenu->_jsnodes()
  #2 /dokuwiki/lib/plugins/indexmenu/syntax/indexmenu.php(414): syntax_plugin_indexmenu_indexmenu->_jstree()
  #3 /dokuwiki/lib/plugins/indexmenu/syntax/indexmenu.php(357): syntax_plugin_indexmenu_indexmenu->_indexmenu()
  #4 /dokuwiki/inc/parser/renderer.php(119): syntax_plugin_indexmenu_indexmenu->render()
  #5 /dokuwiki/inc/parserutils.php(700): Doku_Renderer->plugin()
  #6 /dokuwiki/inc/parserutils.php(158): p_render()
  #7 /dokuwiki/inc/parserutils.php(96): p_cached_output()
  #8 /dokuwiki/inc/template.php(1592): p_wiki_xhtml()
  #9 /dokuwiki/lib/tpl/mindthedark/main.php(94): tpl_include_page()
  #10 /dokuwiki/inc/actions.php(27): include('...')
  #11 /dokuwiki/doku.php(126): act_dispatch()
  #12 {main}
2023-04-09 16:29:36	/dokuwiki/lib/plugins/indexmenu/syntax/indexmenu.php(528)	E_WARNING: Trying to access array offset on value of type null
  #0 /dokuwiki/lib/plugins/indexmenu/syntax/indexmenu.php(528): dokuwiki\ErrorHandler::errorHandler()
  #1 /dokuwiki/lib/plugins/indexmenu/syntax/indexmenu.php(479): syntax_plugin_indexmenu_indexmenu->_jsnodes()
  #2 /dokuwiki/lib/plugins/indexmenu/syntax/indexmenu.php(414): syntax_plugin_indexmenu_indexmenu->_jstree()
  #3 /dokuwiki/lib/plugins/indexmenu/syntax/indexmenu.php(357): syntax_plugin_indexmenu_indexmenu->_indexmenu()
  #4 /dokuwiki/inc/parser/renderer.php(119): syntax_plugin_indexmenu_indexmenu->render()
  #5 /dokuwiki/inc/parserutils.php(700): Doku_Renderer->plugin()
  #6 /dokuwiki/inc/parserutils.php(158): p_render()
  #7 /dokuwiki/inc/parserutils.php(96): p_cached_output()
  #8 /dokuwiki/inc/template.php(1592): p_wiki_xhtml()
  #9 /dokuwiki/lib/tpl/mindthedark/main.php(94): tpl_include_page()
  #10 /dokuwiki/inc/actions.php(27): include('...')
  #11 /dokuwiki/doku.php(126): act_dispatch()
  #12 {main}
2023-04-09 16:29:36	/dokuwiki/lib/plugins/indexmenu/syntax/indexmenu.php(528)	E_WARNING: Undefined array key -1
  #0 /dokuwiki/lib/plugins/indexmenu/syntax/indexmenu.php(528): dokuwiki\ErrorHandler::errorHandler()
  #1 /dokuwiki/lib/plugins/indexmenu/syntax/indexmenu.php(479): syntax_plugin_indexmenu_indexmenu->_jsnodes()
  #2 /dokuwiki/lib/plugins/indexmenu/syntax/indexmenu.php(414): syntax_plugin_indexmenu_indexmenu->_jstree()
  #3 /dokuwiki/lib/plugins/indexmenu/syntax/indexmenu.php(357): syntax_plugin_indexmenu_indexmenu->_indexmenu()
  #4 /dokuwiki/inc/parser/renderer.php(119): syntax_plugin_indexmenu_indexmenu->render()
  #5 /dokuwiki/inc/parserutils.php(700): Doku_Renderer->plugin()
  #6 /dokuwiki/inc/parserutils.php(158): p_render()
  #7 /dokuwiki/inc/parserutils.php(96): p_cached_output()
  #8 /dokuwiki/inc/template.php(1592): p_wiki_xhtml()
  #9 /dokuwiki/lib/tpl/mindthedark/main.php(94): tpl_include_page()
  #10 /dokuwiki/inc/actions.php(27): include('...')
  #11 /dokuwiki/doku.php(126): act_dispatch()
  #12 {main}
2023-04-09 16:29:36	/dokuwiki/lib/plugins/indexmenu/syntax/indexmenu.php(528)	E_WARNING: Trying to access array offset on value of type null
  #0 /dokuwiki/lib/plugins/indexmenu/syntax/indexmenu.php(528): dokuwiki\ErrorHandler::errorHandler()
  #1 /dokuwiki/lib/plugins/indexmenu/syntax/indexmenu.php(479): syntax_plugin_indexmenu_indexmenu->_jsnodes()
  #2 /dokuwiki/lib/plugins/indexmenu/syntax/indexmenu.php(414): syntax_plugin_indexmenu_indexmenu->_jstree()
  #3 /dokuwiki/lib/plugins/indexmenu/syntax/indexmenu.php(357): syntax_plugin_indexmenu_indexmenu->_indexmenu()
  #4 /dokuwiki/inc/parser/renderer.php(119): syntax_plugin_indexmenu_indexmenu->render()
  #5 /dokuwiki/inc/parserutils.php(700): Doku_Renderer->plugin()
  #6 /dokuwiki/inc/parserutils.php(158): p_render()
  #7 /dokuwiki/inc/parserutils.php(96): p_cached_output()
  #8 /dokuwiki/inc/template.php(1592): p_wiki_xhtml()
  #9 /dokuwiki/lib/tpl/mindthedark/main.php(94): tpl_include_page()
  #10 /dokuwiki/inc/actions.php(27): include('...')
  #11 /dokuwiki/doku.php(126): act_dispatch()
  #12 {main}
2023-04-09 16:29:36	/dokuwiki/lib/plugins/indexmenu/syntax/indexmenu.php(528)	E_WARNING: Undefined array key -1
  #0 /dokuwiki/lib/plugins/indexmenu/syntax/indexmenu.php(528): dokuwiki\ErrorHandler::errorHandler()
  #1 /dokuwiki/lib/plugins/indexmenu/syntax/indexmenu.php(479): syntax_plugin_indexmenu_indexmenu->_jsnodes()
  #2 /dokuwiki/lib/plugins/indexmenu/syntax/indexmenu.php(414): syntax_plugin_indexmenu_indexmenu->_jstree()
  #3 /dokuwiki/lib/plugins/indexmenu/syntax/indexmenu.php(357): syntax_plugin_indexmenu_indexmenu->_indexmenu()
  #4 /dokuwiki/inc/parser/renderer.php(119): syntax_plugin_indexmenu_indexmenu->render()
  #5 /dokuwiki/inc/parserutils.php(700): Doku_Renderer->plugin()
  #6 /dokuwiki/inc/parserutils.php(158): p_render()
  #7 /dokuwiki/inc/parserutils.php(96): p_cached_output()
  #8 /dokuwiki/inc/template.php(1592): p_wiki_xhtml()
  #9 /dokuwiki/lib/tpl/mindthedark/main.php(94): tpl_include_page()
  #10 /dokuwiki/inc/actions.php(27): include('...')
  #11 /dokuwiki/doku.php(126): act_dispatch()
  #12 {main}
2023-04-09 16:29:36	/dokuwiki/lib/plugins/indexmenu/syntax/indexmenu.php(528)	E_WARNING: Trying to access array offset on value of type null
  #0 /dokuwiki/lib/plugins/indexmenu/syntax/indexmenu.php(528): dokuwiki\ErrorHandler::errorHandler()
  #1 /dokuwiki/lib/plugins/indexmenu/syntax/indexmenu.php(479): syntax_plugin_indexmenu_indexmenu->_jsnodes()
  #2 /dokuwiki/lib/plugins/indexmenu/syntax/indexmenu.php(414): syntax_plugin_indexmenu_indexmenu->_jstree()
  #3 /dokuwiki/lib/plugins/indexmenu/syntax/indexmenu.php(357): syntax_plugin_indexmenu_indexmenu->_indexmenu()
  #4 /dokuwiki/inc/parser/renderer.php(119): syntax_plugin_indexmenu_indexmenu->render()
  #5 /dokuwiki/inc/parserutils.php(700): Doku_Renderer->plugin()
  #6 /dokuwiki/inc/parserutils.php(158): p_render()
  #7 /dokuwiki/inc/parserutils.php(96): p_cached_output()
  #8 /dokuwiki/inc/template.php(1592): p_wiki_xhtml()
  #9 /dokuwiki/lib/tpl/mindthedark/main.php(94): tpl_include_page()
  #10 /dokuwiki/inc/actions.php(27): include('...')
  #11 /dokuwiki/doku.php(126): act_dispatch()
  #12 {main}
2023-04-09 16:29:36	/dokuwiki/lib/plugins/indexmenu/syntax/indexmenu.php(528)	E_WARNING: Undefined array key -1
  #0 /dokuwiki/lib/plugins/indexmenu/syntax/indexmenu.php(528): dokuwiki\ErrorHandler::errorHandler()
  #1 /dokuwiki/lib/plugins/indexmenu/syntax/indexmenu.php(479): syntax_plugin_indexmenu_indexmenu->_jsnodes()
  #2 /dokuwiki/lib/plugins/indexmenu/syntax/indexmenu.php(414): syntax_plugin_indexmenu_indexmenu->_jstree()
  #3 /dokuwiki/lib/plugins/indexmenu/syntax/indexmenu.php(357): syntax_plugin_indexmenu_indexmenu->_indexmenu()
  #4 /dokuwiki/inc/parser/renderer.php(119): syntax_plugin_indexmenu_indexmenu->render()
  #5 /dokuwiki/inc/parserutils.php(700): Doku_Renderer->plugin()
  #6 /dokuwiki/inc/parserutils.php(158): p_render()
  #7 /dokuwiki/inc/parserutils.php(96): p_cached_output()
  #8 /dokuwiki/inc/template.php(1592): p_wiki_xhtml()
  #9 /dokuwiki/lib/tpl/mindthedark/main.php(94): tpl_include_page()
  #10 /dokuwiki/inc/actions.php(27): include('...')
  #11 /dokuwiki/doku.php(126): act_dispatch()
  #12 {main}
2023-04-09 16:29:36	/dokuwiki/lib/plugins/indexmenu/syntax/indexmenu.php(528)	E_WARNING: Trying to access array offset on value of type null
  #0 /dokuwiki/lib/plugins/indexmenu/syntax/indexmenu.php(528): dokuwiki\ErrorHandler::errorHandler()
  #1 /dokuwiki/lib/plugins/indexmenu/syntax/indexmenu.php(479): syntax_plugin_indexmenu_indexmenu->_jsnodes()
  #2 /dokuwiki/lib/plugins/indexmenu/syntax/indexmenu.php(414): syntax_plugin_indexmenu_indexmenu->_jstree()
  #3 /dokuwiki/lib/plugins/indexmenu/syntax/indexmenu.php(357): syntax_plugin_indexmenu_indexmenu->_indexmenu()
  #4 /dokuwiki/inc/parser/renderer.php(119): syntax_plugin_indexmenu_indexmenu->render()
  #5 /dokuwiki/inc/parserutils.php(700): Doku_Renderer->plugin()
  #6 /dokuwiki/inc/parserutils.php(158): p_render()
  #7 /dokuwiki/inc/parserutils.php(96): p_cached_output()
  #8 /dokuwiki/inc/template.php(1592): p_wiki_xhtml()
  #9 /dokuwiki/lib/tpl/mindthedark/main.php(94): tpl_include_page()
  #10 /dokuwiki/inc/actions.php(27): include('...')
  #11 /dokuwiki/doku.php(126): act_dispatch()
  #12 {main}
2023-04-09 16:29:36	/dokuwiki/lib/plugins/indexmenu/syntax/indexmenu.php(528)	E_WARNING: Undefined array key -1
  #0 /dokuwiki/lib/plugins/indexmenu/syntax/indexmenu.php(528): dokuwiki\ErrorHandler::errorHandler()
  #1 /dokuwiki/lib/plugins/indexmenu/syntax/indexmenu.php(479): syntax_plugin_indexmenu_indexmenu->_jsnodes()
  #2 /dokuwiki/lib/plugins/indexmenu/syntax/indexmenu.php(414): syntax_plugin_indexmenu_indexmenu->_jstree()
  #3 /dokuwiki/lib/plugins/indexmenu/syntax/indexmenu.php(357): syntax_plugin_indexmenu_indexmenu->_indexmenu()
  #4 /dokuwiki/inc/parser/renderer.php(119): syntax_plugin_indexmenu_indexmenu->render()
  #5 /dokuwiki/inc/parserutils.php(700): Doku_Renderer->plugin()
  #6 /dokuwiki/inc/parserutils.php(158): p_render()
  #7 /dokuwiki/inc/parserutils.php(96): p_cached_output()
  #8 /dokuwiki/inc/template.php(1592): p_wiki_xhtml()
  #9 /dokuwiki/lib/tpl/mindthedark/main.php(94): tpl_include_page()
  #10 /dokuwiki/inc/actions.php(27): include('...')
  #11 /dokuwiki/doku.php(126): act_dispatch()
  #12 {main}
2023-04-09 16:29:36	/dokuwiki/lib/plugins/indexmenu/syntax/indexmenu.php(528)	E_WARNING: Trying to access array offset on value of type null
  #0 /dokuwiki/lib/plugins/indexmenu/syntax/indexmenu.php(528): dokuwiki\ErrorHandler::errorHandler()
  #1 /dokuwiki/lib/plugins/indexmenu/syntax/indexmenu.php(479): syntax_plugin_indexmenu_indexmenu->_jsnodes()
  #2 /dokuwiki/lib/plugins/indexmenu/syntax/indexmenu.php(414): syntax_plugin_indexmenu_indexmenu->_jstree()
  #3 /dokuwiki/lib/plugins/indexmenu/syntax/indexmenu.php(357): syntax_plugin_indexmenu_indexmenu->_indexmenu()
  #4 /dokuwiki/inc/parser/renderer.php(119): syntax_plugin_indexmenu_indexmenu->render()
  #5 /dokuwiki/inc/parserutils.php(700): Doku_Renderer->plugin()
  #6 /dokuwiki/inc/parserutils.php(158): p_render()
  #7 /dokuwiki/inc/parserutils.php(96): p_cached_output()
  #8 /dokuwiki/inc/template.php(1592): p_wiki_xhtml()
  #9 /dokuwiki/lib/tpl/mindthedark/main.php(94): tpl_include_page()
  #10 /dokuwiki/inc/actions.php(27): include('...')
  #11 /dokuwiki/doku.php(126): act_dispatch()
  #12 {main}
2023-04-09 16:29:36	/dokuwiki/lib/plugins/indexmenu/syntax/indexmenu.php(528)	E_WARNING: Undefined array key -1
  #0 /dokuwiki/lib/plugins/indexmenu/syntax/indexmenu.php(528): dokuwiki\ErrorHandler::errorHandler()
  #1 /dokuwiki/lib/plugins/indexmenu/syntax/indexmenu.php(479): syntax_plugin_indexmenu_indexmenu->_jsnodes()
  #2 /dokuwiki/lib/plugins/indexmenu/syntax/indexmenu.php(414): syntax_plugin_indexmenu_indexmenu->_jstree()
  #3 /dokuwiki/lib/plugins/indexmenu/syntax/indexmenu.php(357): syntax_plugin_indexmenu_indexmenu->_indexmenu()
  #4 /dokuwiki/inc/parser/renderer.php(119): syntax_plugin_indexmenu_indexmenu->render()
  #5 /dokuwiki/inc/parserutils.php(700): Doku_Renderer->plugin()
  #6 /dokuwiki/inc/parserutils.php(158): p_render()
  #7 /dokuwiki/inc/parserutils.php(96): p_cached_output()
  #8 /dokuwiki/inc/template.php(1592): p_wiki_xhtml()
  #9 /dokuwiki/lib/tpl/mindthedark/main.php(94): tpl_include_page()
  #10 /dokuwiki/inc/actions.php(27): include('...')
  #11 /dokuwiki/doku.php(126): act_dispatch()
  #12 {main}
2023-04-09 16:29:36	/dokuwiki/lib/plugins/indexmenu/syntax/indexmenu.php(528)	E_WARNING: Trying to access array offset on value of type null
  #0 /dokuwiki/lib/plugins/indexmenu/syntax/indexmenu.php(528): dokuwiki\ErrorHandler::errorHandler()
  #1 /dokuwiki/lib/plugins/indexmenu/syntax/indexmenu.php(479): syntax_plugin_indexmenu_indexmenu->_jsnodes()
  #2 /dokuwiki/lib/plugins/indexmenu/syntax/indexmenu.php(414): syntax_plugin_indexmenu_indexmenu->_jstree()
  #3 /dokuwiki/lib/plugins/indexmenu/syntax/indexmenu.php(357): syntax_plugin_indexmenu_indexmenu->_indexmenu()
  #4 /dokuwiki/inc/parser/renderer.php(119): syntax_plugin_indexmenu_indexmenu->render()
  #5 /dokuwiki/inc/parserutils.php(700): Doku_Renderer->plugin()
  #6 /dokuwiki/inc/parserutils.php(158): p_render()
  #7 /dokuwiki/inc/parserutils.php(96): p_cached_output()
  #8 /dokuwiki/inc/template.php(1592): p_wiki_xhtml()
  #9 /dokuwiki/lib/tpl/mindthedark/main.php(94): tpl_include_page()
  #10 /dokuwiki/inc/actions.php(27): include('...')
  #11 /dokuwiki/doku.php(126): act_dispatch()
  #12 {main}
2023-04-09 16:29:36	/dokuwiki/lib/plugins/indexmenu/syntax/indexmenu.php(528)	E_WARNING: Undefined array key -1
  #0 /dokuwiki/lib/plugins/indexmenu/syntax/indexmenu.php(528): dokuwiki\ErrorHandler::errorHandler()
  #1 /dokuwiki/lib/plugins/indexmenu/syntax/indexmenu.php(479): syntax_plugin_indexmenu_indexmenu->_jsnodes()
  #2 /dokuwiki/lib/plugins/indexmenu/syntax/indexmenu.php(414): syntax_plugin_indexmenu_indexmenu->_jstree()
  #3 /dokuwiki/lib/plugins/indexmenu/syntax/indexmenu.php(357): syntax_plugin_indexmenu_indexmenu->_indexmenu()
  #4 /dokuwiki/inc/parser/renderer.php(119): syntax_plugin_indexmenu_indexmenu->render()
  #5 /dokuwiki/inc/parserutils.php(700): Doku_Renderer->plugin()
  #6 /dokuwiki/inc/parserutils.php(158): p_render()
  #7 /dokuwiki/inc/parserutils.php(96): p_cached_output()
  #8 /dokuwiki/inc/template.php(1592): p_wiki_xhtml()
  #9 /dokuwiki/lib/tpl/mindthedark/main.php(94): tpl_include_page()
  #10 /dokuwiki/inc/actions.php(27): include('...')
  #11 /dokuwiki/doku.php(126): act_dispatch()
  #12 {main}
2023-04-09 16:29:36	/dokuwiki/lib/plugins/indexmenu/syntax/indexmenu.php(528)	E_WARNING: Trying to access array offset on value of type null
  #0 /dokuwiki/lib/plugins/indexmenu/syntax/indexmenu.php(528): dokuwiki\ErrorHandler::errorHandler()
  #1 /dokuwiki/lib/plugins/indexmenu/syntax/indexmenu.php(479): syntax_plugin_indexmenu_indexmenu->_jsnodes()
  #2 /dokuwiki/lib/plugins/indexmenu/syntax/indexmenu.php(414): syntax_plugin_indexmenu_indexmenu->_jstree()
  #3 /dokuwiki/lib/plugins/indexmenu/syntax/indexmenu.php(357): syntax_plugin_indexmenu_indexmenu->_indexmenu()
  #4 /dokuwiki/inc/parser/renderer.php(119): syntax_plugin_indexmenu_indexmenu->render()
  #5 /dokuwiki/inc/parserutils.php(700): Doku_Renderer->plugin()
  #6 /dokuwiki/inc/parserutils.php(158): p_render()
  #7 /dokuwiki/inc/parserutils.php(96): p_cached_output()
  #8 /dokuwiki/inc/template.php(1592): p_wiki_xhtml()
  #9 /dokuwiki/lib/tpl/mindthedark/main.php(94): tpl_include_page()
  #10 /dokuwiki/inc/actions.php(27): include('...')
  #11 /dokuwiki/doku.php(126): act_dispatch()
  #12 {main}
2023-04-09 16:31:52	/dokuwiki/lib/plugins/indexmenu/syntax/indexmenu.php(528)	E_WARNING: Undefined array key -1
  #0 /dokuwiki/lib/plugins/indexmenu/syntax/indexmenu.php(528): dokuwiki\ErrorHandler::errorHandler()
  #1 /dokuwiki/lib/plugins/indexmenu/syntax/indexmenu.php(479): syntax_plugin_indexmenu_indexmenu->_jsnodes()
  #2 /dokuwiki/lib/plugins/indexmenu/syntax/indexmenu.php(414): syntax_plugin_indexmenu_indexmenu->_jstree()
  #3 /dokuwiki/lib/plugins/indexmenu/syntax/indexmenu.php(357): syntax_plugin_indexmenu_indexmenu->_indexmenu()
  #4 /dokuwiki/inc/parser/renderer.php(119): syntax_plugin_indexmenu_indexmenu->render()
  #5 /dokuwiki/inc/parserutils.php(700): Doku_Renderer->plugin()
  #6 /dokuwiki/inc/parserutils.php(158): p_render()
  #7 /dokuwiki/inc/parserutils.php(96): p_cached_output()
  #8 /dokuwiki/inc/template.php(1592): p_wiki_xhtml()
  #9 /dokuwiki/lib/tpl/mindthedark/main.php(81): tpl_include_page()
  #10 /dokuwiki/inc/actions.php(27): include('...')
  #11 /dokuwiki/doku.php(126): act_dispatch()
  #12 {main}
2023-04-09 16:31:52	/dokuwiki/lib/plugins/indexmenu/syntax/indexmenu.php(528)	E_WARNING: Trying to access array offset on value of type null
  #0 /dokuwiki/lib/plugins/indexmenu/syntax/indexmenu.php(528): dokuwiki\ErrorHandler::errorHandler()
  #1 /dokuwiki/lib/plugins/indexmenu/syntax/indexmenu.php(479): syntax_plugin_indexmenu_indexmenu->_jsnodes()
  #2 /dokuwiki/lib/plugins/indexmenu/syntax/indexmenu.php(414): syntax_plugin_indexmenu_indexmenu->_jstree()
  #3 /dokuwiki/lib/plugins/indexmenu/syntax/indexmenu.php(357): syntax_plugin_indexmenu_indexmenu->_indexmenu()
  #4 /dokuwiki/inc/parser/renderer.php(119): syntax_plugin_indexmenu_indexmenu->render()
  #5 /dokuwiki/inc/parserutils.php(700): Doku_Renderer->plugin()
  #6 /dokuwiki/inc/parserutils.php(158): p_render()
  #7 /dokuwiki/inc/parserutils.php(96): p_cached_output()
  #8 /dokuwiki/inc/template.php(1592): p_wiki_xhtml()
  #9 /dokuwiki/lib/tpl/mindthedark/main.php(81): tpl_include_page()
  #10 /dokuwiki/inc/actions.php(27): include('...')
  #11 /dokuwiki/doku.php(126): act_dispatch()
  #12 {main}
2023-04-09 16:31:52	/dokuwiki/lib/plugins/indexmenu/syntax/indexmenu.php(528)	E_WARNING: Undefined array key -1
  #0 /dokuwiki/lib/plugins/indexmenu/syntax/indexmenu.php(528): dokuwiki\ErrorHandler::errorHandler()
  #1 /dokuwiki/lib/plugins/indexmenu/syntax/indexmenu.php(479): syntax_plugin_indexmenu_indexmenu->_jsnodes()
  #2 /dokuwiki/lib/plugins/indexmenu/syntax/indexmenu.php(414): syntax_plugin_indexmenu_indexmenu->_jstree()
  #3 /dokuwiki/lib/plugins/indexmenu/syntax/indexmenu.php(357): syntax_plugin_indexmenu_indexmenu->_indexmenu()
  #4 /dokuwiki/inc/parser/renderer.php(119): syntax_plugin_indexmenu_indexmenu->render()
  #5 /dokuwiki/inc/parserutils.php(700): Doku_Renderer->plugin()
  #6 /dokuwiki/inc/parserutils.php(158): p_render()
  #7 /dokuwiki/inc/parserutils.php(96): p_cached_output()
  #8 /dokuwiki/inc/template.php(1592): p_wiki_xhtml()
  #9 /dokuwiki/lib/tpl/mindthedark/main.php(81): tpl_include_page()
  #10 /dokuwiki/inc/actions.php(27): include('...')
  #11 /dokuwiki/doku.php(126): act_dispatch()
  #12 {main}
2023-04-09 16:31:52	/dokuwiki/lib/plugins/indexmenu/syntax/indexmenu.php(528)	E_WARNING: Trying to access array offset on value of type null
  #0 /dokuwiki/lib/plugins/indexmenu/syntax/indexmenu.php(528): dokuwiki\ErrorHandler::errorHandler()
  #1 /dokuwiki/lib/plugins/indexmenu/syntax/indexmenu.php(479): syntax_plugin_indexmenu_indexmenu->_jsnodes()
  #2 /dokuwiki/lib/plugins/indexmenu/syntax/indexmenu.php(414): syntax_plugin_indexmenu_indexmenu->_jstree()
  #3 /dokuwiki/lib/plugins/indexmenu/syntax/indexmenu.php(357): syntax_plugin_indexmenu_indexmenu->_indexmenu()
  #4 /dokuwiki/inc/parser/renderer.php(119): syntax_plugin_indexmenu_indexmenu->render()
  #5 /dokuwiki/inc/parserutils.php(700): Doku_Renderer->plugin()
  #6 /dokuwiki/inc/parserutils.php(158): p_render()
  #7 /dokuwiki/inc/parserutils.php(96): p_cached_output()
  #8 /dokuwiki/inc/template.php(1592): p_wiki_xhtml()
  #9 /dokuwiki/lib/tpl/mindthedark/main.php(81): tpl_include_page()
  #10 /dokuwiki/inc/actions.php(27): include('...')
  #11 /dokuwiki/doku.php(126): act_dispatch()
  #12 {main}
2023-04-09 16:31:52	/dokuwiki/lib/plugins/indexmenu/syntax/indexmenu.php(528)	E_WARNING: Undefined array key -1
  #0 /dokuwiki/lib/plugins/indexmenu/syntax/indexmenu.php(528): dokuwiki\ErrorHandler::errorHandler()
  #1 /dokuwiki/lib/plugins/indexmenu/syntax/indexmenu.php(479): syntax_plugin_indexmenu_indexmenu->_jsnodes()
  #2 /dokuwiki/lib/plugins/indexmenu/syntax/indexmenu.php(414): syntax_plugin_indexmenu_indexmenu->_jstree()
  #3 /dokuwiki/lib/plugins/indexmenu/syntax/indexmenu.php(357): syntax_plugin_indexmenu_indexmenu->_indexmenu()
  #4 /dokuwiki/inc/parser/renderer.php(119): syntax_plugin_indexmenu_indexmenu->render()
  #5 /dokuwiki/inc/parserutils.php(700): Doku_Renderer->plugin()
  #6 /dokuwiki/inc/parserutils.php(158): p_render()
  #7 /dokuwiki/inc/parserutils.php(96): p_cached_output()
  #8 /dokuwiki/inc/template.php(1592): p_wiki_xhtml()
  #9 /dokuwiki/lib/tpl/mindthedark/main.php(81): tpl_include_page()
  #10 /dokuwiki/inc/actions.php(27): include('...')
  #11 /dokuwiki/doku.php(126): act_dispatch()
  #12 {main}
2023-04-09 16:31:52	/dokuwiki/lib/plugins/indexmenu/syntax/indexmenu.php(528)	E_WARNING: Trying to access array offset on value of type null
  #0 /dokuwiki/lib/plugins/indexmenu/syntax/indexmenu.php(528): dokuwiki\ErrorHandler::errorHandler()
  #1 /dokuwiki/lib/plugins/indexmenu/syntax/indexmenu.php(479): syntax_plugin_indexmenu_indexmenu->_jsnodes()
  #2 /dokuwiki/lib/plugins/indexmenu/syntax/indexmenu.php(414): syntax_plugin_indexmenu_indexmenu->_jstree()
  #3 /dokuwiki/lib/plugins/indexmenu/syntax/indexmenu.php(357): syntax_plugin_indexmenu_indexmenu->_indexmenu()
  #4 /dokuwiki/inc/parser/renderer.php(119): syntax_plugin_indexmenu_indexmenu->render()
  #5 /dokuwiki/inc/parserutils.php(700): Doku_Renderer->plugin()
  #6 /dokuwiki/inc/parserutils.php(158): p_render()
  #7 /dokuwiki/inc/parserutils.php(96): p_cached_output()
  #8 /dokuwiki/inc/template.php(1592): p_wiki_xhtml()
  #9 /dokuwiki/lib/tpl/mindthedark/main.php(81): tpl_include_page()
  #10 /dokuwiki/inc/actions.php(27): include('...')
  #11 /dokuwiki/doku.php(126): act_dispatch()
  #12 {main}
2023-04-09 16:31:52	/dokuwiki/lib/plugins/indexmenu/syntax/indexmenu.php(528)	E_WARNING: Undefined array key -1
  #0 /dokuwiki/lib/plugins/indexmenu/syntax/indexmenu.php(528): dokuwiki\ErrorHandler::errorHandler()
  #1 /dokuwiki/lib/plugins/indexmenu/syntax/indexmenu.php(479): syntax_plugin_indexmenu_indexmenu->_jsnodes()
  #2 /dokuwiki/lib/plugins/indexmenu/syntax/indexmenu.php(414): syntax_plugin_indexmenu_indexmenu->_jstree()
  #3 /dokuwiki/lib/plugins/indexmenu/syntax/indexmenu.php(357): syntax_plugin_indexmenu_indexmenu->_indexmenu()
  #4 /dokuwiki/inc/parser/renderer.php(119): syntax_plugin_indexmenu_indexmenu->render()
  #5 /dokuwiki/inc/parserutils.php(700): Doku_Renderer->plugin()
  #6 /dokuwiki/inc/parserutils.php(158): p_render()
  #7 /dokuwiki/inc/parserutils.php(96): p_cached_output()
  #8 /dokuwiki/inc/template.php(1592): p_wiki_xhtml()
  #9 /dokuwiki/lib/tpl/mindthedark/main.php(81): tpl_include_page()
  #10 /dokuwiki/inc/actions.php(27): include('...')
  #11 /dokuwiki/doku.php(126): act_dispatch()
  #12 {main}
2023-04-09 16:31:52	/dokuwiki/lib/plugins/indexmenu/syntax/indexmenu.php(528)	E_WARNING: Trying to access array offset on value of type null
  #0 /dokuwiki/lib/plugins/indexmenu/syntax/indexmenu.php(528): dokuwiki\ErrorHandler::errorHandler()
  #1 /dokuwiki/lib/plugins/indexmenu/syntax/indexmenu.php(479): syntax_plugin_indexmenu_indexmenu->_jsnodes()
  #2 /dokuwiki/lib/plugins/indexmenu/syntax/indexmenu.php(414): syntax_plugin_indexmenu_indexmenu->_jstree()
  #3 /dokuwiki/lib/plugins/indexmenu/syntax/indexmenu.php(357): syntax_plugin_indexmenu_indexmenu->_indexmenu()
  #4 /dokuwiki/inc/parser/renderer.php(119): syntax_plugin_indexmenu_indexmenu->render()
  #5 /dokuwiki/inc/parserutils.php(700): Doku_Renderer->plugin()
  #6 /dokuwiki/inc/parserutils.php(158): p_render()
  #7 /dokuwiki/inc/parserutils.php(96): p_cached_output()
  #8 /dokuwiki/inc/template.php(1592): p_wiki_xhtml()
  #9 /dokuwiki/lib/tpl/mindthedark/main.php(81): tpl_include_page()
  #10 /dokuwiki/inc/actions.php(27): include('...')
  #11 /dokuwiki/doku.php(126): act_dispatch()
  #12 {main}
2023-04-09 16:31:52	/dokuwiki/lib/plugins/indexmenu/syntax/indexmenu.php(528)	E_WARNING: Undefined array key -1
  #0 /dokuwiki/lib/plugins/indexmenu/syntax/indexmenu.php(528): dokuwiki\ErrorHandler::errorHandler()
  #1 /dokuwiki/lib/plugins/indexmenu/syntax/indexmenu.php(479): syntax_plugin_indexmenu_indexmenu->_jsnodes()
  #2 /dokuwiki/lib/plugins/indexmenu/syntax/indexmenu.php(414): syntax_plugin_indexmenu_indexmenu->_jstree()
  #3 /dokuwiki/lib/plugins/indexmenu/syntax/indexmenu.php(357): syntax_plugin_indexmenu_indexmenu->_indexmenu()
  #4 /dokuwiki/inc/parser/renderer.php(119): syntax_plugin_indexmenu_indexmenu->render()
  #5 /dokuwiki/inc/parserutils.php(700): Doku_Renderer->plugin()
  #6 /dokuwiki/inc/parserutils.php(158): p_render()
  #7 /dokuwiki/inc/parserutils.php(96): p_cached_output()
  #8 /dokuwiki/inc/template.php(1592): p_wiki_xhtml()
  #9 /dokuwiki/lib/tpl/mindthedark/main.php(81): tpl_include_page()
  #10 /dokuwiki/inc/actions.php(27): include('...')
  #11 /dokuwiki/doku.php(126): act_dispatch()
  #12 {main}
2023-04-09 16:31:52	/dokuwiki/lib/plugins/indexmenu/syntax/indexmenu.php(528)	E_WARNING: Trying to access array offset on value of type null
  #0 /dokuwiki/lib/plugins/indexmenu/syntax/indexmenu.php(528): dokuwiki\ErrorHandler::errorHandler()
  #1 /dokuwiki/lib/plugins/indexmenu/syntax/indexmenu.php(479): syntax_plugin_indexmenu_indexmenu->_jsnodes()
  #2 /dokuwiki/lib/plugins/indexmenu/syntax/indexmenu.php(414): syntax_plugin_indexmenu_indexmenu->_jstree()
  #3 /dokuwiki/lib/plugins/indexmenu/syntax/indexmenu.php(357): syntax_plugin_indexmenu_indexmenu->_indexmenu()
  #4 /dokuwiki/inc/parser/renderer.php(119): syntax_plugin_indexmenu_indexmenu->render()
  #5 /dokuwiki/inc/parserutils.php(700): Doku_Renderer->plugin()
  #6 /dokuwiki/inc/parserutils.php(158): p_render()
  #7 /dokuwiki/inc/parserutils.php(96): p_cached_output()
  #8 /dokuwiki/inc/template.php(1592): p_wiki_xhtml()
  #9 /dokuwiki/lib/tpl/mindthedark/main.php(81): tpl_include_page()
  #10 /dokuwiki/inc/actions.php(27): include('...')
  #11 /dokuwiki/doku.php(126): act_dispatch()
  #12 {main}
2023-04-09 16:31:52	/dokuwiki/lib/plugins/indexmenu/syntax/indexmenu.php(528)	E_WARNING: Undefined array key -1
  #0 /dokuwiki/lib/plugins/indexmenu/syntax/indexmenu.php(528): dokuwiki\ErrorHandler::errorHandler()
  #1 /dokuwiki/lib/plugins/indexmenu/syntax/indexmenu.php(479): syntax_plugin_indexmenu_indexmenu->_jsnodes()
  #2 /dokuwiki/lib/plugins/indexmenu/syntax/indexmenu.php(414): syntax_plugin_indexmenu_indexmenu->_jstree()
  #3 /dokuwiki/lib/plugins/indexmenu/syntax/indexmenu.php(357): syntax_plugin_indexmenu_indexmenu->_indexmenu()
  #4 /dokuwiki/inc/parser/renderer.php(119): syntax_plugin_indexmenu_indexmenu->render()
  #5 /dokuwiki/inc/parserutils.php(700): Doku_Renderer->plugin()
  #6 /dokuwiki/inc/parserutils.php(158): p_render()
  #7 /dokuwiki/inc/parserutils.php(96): p_cached_output()
  #8 /dokuwiki/inc/template.php(1592): p_wiki_xhtml()
  #9 /dokuwiki/lib/tpl/mindthedark/main.php(81): tpl_include_page()
  #10 /dokuwiki/inc/actions.php(27): include('...')
  #11 /dokuwiki/doku.php(126): act_dispatch()
  #12 {main}
2023-04-09 16:31:52	/dokuwiki/lib/plugins/indexmenu/syntax/indexmenu.php(528)	E_WARNING: Trying to access array offset on value of type null
  #0 /dokuwiki/lib/plugins/indexmenu/syntax/indexmenu.php(528): dokuwiki\ErrorHandler::errorHandler()
  #1 /dokuwiki/lib/plugins/indexmenu/syntax/indexmenu.php(479): syntax_plugin_indexmenu_indexmenu->_jsnodes()
  #2 /dokuwiki/lib/plugins/indexmenu/syntax/indexmenu.php(414): syntax_plugin_indexmenu_indexmenu->_jstree()
  #3 /dokuwiki/lib/plugins/indexmenu/syntax/indexmenu.php(357): syntax_plugin_indexmenu_indexmenu->_indexmenu()
  #4 /dokuwiki/inc/parser/renderer.php(119): syntax_plugin_indexmenu_indexmenu->render()
  #5 /dokuwiki/inc/parserutils.php(700): Doku_Renderer->plugin()
  #6 /dokuwiki/inc/parserutils.php(158): p_render()
  #7 /dokuwiki/inc/parserutils.php(96): p_cached_output()
  #8 /dokuwiki/inc/template.php(1592): p_wiki_xhtml()
  #9 /dokuwiki/lib/tpl/mindthedark/main.php(81): tpl_include_page()
  #10 /dokuwiki/inc/actions.php(27): include('...')
  #11 /dokuwiki/doku.php(126): act_dispatch()
  #12 {main}
2023-04-09 16:31:52	/dokuwiki/lib/plugins/indexmenu/syntax/indexmenu.php(528)	E_WARNING: Undefined array key -1
  #0 /dokuwiki/lib/plugins/indexmenu/syntax/indexmenu.php(528): dokuwiki\ErrorHandler::errorHandler()
  #1 /dokuwiki/lib/plugins/indexmenu/syntax/indexmenu.php(479): syntax_plugin_indexmenu_indexmenu->_jsnodes()
  #2 /dokuwiki/lib/plugins/indexmenu/syntax/indexmenu.php(414): syntax_plugin_indexmenu_indexmenu->_jstree()
  #3 /dokuwiki/lib/plugins/indexmenu/syntax/indexmenu.php(357): syntax_plugin_indexmenu_indexmenu->_indexmenu()
  #4 /dokuwiki/inc/parser/renderer.php(119): syntax_plugin_indexmenu_indexmenu->render()
  #5 /dokuwiki/inc/parserutils.php(700): Doku_Renderer->plugin()
  #6 /dokuwiki/inc/parserutils.php(158): p_render()
  #7 /dokuwiki/inc/parserutils.php(96): p_cached_output()
  #8 /dokuwiki/inc/template.php(1592): p_wiki_xhtml()
  #9 /dokuwiki/lib/tpl/mindthedark/main.php(81): tpl_include_page()
  #10 /dokuwiki/inc/actions.php(27): include('...')
  #11 /dokuwiki/doku.php(126): act_dispatch()
  #12 {main}
2023-04-09 16:31:52	/dokuwiki/lib/plugins/indexmenu/syntax/indexmenu.php(528)	E_WARNING: Trying to access array offset on value of type null
  #0 /dokuwiki/lib/plugins/indexmenu/syntax/indexmenu.php(528): dokuwiki\ErrorHandler::errorHandler()
  #1 /dokuwiki/lib/plugins/indexmenu/syntax/indexmenu.php(479): syntax_plugin_indexmenu_indexmenu->_jsnodes()
  #2 /dokuwiki/lib/plugins/indexmenu/syntax/indexmenu.php(414): syntax_plugin_indexmenu_indexmenu->_jstree()
  #3 /dokuwiki/lib/plugins/indexmenu/syntax/indexmenu.php(357): syntax_plugin_indexmenu_indexmenu->_indexmenu()
  #4 /dokuwiki/inc/parser/renderer.php(119): syntax_plugin_indexmenu_indexmenu->render()
  #5 /dokuwiki/inc/parserutils.php(700): Doku_Renderer->plugin()
  #6 /dokuwiki/inc/parserutils.php(158): p_render()
  #7 /dokuwiki/inc/parserutils.php(96): p_cached_output()
  #8 /dokuwiki/inc/template.php(1592): p_wiki_xhtml()
  #9 /dokuwiki/lib/tpl/mindthedark/main.php(81): tpl_include_page()
  #10 /dokuwiki/inc/actions.php(27): include('...')
  #11 /dokuwiki/doku.php(126): act_dispatch()
  #12 {main}
2023-04-09 16:38:08	/dokuwiki/lib/plugins/indexmenu/syntax/indexmenu.php(80)	E_WARNING: Undefined array key 1
  #0 /dokuwiki/lib/plugins/indexmenu/syntax/indexmenu.php(80): dokuwiki\ErrorHandler::errorHandler()
  #1 /dokuwiki/inc/parser/handler.php(284): syntax_plugin_indexmenu_indexmenu->handle()
  #2 /dokuwiki/inc/Parsing/Lexer/Lexer.php(270): Doku_Handler->plugin()
  #3 /dokuwiki/inc/Parsing/Lexer/Lexer.php(197): dokuwiki\Parsing\Lexer\Lexer->invokeHandler()
  #4 /dokuwiki/inc/Parsing/Lexer/Lexer.php(147): dokuwiki\Parsing\Lexer\Lexer->dispatchTokens()
  #5 /dokuwiki/inc/Parsing/Parser.php(109): dokuwiki\Parsing\Lexer\Lexer->parse()
  #6 /dokuwiki/inc/parserutils.php(234): dokuwiki\Parsing\Parser->parse()
  #7 /dokuwiki/inc/parserutils.php(198): p_get_instructions()
  #8 /dokuwiki/inc/parserutils.php(525): p_cached_instructions()
  #9 /dokuwiki/inc/parserutils.php(299): p_render_metadata()
  #10 /dokuwiki/inc/common.php(266): p_get_metadata()
  #11 /dokuwiki/doku.php(97): pageinfo()
  #12 {main}
2023-04-09 16:51:29	/dokuwiki/lib/plugins/indexmenu/syntax/indexmenu.php(528)	E_WARNING: Undefined array key -1
  #0 /dokuwiki/lib/plugins/indexmenu/syntax/indexmenu.php(528): dokuwiki\ErrorHandler::errorHandler()
  #1 /dokuwiki/lib/plugins/indexmenu/syntax/indexmenu.php(479): syntax_plugin_indexmenu_indexmenu->_jsnodes()
  #2 /dokuwiki/lib/plugins/indexmenu/syntax/indexmenu.php(414): syntax_plugin_indexmenu_indexmenu->_jstree()
  #3 /dokuwiki/lib/plugins/indexmenu/syntax/indexmenu.php(357): syntax_plugin_indexmenu_indexmenu->_indexmenu()
  #4 /dokuwiki/inc/parser/renderer.php(119): syntax_plugin_indexmenu_indexmenu->render()
  #5 /dokuwiki/inc/parserutils.php(700): Doku_Renderer->plugin()
  #6 /dokuwiki/inc/parserutils.php(158): p_render()
  #7 /dokuwiki/inc/parserutils.php(96): p_cached_output()
  #8 /dokuwiki/inc/template.php(1592): p_wiki_xhtml()
  #9 /dokuwiki/lib/tpl/mindthedark/main.php(81): tpl_include_page()
  #10 /dokuwiki/inc/actions.php(27): include('...')
  #11 /dokuwiki/doku.php(126): act_dispatch()
  #12 {main}
2023-04-09 16:51:29	/dokuwiki/lib/plugins/indexmenu/syntax/indexmenu.php(528)	E_WARNING: Trying to access array offset on value of type null
  #0 /dokuwiki/lib/plugins/indexmenu/syntax/indexmenu.php(528): dokuwiki\ErrorHandler::errorHandler()
  #1 /dokuwiki/lib/plugins/indexmenu/syntax/indexmenu.php(479): syntax_plugin_indexmenu_indexmenu->_jsnodes()
  #2 /dokuwiki/lib/plugins/indexmenu/syntax/indexmenu.php(414): syntax_plugin_indexmenu_indexmenu->_jstree()
  #3 /dokuwiki/lib/plugins/indexmenu/syntax/indexmenu.php(357): syntax_plugin_indexmenu_indexmenu->_indexmenu()
  #4 /dokuwiki/inc/parser/renderer.php(119): syntax_plugin_indexmenu_indexmenu->render()
  #5 /dokuwiki/inc/parserutils.php(700): Doku_Renderer->plugin()
  #6 /dokuwiki/inc/parserutils.php(158): p_render()
  #7 /dokuwiki/inc/parserutils.php(96): p_cached_output()
  #8 /dokuwiki/inc/template.php(1592): p_wiki_xhtml()
  #9 /dokuwiki/lib/tpl/mindthedark/main.php(81): tpl_include_page()
  #10 /dokuwiki/inc/actions.php(27): include('...')
  #11 /dokuwiki/doku.php(126): act_dispatch()
  #12 {main}
2023-04-09 16:51:29	/dokuwiki/lib/plugins/indexmenu/syntax/indexmenu.php(528)	E_WARNING: Undefined array key -1
  #0 /dokuwiki/lib/plugins/indexmenu/syntax/indexmenu.php(528): dokuwiki\ErrorHandler::errorHandler()
  #1 /dokuwiki/lib/plugins/indexmenu/syntax/indexmenu.php(479): syntax_plugin_indexmenu_indexmenu->_jsnodes()
  #2 /dokuwiki/lib/plugins/indexmenu/syntax/indexmenu.php(414): syntax_plugin_indexmenu_indexmenu->_jstree()
  #3 /dokuwiki/lib/plugins/indexmenu/syntax/indexmenu.php(357): syntax_plugin_indexmenu_indexmenu->_indexmenu()
  #4 /dokuwiki/inc/parser/renderer.php(119): syntax_plugin_indexmenu_indexmenu->render()
  #5 /dokuwiki/inc/parserutils.php(700): Doku_Renderer->plugin()
  #6 /dokuwiki/inc/parserutils.php(158): p_render()
  #7 /dokuwiki/inc/parserutils.php(96): p_cached_output()
  #8 /dokuwiki/inc/template.php(1592): p_wiki_xhtml()
  #9 /dokuwiki/lib/tpl/mindthedark/main.php(81): tpl_include_page()
  #10 /dokuwiki/inc/actions.php(27): include('...')
  #11 /dokuwiki/doku.php(126): act_dispatch()
  #12 {main}
2023-04-09 16:51:29	/dokuwiki/lib/plugins/indexmenu/syntax/indexmenu.php(528)	E_WARNING: Trying to access array offset on value of type null
  #0 /dokuwiki/lib/plugins/indexmenu/syntax/indexmenu.php(528): dokuwiki\ErrorHandler::errorHandler()
  #1 /dokuwiki/lib/plugins/indexmenu/syntax/indexmenu.php(479): syntax_plugin_indexmenu_indexmenu->_jsnodes()
  #2 /dokuwiki/lib/plugins/indexmenu/syntax/indexmenu.php(414): syntax_plugin_indexmenu_indexmenu->_jstree()
  #3 /dokuwiki/lib/plugins/indexmenu/syntax/indexmenu.php(357): syntax_plugin_indexmenu_indexmenu->_indexmenu()
  #4 /dokuwiki/inc/parser/renderer.php(119): syntax_plugin_indexmenu_indexmenu->render()
  #5 /dokuwiki/inc/parserutils.php(700): Doku_Renderer->plugin()
  #6 /dokuwiki/inc/parserutils.php(158): p_render()
  #7 /dokuwiki/inc/parserutils.php(96): p_cached_output()
  #8 /dokuwiki/inc/template.php(1592): p_wiki_xhtml()
  #9 /dokuwiki/lib/tpl/mindthedark/main.php(81): tpl_include_page()
  #10 /dokuwiki/inc/actions.php(27): include('...')
  #11 /dokuwiki/doku.php(126): act_dispatch()
  #12 {main}
2023-04-09 16:51:29	/dokuwiki/lib/plugins/indexmenu/syntax/indexmenu.php(528)	E_WARNING: Undefined array key -1
  #0 /dokuwiki/lib/plugins/indexmenu/syntax/indexmenu.php(528): dokuwiki\ErrorHandler::errorHandler()
  #1 /dokuwiki/lib/plugins/indexmenu/syntax/indexmenu.php(479): syntax_plugin_indexmenu_indexmenu->_jsnodes()
  #2 /dokuwiki/lib/plugins/indexmenu/syntax/indexmenu.php(414): syntax_plugin_indexmenu_indexmenu->_jstree()
  #3 /dokuwiki/lib/plugins/indexmenu/syntax/indexmenu.php(357): syntax_plugin_indexmenu_indexmenu->_indexmenu()
  #4 /dokuwiki/inc/parser/renderer.php(119): syntax_plugin_indexmenu_indexmenu->render()
  #5 /dokuwiki/inc/parserutils.php(700): Doku_Renderer->plugin()
  #6 /dokuwiki/inc/parserutils.php(158): p_render()
  #7 /dokuwiki/inc/parserutils.php(96): p_cached_output()
  #8 /dokuwiki/inc/template.php(1592): p_wiki_xhtml()
  #9 /dokuwiki/lib/tpl/mindthedark/main.php(81): tpl_include_page()
  #10 /dokuwiki/inc/actions.php(27): include('...')
  #11 /dokuwiki/doku.php(126): act_dispatch()
  #12 {main}
2023-04-09 16:51:29	/dokuwiki/lib/plugins/indexmenu/syntax/indexmenu.php(528)	E_WARNING: Trying to access array offset on value of type null
  #0 /dokuwiki/lib/plugins/indexmenu/syntax/indexmenu.php(528): dokuwiki\ErrorHandler::errorHandler()
  #1 /dokuwiki/lib/plugins/indexmenu/syntax/indexmenu.php(479): syntax_plugin_indexmenu_indexmenu->_jsnodes()
  #2 /dokuwiki/lib/plugins/indexmenu/syntax/indexmenu.php(414): syntax_plugin_indexmenu_indexmenu->_jstree()
  #3 /dokuwiki/lib/plugins/indexmenu/syntax/indexmenu.php(357): syntax_plugin_indexmenu_indexmenu->_indexmenu()
  #4 /dokuwiki/inc/parser/renderer.php(119): syntax_plugin_indexmenu_indexmenu->render()
  #5 /dokuwiki/inc/parserutils.php(700): Doku_Renderer->plugin()
  #6 /dokuwiki/inc/parserutils.php(158): p_render()
  #7 /dokuwiki/inc/parserutils.php(96): p_cached_output()
  #8 /dokuwiki/inc/template.php(1592): p_wiki_xhtml()
  #9 /dokuwiki/lib/tpl/mindthedark/main.php(81): tpl_include_page()
  #10 /dokuwiki/inc/actions.php(27): include('...')
  #11 /dokuwiki/doku.php(126): act_dispatch()
  #12 {main}
2023-04-09 16:51:29	/dokuwiki/lib/plugins/indexmenu/syntax/indexmenu.php(528)	E_WARNING: Undefined array key -1
  #0 /dokuwiki/lib/plugins/indexmenu/syntax/indexmenu.php(528): dokuwiki\ErrorHandler::errorHandler()
  #1 /dokuwiki/lib/plugins/indexmenu/syntax/indexmenu.php(479): syntax_plugin_indexmenu_indexmenu->_jsnodes()
  #2 /dokuwiki/lib/plugins/indexmenu/syntax/indexmenu.php(414): syntax_plugin_indexmenu_indexmenu->_jstree()
  #3 /dokuwiki/lib/plugins/indexmenu/syntax/indexmenu.php(357): syntax_plugin_indexmenu_indexmenu->_indexmenu()
  #4 /dokuwiki/inc/parser/renderer.php(119): syntax_plugin_indexmenu_indexmenu->render()
  #5 /dokuwiki/inc/parserutils.php(700): Doku_Renderer->plugin()
  #6 /dokuwiki/inc/parserutils.php(158): p_render()
  #7 /dokuwiki/inc/parserutils.php(96): p_cached_output()
  #8 /dokuwiki/inc/template.php(1592): p_wiki_xhtml()
  #9 /dokuwiki/lib/tpl/mindthedark/main.php(81): tpl_include_page()
  #10 /dokuwiki/inc/actions.php(27): include('...')
  #11 /dokuwiki/doku.php(126): act_dispatch()
  #12 {main}
2023-04-09 16:51:29	/dokuwiki/lib/plugins/indexmenu/syntax/indexmenu.php(528)	E_WARNING: Trying to access array offset on value of type null
  #0 /dokuwiki/lib/plugins/indexmenu/syntax/indexmenu.php(528): dokuwiki\ErrorHandler::errorHandler()
  #1 /dokuwiki/lib/plugins/indexmenu/syntax/indexmenu.php(479): syntax_plugin_indexmenu_indexmenu->_jsnodes()
  #2 /dokuwiki/lib/plugins/indexmenu/syntax/indexmenu.php(414): syntax_plugin_indexmenu_indexmenu->_jstree()
  #3 /dokuwiki/lib/plugins/indexmenu/syntax/indexmenu.php(357): syntax_plugin_indexmenu_indexmenu->_indexmenu()
  #4 /dokuwiki/inc/parser/renderer.php(119): syntax_plugin_indexmenu_indexmenu->render()
  #5 /dokuwiki/inc/parserutils.php(700): Doku_Renderer->plugin()
  #6 /dokuwiki/inc/parserutils.php(158): p_render()
  #7 /dokuwiki/inc/parserutils.php(96): p_cached_output()
  #8 /dokuwiki/inc/template.php(1592): p_wiki_xhtml()
  #9 /dokuwiki/lib/tpl/mindthedark/main.php(81): tpl_include_page()
  #10 /dokuwiki/inc/actions.php(27): include('...')
  #11 /dokuwiki/doku.php(126): act_dispatch()
  #12 {main}
2023-04-09 16:51:29	/dokuwiki/lib/plugins/indexmenu/syntax/indexmenu.php(528)	E_WARNING: Undefined array key -1
  #0 /dokuwiki/lib/plugins/indexmenu/syntax/indexmenu.php(528): dokuwiki\ErrorHandler::errorHandler()
  #1 /dokuwiki/lib/plugins/indexmenu/syntax/indexmenu.php(479): syntax_plugin_indexmenu_indexmenu->_jsnodes()
  #2 /dokuwiki/lib/plugins/indexmenu/syntax/indexmenu.php(414): syntax_plugin_indexmenu_indexmenu->_jstree()
  #3 /dokuwiki/lib/plugins/indexmenu/syntax/indexmenu.php(357): syntax_plugin_indexmenu_indexmenu->_indexmenu()
  #4 /dokuwiki/inc/parser/renderer.php(119): syntax_plugin_indexmenu_indexmenu->render()
  #5 /dokuwiki/inc/parserutils.php(700): Doku_Renderer->plugin()
  #6 /dokuwiki/inc/parserutils.php(158): p_render()
  #7 /dokuwiki/inc/parserutils.php(96): p_cached_output()
  #8 /dokuwiki/inc/template.php(1592): p_wiki_xhtml()
  #9 /dokuwiki/lib/tpl/mindthedark/main.php(81): tpl_include_page()
  #10 /dokuwiki/inc/actions.php(27): include('...')
  #11 /dokuwiki/doku.php(126): act_dispatch()
  #12 {main}
2023-04-09 16:51:29	/dokuwiki/lib/plugins/indexmenu/syntax/indexmenu.php(528)	E_WARNING: Trying to access array offset on value of type null
  #0 /dokuwiki/lib/plugins/indexmenu/syntax/indexmenu.php(528): dokuwiki\ErrorHandler::errorHandler()
  #1 /dokuwiki/lib/plugins/indexmenu/syntax/indexmenu.php(479): syntax_plugin_indexmenu_indexmenu->_jsnodes()
  #2 /dokuwiki/lib/plugins/indexmenu/syntax/indexmenu.php(414): syntax_plugin_indexmenu_indexmenu->_jstree()
  #3 /dokuwiki/lib/plugins/indexmenu/syntax/indexmenu.php(357): syntax_plugin_indexmenu_indexmenu->_indexmenu()
  #4 /dokuwiki/inc/parser/renderer.php(119): syntax_plugin_indexmenu_indexmenu->render()
  #5 /dokuwiki/inc/parserutils.php(700): Doku_Renderer->plugin()
  #6 /dokuwiki/inc/parserutils.php(158): p_render()
  #7 /dokuwiki/inc/parserutils.php(96): p_cached_output()
  #8 /dokuwiki/inc/template.php(1592): p_wiki_xhtml()
  #9 /dokuwiki/lib/tpl/mindthedark/main.php(81): tpl_include_page()
  #10 /dokuwiki/inc/actions.php(27): include('...')
  #11 /dokuwiki/doku.php(126): act_dispatch()
  #12 {main}
2023-04-09 16:51:29	/dokuwiki/lib/plugins/indexmenu/syntax/indexmenu.php(528)	E_WARNING: Undefined array key -1
  #0 /dokuwiki/lib/plugins/indexmenu/syntax/indexmenu.php(528): dokuwiki\ErrorHandler::errorHandler()
  #1 /dokuwiki/lib/plugins/indexmenu/syntax/indexmenu.php(479): syntax_plugin_indexmenu_indexmenu->_jsnodes()
  #2 /dokuwiki/lib/plugins/indexmenu/syntax/indexmenu.php(414): syntax_plugin_indexmenu_indexmenu->_jstree()
  #3 /dokuwiki/lib/plugins/indexmenu/syntax/indexmenu.php(357): syntax_plugin_indexmenu_indexmenu->_indexmenu()
  #4 /dokuwiki/inc/parser/renderer.php(119): syntax_plugin_indexmenu_indexmenu->render()
  #5 /dokuwiki/inc/parserutils.php(700): Doku_Renderer->plugin()
  #6 /dokuwiki/inc/parserutils.php(158): p_render()
  #7 /dokuwiki/inc/parserutils.php(96): p_cached_output()
  #8 /dokuwiki/inc/template.php(1592): p_wiki_xhtml()
  #9 /dokuwiki/lib/tpl/mindthedark/main.php(81): tpl_include_page()
  #10 /dokuwiki/inc/actions.php(27): include('...')
  #11 /dokuwiki/doku.php(126): act_dispatch()
  #12 {main}
2023-04-09 16:51:29	/dokuwiki/lib/plugins/indexmenu/syntax/indexmenu.php(528)	E_WARNING: Trying to access array offset on value of type null
  #0 /dokuwiki/lib/plugins/indexmenu/syntax/indexmenu.php(528): dokuwiki\ErrorHandler::errorHandler()
  #1 /dokuwiki/lib/plugins/indexmenu/syntax/indexmenu.php(479): syntax_plugin_indexmenu_indexmenu->_jsnodes()
  #2 /dokuwiki/lib/plugins/indexmenu/syntax/indexmenu.php(414): syntax_plugin_indexmenu_indexmenu->_jstree()
  #3 /dokuwiki/lib/plugins/indexmenu/syntax/indexmenu.php(357): syntax_plugin_indexmenu_indexmenu->_indexmenu()
  #4 /dokuwiki/inc/parser/renderer.php(119): syntax_plugin_indexmenu_indexmenu->render()
  #5 /dokuwiki/inc/parserutils.php(700): Doku_Renderer->plugin()
  #6 /dokuwiki/inc/parserutils.php(158): p_render()
  #7 /dokuwiki/inc/parserutils.php(96): p_cached_output()
  #8 /dokuwiki/inc/template.php(1592): p_wiki_xhtml()
  #9 /dokuwiki/lib/tpl/mindthedark/main.php(81): tpl_include_page()
  #10 /dokuwiki/inc/actions.php(27): include('...')
  #11 /dokuwiki/doku.php(126): act_dispatch()
  #12 {main}
2023-04-09 16:51:29	/dokuwiki/lib/plugins/indexmenu/syntax/indexmenu.php(528)	E_WARNING: Undefined array key -1
  #0 /dokuwiki/lib/plugins/indexmenu/syntax/indexmenu.php(528): dokuwiki\ErrorHandler::errorHandler()
  #1 /dokuwiki/lib/plugins/indexmenu/syntax/indexmenu.php(479): syntax_plugin_indexmenu_indexmenu->_jsnodes()
  #2 /dokuwiki/lib/plugins/indexmenu/syntax/indexmenu.php(414): syntax_plugin_indexmenu_indexmenu->_jstree()
  #3 /dokuwiki/lib/plugins/indexmenu/syntax/indexmenu.php(357): syntax_plugin_indexmenu_indexmenu->_indexmenu()
  #4 /dokuwiki/inc/parser/renderer.php(119): syntax_plugin_indexmenu_indexmenu->render()
  #5 /dokuwiki/inc/parserutils.php(700): Doku_Renderer->plugin()
  #6 /dokuwiki/inc/parserutils.php(158): p_render()
  #7 /dokuwiki/inc/parserutils.php(96): p_cached_output()
  #8 /dokuwiki/inc/template.php(1592): p_wiki_xhtml()
  #9 /dokuwiki/lib/tpl/mindthedark/main.php(81): tpl_include_page()
  #10 /dokuwiki/inc/actions.php(27): include('...')
  #11 /dokuwiki/doku.php(126): act_dispatch()
  #12 {main}
2023-04-09 16:51:29	/dokuwiki/lib/plugins/indexmenu/syntax/indexmenu.php(528)	E_WARNING: Trying to access array offset on value of type null
  #0 /dokuwiki/lib/plugins/indexmenu/syntax/indexmenu.php(528): dokuwiki\ErrorHandler::errorHandler()
  #1 /dokuwiki/lib/plugins/indexmenu/syntax/indexmenu.php(479): syntax_plugin_indexmenu_indexmenu->_jsnodes()
  #2 /dokuwiki/lib/plugins/indexmenu/syntax/indexmenu.php(414): syntax_plugin_indexmenu_indexmenu->_jstree()
  #3 /dokuwiki/lib/plugins/indexmenu/syntax/indexmenu.php(357): syntax_plugin_indexmenu_indexmenu->_indexmenu()
  #4 /dokuwiki/inc/parser/renderer.php(119): syntax_plugin_indexmenu_indexmenu->render()
  #5 /dokuwiki/inc/parserutils.php(700): Doku_Renderer->plugin()
  #6 /dokuwiki/inc/parserutils.php(158): p_render()
  #7 /dokuwiki/inc/parserutils.php(96): p_cached_output()
  #8 /dokuwiki/inc/template.php(1592): p_wiki_xhtml()
  #9 /dokuwiki/lib/tpl/mindthedark/main.php(81): tpl_include_page()
  #10 /dokuwiki/inc/actions.php(27): include('...')
  #11 /dokuwiki/doku.php(126): act_dispatch()
  #12 {main}
2023-04-09 19:03:04	/dokuwiki/lib/plugins/indexmenu/syntax/indexmenu.php(528)	E_WARNING: Undefined array key -1
  #0 /dokuwiki/lib/plugins/indexmenu/syntax/indexmenu.php(528): dokuwiki\ErrorHandler::errorHandler()
  #1 /dokuwiki/lib/plugins/indexmenu/syntax/indexmenu.php(479): syntax_plugin_indexmenu_indexmenu->_jsnodes()
  #2 /dokuwiki/lib/plugins/indexmenu/syntax/indexmenu.php(414): syntax_plugin_indexmenu_indexmenu->_jstree()
  #3 /dokuwiki/lib/plugins/indexmenu/syntax/indexmenu.php(357): syntax_plugin_indexmenu_indexmenu->_indexmenu()
  #4 /dokuwiki/inc/parser/renderer.php(119): syntax_plugin_indexmenu_indexmenu->render()
  #5 /dokuwiki/inc/parserutils.php(700): Doku_Renderer->plugin()
  #6 /dokuwiki/inc/parserutils.php(158): p_render()
  #7 /dokuwiki/inc/parserutils.php(96): p_cached_output()
  #8 /dokuwiki/inc/template.php(1592): p_wiki_xhtml()
  #9 /dokuwiki/lib/tpl/mindthedark/main.php(81): tpl_include_page()
  #10 /dokuwiki/inc/actions.php(27): include('...')
  #11 /dokuwiki/doku.php(126): act_dispatch()
  #12 {main}
2023-04-09 19:03:04	/dokuwiki/lib/plugins/indexmenu/syntax/indexmenu.php(528)	E_WARNING: Trying to access array offset on value of type null
  #0 /dokuwiki/lib/plugins/indexmenu/syntax/indexmenu.php(528): dokuwiki\ErrorHandler::errorHandler()
  #1 /dokuwiki/lib/plugins/indexmenu/syntax/indexmenu.php(479): syntax_plugin_indexmenu_indexmenu->_jsnodes()
  #2 /dokuwiki/lib/plugins/indexmenu/syntax/indexmenu.php(414): syntax_plugin_indexmenu_indexmenu->_jstree()
  #3 /dokuwiki/lib/plugins/indexmenu/syntax/indexmenu.php(357): syntax_plugin_indexmenu_indexmenu->_indexmenu()
  #4 /dokuwiki/inc/parser/renderer.php(119): syntax_plugin_indexmenu_indexmenu->render()
  #5 /dokuwiki/inc/parserutils.php(700): Doku_Renderer->plugin()
  #6 /dokuwiki/inc/parserutils.php(158): p_render()
  #7 /dokuwiki/inc/parserutils.php(96): p_cached_output()
  #8 /dokuwiki/inc/template.php(1592): p_wiki_xhtml()
  #9 /dokuwiki/lib/tpl/mindthedark/main.php(81): tpl_include_page()
  #10 /dokuwiki/inc/actions.php(27): include('...')
  #11 /dokuwiki/doku.php(126): act_dispatch()
  #12 {main}
2023-04-09 19:03:04	/dokuwiki/lib/plugins/indexmenu/syntax/indexmenu.php(528)	E_WARNING: Undefined array key -1
  #0 /dokuwiki/lib/plugins/indexmenu/syntax/indexmenu.php(528): dokuwiki\ErrorHandler::errorHandler()
  #1 /dokuwiki/lib/plugins/indexmenu/syntax/indexmenu.php(479): syntax_plugin_indexmenu_indexmenu->_jsnodes()
  #2 /dokuwiki/lib/plugins/indexmenu/syntax/indexmenu.php(414): syntax_plugin_indexmenu_indexmenu->_jstree()
  #3 /dokuwiki/lib/plugins/indexmenu/syntax/indexmenu.php(357): syntax_plugin_indexmenu_indexmenu->_indexmenu()
  #4 /dokuwiki/inc/parser/renderer.php(119): syntax_plugin_indexmenu_indexmenu->render()
  #5 /dokuwiki/inc/parserutils.php(700): Doku_Renderer->plugin()
  #6 /dokuwiki/inc/parserutils.php(158): p_render()
  #7 /dokuwiki/inc/parserutils.php(96): p_cached_output()
  #8 /dokuwiki/inc/template.php(1592): p_wiki_xhtml()
  #9 /dokuwiki/lib/tpl/mindthedark/main.php(81): tpl_include_page()
  #10 /dokuwiki/inc/actions.php(27): include('...')
  #11 /dokuwiki/doku.php(126): act_dispatch()
  #12 {main}
2023-04-09 19:03:04	/dokuwiki/lib/plugins/indexmenu/syntax/indexmenu.php(528)	E_WARNING: Trying to access array offset on value of type null
  #0 /dokuwiki/lib/plugins/indexmenu/syntax/indexmenu.php(528): dokuwiki\ErrorHandler::errorHandler()
  #1 /dokuwiki/lib/plugins/indexmenu/syntax/indexmenu.php(479): syntax_plugin_indexmenu_indexmenu->_jsnodes()
  #2 /dokuwiki/lib/plugins/indexmenu/syntax/indexmenu.php(414): syntax_plugin_indexmenu_indexmenu->_jstree()
  #3 /dokuwiki/lib/plugins/indexmenu/syntax/indexmenu.php(357): syntax_plugin_indexmenu_indexmenu->_indexmenu()
  #4 /dokuwiki/inc/parser/renderer.php(119): syntax_plugin_indexmenu_indexmenu->render()
  #5 /dokuwiki/inc/parserutils.php(700): Doku_Renderer->plugin()
  #6 /dokuwiki/inc/parserutils.php(158): p_render()
  #7 /dokuwiki/inc/parserutils.php(96): p_cached_output()
  #8 /dokuwiki/inc/template.php(1592): p_wiki_xhtml()
  #9 /dokuwiki/lib/tpl/mindthedark/main.php(81): tpl_include_page()
  #10 /dokuwiki/inc/actions.php(27): include('...')
  #11 /dokuwiki/doku.php(126): act_dispatch()
  #12 {main}
2023-04-09 19:03:04	/dokuwiki/lib/plugins/indexmenu/syntax/indexmenu.php(528)	E_WARNING: Undefined array key -1
  #0 /dokuwiki/lib/plugins/indexmenu/syntax/indexmenu.php(528): dokuwiki\ErrorHandler::errorHandler()
  #1 /dokuwiki/lib/plugins/indexmenu/syntax/indexmenu.php(479): syntax_plugin_indexmenu_indexmenu->_jsnodes()
  #2 /dokuwiki/lib/plugins/indexmenu/syntax/indexmenu.php(414): syntax_plugin_indexmenu_indexmenu->_jstree()
  #3 /dokuwiki/lib/plugins/indexmenu/syntax/indexmenu.php(357): syntax_plugin_indexmenu_indexmenu->_indexmenu()
  #4 /dokuwiki/inc/parser/renderer.php(119): syntax_plugin_indexmenu_indexmenu->render()
  #5 /dokuwiki/inc/parserutils.php(700): Doku_Renderer->plugin()
  #6 /dokuwiki/inc/parserutils.php(158): p_render()
  #7 /dokuwiki/inc/parserutils.php(96): p_cached_output()
  #8 /dokuwiki/inc/template.php(1592): p_wiki_xhtml()
  #9 /dokuwiki/lib/tpl/mindthedark/main.php(81): tpl_include_page()
  #10 /dokuwiki/inc/actions.php(27): include('...')
  #11 /dokuwiki/doku.php(126): act_dispatch()
  #12 {main}
2023-04-09 19:03:04	/dokuwiki/lib/plugins/indexmenu/syntax/indexmenu.php(528)	E_WARNING: Trying to access array offset on value of type null
  #0 /dokuwiki/lib/plugins/indexmenu/syntax/indexmenu.php(528): dokuwiki\ErrorHandler::errorHandler()
  #1 /dokuwiki/lib/plugins/indexmenu/syntax/indexmenu.php(479): syntax_plugin_indexmenu_indexmenu->_jsnodes()
  #2 /dokuwiki/lib/plugins/indexmenu/syntax/indexmenu.php(414): syntax_plugin_indexmenu_indexmenu->_jstree()
  #3 /dokuwiki/lib/plugins/indexmenu/syntax/indexmenu.php(357): syntax_plugin_indexmenu_indexmenu->_indexmenu()
  #4 /dokuwiki/inc/parser/renderer.php(119): syntax_plugin_indexmenu_indexmenu->render()
  #5 /dokuwiki/inc/parserutils.php(700): Doku_Renderer->plugin()
  #6 /dokuwiki/inc/parserutils.php(158): p_render()
  #7 /dokuwiki/inc/parserutils.php(96): p_cached_output()
  #8 /dokuwiki/inc/template.php(1592): p_wiki_xhtml()
  #9 /dokuwiki/lib/tpl/mindthedark/main.php(81): tpl_include_page()
  #10 /dokuwiki/inc/actions.php(27): include('...')
  #11 /dokuwiki/doku.php(126): act_dispatch()
  #12 {main}
2023-04-09 19:03:04	/dokuwiki/lib/plugins/indexmenu/syntax/indexmenu.php(528)	E_WARNING: Undefined array key -1
  #0 /dokuwiki/lib/plugins/indexmenu/syntax/indexmenu.php(528): dokuwiki\ErrorHandler::errorHandler()
  #1 /dokuwiki/lib/plugins/indexmenu/syntax/indexmenu.php(479): syntax_plugin_indexmenu_indexmenu->_jsnodes()
  #2 /dokuwiki/lib/plugins/indexmenu/syntax/indexmenu.php(414): syntax_plugin_indexmenu_indexmenu->_jstree()
  #3 /dokuwiki/lib/plugins/indexmenu/syntax/indexmenu.php(357): syntax_plugin_indexmenu_indexmenu->_indexmenu()
  #4 /dokuwiki/inc/parser/renderer.php(119): syntax_plugin_indexmenu_indexmenu->render()
  #5 /dokuwiki/inc/parserutils.php(700): Doku_Renderer->plugin()
  #6 /dokuwiki/inc/parserutils.php(158): p_render()
  #7 /dokuwiki/inc/parserutils.php(96): p_cached_output()
  #8 /dokuwiki/inc/template.php(1592): p_wiki_xhtml()
  #9 /dokuwiki/lib/tpl/mindthedark/main.php(81): tpl_include_page()
  #10 /dokuwiki/inc/actions.php(27): include('...')
  #11 /dokuwiki/doku.php(126): act_dispatch()
  #12 {main}
2023-04-09 19:03:04	/dokuwiki/lib/plugins/indexmenu/syntax/indexmenu.php(528)	E_WARNING: Trying to access array offset on value of type null
  #0 /dokuwiki/lib/plugins/indexmenu/syntax/indexmenu.php(528): dokuwiki\ErrorHandler::errorHandler()
  #1 /dokuwiki/lib/plugins/indexmenu/syntax/indexmenu.php(479): syntax_plugin_indexmenu_indexmenu->_jsnodes()
  #2 /dokuwiki/lib/plugins/indexmenu/syntax/indexmenu.php(414): syntax_plugin_indexmenu_indexmenu->_jstree()
  #3 /dokuwiki/lib/plugins/indexmenu/syntax/indexmenu.php(357): syntax_plugin_indexmenu_indexmenu->_indexmenu()
  #4 /dokuwiki/inc/parser/renderer.php(119): syntax_plugin_indexmenu_indexmenu->render()
  #5 /dokuwiki/inc/parserutils.php(700): Doku_Renderer->plugin()
  #6 /dokuwiki/inc/parserutils.php(158): p_render()
  #7 /dokuwiki/inc/parserutils.php(96): p_cached_output()
  #8 /dokuwiki/inc/template.php(1592): p_wiki_xhtml()
  #9 /dokuwiki/lib/tpl/mindthedark/main.php(81): tpl_include_page()
  #10 /dokuwiki/inc/actions.php(27): include('...')
  #11 /dokuwiki/doku.php(126): act_dispatch()
  #12 {main}
2023-04-09 19:03:04	/dokuwiki/lib/plugins/indexmenu/syntax/indexmenu.php(528)	E_WARNING: Undefined array key -1
  #0 /dokuwiki/lib/plugins/indexmenu/syntax/indexmenu.php(528): dokuwiki\ErrorHandler::errorHandler()
  #1 /dokuwiki/lib/plugins/indexmenu/syntax/indexmenu.php(479): syntax_plugin_indexmenu_indexmenu->_jsnodes()
  #2 /dokuwiki/lib/plugins/indexmenu/syntax/indexmenu.php(414): syntax_plugin_indexmenu_indexmenu->_jstree()
  #3 /dokuwiki/lib/plugins/indexmenu/syntax/indexmenu.php(357): syntax_plugin_indexmenu_indexmenu->_indexmenu()
  #4 /dokuwiki/inc/parser/renderer.php(119): syntax_plugin_indexmenu_indexmenu->render()
  #5 /dokuwiki/inc/parserutils.php(700): Doku_Renderer->plugin()
  #6 /dokuwiki/inc/parserutils.php(158): p_render()
  #7 /dokuwiki/inc/parserutils.php(96): p_cached_output()
  #8 /dokuwiki/inc/template.php(1592): p_wiki_xhtml()
  #9 /dokuwiki/lib/tpl/mindthedark/main.php(81): tpl_include_page()
  #10 /dokuwiki/inc/actions.php(27): include('...')
  #11 /dokuwiki/doku.php(126): act_dispatch()
  #12 {main}
2023-04-09 19:03:04	/dokuwiki/lib/plugins/indexmenu/syntax/indexmenu.php(528)	E_WARNING: Trying to access array offset on value of type null
  #0 /dokuwiki/lib/plugins/indexmenu/syntax/indexmenu.php(528): dokuwiki\ErrorHandler::errorHandler()
  #1 /dokuwiki/lib/plugins/indexmenu/syntax/indexmenu.php(479): syntax_plugin_indexmenu_indexmenu->_jsnodes()
  #2 /dokuwiki/lib/plugins/indexmenu/syntax/indexmenu.php(414): syntax_plugin_indexmenu_indexmenu->_jstree()
  #3 /dokuwiki/lib/plugins/indexmenu/syntax/indexmenu.php(357): syntax_plugin_indexmenu_indexmenu->_indexmenu()
  #4 /dokuwiki/inc/parser/renderer.php(119): syntax_plugin_indexmenu_indexmenu->render()
  #5 /dokuwiki/inc/parserutils.php(700): Doku_Renderer->plugin()
  #6 /dokuwiki/inc/parserutils.php(158): p_render()
  #7 /dokuwiki/inc/parserutils.php(96): p_cached_output()
  #8 /dokuwiki/inc/template.php(1592): p_wiki_xhtml()
  #9 /dokuwiki/lib/tpl/mindthedark/main.php(81): tpl_include_page()
  #10 /dokuwiki/inc/actions.php(27): include('...')
  #11 /dokuwiki/doku.php(126): act_dispatch()
  #12 {main}
2023-04-09 19:03:04	/dokuwiki/lib/plugins/indexmenu/syntax/indexmenu.php(528)	E_WARNING: Undefined array key -1
  #0 /dokuwiki/lib/plugins/indexmenu/syntax/indexmenu.php(528): dokuwiki\ErrorHandler::errorHandler()
  #1 /dokuwiki/lib/plugins/indexmenu/syntax/indexmenu.php(479): syntax_plugin_indexmenu_indexmenu->_jsnodes()
  #2 /dokuwiki/lib/plugins/indexmenu/syntax/indexmenu.php(414): syntax_plugin_indexmenu_indexmenu->_jstree()
  #3 /dokuwiki/lib/plugins/indexmenu/syntax/indexmenu.php(357): syntax_plugin_indexmenu_indexmenu->_indexmenu()
  #4 /dokuwiki/inc/parser/renderer.php(119): syntax_plugin_indexmenu_indexmenu->render()
  #5 /dokuwiki/inc/parserutils.php(700): Doku_Renderer->plugin()
  #6 /dokuwiki/inc/parserutils.php(158): p_render()
  #7 /dokuwiki/inc/parserutils.php(96): p_cached_output()
  #8 /dokuwiki/inc/template.php(1592): p_wiki_xhtml()
  #9 /dokuwiki/lib/tpl/mindthedark/main.php(81): tpl_include_page()
  #10 /dokuwiki/inc/actions.php(27): include('...')
  #11 /dokuwiki/doku.php(126): act_dispatch()
  #12 {main}
2023-04-09 19:03:04	/dokuwiki/lib/plugins/indexmenu/syntax/indexmenu.php(528)	E_WARNING: Trying to access array offset on value of type null
  #0 /dokuwiki/lib/plugins/indexmenu/syntax/indexmenu.php(528): dokuwiki\ErrorHandler::errorHandler()
  #1 /dokuwiki/lib/plugins/indexmenu/syntax/indexmenu.php(479): syntax_plugin_indexmenu_indexmenu->_jsnodes()
  #2 /dokuwiki/lib/plugins/indexmenu/syntax/indexmenu.php(414): syntax_plugin_indexmenu_indexmenu->_jstree()
  #3 /dokuwiki/lib/plugins/indexmenu/syntax/indexmenu.php(357): syntax_plugin_indexmenu_indexmenu->_indexmenu()
  #4 /dokuwiki/inc/parser/renderer.php(119): syntax_plugin_indexmenu_indexmenu->render()
  #5 /dokuwiki/inc/parserutils.php(700): Doku_Renderer->plugin()
  #6 /dokuwiki/inc/parserutils.php(158): p_render()
  #7 /dokuwiki/inc/parserutils.php(96): p_cached_output()
  #8 /dokuwiki/inc/template.php(1592): p_wiki_xhtml()
  #9 /dokuwiki/lib/tpl/mindthedark/main.php(81): tpl_include_page()
  #10 /dokuwiki/inc/actions.php(27): include('...')
  #11 /dokuwiki/doku.php(126): act_dispatch()
  #12 {main}
2023-04-09 19:03:04	/dokuwiki/lib/plugins/indexmenu/syntax/indexmenu.php(528)	E_WARNING: Undefined array key -1
  #0 /dokuwiki/lib/plugins/indexmenu/syntax/indexmenu.php(528): dokuwiki\ErrorHandler::errorHandler()
  #1 /dokuwiki/lib/plugins/indexmenu/syntax/indexmenu.php(479): syntax_plugin_indexmenu_indexmenu->_jsnodes()
  #2 /dokuwiki/lib/plugins/indexmenu/syntax/indexmenu.php(414): syntax_plugin_indexmenu_indexmenu->_jstree()
  #3 /dokuwiki/lib/plugins/indexmenu/syntax/indexmenu.php(357): syntax_plugin_indexmenu_indexmenu->_indexmenu()
  #4 /dokuwiki/inc/parser/renderer.php(119): syntax_plugin_indexmenu_indexmenu->render()
  #5 /dokuwiki/inc/parserutils.php(700): Doku_Renderer->plugin()
  #6 /dokuwiki/inc/parserutils.php(158): p_render()
  #7 /dokuwiki/inc/parserutils.php(96): p_cached_output()
  #8 /dokuwiki/inc/template.php(1592): p_wiki_xhtml()
  #9 /dokuwiki/lib/tpl/mindthedark/main.php(81): tpl_include_page()
  #10 /dokuwiki/inc/actions.php(27): include('...')
  #11 /dokuwiki/doku.php(126): act_dispatch()
  #12 {main}
2023-04-09 19:03:04	/dokuwiki/lib/plugins/indexmenu/syntax/indexmenu.php(528)	E_WARNING: Trying to access array offset on value of type null
  #0 /dokuwiki/lib/plugins/indexmenu/syntax/indexmenu.php(528): dokuwiki\ErrorHandler::errorHandler()
  #1 /dokuwiki/lib/plugins/indexmenu/syntax/indexmenu.php(479): syntax_plugin_indexmenu_indexmenu->_jsnodes()
  #2 /dokuwiki/lib/plugins/indexmenu/syntax/indexmenu.php(414): syntax_plugin_indexmenu_indexmenu->_jstree()
  #3 /dokuwiki/lib/plugins/indexmenu/syntax/indexmenu.php(357): syntax_plugin_indexmenu_indexmenu->_indexmenu()
  #4 /dokuwiki/inc/parser/renderer.php(119): syntax_plugin_indexmenu_indexmenu->render()
  #5 /dokuwiki/inc/parserutils.php(700): Doku_Renderer->plugin()
  #6 /dokuwiki/inc/parserutils.php(158): p_render()
  #7 /dokuwiki/inc/parserutils.php(96): p_cached_output()
  #8 /dokuwiki/inc/template.php(1592): p_wiki_xhtml()
  #9 /dokuwiki/lib/tpl/mindthedark/main.php(81): tpl_include_page()
  #10 /dokuwiki/inc/actions.php(27): include('...')
  #11 /dokuwiki/doku.php(126): act_dispatch()
  #12 {main}
