2024-01-29 00:01:23	/dokuwiki/lib/plugins/authplain/auth.php(410)	E_ERROR: Allowed memory size of 134217728 bytes exhausted (tried to allocate 4194312 bytes)
  #0 [internal function]: dokuwiki\ErrorHandler::fatalShutdown()
  #1 {main}
2024-01-29 00:01:34	/dokuwiki/lib/plugins/authplain/auth.php(410)	E_ERROR: Allowed memory size of 134217728 bytes exhausted (tried to allocate 4194312 bytes)
  #0 [internal function]: dokuwiki\ErrorHandler::fatalShutdown()
  #1 {main}
2024-01-29 00:04:06	/dokuwiki/lib/plugins/authplain/auth.php(410)	E_ERROR: Allowed memory size of 134217728 bytes exhausted (tried to allocate 4194312 bytes)
  #0 [internal function]: dokuwiki\ErrorHandler::fatalShutdown()
  #1 {main}
2024-01-29 00:14:03	/dokuwiki/lib/plugins/authplain/auth.php(410)	E_ERROR: Allowed memory size of 134217728 bytes exhausted (tried to allocate 4194312 bytes)
  #0 [internal function]: dokuwiki\ErrorHandler::fatalShutdown()
  #1 {main}
2024-01-29 00:19:05	/dokuwiki/lib/plugins/authplain/auth.php(410)	E_ERROR: Allowed memory size of 134217728 bytes exhausted (tried to allocate 4194312 bytes)
  #0 [internal function]: dokuwiki\ErrorHandler::fatalShutdown()
  #1 {main}
2024-01-29 00:25:27	/dokuwiki/lib/plugins/authplain/auth.php(410)	E_ERROR: Allowed memory size of 134217728 bytes exhausted (tried to allocate 4194312 bytes)
  #0 [internal function]: dokuwiki\ErrorHandler::fatalShutdown()
  #1 {main}
2024-01-29 00:25:48	/dokuwiki/lib/plugins/authplain/auth.php(410)	E_ERROR: Allowed memory size of 134217728 bytes exhausted (tried to allocate 4194312 bytes)
  #0 [internal function]: dokuwiki\ErrorHandler::fatalShutdown()
  #1 {main}
2024-01-29 00:25:59	/dokuwiki/lib/plugins/authplain/auth.php(410)	E_ERROR: Allowed memory size of 134217728 bytes exhausted (tried to allocate 4194312 bytes)
  #0 [internal function]: dokuwiki\ErrorHandler::fatalShutdown()
  #1 {main}
2024-01-29 00:47:06	/dokuwiki/lib/plugins/authplain/auth.php(410)	E_ERROR: Allowed memory size of 134217728 bytes exhausted (tried to allocate 4194312 bytes)
  #0 [internal function]: dokuwiki\ErrorHandler::fatalShutdown()
  #1 {main}
2024-01-29 00:49:47	/dokuwiki/lib/plugins/authplain/auth.php(410)	E_ERROR: Allowed memory size of 134217728 bytes exhausted (tried to allocate 4194312 bytes)
  #0 [internal function]: dokuwiki\ErrorHandler::fatalShutdown()
  #1 {main}
2024-01-29 00:49:49	/dokuwiki/lib/plugins/authplain/auth.php(410)	E_ERROR: Allowed memory size of 134217728 bytes exhausted (tried to allocate 4194312 bytes)
  #0 [internal function]: dokuwiki\ErrorHandler::fatalShutdown()
  #1 {main}
2024-01-29 01:02:53	/dokuwiki/lib/plugins/authplain/auth.php(410)	E_ERROR: Allowed memory size of 134217728 bytes exhausted (tried to allocate 4194312 bytes)
  #0 [internal function]: dokuwiki\ErrorHandler::fatalShutdown()
  #1 {main}
2024-01-29 01:03:14	/dokuwiki/lib/plugins/authplain/auth.php(410)	E_ERROR: Allowed memory size of 134217728 bytes exhausted (tried to allocate 4194312 bytes)
  #0 [internal function]: dokuwiki\ErrorHandler::fatalShutdown()
  #1 {main}
2024-01-29 01:03:20	/dokuwiki/lib/plugins/authplain/auth.php(410)	E_ERROR: Allowed memory size of 134217728 bytes exhausted (tried to allocate 4194312 bytes)
  #0 [internal function]: dokuwiki\ErrorHandler::fatalShutdown()
  #1 {main}
2024-01-29 01:10:19	/dokuwiki/lib/plugins/authplain/auth.php(410)	E_ERROR: Allowed memory size of 134217728 bytes exhausted (tried to allocate 4194312 bytes)
  #0 [internal function]: dokuwiki\ErrorHandler::fatalShutdown()
  #1 {main}
2024-01-29 01:10:26	/dokuwiki/lib/plugins/authplain/auth.php(410)	E_ERROR: Allowed memory size of 134217728 bytes exhausted (tried to allocate 4194312 bytes)
  #0 [internal function]: dokuwiki\ErrorHandler::fatalShutdown()
  #1 {main}
2024-01-29 01:11:28	/dokuwiki/lib/plugins/authplain/auth.php(410)	E_ERROR: Allowed memory size of 134217728 bytes exhausted (tried to allocate 4194312 bytes)
  #0 [internal function]: dokuwiki\ErrorHandler::fatalShutdown()
  #1 {main}
2024-01-29 01:22:14	/dokuwiki/lib/plugins/authplain/auth.php(410)	E_ERROR: Allowed memory size of 134217728 bytes exhausted (tried to allocate 4194312 bytes)
  #0 [internal function]: dokuwiki\ErrorHandler::fatalShutdown()
  #1 {main}
2024-01-29 01:22:46	/dokuwiki/lib/plugins/authplain/auth.php(410)	E_ERROR: Allowed memory size of 134217728 bytes exhausted (tried to allocate 4194312 bytes)
  #0 [internal function]: dokuwiki\ErrorHandler::fatalShutdown()
  #1 {main}
2024-01-29 01:24:35	/dokuwiki/lib/plugins/authplain/auth.php(410)	E_ERROR: Allowed memory size of 134217728 bytes exhausted (tried to allocate 4194312 bytes)
  #0 [internal function]: dokuwiki\ErrorHandler::fatalShutdown()
  #1 {main}
2024-01-29 01:46:20	/dokuwiki/lib/plugins/authplain/auth.php(410)	E_ERROR: Allowed memory size of 134217728 bytes exhausted (tried to allocate 4194312 bytes)
  #0 [internal function]: dokuwiki\ErrorHandler::fatalShutdown()
  #1 {main}
2024-01-29 01:50:04	/dokuwiki/lib/plugins/authplain/auth.php(410)	E_ERROR: Allowed memory size of 134217728 bytes exhausted (tried to allocate 4194312 bytes)
  #0 [internal function]: dokuwiki\ErrorHandler::fatalShutdown()
  #1 {main}
2024-01-29 01:51:15	/dokuwiki/lib/plugins/authplain/auth.php(410)	E_ERROR: Allowed memory size of 134217728 bytes exhausted (tried to allocate 4194312 bytes)
  #0 [internal function]: dokuwiki\ErrorHandler::fatalShutdown()
  #1 {main}
2024-01-29 01:59:52	/dokuwiki/lib/plugins/authplain/auth.php(410)	E_ERROR: Allowed memory size of 134217728 bytes exhausted (tried to allocate 4194312 bytes)
  #0 [internal function]: dokuwiki\ErrorHandler::fatalShutdown()
  #1 {main}
2024-01-29 02:00:00	/dokuwiki/lib/plugins/authplain/auth.php(410)	E_ERROR: Allowed memory size of 134217728 bytes exhausted (tried to allocate 4194312 bytes)
  #0 [internal function]: dokuwiki\ErrorHandler::fatalShutdown()
  #1 {main}
2024-01-29 02:04:09	/dokuwiki/lib/plugins/authplain/auth.php(410)	E_ERROR: Allowed memory size of 134217728 bytes exhausted (tried to allocate 4194312 bytes)
  #0 [internal function]: dokuwiki\ErrorHandler::fatalShutdown()
  #1 {main}
2024-01-29 02:04:10	/dokuwiki/lib/plugins/authplain/auth.php(410)	E_ERROR: Allowed memory size of 134217728 bytes exhausted (tried to allocate 4194312 bytes)
  #0 [internal function]: dokuwiki\ErrorHandler::fatalShutdown()
  #1 {main}
2024-01-29 02:04:12	/dokuwiki/lib/plugins/authplain/auth.php(410)	E_ERROR: Allowed memory size of 134217728 bytes exhausted (tried to allocate 4194312 bytes)
  #0 [internal function]: dokuwiki\ErrorHandler::fatalShutdown()
  #1 {main}
2024-01-29 02:10:46	/dokuwiki/lib/plugins/authplain/auth.php(410)	E_ERROR: Allowed memory size of 134217728 bytes exhausted (tried to allocate 4194312 bytes)
  #0 [internal function]: dokuwiki\ErrorHandler::fatalShutdown()
  #1 {main}
2024-01-29 02:10:47	/dokuwiki/lib/plugins/authplain/auth.php(410)	E_ERROR: Allowed memory size of 134217728 bytes exhausted (tried to allocate 4194312 bytes)
  #0 [internal function]: dokuwiki\ErrorHandler::fatalShutdown()
  #1 {main}
2024-01-29 02:10:48	/dokuwiki/lib/plugins/authplain/auth.php(410)	E_ERROR: Allowed memory size of 134217728 bytes exhausted (tried to allocate 4194312 bytes)
  #0 [internal function]: dokuwiki\ErrorHandler::fatalShutdown()
  #1 {main}
2024-01-29 02:14:42	/dokuwiki/lib/plugins/authplain/auth.php(410)	E_ERROR: Allowed memory size of 134217728 bytes exhausted (tried to allocate 4194312 bytes)
  #0 [internal function]: dokuwiki\ErrorHandler::fatalShutdown()
  #1 {main}
2024-01-29 02:14:43	/dokuwiki/lib/plugins/authplain/auth.php(410)	E_ERROR: Allowed memory size of 134217728 bytes exhausted (tried to allocate 4194312 bytes)
  #0 [internal function]: dokuwiki\ErrorHandler::fatalShutdown()
  #1 {main}
2024-01-29 02:16:24	/dokuwiki/lib/plugins/authplain/auth.php(410)	E_ERROR: Allowed memory size of 134217728 bytes exhausted (tried to allocate 4194312 bytes)
  #0 [internal function]: dokuwiki\ErrorHandler::fatalShutdown()
  #1 {main}
2024-01-29 02:17:17	/dokuwiki/lib/plugins/authplain/auth.php(410)	E_ERROR: Allowed memory size of 134217728 bytes exhausted (tried to allocate 4194312 bytes)
  #0 [internal function]: dokuwiki\ErrorHandler::fatalShutdown()
  #1 {main}
2024-01-29 02:17:22	/dokuwiki/lib/plugins/authplain/auth.php(410)	E_ERROR: Allowed memory size of 134217728 bytes exhausted (tried to allocate 4194312 bytes)
  #0 [internal function]: dokuwiki\ErrorHandler::fatalShutdown()
  #1 {main}
2024-01-29 02:31:41	/dokuwiki/lib/plugins/authplain/auth.php(410)	E_ERROR: Allowed memory size of 134217728 bytes exhausted (tried to allocate 4194312 bytes)
  #0 [internal function]: dokuwiki\ErrorHandler::fatalShutdown()
  #1 {main}
2024-01-29 02:34:29	/dokuwiki/lib/plugins/authplain/auth.php(410)	E_ERROR: Allowed memory size of 134217728 bytes exhausted (tried to allocate 4194312 bytes)
  #0 [internal function]: dokuwiki\ErrorHandler::fatalShutdown()
  #1 {main}
2024-01-29 02:35:17	/dokuwiki/lib/plugins/authplain/auth.php(410)	E_ERROR: Allowed memory size of 134217728 bytes exhausted (tried to allocate 4194312 bytes)
  #0 [internal function]: dokuwiki\ErrorHandler::fatalShutdown()
  #1 {main}
2024-01-29 02:35:19	/dokuwiki/lib/plugins/authplain/auth.php(410)	E_ERROR: Allowed memory size of 134217728 bytes exhausted (tried to allocate 4194312 bytes)
  #0 [internal function]: dokuwiki\ErrorHandler::fatalShutdown()
  #1 {main}
2024-01-29 02:42:51	/dokuwiki/lib/plugins/authplain/auth.php(410)	E_ERROR: Allowed memory size of 134217728 bytes exhausted (tried to allocate 4194312 bytes)
  #0 [internal function]: dokuwiki\ErrorHandler::fatalShutdown()
  #1 {main}
2024-01-29 02:43:32	/dokuwiki/lib/plugins/authplain/auth.php(410)	E_ERROR: Allowed memory size of 134217728 bytes exhausted (tried to allocate 4194312 bytes)
  #0 [internal function]: dokuwiki\ErrorHandler::fatalShutdown()
  #1 {main}
2024-01-29 02:45:34	/dokuwiki/lib/plugins/authplain/auth.php(410)	E_ERROR: Allowed memory size of 134217728 bytes exhausted (tried to allocate 4194312 bytes)
  #0 [internal function]: dokuwiki\ErrorHandler::fatalShutdown()
  #1 {main}
2024-01-29 02:46:20	/dokuwiki/lib/plugins/authplain/auth.php(410)	E_ERROR: Allowed memory size of 134217728 bytes exhausted (tried to allocate 4194312 bytes)
  #0 [internal function]: dokuwiki\ErrorHandler::fatalShutdown()
  #1 {main}
2024-01-29 02:48:34	/dokuwiki/lib/plugins/authplain/auth.php(410)	E_ERROR: Allowed memory size of 134217728 bytes exhausted (tried to allocate 4194312 bytes)
  #0 [internal function]: dokuwiki\ErrorHandler::fatalShutdown()
  #1 {main}
2024-01-29 02:48:35	/dokuwiki/lib/plugins/authplain/auth.php(410)	E_ERROR: Allowed memory size of 134217728 bytes exhausted (tried to allocate 4194312 bytes)
  #0 [internal function]: dokuwiki\ErrorHandler::fatalShutdown()
  #1 {main}
2024-01-29 03:00:39	/dokuwiki/lib/plugins/authplain/auth.php(410)	E_ERROR: Allowed memory size of 134217728 bytes exhausted (tried to allocate 4194312 bytes)
  #0 [internal function]: dokuwiki\ErrorHandler::fatalShutdown()
  #1 {main}
2024-01-29 03:00:46	/dokuwiki/lib/plugins/authplain/auth.php(410)	E_ERROR: Allowed memory size of 134217728 bytes exhausted (tried to allocate 4194312 bytes)
  #0 [internal function]: dokuwiki\ErrorHandler::fatalShutdown()
  #1 {main}
2024-01-29 03:00:48	/dokuwiki/lib/plugins/authplain/auth.php(410)	E_ERROR: Allowed memory size of 134217728 bytes exhausted (tried to allocate 4194312 bytes)
  #0 [internal function]: dokuwiki\ErrorHandler::fatalShutdown()
  #1 {main}
2024-01-29 03:16:53	/dokuwiki/lib/plugins/authplain/auth.php(410)	E_ERROR: Allowed memory size of 134217728 bytes exhausted (tried to allocate 4194312 bytes)
  #0 [internal function]: dokuwiki\ErrorHandler::fatalShutdown()
  #1 {main}
2024-01-29 03:17:02	/dokuwiki/lib/plugins/authplain/auth.php(410)	E_ERROR: Allowed memory size of 134217728 bytes exhausted (tried to allocate 4194312 bytes)
  #0 [internal function]: dokuwiki\ErrorHandler::fatalShutdown()
  #1 {main}
2024-01-29 03:29:25	/dokuwiki/lib/plugins/authplain/auth.php(410)	E_ERROR: Allowed memory size of 134217728 bytes exhausted (tried to allocate 4194312 bytes)
  #0 [internal function]: dokuwiki\ErrorHandler::fatalShutdown()
  #1 {main}
2024-01-29 03:29:56	/dokuwiki/lib/plugins/authplain/auth.php(410)	E_ERROR: Allowed memory size of 134217728 bytes exhausted (tried to allocate 4194312 bytes)
  #0 [internal function]: dokuwiki\ErrorHandler::fatalShutdown()
  #1 {main}
2024-01-29 03:29:59	/dokuwiki/lib/plugins/authplain/auth.php(410)	E_ERROR: Allowed memory size of 134217728 bytes exhausted (tried to allocate 4194312 bytes)
  #0 [internal function]: dokuwiki\ErrorHandler::fatalShutdown()
  #1 {main}
2024-01-29 03:41:44	/dokuwiki/lib/plugins/authplain/auth.php(410)	E_ERROR: Allowed memory size of 134217728 bytes exhausted (tried to allocate 4194312 bytes)
  #0 [internal function]: dokuwiki\ErrorHandler::fatalShutdown()
  #1 {main}
2024-01-29 03:43:40	/dokuwiki/lib/plugins/authplain/auth.php(410)	E_ERROR: Allowed memory size of 134217728 bytes exhausted (tried to allocate 4194312 bytes)
  #0 [internal function]: dokuwiki\ErrorHandler::fatalShutdown()
  #1 {main}
2024-01-29 03:43:43	/dokuwiki/lib/plugins/authplain/auth.php(410)	E_ERROR: Allowed memory size of 134217728 bytes exhausted (tried to allocate 4194312 bytes)
  #0 [internal function]: dokuwiki\ErrorHandler::fatalShutdown()
  #1 {main}
2024-01-29 03:45:09	/dokuwiki/lib/plugins/authplain/auth.php(410)	E_ERROR: Allowed memory size of 134217728 bytes exhausted (tried to allocate 4194312 bytes)
  #0 [internal function]: dokuwiki\ErrorHandler::fatalShutdown()
  #1 {main}
2024-01-29 03:49:43	/dokuwiki/lib/plugins/authplain/auth.php(410)	E_ERROR: Allowed memory size of 134217728 bytes exhausted (tried to allocate 4194312 bytes)
  #0 [internal function]: dokuwiki\ErrorHandler::fatalShutdown()
  #1 {main}
2024-01-29 03:50:09	/dokuwiki/lib/plugins/authplain/auth.php(410)	E_ERROR: Allowed memory size of 134217728 bytes exhausted (tried to allocate 4194312 bytes)
  #0 [internal function]: dokuwiki\ErrorHandler::fatalShutdown()
  #1 {main}
2024-01-29 03:52:58	/dokuwiki/lib/plugins/authplain/auth.php(410)	E_ERROR: Allowed memory size of 134217728 bytes exhausted (tried to allocate 4194312 bytes)
  #0 [internal function]: dokuwiki\ErrorHandler::fatalShutdown()
  #1 {main}
2024-01-29 04:00:53	/dokuwiki/lib/plugins/authplain/auth.php(410)	E_ERROR: Allowed memory size of 134217728 bytes exhausted (tried to allocate 4194312 bytes)
  #0 [internal function]: dokuwiki\ErrorHandler::fatalShutdown()
  #1 {main}
2024-01-29 04:02:51	/dokuwiki/lib/plugins/authplain/auth.php(410)	E_ERROR: Allowed memory size of 134217728 bytes exhausted (tried to allocate 4194312 bytes)
  #0 [internal function]: dokuwiki\ErrorHandler::fatalShutdown()
  #1 {main}
2024-01-29 04:03:04	/dokuwiki/lib/plugins/authplain/auth.php(410)	E_ERROR: Allowed memory size of 134217728 bytes exhausted (tried to allocate 4194312 bytes)
  #0 [internal function]: dokuwiki\ErrorHandler::fatalShutdown()
  #1 {main}
2024-01-29 04:07:36	/dokuwiki/lib/plugins/authplain/auth.php(410)	E_ERROR: Allowed memory size of 134217728 bytes exhausted (tried to allocate 4194312 bytes)
  #0 [internal function]: dokuwiki\ErrorHandler::fatalShutdown()
  #1 {main}
2024-01-29 04:08:22	/dokuwiki/feed.php(235)	E_WARNING: Undefined array key "media"
  #0 /dokuwiki/feed.php(235): dokuwiki\ErrorHandler::errorHandler()
  #1 /dokuwiki/feed.php(96): rss_buildItems()
  #2 {main}
2024-01-29 04:08:22	/dokuwiki/feed.php(305)	E_WARNING: Undefined array key "media"
  #0 /dokuwiki/feed.php(305): dokuwiki\ErrorHandler::errorHandler()
  #1 /dokuwiki/feed.php(96): rss_buildItems()
  #2 {main}
2024-01-29 04:08:22	/dokuwiki/feed.php(235)	E_WARNING: Undefined array key "media"
  #0 /dokuwiki/feed.php(235): dokuwiki\ErrorHandler::errorHandler()
  #1 /dokuwiki/feed.php(96): rss_buildItems()
  #2 {main}
2024-01-29 04:08:22	/dokuwiki/feed.php(305)	E_WARNING: Undefined array key "media"
  #0 /dokuwiki/feed.php(305): dokuwiki\ErrorHandler::errorHandler()
  #1 /dokuwiki/feed.php(96): rss_buildItems()
  #2 {main}
2024-01-29 04:08:22	/dokuwiki/feed.php(235)	E_WARNING: Undefined array key "media"
  #0 /dokuwiki/feed.php(235): dokuwiki\ErrorHandler::errorHandler()
  #1 /dokuwiki/feed.php(96): rss_buildItems()
  #2 {main}
2024-01-29 04:08:22	/dokuwiki/feed.php(305)	E_WARNING: Undefined array key "media"
  #0 /dokuwiki/feed.php(305): dokuwiki\ErrorHandler::errorHandler()
  #1 /dokuwiki/feed.php(96): rss_buildItems()
  #2 {main}
2024-01-29 04:08:22	/dokuwiki/feed.php(235)	E_WARNING: Undefined array key "media"
  #0 /dokuwiki/feed.php(235): dokuwiki\ErrorHandler::errorHandler()
  #1 /dokuwiki/feed.php(96): rss_buildItems()
  #2 {main}
2024-01-29 04:08:22	/dokuwiki/feed.php(305)	E_WARNING: Undefined array key "media"
  #0 /dokuwiki/feed.php(305): dokuwiki\ErrorHandler::errorHandler()
  #1 /dokuwiki/feed.php(96): rss_buildItems()
  #2 {main}
2024-01-29 04:14:20	/dokuwiki/lib/plugins/authplain/auth.php(410)	E_ERROR: Allowed memory size of 134217728 bytes exhausted (tried to allocate 4194312 bytes)
  #0 [internal function]: dokuwiki\ErrorHandler::fatalShutdown()
  #1 {main}
2024-01-29 04:29:31	/dokuwiki/lib/plugins/authplain/auth.php(410)	E_ERROR: Allowed memory size of 134217728 bytes exhausted (tried to allocate 4194312 bytes)
  #0 [internal function]: dokuwiki\ErrorHandler::fatalShutdown()
  #1 {main}
2024-01-29 04:29:33	/dokuwiki/lib/plugins/authplain/auth.php(410)	E_ERROR: Allowed memory size of 134217728 bytes exhausted (tried to allocate 4194312 bytes)
  #0 [internal function]: dokuwiki\ErrorHandler::fatalShutdown()
  #1 {main}
2024-01-29 04:36:37	/dokuwiki/lib/plugins/authplain/auth.php(410)	E_ERROR: Allowed memory size of 134217728 bytes exhausted (tried to allocate 4194312 bytes)
  #0 [internal function]: dokuwiki\ErrorHandler::fatalShutdown()
  #1 {main}
2024-01-29 04:40:45	/dokuwiki/lib/plugins/authplain/auth.php(410)	E_ERROR: Allowed memory size of 134217728 bytes exhausted (tried to allocate 4194312 bytes)
  #0 [internal function]: dokuwiki\ErrorHandler::fatalShutdown()
  #1 {main}
2024-01-29 04:40:47	/dokuwiki/lib/plugins/authplain/auth.php(410)	E_ERROR: Allowed memory size of 134217728 bytes exhausted (tried to allocate 4194312 bytes)
  #0 [internal function]: dokuwiki\ErrorHandler::fatalShutdown()
  #1 {main}
2024-01-29 04:42:42	/dokuwiki/lib/plugins/authplain/auth.php(410)	E_ERROR: Allowed memory size of 134217728 bytes exhausted (tried to allocate 4194312 bytes)
  #0 [internal function]: dokuwiki\ErrorHandler::fatalShutdown()
  #1 {main}
2024-01-29 04:45:18	/dokuwiki/lib/plugins/authplain/auth.php(410)	E_ERROR: Allowed memory size of 134217728 bytes exhausted (tried to allocate 4194312 bytes)
  #0 [internal function]: dokuwiki\ErrorHandler::fatalShutdown()
  #1 {main}
2024-01-29 04:45:20	/dokuwiki/lib/plugins/authplain/auth.php(410)	E_ERROR: Allowed memory size of 134217728 bytes exhausted (tried to allocate 4194312 bytes)
  #0 [internal function]: dokuwiki\ErrorHandler::fatalShutdown()
  #1 {main}
2024-01-29 04:47:29	/dokuwiki/lib/plugins/authplain/auth.php(410)	E_ERROR: Allowed memory size of 134217728 bytes exhausted (tried to allocate 4194312 bytes)
  #0 [internal function]: dokuwiki\ErrorHandler::fatalShutdown()
  #1 {main}
2024-01-29 04:48:10	/dokuwiki/lib/plugins/authplain/auth.php(410)	E_ERROR: Allowed memory size of 134217728 bytes exhausted (tried to allocate 4194312 bytes)
  #0 [internal function]: dokuwiki\ErrorHandler::fatalShutdown()
  #1 {main}
2024-01-29 04:48:15	/dokuwiki/lib/plugins/authplain/auth.php(410)	E_ERROR: Allowed memory size of 134217728 bytes exhausted (tried to allocate 4194312 bytes)
  #0 [internal function]: dokuwiki\ErrorHandler::fatalShutdown()
  #1 {main}
2024-01-29 04:51:36	/dokuwiki/lib/plugins/authplain/auth.php(410)	E_ERROR: Allowed memory size of 134217728 bytes exhausted (tried to allocate 4194312 bytes)
  #0 [internal function]: dokuwiki\ErrorHandler::fatalShutdown()
  #1 {main}
2024-01-29 04:55:52	/dokuwiki/lib/plugins/authplain/auth.php(410)	E_ERROR: Allowed memory size of 134217728 bytes exhausted (tried to allocate 4194312 bytes)
  #0 [internal function]: dokuwiki\ErrorHandler::fatalShutdown()
  #1 {main}
2024-01-29 04:56:42	/dokuwiki/lib/plugins/authplain/auth.php(410)	E_ERROR: Allowed memory size of 134217728 bytes exhausted (tried to allocate 4194312 bytes)
  #0 [internal function]: dokuwiki\ErrorHandler::fatalShutdown()
  #1 {main}
2024-01-29 04:56:51	/dokuwiki/lib/plugins/authplain/auth.php(410)	E_ERROR: Allowed memory size of 134217728 bytes exhausted (tried to allocate 4194312 bytes)
  #0 [internal function]: dokuwiki\ErrorHandler::fatalShutdown()
  #1 {main}
2024-01-29 05:05:01	/dokuwiki/lib/plugins/authplain/auth.php(410)	E_ERROR: Allowed memory size of 134217728 bytes exhausted (tried to allocate 4194312 bytes)
  #0 [internal function]: dokuwiki\ErrorHandler::fatalShutdown()
  #1 {main}
2024-01-29 05:05:16	/dokuwiki/lib/plugins/authplain/auth.php(410)	E_ERROR: Allowed memory size of 134217728 bytes exhausted (tried to allocate 4194312 bytes)
  #0 [internal function]: dokuwiki\ErrorHandler::fatalShutdown()
  #1 {main}
2024-01-29 05:18:22	/dokuwiki/lib/plugins/authplain/auth.php(410)	E_ERROR: Allowed memory size of 134217728 bytes exhausted (tried to allocate 4194312 bytes)
  #0 [internal function]: dokuwiki\ErrorHandler::fatalShutdown()
  #1 {main}
2024-01-29 05:22:41	/dokuwiki/lib/plugins/authplain/auth.php(410)	E_ERROR: Allowed memory size of 134217728 bytes exhausted (tried to allocate 4194312 bytes)
  #0 [internal function]: dokuwiki\ErrorHandler::fatalShutdown()
  #1 {main}
2024-01-29 05:34:25	/dokuwiki/lib/plugins/authplain/auth.php(410)	E_ERROR: Allowed memory size of 134217728 bytes exhausted (tried to allocate 4194312 bytes)
  #0 [internal function]: dokuwiki\ErrorHandler::fatalShutdown()
  #1 {main}
2024-01-29 05:34:31	/dokuwiki/lib/plugins/authplain/auth.php(410)	E_ERROR: Allowed memory size of 134217728 bytes exhausted (tried to allocate 4194312 bytes)
  #0 [internal function]: dokuwiki\ErrorHandler::fatalShutdown()
  #1 {main}
2024-01-29 05:39:04	/dokuwiki/lib/plugins/authplain/auth.php(410)	E_ERROR: Allowed memory size of 134217728 bytes exhausted (tried to allocate 4194312 bytes)
  #0 [internal function]: dokuwiki\ErrorHandler::fatalShutdown()
  #1 {main}
2024-01-29 05:41:21	/dokuwiki/lib/plugins/authplain/auth.php(410)	E_ERROR: Allowed memory size of 134217728 bytes exhausted (tried to allocate 4194312 bytes)
  #0 [internal function]: dokuwiki\ErrorHandler::fatalShutdown()
  #1 {main}
2024-01-29 05:43:26	/dokuwiki/lib/plugins/authplain/auth.php(410)	E_ERROR: Allowed memory size of 134217728 bytes exhausted (tried to allocate 4194312 bytes)
  #0 [internal function]: dokuwiki\ErrorHandler::fatalShutdown()
  #1 {main}
2024-01-29 05:43:31	/dokuwiki/lib/plugins/authplain/auth.php(410)	E_ERROR: Allowed memory size of 134217728 bytes exhausted (tried to allocate 4194312 bytes)
  #0 [internal function]: dokuwiki\ErrorHandler::fatalShutdown()
  #1 {main}
2024-01-29 05:46:10	/dokuwiki/lib/plugins/authplain/auth.php(410)	E_ERROR: Allowed memory size of 134217728 bytes exhausted (tried to allocate 4194312 bytes)
  #0 [internal function]: dokuwiki\ErrorHandler::fatalShutdown()
  #1 {main}
2024-01-29 05:47:25	/dokuwiki/lib/plugins/authplain/auth.php(410)	E_ERROR: Allowed memory size of 134217728 bytes exhausted (tried to allocate 4194312 bytes)
  #0 [internal function]: dokuwiki\ErrorHandler::fatalShutdown()
  #1 {main}
2024-01-29 05:47:36	/dokuwiki/lib/plugins/authplain/auth.php(410)	E_ERROR: Allowed memory size of 134217728 bytes exhausted (tried to allocate 4194312 bytes)
  #0 [internal function]: dokuwiki\ErrorHandler::fatalShutdown()
  #1 {main}
2024-01-29 05:59:27	/dokuwiki/lib/plugins/authplain/auth.php(410)	E_ERROR: Allowed memory size of 134217728 bytes exhausted (tried to allocate 4194312 bytes)
  #0 [internal function]: dokuwiki\ErrorHandler::fatalShutdown()
  #1 {main}
2024-01-29 06:10:15	/dokuwiki/lib/plugins/authplain/auth.php(410)	E_ERROR: Allowed memory size of 134217728 bytes exhausted (tried to allocate 4194312 bytes)
  #0 [internal function]: dokuwiki\ErrorHandler::fatalShutdown()
  #1 {main}
2024-01-29 06:15:25	/dokuwiki/lib/plugins/authplain/auth.php(410)	E_ERROR: Allowed memory size of 134217728 bytes exhausted (tried to allocate 4194312 bytes)
  #0 [internal function]: dokuwiki\ErrorHandler::fatalShutdown()
  #1 {main}
2024-01-29 06:19:06	/dokuwiki/lib/plugins/authplain/auth.php(410)	E_ERROR: Allowed memory size of 134217728 bytes exhausted (tried to allocate 4194312 bytes)
  #0 [internal function]: dokuwiki\ErrorHandler::fatalShutdown()
  #1 {main}
2024-01-29 06:20:10	/dokuwiki/lib/plugins/authplain/auth.php(410)	E_ERROR: Allowed memory size of 134217728 bytes exhausted (tried to allocate 4194312 bytes)
  #0 [internal function]: dokuwiki\ErrorHandler::fatalShutdown()
  #1 {main}
2024-01-29 06:33:01	/dokuwiki/lib/plugins/authplain/auth.php(410)	E_ERROR: Allowed memory size of 134217728 bytes exhausted (tried to allocate 4194312 bytes)
  #0 [internal function]: dokuwiki\ErrorHandler::fatalShutdown()
  #1 {main}
2024-01-29 06:42:47	/dokuwiki/lib/plugins/authplain/auth.php(410)	E_ERROR: Allowed memory size of 134217728 bytes exhausted (tried to allocate 4194312 bytes)
  #0 [internal function]: dokuwiki\ErrorHandler::fatalShutdown()
  #1 {main}
2024-01-29 06:45:26	/dokuwiki/lib/plugins/authplain/auth.php(410)	E_ERROR: Allowed memory size of 134217728 bytes exhausted (tried to allocate 4194312 bytes)
  #0 [internal function]: dokuwiki\ErrorHandler::fatalShutdown()
  #1 {main}
2024-01-29 06:46:25	/dokuwiki/lib/plugins/authplain/auth.php(410)	E_ERROR: Allowed memory size of 134217728 bytes exhausted (tried to allocate 4194312 bytes)
  #0 [internal function]: dokuwiki\ErrorHandler::fatalShutdown()
  #1 {main}
2024-01-29 06:51:42	/dokuwiki/lib/plugins/authplain/auth.php(410)	E_ERROR: Allowed memory size of 134217728 bytes exhausted (tried to allocate 4194312 bytes)
  #0 [internal function]: dokuwiki\ErrorHandler::fatalShutdown()
  #1 {main}
2024-01-29 06:55:48	/dokuwiki/lib/plugins/authplain/auth.php(410)	E_ERROR: Allowed memory size of 134217728 bytes exhausted (tried to allocate 4194312 bytes)
  #0 [internal function]: dokuwiki\ErrorHandler::fatalShutdown()
  #1 {main}
2024-01-29 06:55:51	/dokuwiki/lib/plugins/authplain/auth.php(410)	E_ERROR: Allowed memory size of 134217728 bytes exhausted (tried to allocate 4194312 bytes)
  #0 [internal function]: dokuwiki\ErrorHandler::fatalShutdown()
  #1 {main}
2024-01-29 06:59:46	/dokuwiki/lib/plugins/authplain/auth.php(410)	E_ERROR: Allowed memory size of 134217728 bytes exhausted (tried to allocate 4194312 bytes)
  #0 [internal function]: dokuwiki\ErrorHandler::fatalShutdown()
  #1 {main}
2024-01-29 07:02:35	/dokuwiki/lib/plugins/authplain/auth.php(410)	E_ERROR: Allowed memory size of 134217728 bytes exhausted (tried to allocate 4194312 bytes)
  #0 [internal function]: dokuwiki\ErrorHandler::fatalShutdown()
  #1 {main}
2024-01-29 07:02:52	/dokuwiki/lib/plugins/authplain/auth.php(410)	E_ERROR: Allowed memory size of 134217728 bytes exhausted (tried to allocate 4194312 bytes)
  #0 [internal function]: dokuwiki\ErrorHandler::fatalShutdown()
  #1 {main}
2024-01-29 07:04:47	/dokuwiki/lib/plugins/authplain/auth.php(410)	E_ERROR: Allowed memory size of 134217728 bytes exhausted (tried to allocate 4194312 bytes)
  #0 [internal function]: dokuwiki\ErrorHandler::fatalShutdown()
  #1 {main}
2024-01-29 07:16:58	/dokuwiki/lib/plugins/authplain/auth.php(410)	E_ERROR: Allowed memory size of 134217728 bytes exhausted (tried to allocate 4194312 bytes)
  #0 [internal function]: dokuwiki\ErrorHandler::fatalShutdown()
  #1 {main}
2024-01-29 07:18:24	/dokuwiki/lib/plugins/authplain/auth.php(410)	E_ERROR: Allowed memory size of 134217728 bytes exhausted (tried to allocate 4194312 bytes)
  #0 [internal function]: dokuwiki\ErrorHandler::fatalShutdown()
  #1 {main}
2024-01-29 07:23:24	/dokuwiki/lib/plugins/authplain/auth.php(410)	E_ERROR: Allowed memory size of 134217728 bytes exhausted (tried to allocate 4194312 bytes)
  #0 [internal function]: dokuwiki\ErrorHandler::fatalShutdown()
  #1 {main}
2024-01-29 07:32:25	/dokuwiki/lib/plugins/authplain/auth.php(410)	E_ERROR: Allowed memory size of 134217728 bytes exhausted (tried to allocate 4194312 bytes)
  #0 [internal function]: dokuwiki\ErrorHandler::fatalShutdown()
  #1 {main}
2024-01-29 07:35:37	/dokuwiki/lib/plugins/authplain/auth.php(410)	E_ERROR: Allowed memory size of 134217728 bytes exhausted (tried to allocate 4194312 bytes)
  #0 [internal function]: dokuwiki\ErrorHandler::fatalShutdown()
  #1 {main}
2024-01-29 07:37:29	/dokuwiki/lib/plugins/authplain/auth.php(410)	E_ERROR: Allowed memory size of 134217728 bytes exhausted (tried to allocate 4194312 bytes)
  #0 [internal function]: dokuwiki\ErrorHandler::fatalShutdown()
  #1 {main}
2024-01-29 07:40:27	/dokuwiki/lib/plugins/authplain/auth.php(420)	E_ERROR: Allowed memory size of 134217728 bytes exhausted (tried to allocate 4096 bytes)
  #0 [internal function]: dokuwiki\ErrorHandler::fatalShutdown()
  #1 {main}
2024-01-29 07:41:10	/dokuwiki/lib/plugins/authplain/auth.php(410)	E_ERROR: Allowed memory size of 134217728 bytes exhausted (tried to allocate 4194312 bytes)
  #0 [internal function]: dokuwiki\ErrorHandler::fatalShutdown()
  #1 {main}
2024-01-29 07:51:58	/dokuwiki/lib/plugins/authplain/auth.php(410)	E_ERROR: Allowed memory size of 134217728 bytes exhausted (tried to allocate 4194312 bytes)
  #0 [internal function]: dokuwiki\ErrorHandler::fatalShutdown()
  #1 {main}
2024-01-29 07:52:08	/dokuwiki/lib/plugins/authplain/auth.php(410)	E_ERROR: Allowed memory size of 134217728 bytes exhausted (tried to allocate 4194312 bytes)
  #0 [internal function]: dokuwiki\ErrorHandler::fatalShutdown()
  #1 {main}
2024-01-29 07:56:04	/dokuwiki/lib/plugins/authplain/auth.php(410)	E_ERROR: Allowed memory size of 134217728 bytes exhausted (tried to allocate 4194312 bytes)
  #0 [internal function]: dokuwiki\ErrorHandler::fatalShutdown()
  #1 {main}
2024-01-29 08:03:04	/dokuwiki/lib/plugins/authplain/auth.php(410)	E_ERROR: Allowed memory size of 134217728 bytes exhausted (tried to allocate 4194312 bytes)
  #0 [internal function]: dokuwiki\ErrorHandler::fatalShutdown()
  #1 {main}
2024-01-29 08:03:08	/dokuwiki/lib/plugins/authplain/auth.php(410)	E_ERROR: Allowed memory size of 134217728 bytes exhausted (tried to allocate 4194312 bytes)
  #0 [internal function]: dokuwiki\ErrorHandler::fatalShutdown()
  #1 {main}
2024-01-29 08:15:51	/dokuwiki/lib/plugins/authplain/auth.php(410)	E_ERROR: Allowed memory size of 134217728 bytes exhausted (tried to allocate 4194312 bytes)
  #0 [internal function]: dokuwiki\ErrorHandler::fatalShutdown()
  #1 {main}
2024-01-29 08:25:12	/dokuwiki/lib/plugins/authplain/auth.php(410)	E_ERROR: Allowed memory size of 134217728 bytes exhausted (tried to allocate 4194312 bytes)
  #0 [internal function]: dokuwiki\ErrorHandler::fatalShutdown()
  #1 {main}
2024-01-29 08:27:19	/dokuwiki/lib/plugins/authplain/auth.php(410)	E_ERROR: Allowed memory size of 134217728 bytes exhausted (tried to allocate 4194312 bytes)
  #0 [internal function]: dokuwiki\ErrorHandler::fatalShutdown()
  #1 {main}
2024-01-29 08:38:42	/dokuwiki/lib/plugins/authplain/auth.php(410)	E_ERROR: Allowed memory size of 134217728 bytes exhausted (tried to allocate 4194312 bytes)
  #0 [internal function]: dokuwiki\ErrorHandler::fatalShutdown()
  #1 {main}
2024-01-29 08:40:36	/dokuwiki/lib/plugins/authplain/auth.php(410)	E_ERROR: Allowed memory size of 134217728 bytes exhausted (tried to allocate 4194312 bytes)
  #0 [internal function]: dokuwiki\ErrorHandler::fatalShutdown()
  #1 {main}
2024-01-29 08:43:19	/dokuwiki/lib/plugins/authplain/auth.php(410)	E_ERROR: Allowed memory size of 134217728 bytes exhausted (tried to allocate 4194312 bytes)
  #0 [internal function]: dokuwiki\ErrorHandler::fatalShutdown()
  #1 {main}
2024-01-29 08:50:24	/dokuwiki/lib/plugins/authplain/auth.php(410)	E_ERROR: Allowed memory size of 134217728 bytes exhausted (tried to allocate 4194312 bytes)
  #0 [internal function]: dokuwiki\ErrorHandler::fatalShutdown()
  #1 {main}
2024-01-29 09:03:05	/dokuwiki/lib/plugins/authplain/auth.php(410)	E_ERROR: Allowed memory size of 134217728 bytes exhausted (tried to allocate 4194312 bytes)
  #0 [internal function]: dokuwiki\ErrorHandler::fatalShutdown()
  #1 {main}
2024-01-29 09:11:43	/dokuwiki/lib/plugins/authplain/auth.php(410)	E_ERROR: Allowed memory size of 134217728 bytes exhausted (tried to allocate 4194312 bytes)
  #0 [internal function]: dokuwiki\ErrorHandler::fatalShutdown()
  #1 {main}
2024-01-29 09:21:36	/dokuwiki/lib/plugins/authplain/auth.php(410)	E_ERROR: Allowed memory size of 134217728 bytes exhausted (tried to allocate 4194312 bytes)
  #0 [internal function]: dokuwiki\ErrorHandler::fatalShutdown()
  #1 {main}
2024-01-29 09:24:03	/dokuwiki/lib/plugins/authplain/auth.php(410)	E_ERROR: Allowed memory size of 134217728 bytes exhausted (tried to allocate 4194312 bytes)
  #0 [internal function]: dokuwiki\ErrorHandler::fatalShutdown()
  #1 {main}
2024-01-29 09:24:14	/dokuwiki/lib/plugins/authplain/auth.php(410)	E_ERROR: Allowed memory size of 134217728 bytes exhausted (tried to allocate 4194312 bytes)
  #0 [internal function]: dokuwiki\ErrorHandler::fatalShutdown()
  #1 {main}
2024-01-29 09:40:13	/dokuwiki/lib/plugins/authplain/auth.php(410)	E_ERROR: Allowed memory size of 134217728 bytes exhausted (tried to allocate 4194312 bytes)
  #0 [internal function]: dokuwiki\ErrorHandler::fatalShutdown()
  #1 {main}
2024-01-29 09:40:23	/dokuwiki/lib/plugins/authplain/auth.php(410)	E_ERROR: Allowed memory size of 134217728 bytes exhausted (tried to allocate 4194312 bytes)
  #0 [internal function]: dokuwiki\ErrorHandler::fatalShutdown()
  #1 {main}
2024-01-29 09:43:42	/dokuwiki/lib/plugins/authplain/auth.php(410)	E_ERROR: Allowed memory size of 134217728 bytes exhausted (tried to allocate 4194312 bytes)
  #0 [internal function]: dokuwiki\ErrorHandler::fatalShutdown()
  #1 {main}
2024-01-29 09:50:43	/dokuwiki/lib/plugins/authplain/auth.php(410)	E_ERROR: Allowed memory size of 134217728 bytes exhausted (tried to allocate 4194312 bytes)
  #0 [internal function]: dokuwiki\ErrorHandler::fatalShutdown()
  #1 {main}
2024-01-29 09:55:58	/dokuwiki/lib/plugins/authplain/auth.php(410)	E_ERROR: Allowed memory size of 134217728 bytes exhausted (tried to allocate 4194312 bytes)
  #0 [internal function]: dokuwiki\ErrorHandler::fatalShutdown()
  #1 {main}
2024-01-29 10:13:01	/dokuwiki/lib/plugins/authplain/auth.php(410)	E_ERROR: Allowed memory size of 134217728 bytes exhausted (tried to allocate 4194312 bytes)
  #0 [internal function]: dokuwiki\ErrorHandler::fatalShutdown()
  #1 {main}
2024-01-29 10:13:31	/dokuwiki/lib/plugins/authplain/auth.php(410)	E_ERROR: Allowed memory size of 134217728 bytes exhausted (tried to allocate 4194312 bytes)
  #0 [internal function]: dokuwiki\ErrorHandler::fatalShutdown()
  #1 {main}
2024-01-29 10:28:29	/dokuwiki/lib/plugins/authplain/auth.php(410)	E_ERROR: Allowed memory size of 134217728 bytes exhausted (tried to allocate 4194312 bytes)
  #0 [internal function]: dokuwiki\ErrorHandler::fatalShutdown()
  #1 {main}
2024-01-29 10:28:30	/dokuwiki/lib/plugins/authplain/auth.php(410)	E_ERROR: Allowed memory size of 134217728 bytes exhausted (tried to allocate 4194312 bytes)
  #0 [internal function]: dokuwiki\ErrorHandler::fatalShutdown()
  #1 {main}
2024-01-29 10:30:07	/dokuwiki/lib/plugins/authplain/auth.php(410)	E_ERROR: Allowed memory size of 134217728 bytes exhausted (tried to allocate 4194312 bytes)
  #0 [internal function]: dokuwiki\ErrorHandler::fatalShutdown()
  #1 {main}
2024-01-29 10:40:41	/dokuwiki/lib/plugins/authplain/auth.php(410)	E_ERROR: Allowed memory size of 134217728 bytes exhausted (tried to allocate 4194312 bytes)
  #0 [internal function]: dokuwiki\ErrorHandler::fatalShutdown()
  #1 {main}
2024-01-29 10:40:41	/dokuwiki/lib/plugins/authplain/auth.php(410)	E_ERROR: Allowed memory size of 134217728 bytes exhausted (tried to allocate 4194312 bytes)
  #0 [internal function]: dokuwiki\ErrorHandler::fatalShutdown()
  #1 {main}
2024-01-29 10:41:36	/dokuwiki/lib/plugins/authplain/auth.php(410)	E_ERROR: Allowed memory size of 134217728 bytes exhausted (tried to allocate 4194312 bytes)
  #0 [internal function]: dokuwiki\ErrorHandler::fatalShutdown()
  #1 {main}
2024-01-29 10:53:28	/dokuwiki/lib/plugins/authplain/auth.php(410)	E_ERROR: Allowed memory size of 134217728 bytes exhausted (tried to allocate 4194312 bytes)
  #0 [internal function]: dokuwiki\ErrorHandler::fatalShutdown()
  #1 {main}
2024-01-29 10:53:34	/dokuwiki/lib/plugins/authplain/auth.php(410)	E_ERROR: Allowed memory size of 134217728 bytes exhausted (tried to allocate 4194312 bytes)
  #0 [internal function]: dokuwiki\ErrorHandler::fatalShutdown()
  #1 {main}
2024-01-29 10:53:36	/dokuwiki/lib/plugins/authplain/auth.php(410)	E_ERROR: Allowed memory size of 134217728 bytes exhausted (tried to allocate 4194312 bytes)
  #0 [internal function]: dokuwiki\ErrorHandler::fatalShutdown()
  #1 {main}
2024-01-29 11:19:04	/dokuwiki/lib/plugins/authplain/auth.php(410)	E_ERROR: Allowed memory size of 134217728 bytes exhausted (tried to allocate 4194312 bytes)
  #0 [internal function]: dokuwiki\ErrorHandler::fatalShutdown()
  #1 {main}
2024-01-29 11:19:12	/dokuwiki/lib/plugins/authplain/auth.php(410)	E_ERROR: Allowed memory size of 134217728 bytes exhausted (tried to allocate 4194312 bytes)
  #0 [internal function]: dokuwiki\ErrorHandler::fatalShutdown()
  #1 {main}
2024-01-29 11:33:13	/dokuwiki/lib/plugins/authplain/auth.php(410)	E_ERROR: Allowed memory size of 134217728 bytes exhausted (tried to allocate 4194312 bytes)
  #0 [internal function]: dokuwiki\ErrorHandler::fatalShutdown()
  #1 {main}
2024-01-29 11:53:29	/dokuwiki/lib/plugins/authplain/auth.php(410)	E_ERROR: Allowed memory size of 134217728 bytes exhausted (tried to allocate 4194312 bytes)
  #0 [internal function]: dokuwiki\ErrorHandler::fatalShutdown()
  #1 {main}
2024-01-29 12:04:12	/dokuwiki/lib/plugins/authplain/auth.php(410)	E_ERROR: Allowed memory size of 134217728 bytes exhausted (tried to allocate 4194312 bytes)
  #0 [internal function]: dokuwiki\ErrorHandler::fatalShutdown()
  #1 {main}
2024-01-29 12:06:12	/dokuwiki/lib/plugins/authplain/auth.php(410)	E_ERROR: Allowed memory size of 134217728 bytes exhausted (tried to allocate 4194312 bytes)
  #0 [internal function]: dokuwiki\ErrorHandler::fatalShutdown()
  #1 {main}
2024-01-29 12:13:17	/dokuwiki/lib/plugins/authplain/auth.php(410)	E_ERROR: Allowed memory size of 134217728 bytes exhausted (tried to allocate 4194312 bytes)
  #0 [internal function]: dokuwiki\ErrorHandler::fatalShutdown()
  #1 {main}
2024-01-29 12:16:48	/dokuwiki/lib/plugins/authplain/auth.php(410)	E_ERROR: Allowed memory size of 134217728 bytes exhausted (tried to allocate 4194312 bytes)
  #0 [internal function]: dokuwiki\ErrorHandler::fatalShutdown()
  #1 {main}
2024-01-29 12:27:39	/dokuwiki/lib/plugins/authplain/auth.php(410)	E_ERROR: Allowed memory size of 134217728 bytes exhausted (tried to allocate 4194312 bytes)
  #0 [internal function]: dokuwiki\ErrorHandler::fatalShutdown()
  #1 {main}
2024-01-29 12:40:30	/dokuwiki/lib/plugins/authplain/auth.php(410)	E_ERROR: Allowed memory size of 134217728 bytes exhausted (tried to allocate 4194312 bytes)
  #0 [internal function]: dokuwiki\ErrorHandler::fatalShutdown()
  #1 {main}
2024-01-29 12:40:36	/dokuwiki/lib/plugins/authplain/auth.php(410)	E_ERROR: Allowed memory size of 134217728 bytes exhausted (tried to allocate 4194312 bytes)
  #0 [internal function]: dokuwiki\ErrorHandler::fatalShutdown()
  #1 {main}
2024-01-29 12:41:30	/dokuwiki/lib/plugins/authplain/auth.php(410)	E_ERROR: Allowed memory size of 134217728 bytes exhausted (tried to allocate 4194312 bytes)
  #0 [internal function]: dokuwiki\ErrorHandler::fatalShutdown()
  #1 {main}
2024-01-29 12:54:50	/dokuwiki/lib/plugins/authplain/auth.php(410)	E_ERROR: Allowed memory size of 134217728 bytes exhausted (tried to allocate 4194312 bytes)
  #0 [internal function]: dokuwiki\ErrorHandler::fatalShutdown()
  #1 {main}
2024-01-29 13:00:35	/dokuwiki/lib/plugins/authplain/auth.php(410)	E_ERROR: Allowed memory size of 134217728 bytes exhausted (tried to allocate 4194312 bytes)
  #0 [internal function]: dokuwiki\ErrorHandler::fatalShutdown()
  #1 {main}
2024-01-29 13:01:14	/dokuwiki/lib/plugins/authplain/auth.php(410)	E_ERROR: Allowed memory size of 134217728 bytes exhausted (tried to allocate 4194312 bytes)
  #0 [internal function]: dokuwiki\ErrorHandler::fatalShutdown()
  #1 {main}
2024-01-29 13:12:23	/dokuwiki/lib/plugins/authplain/auth.php(410)	E_ERROR: Allowed memory size of 134217728 bytes exhausted (tried to allocate 4194312 bytes)
  #0 [internal function]: dokuwiki\ErrorHandler::fatalShutdown()
  #1 {main}
2024-01-29 13:14:01	/dokuwiki/lib/plugins/authplain/auth.php(410)	E_ERROR: Allowed memory size of 134217728 bytes exhausted (tried to allocate 4194312 bytes)
  #0 [internal function]: dokuwiki\ErrorHandler::fatalShutdown()
  #1 {main}
2024-01-29 13:15:47	/dokuwiki/lib/plugins/authplain/auth.php(410)	E_ERROR: Allowed memory size of 134217728 bytes exhausted (tried to allocate 4194312 bytes)
  #0 [internal function]: dokuwiki\ErrorHandler::fatalShutdown()
  #1 {main}
2024-01-29 13:31:25	/dokuwiki/lib/plugins/authplain/auth.php(410)	E_ERROR: Allowed memory size of 134217728 bytes exhausted (tried to allocate 4194312 bytes)
  #0 [internal function]: dokuwiki\ErrorHandler::fatalShutdown()
  #1 {main}
2024-01-29 13:41:14	/dokuwiki/lib/plugins/authplain/auth.php(410)	E_ERROR: Allowed memory size of 134217728 bytes exhausted (tried to allocate 4194312 bytes)
  #0 [internal function]: dokuwiki\ErrorHandler::fatalShutdown()
  #1 {main}
2024-01-29 14:00:14	/dokuwiki/lib/plugins/authplain/auth.php(410)	E_ERROR: Allowed memory size of 134217728 bytes exhausted (tried to allocate 4194312 bytes)
  #0 [internal function]: dokuwiki\ErrorHandler::fatalShutdown()
  #1 {main}
2024-01-29 14:15:31	/dokuwiki/lib/plugins/authplain/auth.php(410)	E_ERROR: Allowed memory size of 134217728 bytes exhausted (tried to allocate 4194312 bytes)
  #0 [internal function]: dokuwiki\ErrorHandler::fatalShutdown()
  #1 {main}
2024-01-29 14:19:56	/dokuwiki/lib/plugins/authplain/auth.php(410)	E_ERROR: Allowed memory size of 134217728 bytes exhausted (tried to allocate 4194312 bytes)
  #0 [internal function]: dokuwiki\ErrorHandler::fatalShutdown()
  #1 {main}
2024-01-29 14:21:17	/dokuwiki/lib/plugins/authplain/auth.php(410)	E_ERROR: Allowed memory size of 134217728 bytes exhausted (tried to allocate 4194312 bytes)
  #0 [internal function]: dokuwiki\ErrorHandler::fatalShutdown()
  #1 {main}
2024-01-29 14:23:11	/dokuwiki/lib/plugins/authplain/auth.php(410)	E_ERROR: Allowed memory size of 134217728 bytes exhausted (tried to allocate 4194312 bytes)
  #0 [internal function]: dokuwiki\ErrorHandler::fatalShutdown()
  #1 {main}
2024-01-29 14:27:39	/dokuwiki/lib/plugins/authplain/auth.php(410)	E_ERROR: Allowed memory size of 134217728 bytes exhausted (tried to allocate 4194312 bytes)
  #0 [internal function]: dokuwiki\ErrorHandler::fatalShutdown()
  #1 {main}
2024-01-29 14:30:47	/dokuwiki/lib/plugins/authplain/auth.php(410)	E_ERROR: Allowed memory size of 134217728 bytes exhausted (tried to allocate 4194312 bytes)
  #0 [internal function]: dokuwiki\ErrorHandler::fatalShutdown()
  #1 {main}
2024-01-29 14:31:24	/dokuwiki/lib/plugins/authplain/auth.php(410)	E_ERROR: Allowed memory size of 134217728 bytes exhausted (tried to allocate 4194312 bytes)
  #0 [internal function]: dokuwiki\ErrorHandler::fatalShutdown()
  #1 {main}
2024-01-29 14:36:36	/dokuwiki/lib/plugins/authplain/auth.php(410)	E_ERROR: Allowed memory size of 134217728 bytes exhausted (tried to allocate 4194312 bytes)
  #0 [internal function]: dokuwiki\ErrorHandler::fatalShutdown()
  #1 {main}
2024-01-29 14:38:07	/dokuwiki/lib/plugins/authplain/auth.php(410)	E_ERROR: Allowed memory size of 134217728 bytes exhausted (tried to allocate 4194312 bytes)
  #0 [internal function]: dokuwiki\ErrorHandler::fatalShutdown()
  #1 {main}
2024-01-29 14:44:28	/dokuwiki/lib/plugins/authplain/auth.php(410)	E_ERROR: Allowed memory size of 134217728 bytes exhausted (tried to allocate 4194312 bytes)
  #0 [internal function]: dokuwiki\ErrorHandler::fatalShutdown()
  #1 {main}
2024-01-29 14:44:29	/dokuwiki/lib/plugins/authplain/auth.php(410)	E_ERROR: Allowed memory size of 134217728 bytes exhausted (tried to allocate 4194312 bytes)
  #0 [internal function]: dokuwiki\ErrorHandler::fatalShutdown()
  #1 {main}
2024-01-29 14:49:52	/dokuwiki/lib/plugins/authplain/auth.php(410)	E_ERROR: Allowed memory size of 134217728 bytes exhausted (tried to allocate 4194312 bytes)
  #0 [internal function]: dokuwiki\ErrorHandler::fatalShutdown()
  #1 {main}
2024-01-29 14:53:54	/dokuwiki/lib/plugins/authplain/auth.php(410)	E_ERROR: Allowed memory size of 134217728 bytes exhausted (tried to allocate 4194312 bytes)
  #0 [internal function]: dokuwiki\ErrorHandler::fatalShutdown()
  #1 {main}
2024-01-29 14:54:46	/dokuwiki/lib/plugins/authplain/auth.php(410)	E_ERROR: Allowed memory size of 134217728 bytes exhausted (tried to allocate 4194312 bytes)
  #0 [internal function]: dokuwiki\ErrorHandler::fatalShutdown()
  #1 {main}
2024-01-29 14:55:51	/dokuwiki/lib/plugins/authplain/auth.php(410)	E_ERROR: Allowed memory size of 134217728 bytes exhausted (tried to allocate 4194312 bytes)
  #0 [internal function]: dokuwiki\ErrorHandler::fatalShutdown()
  #1 {main}
2024-01-29 14:57:16	/dokuwiki/lib/plugins/authplain/auth.php(410)	E_ERROR: Allowed memory size of 134217728 bytes exhausted (tried to allocate 4194312 bytes)
  #0 [internal function]: dokuwiki\ErrorHandler::fatalShutdown()
  #1 {main}
2024-01-29 15:01:01	/dokuwiki/lib/plugins/authplain/auth.php(410)	E_ERROR: Allowed memory size of 134217728 bytes exhausted (tried to allocate 4194312 bytes)
  #0 [internal function]: dokuwiki\ErrorHandler::fatalShutdown()
  #1 {main}
2024-01-29 15:03:02	/dokuwiki/lib/plugins/authplain/auth.php(410)	E_ERROR: Allowed memory size of 134217728 bytes exhausted (tried to allocate 4194312 bytes)
  #0 [internal function]: dokuwiki\ErrorHandler::fatalShutdown()
  #1 {main}
2024-01-29 15:09:03	/dokuwiki/lib/plugins/authplain/auth.php(410)	E_ERROR: Allowed memory size of 134217728 bytes exhausted (tried to allocate 4194312 bytes)
  #0 [internal function]: dokuwiki\ErrorHandler::fatalShutdown()
  #1 {main}
2024-01-29 15:09:22	/dokuwiki/lib/plugins/authplain/auth.php(410)	E_ERROR: Allowed memory size of 134217728 bytes exhausted (tried to allocate 4194312 bytes)
  #0 [internal function]: dokuwiki\ErrorHandler::fatalShutdown()
  #1 {main}
2024-01-29 15:13:17	/dokuwiki/lib/plugins/authplain/auth.php(410)	E_ERROR: Allowed memory size of 134217728 bytes exhausted (tried to allocate 4194312 bytes)
  #0 [internal function]: dokuwiki\ErrorHandler::fatalShutdown()
  #1 {main}
2024-01-29 15:13:37	/dokuwiki/lib/plugins/authplain/auth.php(410)	E_ERROR: Allowed memory size of 134217728 bytes exhausted (tried to allocate 4194312 bytes)
  #0 [internal function]: dokuwiki\ErrorHandler::fatalShutdown()
  #1 {main}
2024-01-29 15:14:08	/dokuwiki/lib/plugins/authplain/auth.php(410)	E_ERROR: Allowed memory size of 134217728 bytes exhausted (tried to allocate 4194312 bytes)
  #0 [internal function]: dokuwiki\ErrorHandler::fatalShutdown()
  #1 {main}
2024-01-29 15:17:35	/dokuwiki/lib/plugins/authplain/auth.php(410)	E_ERROR: Allowed memory size of 134217728 bytes exhausted (tried to allocate 4194312 bytes)
  #0 [internal function]: dokuwiki\ErrorHandler::fatalShutdown()
  #1 {main}
2024-01-29 15:17:47	/dokuwiki/lib/plugins/authplain/auth.php(410)	E_ERROR: Allowed memory size of 134217728 bytes exhausted (tried to allocate 4194312 bytes)
  #0 [internal function]: dokuwiki\ErrorHandler::fatalShutdown()
  #1 {main}
2024-01-29 15:19:30	/dokuwiki/lib/plugins/authplain/auth.php(410)	E_ERROR: Allowed memory size of 134217728 bytes exhausted (tried to allocate 4194312 bytes)
  #0 [internal function]: dokuwiki\ErrorHandler::fatalShutdown()
  #1 {main}
2024-01-29 15:35:43	/dokuwiki/lib/plugins/authplain/auth.php(410)	E_ERROR: Allowed memory size of 134217728 bytes exhausted (tried to allocate 4194312 bytes)
  #0 [internal function]: dokuwiki\ErrorHandler::fatalShutdown()
  #1 {main}
2024-01-29 15:35:44	/dokuwiki/lib/plugins/authplain/auth.php(410)	E_ERROR: Allowed memory size of 134217728 bytes exhausted (tried to allocate 4194312 bytes)
  #0 [internal function]: dokuwiki\ErrorHandler::fatalShutdown()
  #1 {main}
2024-01-29 15:35:45	/dokuwiki/lib/plugins/authplain/auth.php(410)	E_ERROR: Allowed memory size of 134217728 bytes exhausted (tried to allocate 4194312 bytes)
  #0 [internal function]: dokuwiki\ErrorHandler::fatalShutdown()
  #1 {main}
2024-01-29 15:45:53	/dokuwiki/lib/plugins/authplain/auth.php(410)	E_ERROR: Allowed memory size of 134217728 bytes exhausted (tried to allocate 4194312 bytes)
  #0 [internal function]: dokuwiki\ErrorHandler::fatalShutdown()
  #1 {main}
2024-01-29 15:45:54	/dokuwiki/lib/plugins/authplain/auth.php(410)	E_ERROR: Allowed memory size of 134217728 bytes exhausted (tried to allocate 4194312 bytes)
  #0 [internal function]: dokuwiki\ErrorHandler::fatalShutdown()
  #1 {main}
2024-01-29 15:45:55	/dokuwiki/lib/plugins/authplain/auth.php(410)	E_ERROR: Allowed memory size of 134217728 bytes exhausted (tried to allocate 4194312 bytes)
  #0 [internal function]: dokuwiki\ErrorHandler::fatalShutdown()
  #1 {main}
2024-01-29 15:50:47	/dokuwiki/lib/plugins/authplain/auth.php(410)	E_ERROR: Allowed memory size of 134217728 bytes exhausted (tried to allocate 4194312 bytes)
  #0 [internal function]: dokuwiki\ErrorHandler::fatalShutdown()
  #1 {main}
2024-01-29 15:50:47	/dokuwiki/lib/plugins/authplain/auth.php(410)	E_ERROR: Allowed memory size of 134217728 bytes exhausted (tried to allocate 4194312 bytes)
  #0 [internal function]: dokuwiki\ErrorHandler::fatalShutdown()
  #1 {main}
2024-01-29 15:54:38	/dokuwiki/lib/plugins/authplain/auth.php(438)	E_ERROR: Allowed memory size of 134217728 bytes exhausted (tried to allocate 4096 bytes)
  #0 [internal function]: dokuwiki\ErrorHandler::fatalShutdown()
  #1 {main}
2024-01-29 16:04:16	/dokuwiki/lib/plugins/authplain/auth.php(410)	E_ERROR: Allowed memory size of 134217728 bytes exhausted (tried to allocate 4194312 bytes)
  #0 [internal function]: dokuwiki\ErrorHandler::fatalShutdown()
  #1 {main}
2024-01-29 16:05:17	/dokuwiki/lib/plugins/authplain/auth.php(410)	E_ERROR: Allowed memory size of 134217728 bytes exhausted (tried to allocate 4194312 bytes)
  #0 [internal function]: dokuwiki\ErrorHandler::fatalShutdown()
  #1 {main}
2024-01-29 16:15:51	/dokuwiki/lib/plugins/authplain/auth.php(410)	E_ERROR: Allowed memory size of 134217728 bytes exhausted (tried to allocate 4194312 bytes)
  #0 [internal function]: dokuwiki\ErrorHandler::fatalShutdown()
  #1 {main}
2024-01-29 16:27:53	/dokuwiki/lib/plugins/authplain/auth.php(410)	E_ERROR: Allowed memory size of 134217728 bytes exhausted (tried to allocate 4194312 bytes)
  #0 [internal function]: dokuwiki\ErrorHandler::fatalShutdown()
  #1 {main}
2024-01-29 16:55:07	/dokuwiki/lib/plugins/authplain/auth.php(410)	E_ERROR: Allowed memory size of 134217728 bytes exhausted (tried to allocate 4194312 bytes)
  #0 [internal function]: dokuwiki\ErrorHandler::fatalShutdown()
  #1 {main}
2024-01-29 16:55:10	/dokuwiki/lib/plugins/authplain/auth.php(410)	E_ERROR: Allowed memory size of 134217728 bytes exhausted (tried to allocate 4194312 bytes)
  #0 [internal function]: dokuwiki\ErrorHandler::fatalShutdown()
  #1 {main}
2024-01-29 16:55:12	/dokuwiki/lib/plugins/authplain/auth.php(410)	E_ERROR: Allowed memory size of 134217728 bytes exhausted (tried to allocate 4194312 bytes)
  #0 [internal function]: dokuwiki\ErrorHandler::fatalShutdown()
  #1 {main}
2024-01-29 17:06:38	/dokuwiki/lib/plugins/authplain/auth.php(410)	E_ERROR: Allowed memory size of 134217728 bytes exhausted (tried to allocate 4194312 bytes)
  #0 [internal function]: dokuwiki\ErrorHandler::fatalShutdown()
  #1 {main}
2024-01-29 17:06:44	/dokuwiki/lib/plugins/authplain/auth.php(410)	E_ERROR: Allowed memory size of 134217728 bytes exhausted (tried to allocate 4194312 bytes)
  #0 [internal function]: dokuwiki\ErrorHandler::fatalShutdown()
  #1 {main}
2024-01-29 17:06:45	/dokuwiki/lib/plugins/authplain/auth.php(410)	E_ERROR: Allowed memory size of 134217728 bytes exhausted (tried to allocate 4194312 bytes)
  #0 [internal function]: dokuwiki\ErrorHandler::fatalShutdown()
  #1 {main}
2024-01-29 17:16:22	/dokuwiki/lib/plugins/authplain/auth.php(410)	E_ERROR: Allowed memory size of 134217728 bytes exhausted (tried to allocate 4194312 bytes)
  #0 [internal function]: dokuwiki\ErrorHandler::fatalShutdown()
  #1 {main}
2024-01-29 17:16:22	/dokuwiki/lib/plugins/authplain/auth.php(410)	E_ERROR: Allowed memory size of 134217728 bytes exhausted (tried to allocate 4194312 bytes)
  #0 [internal function]: dokuwiki\ErrorHandler::fatalShutdown()
  #1 {main}
2024-01-29 17:16:23	/dokuwiki/lib/plugins/authplain/auth.php(410)	E_ERROR: Allowed memory size of 134217728 bytes exhausted (tried to allocate 4194312 bytes)
  #0 [internal function]: dokuwiki\ErrorHandler::fatalShutdown()
  #1 {main}
2024-01-29 17:30:25	/dokuwiki/lib/plugins/authplain/auth.php(410)	E_ERROR: Allowed memory size of 134217728 bytes exhausted (tried to allocate 4194312 bytes)
  #0 [internal function]: dokuwiki\ErrorHandler::fatalShutdown()
  #1 {main}
2024-01-29 18:02:41	/dokuwiki/lib/plugins/authplain/auth.php(410)	E_ERROR: Allowed memory size of 134217728 bytes exhausted (tried to allocate 4194312 bytes)
  #0 [internal function]: dokuwiki\ErrorHandler::fatalShutdown()
  #1 {main}
2024-01-29 18:12:40	/dokuwiki/lib/plugins/authplain/auth.php(410)	E_ERROR: Allowed memory size of 134217728 bytes exhausted (tried to allocate 4194312 bytes)
  #0 [internal function]: dokuwiki\ErrorHandler::fatalShutdown()
  #1 {main}
2024-01-29 18:14:52	/dokuwiki/lib/plugins/authplain/auth.php(410)	E_ERROR: Allowed memory size of 134217728 bytes exhausted (tried to allocate 4194312 bytes)
  #0 [internal function]: dokuwiki\ErrorHandler::fatalShutdown()
  #1 {main}
2024-01-29 18:15:13	/dokuwiki/lib/plugins/authplain/auth.php(410)	E_ERROR: Allowed memory size of 134217728 bytes exhausted (tried to allocate 4194312 bytes)
  #0 [internal function]: dokuwiki\ErrorHandler::fatalShutdown()
  #1 {main}
2024-01-29 18:27:24	/dokuwiki/lib/plugins/authplain/auth.php(410)	E_ERROR: Allowed memory size of 134217728 bytes exhausted (tried to allocate 4194312 bytes)
  #0 [internal function]: dokuwiki\ErrorHandler::fatalShutdown()
  #1 {main}
2024-01-29 18:29:43	/dokuwiki/lib/plugins/authplain/auth.php(410)	E_ERROR: Allowed memory size of 134217728 bytes exhausted (tried to allocate 4194312 bytes)
  #0 [internal function]: dokuwiki\ErrorHandler::fatalShutdown()
  #1 {main}
2024-01-29 18:29:45	/dokuwiki/lib/plugins/authplain/auth.php(410)	E_ERROR: Allowed memory size of 134217728 bytes exhausted (tried to allocate 4194312 bytes)
  #0 [internal function]: dokuwiki\ErrorHandler::fatalShutdown()
  #1 {main}
2024-01-29 18:39:57	/dokuwiki/lib/plugins/authplain/auth.php(410)	E_ERROR: Allowed memory size of 134217728 bytes exhausted (tried to allocate 4194312 bytes)
  #0 [internal function]: dokuwiki\ErrorHandler::fatalShutdown()
  #1 {main}
2024-01-29 18:44:19	/dokuwiki/lib/plugins/authplain/auth.php(410)	E_ERROR: Allowed memory size of 134217728 bytes exhausted (tried to allocate 4194312 bytes)
  #0 [internal function]: dokuwiki\ErrorHandler::fatalShutdown()
  #1 {main}
2024-01-29 18:44:20	/dokuwiki/lib/plugins/authplain/auth.php(410)	E_ERROR: Allowed memory size of 134217728 bytes exhausted (tried to allocate 4194312 bytes)
  #0 [internal function]: dokuwiki\ErrorHandler::fatalShutdown()
  #1 {main}
2024-01-29 18:51:02	/dokuwiki/lib/plugins/authplain/auth.php(410)	E_ERROR: Allowed memory size of 134217728 bytes exhausted (tried to allocate 4194312 bytes)
  #0 [internal function]: dokuwiki\ErrorHandler::fatalShutdown()
  #1 {main}
2024-01-29 19:00:23	/dokuwiki/lib/plugins/authplain/auth.php(410)	E_ERROR: Allowed memory size of 134217728 bytes exhausted (tried to allocate 4194312 bytes)
  #0 [internal function]: dokuwiki\ErrorHandler::fatalShutdown()
  #1 {main}
2024-01-29 19:07:02	/dokuwiki/lib/plugins/authplain/auth.php(410)	E_ERROR: Allowed memory size of 134217728 bytes exhausted (tried to allocate 4194312 bytes)
  #0 [internal function]: dokuwiki\ErrorHandler::fatalShutdown()
  #1 {main}
2024-01-29 19:08:28	/dokuwiki/lib/plugins/authplain/auth.php(410)	E_ERROR: Allowed memory size of 134217728 bytes exhausted (tried to allocate 4194312 bytes)
  #0 [internal function]: dokuwiki\ErrorHandler::fatalShutdown()
  #1 {main}
2024-01-29 19:35:41	/dokuwiki/lib/plugins/authplain/auth.php(410)	E_ERROR: Allowed memory size of 134217728 bytes exhausted (tried to allocate 4194312 bytes)
  #0 [internal function]: dokuwiki\ErrorHandler::fatalShutdown()
  #1 {main}
2024-01-29 19:35:42	/dokuwiki/lib/plugins/authplain/auth.php(410)	E_ERROR: Allowed memory size of 134217728 bytes exhausted (tried to allocate 4194312 bytes)
  #0 [internal function]: dokuwiki\ErrorHandler::fatalShutdown()
  #1 {main}
2024-01-29 19:35:44	/dokuwiki/lib/plugins/authplain/auth.php(410)	E_ERROR: Allowed memory size of 134217728 bytes exhausted (tried to allocate 4194312 bytes)
  #0 [internal function]: dokuwiki\ErrorHandler::fatalShutdown()
  #1 {main}
2024-01-29 19:38:26	/dokuwiki/lib/plugins/authplain/auth.php(438)	E_ERROR: Allowed memory size of 134217728 bytes exhausted (tried to allocate 4096 bytes)
  #0 [internal function]: dokuwiki\ErrorHandler::fatalShutdown()
  #1 {main}
2024-01-29 19:38:30	/dokuwiki/lib/plugins/authplain/auth.php(438)	E_ERROR: Allowed memory size of 134217728 bytes exhausted (tried to allocate 4096 bytes)
  #0 [internal function]: dokuwiki\ErrorHandler::fatalShutdown()
  #1 {main}
2024-01-29 19:38:43	/dokuwiki/lib/plugins/authplain/auth.php(410)	E_ERROR: Allowed memory size of 134217728 bytes exhausted (tried to allocate 4194312 bytes)
  #0 [internal function]: dokuwiki\ErrorHandler::fatalShutdown()
  #1 {main}
2024-01-29 19:39:00	/dokuwiki/lib/plugins/authplain/auth.php(410)	E_ERROR: Allowed memory size of 134217728 bytes exhausted (tried to allocate 4194312 bytes)
  #0 [internal function]: dokuwiki\ErrorHandler::fatalShutdown()
  #1 {main}
2024-01-29 19:39:03	/dokuwiki/lib/plugins/authplain/auth.php(410)	E_ERROR: Allowed memory size of 134217728 bytes exhausted (tried to allocate 4194312 bytes)
  #0 [internal function]: dokuwiki\ErrorHandler::fatalShutdown()
  #1 {main}
2024-01-29 19:39:55	/dokuwiki/lib/plugins/authplain/auth.php(410)	E_ERROR: Allowed memory size of 134217728 bytes exhausted (tried to allocate 4194312 bytes)
  #0 [internal function]: dokuwiki\ErrorHandler::fatalShutdown()
  #1 {main}
2024-01-29 19:40:15	/dokuwiki/lib/plugins/authplain/auth.php(410)	E_ERROR: Allowed memory size of 134217728 bytes exhausted (tried to allocate 4194312 bytes)
  #0 [internal function]: dokuwiki\ErrorHandler::fatalShutdown()
  #1 {main}
2024-01-29 19:41:07	/dokuwiki/lib/plugins/authplain/auth.php(410)	E_ERROR: Allowed memory size of 134217728 bytes exhausted (tried to allocate 4194312 bytes)
  #0 [internal function]: dokuwiki\ErrorHandler::fatalShutdown()
  #1 {main}
2024-01-29 19:41:28	/dokuwiki/lib/plugins/authplain/auth.php(410)	E_ERROR: Allowed memory size of 134217728 bytes exhausted (tried to allocate 4194312 bytes)
  #0 [internal function]: dokuwiki\ErrorHandler::fatalShutdown()
  #1 {main}
2024-01-29 19:54:03	/dokuwiki/lib/plugins/authplain/auth.php(410)	E_ERROR: Allowed memory size of 134217728 bytes exhausted (tried to allocate 4194312 bytes)
  #0 [internal function]: dokuwiki\ErrorHandler::fatalShutdown()
  #1 {main}
2024-01-29 19:55:55	/dokuwiki/lib/plugins/authplain/auth.php(410)	E_ERROR: Allowed memory size of 134217728 bytes exhausted (tried to allocate 4194312 bytes)
  #0 [internal function]: dokuwiki\ErrorHandler::fatalShutdown()
  #1 {main}
2024-01-29 20:01:21	/dokuwiki/lib/plugins/authplain/auth.php(410)	E_ERROR: Allowed memory size of 134217728 bytes exhausted (tried to allocate 4194312 bytes)
  #0 [internal function]: dokuwiki\ErrorHandler::fatalShutdown()
  #1 {main}
2024-01-29 20:19:36	/dokuwiki/lib/plugins/authplain/auth.php(410)	E_ERROR: Allowed memory size of 134217728 bytes exhausted (tried to allocate 4194312 bytes)
  #0 [internal function]: dokuwiki\ErrorHandler::fatalShutdown()
  #1 {main}
2024-01-29 20:28:40	/dokuwiki/lib/plugins/authplain/auth.php(410)	E_ERROR: Allowed memory size of 134217728 bytes exhausted (tried to allocate 4194312 bytes)
  #0 [internal function]: dokuwiki\ErrorHandler::fatalShutdown()
  #1 {main}
2024-01-29 20:33:10	/dokuwiki/lib/plugins/authplain/auth.php(410)	E_ERROR: Allowed memory size of 134217728 bytes exhausted (tried to allocate 4194312 bytes)
  #0 [internal function]: dokuwiki\ErrorHandler::fatalShutdown()
  #1 {main}
2024-01-29 20:46:48	/dokuwiki/lib/plugins/authplain/auth.php(410)	E_ERROR: Allowed memory size of 134217728 bytes exhausted (tried to allocate 4194312 bytes)
  #0 [internal function]: dokuwiki\ErrorHandler::fatalShutdown()
  #1 {main}
2024-01-29 20:58:14	/dokuwiki/lib/plugins/authplain/auth.php(410)	E_ERROR: Allowed memory size of 134217728 bytes exhausted (tried to allocate 4194312 bytes)
  #0 [internal function]: dokuwiki\ErrorHandler::fatalShutdown()
  #1 {main}
2024-01-29 21:11:56	/dokuwiki/lib/plugins/authplain/auth.php(410)	E_ERROR: Allowed memory size of 134217728 bytes exhausted (tried to allocate 4194312 bytes)
  #0 [internal function]: dokuwiki\ErrorHandler::fatalShutdown()
  #1 {main}
2024-01-29 21:24:28	/dokuwiki/lib/plugins/authplain/auth.php(410)	E_ERROR: Allowed memory size of 134217728 bytes exhausted (tried to allocate 4194312 bytes)
  #0 [internal function]: dokuwiki\ErrorHandler::fatalShutdown()
  #1 {main}
2024-01-29 21:30:44	/dokuwiki/lib/plugins/authplain/auth.php(410)	E_ERROR: Allowed memory size of 134217728 bytes exhausted (tried to allocate 4194312 bytes)
  #0 [internal function]: dokuwiki\ErrorHandler::fatalShutdown()
  #1 {main}
2024-01-29 21:42:53	/dokuwiki/lib/plugins/authplain/auth.php(410)	E_ERROR: Allowed memory size of 134217728 bytes exhausted (tried to allocate 4194312 bytes)
  #0 [internal function]: dokuwiki\ErrorHandler::fatalShutdown()
  #1 {main}
2024-01-29 21:51:15	/dokuwiki/lib/plugins/authplain/auth.php(410)	E_ERROR: Allowed memory size of 134217728 bytes exhausted (tried to allocate 4194312 bytes)
  #0 [internal function]: dokuwiki\ErrorHandler::fatalShutdown()
  #1 {main}
2024-01-29 21:59:34	/dokuwiki/lib/plugins/authplain/auth.php(410)	E_ERROR: Allowed memory size of 134217728 bytes exhausted (tried to allocate 4194312 bytes)
  #0 [internal function]: dokuwiki\ErrorHandler::fatalShutdown()
  #1 {main}
2024-01-29 21:59:36	/dokuwiki/lib/plugins/authplain/auth.php(410)	E_ERROR: Allowed memory size of 134217728 bytes exhausted (tried to allocate 4194312 bytes)
  #0 [internal function]: dokuwiki\ErrorHandler::fatalShutdown()
  #1 {main}
2024-01-29 22:07:13	/dokuwiki/lib/plugins/authplain/auth.php(410)	E_ERROR: Allowed memory size of 134217728 bytes exhausted (tried to allocate 4194312 bytes)
  #0 [internal function]: dokuwiki\ErrorHandler::fatalShutdown()
  #1 {main}
2024-01-29 22:08:38	/dokuwiki/lib/plugins/authplain/auth.php(410)	E_ERROR: Allowed memory size of 134217728 bytes exhausted (tried to allocate 4194312 bytes)
  #0 [internal function]: dokuwiki\ErrorHandler::fatalShutdown()
  #1 {main}
2024-01-29 22:22:15	/dokuwiki/lib/plugins/authplain/auth.php(410)	E_ERROR: Allowed memory size of 134217728 bytes exhausted (tried to allocate 4194312 bytes)
  #0 [internal function]: dokuwiki\ErrorHandler::fatalShutdown()
  #1 {main}
2024-01-29 22:22:16	/dokuwiki/lib/plugins/authplain/auth.php(410)	E_ERROR: Allowed memory size of 134217728 bytes exhausted (tried to allocate 4194312 bytes)
  #0 [internal function]: dokuwiki\ErrorHandler::fatalShutdown()
  #1 {main}
2024-01-29 22:31:22	/dokuwiki/lib/plugins/authplain/auth.php(410)	E_ERROR: Allowed memory size of 134217728 bytes exhausted (tried to allocate 4194312 bytes)
  #0 [internal function]: dokuwiki\ErrorHandler::fatalShutdown()
  #1 {main}
2024-01-29 22:44:48	/dokuwiki/lib/plugins/authplain/auth.php(410)	E_ERROR: Allowed memory size of 134217728 bytes exhausted (tried to allocate 4194312 bytes)
  #0 [internal function]: dokuwiki\ErrorHandler::fatalShutdown()
  #1 {main}
2024-01-29 22:45:29	/dokuwiki/lib/plugins/authplain/auth.php(410)	E_ERROR: Allowed memory size of 134217728 bytes exhausted (tried to allocate 4194312 bytes)
  #0 [internal function]: dokuwiki\ErrorHandler::fatalShutdown()
  #1 {main}
2024-01-29 22:46:28	/dokuwiki/lib/plugins/authplain/auth.php(410)	E_ERROR: Allowed memory size of 134217728 bytes exhausted (tried to allocate 4194312 bytes)
  #0 [internal function]: dokuwiki\ErrorHandler::fatalShutdown()
  #1 {main}
2024-01-29 22:49:48	/dokuwiki/lib/plugins/authplain/auth.php(410)	E_ERROR: Allowed memory size of 134217728 bytes exhausted (tried to allocate 4194312 bytes)
  #0 [internal function]: dokuwiki\ErrorHandler::fatalShutdown()
  #1 {main}
2024-01-29 22:51:25	/dokuwiki/lib/plugins/authplain/auth.php(410)	E_ERROR: Allowed memory size of 134217728 bytes exhausted (tried to allocate 4194312 bytes)
  #0 [internal function]: dokuwiki\ErrorHandler::fatalShutdown()
  #1 {main}
2024-01-29 23:10:46	/dokuwiki/lib/plugins/authplain/auth.php(410)	E_ERROR: Allowed memory size of 134217728 bytes exhausted (tried to allocate 4194312 bytes)
  #0 [internal function]: dokuwiki\ErrorHandler::fatalShutdown()
  #1 {main}
2024-01-29 23:19:48	/dokuwiki/lib/plugins/authplain/auth.php(410)	E_ERROR: Allowed memory size of 134217728 bytes exhausted (tried to allocate 4194312 bytes)
  #0 [internal function]: dokuwiki\ErrorHandler::fatalShutdown()
  #1 {main}
2024-01-29 23:21:27	/dokuwiki/lib/plugins/authplain/auth.php(410)	E_ERROR: Allowed memory size of 134217728 bytes exhausted (tried to allocate 4194312 bytes)
  #0 [internal function]: dokuwiki\ErrorHandler::fatalShutdown()
  #1 {main}
2024-01-29 23:21:29	/dokuwiki/lib/plugins/authplain/auth.php(410)	E_ERROR: Allowed memory size of 134217728 bytes exhausted (tried to allocate 4194312 bytes)
  #0 [internal function]: dokuwiki\ErrorHandler::fatalShutdown()
  #1 {main}
2024-01-29 23:29:33	/dokuwiki/lib/plugins/authplain/auth.php(410)	E_ERROR: Allowed memory size of 134217728 bytes exhausted (tried to allocate 4194312 bytes)
  #0 [internal function]: dokuwiki\ErrorHandler::fatalShutdown()
  #1 {main}
2024-01-29 23:29:57	/dokuwiki/lib/plugins/authplain/auth.php(410)	E_ERROR: Allowed memory size of 134217728 bytes exhausted (tried to allocate 4194312 bytes)
  #0 [internal function]: dokuwiki\ErrorHandler::fatalShutdown()
  #1 {main}
2024-01-29 23:29:57	/dokuwiki/lib/plugins/authplain/auth.php(410)	E_ERROR: Allowed memory size of 134217728 bytes exhausted (tried to allocate 4194312 bytes)
  #0 [internal function]: dokuwiki\ErrorHandler::fatalShutdown()
  #1 {main}
2024-01-29 23:34:22	/dokuwiki/lib/plugins/authplain/auth.php(410)	E_ERROR: Allowed memory size of 134217728 bytes exhausted (tried to allocate 4194312 bytes)
  #0 [internal function]: dokuwiki\ErrorHandler::fatalShutdown()
  #1 {main}
2024-01-29 23:38:33	/dokuwiki/lib/plugins/authplain/auth.php(410)	E_ERROR: Allowed memory size of 134217728 bytes exhausted (tried to allocate 4194312 bytes)
  #0 [internal function]: dokuwiki\ErrorHandler::fatalShutdown()
  #1 {main}
2024-01-29 23:40:44	/dokuwiki/lib/plugins/authplain/auth.php(410)	E_ERROR: Allowed memory size of 134217728 bytes exhausted (tried to allocate 4194312 bytes)
  #0 [internal function]: dokuwiki\ErrorHandler::fatalShutdown()
  #1 {main}
2024-01-29 23:49:09	/dokuwiki/lib/plugins/authplain/auth.php(410)	E_ERROR: Allowed memory size of 134217728 bytes exhausted (tried to allocate 4194312 bytes)
  #0 [internal function]: dokuwiki\ErrorHandler::fatalShutdown()
  #1 {main}
2024-01-29 23:55:15	/dokuwiki/lib/plugins/authplain/auth.php(410)	E_ERROR: Allowed memory size of 134217728 bytes exhausted (tried to allocate 4194312 bytes)
  #0 [internal function]: dokuwiki\ErrorHandler::fatalShutdown()
  #1 {main}
