2024-01-31 00:01:25	/dokuwiki/lib/plugins/authplain/auth.php(410)	E_ERROR: Allowed memory size of 134217728 bytes exhausted (tried to allocate 4194312 bytes)
  #0 [internal function]: dokuwiki\ErrorHandler::fatalShutdown()
  #1 {main}
2024-01-31 00:04:58	/dokuwiki/lib/plugins/authplain/auth.php(410)	E_ERROR: Allowed memory size of 134217728 bytes exhausted (tried to allocate 4194312 bytes)
  #0 [internal function]: dokuwiki\ErrorHandler::fatalShutdown()
  #1 {main}
2024-01-31 00:09:46	/dokuwiki/lib/plugins/authplain/auth.php(410)	E_ERROR: Allowed memory size of 134217728 bytes exhausted (tried to allocate 4194312 bytes)
  #0 [internal function]: dokuwiki\ErrorHandler::fatalShutdown()
  #1 {main}
2024-01-31 00:10:08	/dokuwiki/lib/plugins/authplain/auth.php(410)	E_ERROR: Allowed memory size of 134217728 bytes exhausted (tried to allocate 4194312 bytes)
  #0 [internal function]: dokuwiki\ErrorHandler::fatalShutdown()
  #1 {main}
2024-01-31 00:10:14	/dokuwiki/lib/plugins/authplain/auth.php(410)	E_ERROR: Allowed memory size of 134217728 bytes exhausted (tried to allocate 4194312 bytes)
  #0 [internal function]: dokuwiki\ErrorHandler::fatalShutdown()
  #1 {main}
2024-01-31 00:25:10	/dokuwiki/lib/plugins/authplain/auth.php(410)	E_ERROR: Allowed memory size of 134217728 bytes exhausted (tried to allocate 4194312 bytes)
  #0 [internal function]: dokuwiki\ErrorHandler::fatalShutdown()
  #1 {main}
2024-01-31 00:27:10	/dokuwiki/lib/plugins/authplain/auth.php(410)	E_ERROR: Allowed memory size of 134217728 bytes exhausted (tried to allocate 4194312 bytes)
  #0 [internal function]: dokuwiki\ErrorHandler::fatalShutdown()
  #1 {main}
2024-01-31 00:40:17	/dokuwiki/lib/plugins/authplain/auth.php(410)	E_ERROR: Allowed memory size of 134217728 bytes exhausted (tried to allocate 4194312 bytes)
  #0 [internal function]: dokuwiki\ErrorHandler::fatalShutdown()
  #1 {main}
2024-01-31 00:40:53	/dokuwiki/lib/plugins/authplain/auth.php(410)	E_ERROR: Allowed memory size of 134217728 bytes exhausted (tried to allocate 4194312 bytes)
  #0 [internal function]: dokuwiki\ErrorHandler::fatalShutdown()
  #1 {main}
2024-01-31 00:43:21	/dokuwiki/lib/plugins/authplain/auth.php(410)	E_ERROR: Allowed memory size of 134217728 bytes exhausted (tried to allocate 4194312 bytes)
  #0 [internal function]: dokuwiki\ErrorHandler::fatalShutdown()
  #1 {main}
2024-01-31 00:50:23	/dokuwiki/lib/plugins/authplain/auth.php(410)	E_ERROR: Allowed memory size of 134217728 bytes exhausted (tried to allocate 4194312 bytes)
  #0 [internal function]: dokuwiki\ErrorHandler::fatalShutdown()
  #1 {main}
2024-01-31 00:51:11	/dokuwiki/lib/plugins/authplain/auth.php(410)	E_ERROR: Allowed memory size of 134217728 bytes exhausted (tried to allocate 4194312 bytes)
  #0 [internal function]: dokuwiki\ErrorHandler::fatalShutdown()
  #1 {main}
2024-01-31 00:52:36	/dokuwiki/lib/plugins/authplain/auth.php(410)	E_ERROR: Allowed memory size of 134217728 bytes exhausted (tried to allocate 4194312 bytes)
  #0 [internal function]: dokuwiki\ErrorHandler::fatalShutdown()
  #1 {main}
2024-01-31 00:53:02	/dokuwiki/lib/plugins/authplain/auth.php(410)	E_ERROR: Allowed memory size of 134217728 bytes exhausted (tried to allocate 4194312 bytes)
  #0 [internal function]: dokuwiki\ErrorHandler::fatalShutdown()
  #1 {main}
2024-01-31 01:28:24	/dokuwiki/lib/plugins/authplain/auth.php(410)	E_ERROR: Allowed memory size of 134217728 bytes exhausted (tried to allocate 4194312 bytes)
  #0 [internal function]: dokuwiki\ErrorHandler::fatalShutdown()
  #1 {main}
2024-01-31 01:56:41	/dokuwiki/lib/plugins/authplain/auth.php(410)	E_ERROR: Allowed memory size of 134217728 bytes exhausted (tried to allocate 4194312 bytes)
  #0 [internal function]: dokuwiki\ErrorHandler::fatalShutdown()
  #1 {main}
2024-01-31 02:00:29	/dokuwiki/lib/plugins/authplain/auth.php(410)	E_ERROR: Allowed memory size of 134217728 bytes exhausted (tried to allocate 4194312 bytes)
  #0 [internal function]: dokuwiki\ErrorHandler::fatalShutdown()
  #1 {main}
2024-01-31 02:05:15	/dokuwiki/lib/plugins/authplain/auth.php(410)	E_ERROR: Allowed memory size of 134217728 bytes exhausted (tried to allocate 4194312 bytes)
  #0 [internal function]: dokuwiki\ErrorHandler::fatalShutdown()
  #1 {main}
2024-01-31 02:08:05	/dokuwiki/lib/plugins/authplain/auth.php(410)	E_ERROR: Allowed memory size of 134217728 bytes exhausted (tried to allocate 4194312 bytes)
  #0 [internal function]: dokuwiki\ErrorHandler::fatalShutdown()
  #1 {main}
2024-01-31 02:08:39	/dokuwiki/lib/plugins/authplain/auth.php(410)	E_ERROR: Allowed memory size of 134217728 bytes exhausted (tried to allocate 4194312 bytes)
  #0 [internal function]: dokuwiki\ErrorHandler::fatalShutdown()
  #1 {main}
2024-01-31 02:17:10	/dokuwiki/lib/plugins/authplain/auth.php(410)	E_ERROR: Allowed memory size of 134217728 bytes exhausted (tried to allocate 4194312 bytes)
  #0 [internal function]: dokuwiki\ErrorHandler::fatalShutdown()
  #1 {main}
2024-01-31 02:22:55	/dokuwiki/lib/plugins/authplain/auth.php(410)	E_ERROR: Allowed memory size of 134217728 bytes exhausted (tried to allocate 4194312 bytes)
  #0 [internal function]: dokuwiki\ErrorHandler::fatalShutdown()
  #1 {main}
2024-01-31 02:34:51	/dokuwiki/lib/plugins/authplain/auth.php(410)	E_ERROR: Allowed memory size of 134217728 bytes exhausted (tried to allocate 4194312 bytes)
  #0 [internal function]: dokuwiki\ErrorHandler::fatalShutdown()
  #1 {main}
2024-01-31 02:39:55	/dokuwiki/lib/plugins/authplain/auth.php(410)	E_ERROR: Allowed memory size of 134217728 bytes exhausted (tried to allocate 4194312 bytes)
  #0 [internal function]: dokuwiki\ErrorHandler::fatalShutdown()
  #1 {main}
2024-01-31 02:39:56	/dokuwiki/lib/plugins/authplain/auth.php(410)	E_ERROR: Allowed memory size of 134217728 bytes exhausted (tried to allocate 4194312 bytes)
  #0 [internal function]: dokuwiki\ErrorHandler::fatalShutdown()
  #1 {main}
2024-01-31 02:43:38	/dokuwiki/lib/plugins/authplain/auth.php(410)	E_ERROR: Allowed memory size of 134217728 bytes exhausted (tried to allocate 4194312 bytes)
  #0 [internal function]: dokuwiki\ErrorHandler::fatalShutdown()
  #1 {main}
2024-01-31 02:45:44	/dokuwiki/lib/plugins/authplain/auth.php(410)	E_ERROR: Allowed memory size of 134217728 bytes exhausted (tried to allocate 4194312 bytes)
  #0 [internal function]: dokuwiki\ErrorHandler::fatalShutdown()
  #1 {main}
2024-01-31 03:09:26	/dokuwiki/lib/plugins/authplain/auth.php(410)	E_ERROR: Allowed memory size of 134217728 bytes exhausted (tried to allocate 4194312 bytes)
  #0 [internal function]: dokuwiki\ErrorHandler::fatalShutdown()
  #1 {main}
2024-01-31 03:20:38	/dokuwiki/lib/plugins/authplain/auth.php(410)	E_ERROR: Allowed memory size of 134217728 bytes exhausted (tried to allocate 4194312 bytes)
  #0 [internal function]: dokuwiki\ErrorHandler::fatalShutdown()
  #1 {main}
2024-01-31 03:34:56	/dokuwiki/lib/plugins/authplain/auth.php(410)	E_ERROR: Allowed memory size of 134217728 bytes exhausted (tried to allocate 4194312 bytes)
  #0 [internal function]: dokuwiki\ErrorHandler::fatalShutdown()
  #1 {main}
2024-01-31 03:47:22	/dokuwiki/lib/plugins/authplain/auth.php(410)	E_ERROR: Allowed memory size of 134217728 bytes exhausted (tried to allocate 4194312 bytes)
  #0 [internal function]: dokuwiki\ErrorHandler::fatalShutdown()
  #1 {main}
2024-01-31 03:49:31	/dokuwiki/lib/plugins/authplain/auth.php(410)	E_ERROR: Allowed memory size of 134217728 bytes exhausted (tried to allocate 4194312 bytes)
  #0 [internal function]: dokuwiki\ErrorHandler::fatalShutdown()
  #1 {main}
2024-01-31 04:12:18	/dokuwiki/lib/plugins/authplain/auth.php(410)	E_ERROR: Allowed memory size of 134217728 bytes exhausted (tried to allocate 4194312 bytes)
  #0 [internal function]: dokuwiki\ErrorHandler::fatalShutdown()
  #1 {main}
2024-01-31 04:20:25	/dokuwiki/lib/plugins/authplain/auth.php(410)	E_ERROR: Allowed memory size of 134217728 bytes exhausted (tried to allocate 4194312 bytes)
  #0 [internal function]: dokuwiki\ErrorHandler::fatalShutdown()
  #1 {main}
2024-01-31 04:21:29	/dokuwiki/lib/plugins/authplain/auth.php(410)	E_ERROR: Allowed memory size of 134217728 bytes exhausted (tried to allocate 4194312 bytes)
  #0 [internal function]: dokuwiki\ErrorHandler::fatalShutdown()
  #1 {main}
2024-01-31 04:47:13	/dokuwiki/lib/plugins/authplain/auth.php(410)	E_ERROR: Allowed memory size of 134217728 bytes exhausted (tried to allocate 4194312 bytes)
  #0 [internal function]: dokuwiki\ErrorHandler::fatalShutdown()
  #1 {main}
2024-01-31 04:47:15	/dokuwiki/lib/plugins/authplain/auth.php(410)	E_ERROR: Allowed memory size of 134217728 bytes exhausted (tried to allocate 4194312 bytes)
  #0 [internal function]: dokuwiki\ErrorHandler::fatalShutdown()
  #1 {main}
2024-01-31 05:27:50	/dokuwiki/lib/plugins/authplain/auth.php(410)	E_ERROR: Allowed memory size of 134217728 bytes exhausted (tried to allocate 4194312 bytes)
  #0 [internal function]: dokuwiki\ErrorHandler::fatalShutdown()
  #1 {main}
2024-01-31 05:32:35	/dokuwiki/lib/plugins/authplain/auth.php(410)	E_ERROR: Allowed memory size of 134217728 bytes exhausted (tried to allocate 4194312 bytes)
  #0 [internal function]: dokuwiki\ErrorHandler::fatalShutdown()
  #1 {main}
2024-01-31 05:45:32	/dokuwiki/lib/plugins/authplain/auth.php(410)	E_ERROR: Allowed memory size of 134217728 bytes exhausted (tried to allocate 4194312 bytes)
  #0 [internal function]: dokuwiki\ErrorHandler::fatalShutdown()
  #1 {main}
2024-01-31 05:45:39	/dokuwiki/lib/plugins/authplain/auth.php(410)	E_ERROR: Allowed memory size of 134217728 bytes exhausted (tried to allocate 4194312 bytes)
  #0 [internal function]: dokuwiki\ErrorHandler::fatalShutdown()
  #1 {main}
2024-01-31 05:46:45	/dokuwiki/lib/plugins/authplain/auth.php(410)	E_ERROR: Allowed memory size of 134217728 bytes exhausted (tried to allocate 4194312 bytes)
  #0 [internal function]: dokuwiki\ErrorHandler::fatalShutdown()
  #1 {main}
2024-01-31 05:52:39	/dokuwiki/lib/plugins/authplain/auth.php(410)	E_ERROR: Allowed memory size of 134217728 bytes exhausted (tried to allocate 4194312 bytes)
  #0 [internal function]: dokuwiki\ErrorHandler::fatalShutdown()
  #1 {main}
2024-01-31 06:08:51	/dokuwiki/lib/plugins/authplain/auth.php(410)	E_ERROR: Allowed memory size of 134217728 bytes exhausted (tried to allocate 4194312 bytes)
  #0 [internal function]: dokuwiki\ErrorHandler::fatalShutdown()
  #1 {main}
2024-01-31 06:08:56	/dokuwiki/lib/plugins/authplain/auth.php(410)	E_ERROR: Allowed memory size of 134217728 bytes exhausted (tried to allocate 4194312 bytes)
  #0 [internal function]: dokuwiki\ErrorHandler::fatalShutdown()
  #1 {main}
2024-01-31 06:13:30	/dokuwiki/lib/plugins/authplain/auth.php(410)	E_ERROR: Allowed memory size of 134217728 bytes exhausted (tried to allocate 4194312 bytes)
  #0 [internal function]: dokuwiki\ErrorHandler::fatalShutdown()
  #1 {main}
2024-01-31 06:24:53	/dokuwiki/lib/plugins/authplain/auth.php(410)	E_ERROR: Allowed memory size of 134217728 bytes exhausted (tried to allocate 4194312 bytes)
  #0 [internal function]: dokuwiki\ErrorHandler::fatalShutdown()
  #1 {main}
2024-01-31 06:32:17	/dokuwiki/lib/plugins/authplain/auth.php(410)	E_ERROR: Allowed memory size of 134217728 bytes exhausted (tried to allocate 4194312 bytes)
  #0 [internal function]: dokuwiki\ErrorHandler::fatalShutdown()
  #1 {main}
2024-01-31 07:07:08	/dokuwiki/lib/plugins/authplain/auth.php(410)	E_ERROR: Allowed memory size of 134217728 bytes exhausted (tried to allocate 4194312 bytes)
  #0 [internal function]: dokuwiki\ErrorHandler::fatalShutdown()
  #1 {main}
2024-01-31 07:07:10	/dokuwiki/lib/plugins/authplain/auth.php(410)	E_ERROR: Allowed memory size of 134217728 bytes exhausted (tried to allocate 4194312 bytes)
  #0 [internal function]: dokuwiki\ErrorHandler::fatalShutdown()
  #1 {main}
2024-01-31 07:37:57	/dokuwiki/lib/plugins/authplain/auth.php(410)	E_ERROR: Allowed memory size of 134217728 bytes exhausted (tried to allocate 4194312 bytes)
  #0 [internal function]: dokuwiki\ErrorHandler::fatalShutdown()
  #1 {main}
2024-01-31 07:48:47	/dokuwiki/lib/plugins/authplain/auth.php(410)	E_ERROR: Allowed memory size of 134217728 bytes exhausted (tried to allocate 4194312 bytes)
  #0 [internal function]: dokuwiki\ErrorHandler::fatalShutdown()
  #1 {main}
2024-01-31 07:56:32	/dokuwiki/lib/plugins/authplain/auth.php(410)	E_ERROR: Allowed memory size of 134217728 bytes exhausted (tried to allocate 4194312 bytes)
  #0 [internal function]: dokuwiki\ErrorHandler::fatalShutdown()
  #1 {main}
2024-01-31 08:00:06	/dokuwiki/lib/plugins/authplain/auth.php(438)	E_ERROR: Allowed memory size of 134217728 bytes exhausted (tried to allocate 4096 bytes)
  #0 [internal function]: dokuwiki\ErrorHandler::fatalShutdown()
  #1 {main}
2024-01-31 08:06:11	/dokuwiki/lib/plugins/authplain/auth.php(410)	E_ERROR: Allowed memory size of 134217728 bytes exhausted (tried to allocate 4194312 bytes)
  #0 [internal function]: dokuwiki\ErrorHandler::fatalShutdown()
  #1 {main}
2024-01-31 08:16:52	/dokuwiki/lib/plugins/authplain/auth.php(410)	E_ERROR: Allowed memory size of 134217728 bytes exhausted (tried to allocate 4194312 bytes)
  #0 [internal function]: dokuwiki\ErrorHandler::fatalShutdown()
  #1 {main}
2024-01-31 08:48:08	/dokuwiki/lib/plugins/authplain/auth.php(410)	E_ERROR: Allowed memory size of 134217728 bytes exhausted (tried to allocate 4194312 bytes)
  #0 [internal function]: dokuwiki\ErrorHandler::fatalShutdown()
  #1 {main}
2024-01-31 08:57:09	/dokuwiki/lib/plugins/authplain/auth.php(410)	E_ERROR: Allowed memory size of 134217728 bytes exhausted (tried to allocate 4194312 bytes)
  #0 [internal function]: dokuwiki\ErrorHandler::fatalShutdown()
  #1 {main}
2024-01-31 08:57:11	/dokuwiki/lib/plugins/authplain/auth.php(410)	E_ERROR: Allowed memory size of 134217728 bytes exhausted (tried to allocate 4194312 bytes)
  #0 [internal function]: dokuwiki\ErrorHandler::fatalShutdown()
  #1 {main}
2024-01-31 09:40:09	/dokuwiki/lib/plugins/authplain/auth.php(410)	E_ERROR: Allowed memory size of 134217728 bytes exhausted (tried to allocate 4194312 bytes)
  #0 [internal function]: dokuwiki\ErrorHandler::fatalShutdown()
  #1 {main}
2024-01-31 09:48:34	/dokuwiki/lib/plugins/authplain/auth.php(410)	E_ERROR: Allowed memory size of 134217728 bytes exhausted (tried to allocate 4194312 bytes)
  #0 [internal function]: dokuwiki\ErrorHandler::fatalShutdown()
  #1 {main}
2024-01-31 09:58:55	/dokuwiki/lib/plugins/authplain/auth.php(410)	E_ERROR: Allowed memory size of 134217728 bytes exhausted (tried to allocate 4194312 bytes)
  #0 [internal function]: dokuwiki\ErrorHandler::fatalShutdown()
  #1 {main}
2024-01-31 10:04:21	/dokuwiki/lib/plugins/authplain/auth.php(410)	E_ERROR: Allowed memory size of 134217728 bytes exhausted (tried to allocate 4194312 bytes)
  #0 [internal function]: dokuwiki\ErrorHandler::fatalShutdown()
  #1 {main}
2024-01-31 10:13:05	/dokuwiki/lib/plugins/authplain/auth.php(410)	E_ERROR: Allowed memory size of 134217728 bytes exhausted (tried to allocate 4194312 bytes)
  #0 [internal function]: dokuwiki\ErrorHandler::fatalShutdown()
  #1 {main}
2024-01-31 10:17:58	/dokuwiki/feed.php(235)	E_WARNING: Undefined array key "media"
  #0 /dokuwiki/feed.php(235): dokuwiki\ErrorHandler::errorHandler()
  #1 /dokuwiki/feed.php(96): rss_buildItems()
  #2 {main}
2024-01-31 10:17:58	/dokuwiki/feed.php(305)	E_WARNING: Undefined array key "media"
  #0 /dokuwiki/feed.php(305): dokuwiki\ErrorHandler::errorHandler()
  #1 /dokuwiki/feed.php(96): rss_buildItems()
  #2 {main}
2024-01-31 10:17:58	/dokuwiki/feed.php(235)	E_WARNING: Undefined array key "media"
  #0 /dokuwiki/feed.php(235): dokuwiki\ErrorHandler::errorHandler()
  #1 /dokuwiki/feed.php(96): rss_buildItems()
  #2 {main}
2024-01-31 10:17:58	/dokuwiki/feed.php(305)	E_WARNING: Undefined array key "media"
  #0 /dokuwiki/feed.php(305): dokuwiki\ErrorHandler::errorHandler()
  #1 /dokuwiki/feed.php(96): rss_buildItems()
  #2 {main}
2024-01-31 10:17:58	/dokuwiki/feed.php(235)	E_WARNING: Undefined array key "media"
  #0 /dokuwiki/feed.php(235): dokuwiki\ErrorHandler::errorHandler()
  #1 /dokuwiki/feed.php(96): rss_buildItems()
  #2 {main}
2024-01-31 10:17:58	/dokuwiki/feed.php(305)	E_WARNING: Undefined array key "media"
  #0 /dokuwiki/feed.php(305): dokuwiki\ErrorHandler::errorHandler()
  #1 /dokuwiki/feed.php(96): rss_buildItems()
  #2 {main}
2024-01-31 10:17:58	/dokuwiki/feed.php(235)	E_WARNING: Undefined array key "media"
  #0 /dokuwiki/feed.php(235): dokuwiki\ErrorHandler::errorHandler()
  #1 /dokuwiki/feed.php(96): rss_buildItems()
  #2 {main}
2024-01-31 10:17:58	/dokuwiki/feed.php(305)	E_WARNING: Undefined array key "media"
  #0 /dokuwiki/feed.php(305): dokuwiki\ErrorHandler::errorHandler()
  #1 /dokuwiki/feed.php(96): rss_buildItems()
  #2 {main}
2024-01-31 10:17:58	/dokuwiki/feed.php(235)	E_WARNING: Undefined array key "media"
  #0 /dokuwiki/feed.php(235): dokuwiki\ErrorHandler::errorHandler()
  #1 /dokuwiki/feed.php(96): rss_buildItems()
  #2 {main}
2024-01-31 10:17:58	/dokuwiki/feed.php(305)	E_WARNING: Undefined array key "media"
  #0 /dokuwiki/feed.php(305): dokuwiki\ErrorHandler::errorHandler()
  #1 /dokuwiki/feed.php(96): rss_buildItems()
  #2 {main}
2024-01-31 10:17:58	/dokuwiki/feed.php(235)	E_WARNING: Undefined array key "media"
  #0 /dokuwiki/feed.php(235): dokuwiki\ErrorHandler::errorHandler()
  #1 /dokuwiki/feed.php(96): rss_buildItems()
  #2 {main}
2024-01-31 10:17:58	/dokuwiki/feed.php(305)	E_WARNING: Undefined array key "media"
  #0 /dokuwiki/feed.php(305): dokuwiki\ErrorHandler::errorHandler()
  #1 /dokuwiki/feed.php(96): rss_buildItems()
  #2 {main}
2024-01-31 10:35:23	/dokuwiki/lib/plugins/authplain/auth.php(410)	E_ERROR: Allowed memory size of 134217728 bytes exhausted (tried to allocate 2097160 bytes)
  #0 [internal function]: dokuwiki\ErrorHandler::fatalShutdown()
  #1 {main}
2024-01-31 10:50:04	/dokuwiki/feed.php(235)	E_WARNING: Undefined array key "media"
  #0 /dokuwiki/feed.php(235): dokuwiki\ErrorHandler::errorHandler()
  #1 /dokuwiki/feed.php(96): rss_buildItems()
  #2 {main}
2024-01-31 10:50:04	/dokuwiki/feed.php(305)	E_WARNING: Undefined array key "media"
  #0 /dokuwiki/feed.php(305): dokuwiki\ErrorHandler::errorHandler()
  #1 /dokuwiki/feed.php(96): rss_buildItems()
  #2 {main}
2024-01-31 10:50:04	/dokuwiki/feed.php(235)	E_WARNING: Undefined array key "media"
  #0 /dokuwiki/feed.php(235): dokuwiki\ErrorHandler::errorHandler()
  #1 /dokuwiki/feed.php(96): rss_buildItems()
  #2 {main}
2024-01-31 10:50:04	/dokuwiki/feed.php(305)	E_WARNING: Undefined array key "media"
  #0 /dokuwiki/feed.php(305): dokuwiki\ErrorHandler::errorHandler()
  #1 /dokuwiki/feed.php(96): rss_buildItems()
  #2 {main}
2024-01-31 10:50:04	/dokuwiki/feed.php(235)	E_WARNING: Undefined array key "media"
  #0 /dokuwiki/feed.php(235): dokuwiki\ErrorHandler::errorHandler()
  #1 /dokuwiki/feed.php(96): rss_buildItems()
  #2 {main}
2024-01-31 10:50:04	/dokuwiki/feed.php(305)	E_WARNING: Undefined array key "media"
  #0 /dokuwiki/feed.php(305): dokuwiki\ErrorHandler::errorHandler()
  #1 /dokuwiki/feed.php(96): rss_buildItems()
  #2 {main}
2024-01-31 10:50:04	/dokuwiki/feed.php(235)	E_WARNING: Undefined array key "media"
  #0 /dokuwiki/feed.php(235): dokuwiki\ErrorHandler::errorHandler()
  #1 /dokuwiki/feed.php(96): rss_buildItems()
  #2 {main}
2024-01-31 10:50:04	/dokuwiki/feed.php(305)	E_WARNING: Undefined array key "media"
  #0 /dokuwiki/feed.php(305): dokuwiki\ErrorHandler::errorHandler()
  #1 /dokuwiki/feed.php(96): rss_buildItems()
  #2 {main}
2024-01-31 10:50:04	/dokuwiki/feed.php(235)	E_WARNING: Undefined array key "media"
  #0 /dokuwiki/feed.php(235): dokuwiki\ErrorHandler::errorHandler()
  #1 /dokuwiki/feed.php(96): rss_buildItems()
  #2 {main}
2024-01-31 10:50:04	/dokuwiki/feed.php(305)	E_WARNING: Undefined array key "media"
  #0 /dokuwiki/feed.php(305): dokuwiki\ErrorHandler::errorHandler()
  #1 /dokuwiki/feed.php(96): rss_buildItems()
  #2 {main}
2024-01-31 10:50:04	/dokuwiki/feed.php(235)	E_WARNING: Undefined array key "media"
  #0 /dokuwiki/feed.php(235): dokuwiki\ErrorHandler::errorHandler()
  #1 /dokuwiki/feed.php(96): rss_buildItems()
  #2 {main}
2024-01-31 10:50:04	/dokuwiki/feed.php(305)	E_WARNING: Undefined array key "media"
  #0 /dokuwiki/feed.php(305): dokuwiki\ErrorHandler::errorHandler()
  #1 /dokuwiki/feed.php(96): rss_buildItems()
  #2 {main}
2024-01-31 11:05:55	/dokuwiki/lib/plugins/authplain/auth.php(410)	E_ERROR: Allowed memory size of 134217728 bytes exhausted (tried to allocate 4194312 bytes)
  #0 [internal function]: dokuwiki\ErrorHandler::fatalShutdown()
  #1 {main}
2024-01-31 11:09:14	/dokuwiki/lib/plugins/authplain/auth.php(410)	E_ERROR: Allowed memory size of 134217728 bytes exhausted (tried to allocate 4194312 bytes)
  #0 [internal function]: dokuwiki\ErrorHandler::fatalShutdown()
  #1 {main}
2024-01-31 11:35:01	/dokuwiki/lib/plugins/authplain/auth.php(410)	E_ERROR: Allowed memory size of 134217728 bytes exhausted (tried to allocate 4194312 bytes)
  #0 [internal function]: dokuwiki\ErrorHandler::fatalShutdown()
  #1 {main}
2024-01-31 11:40:44	/dokuwiki/lib/plugins/authplain/auth.php(410)	E_ERROR: Allowed memory size of 134217728 bytes exhausted (tried to allocate 4194312 bytes)
  #0 [internal function]: dokuwiki\ErrorHandler::fatalShutdown()
  #1 {main}
2024-01-31 11:41:49	/dokuwiki/lib/plugins/authplain/auth.php(410)	E_ERROR: Allowed memory size of 134217728 bytes exhausted (tried to allocate 4194312 bytes)
  #0 [internal function]: dokuwiki\ErrorHandler::fatalShutdown()
  #1 {main}
2024-01-31 12:01:56	/dokuwiki/lib/plugins/authplain/auth.php(410)	E_ERROR: Allowed memory size of 134217728 bytes exhausted (tried to allocate 4194312 bytes)
  #0 [internal function]: dokuwiki\ErrorHandler::fatalShutdown()
  #1 {main}
2024-01-31 12:16:18	/dokuwiki/lib/plugins/authplain/auth.php(410)	E_ERROR: Allowed memory size of 134217728 bytes exhausted (tried to allocate 4194312 bytes)
  #0 [internal function]: dokuwiki\ErrorHandler::fatalShutdown()
  #1 {main}
2024-01-31 12:17:34	/dokuwiki/lib/plugins/authplain/auth.php(410)	E_ERROR: Allowed memory size of 134217728 bytes exhausted (tried to allocate 4194312 bytes)
  #0 [internal function]: dokuwiki\ErrorHandler::fatalShutdown()
  #1 {main}
2024-01-31 13:05:05	/dokuwiki/lib/plugins/authplain/auth.php(410)	E_ERROR: Allowed memory size of 134217728 bytes exhausted (tried to allocate 2097160 bytes)
  #0 [internal function]: dokuwiki\ErrorHandler::fatalShutdown()
  #1 {main}
2024-01-31 13:26:52	/dokuwiki/lib/plugins/authplain/auth.php(410)	E_ERROR: Allowed memory size of 134217728 bytes exhausted (tried to allocate 4194312 bytes)
  #0 [internal function]: dokuwiki\ErrorHandler::fatalShutdown()
  #1 {main}
2024-01-31 13:36:57	/dokuwiki/lib/plugins/authplain/auth.php(410)	E_ERROR: Allowed memory size of 134217728 bytes exhausted (tried to allocate 4194312 bytes)
  #0 [internal function]: dokuwiki\ErrorHandler::fatalShutdown()
  #1 {main}
2024-01-31 13:36:59	/dokuwiki/lib/plugins/authplain/auth.php(410)	E_ERROR: Allowed memory size of 134217728 bytes exhausted (tried to allocate 4194312 bytes)
  #0 [internal function]: dokuwiki\ErrorHandler::fatalShutdown()
  #1 {main}
2024-01-31 13:55:00	/dokuwiki/lib/plugins/authplain/auth.php(410)	E_ERROR: Allowed memory size of 134217728 bytes exhausted (tried to allocate 4194312 bytes)
  #0 [internal function]: dokuwiki\ErrorHandler::fatalShutdown()
  #1 {main}
2024-01-31 14:07:33	/dokuwiki/lib/plugins/authplain/auth.php(410)	E_ERROR: Allowed memory size of 134217728 bytes exhausted (tried to allocate 4194312 bytes)
  #0 [internal function]: dokuwiki\ErrorHandler::fatalShutdown()
  #1 {main}
2024-01-31 14:11:34	/dokuwiki/lib/plugins/authplain/auth.php(410)	E_ERROR: Allowed memory size of 134217728 bytes exhausted (tried to allocate 4194312 bytes)
  #0 [internal function]: dokuwiki\ErrorHandler::fatalShutdown()
  #1 {main}
2024-01-31 14:16:13	/dokuwiki/lib/plugins/authplain/auth.php(410)	E_ERROR: Allowed memory size of 134217728 bytes exhausted (tried to allocate 4194312 bytes)
  #0 [internal function]: dokuwiki\ErrorHandler::fatalShutdown()
  #1 {main}
2024-01-31 14:16:55	/dokuwiki/lib/plugins/authplain/auth.php(410)	E_ERROR: Allowed memory size of 134217728 bytes exhausted (tried to allocate 4194312 bytes)
  #0 [internal function]: dokuwiki\ErrorHandler::fatalShutdown()
  #1 {main}
2024-01-31 14:41:22	/dokuwiki/lib/plugins/authplain/auth.php(410)	E_ERROR: Allowed memory size of 134217728 bytes exhausted (tried to allocate 4194312 bytes)
  #0 [internal function]: dokuwiki\ErrorHandler::fatalShutdown()
  #1 {main}
2024-01-31 14:45:55	/dokuwiki/lib/plugins/authplain/auth.php(410)	E_ERROR: Allowed memory size of 134217728 bytes exhausted (tried to allocate 4194312 bytes)
  #0 [internal function]: dokuwiki\ErrorHandler::fatalShutdown()
  #1 {main}
2024-01-31 15:06:11	/dokuwiki/lib/plugins/authplain/auth.php(410)	E_ERROR: Allowed memory size of 134217728 bytes exhausted (tried to allocate 4194312 bytes)
  #0 [internal function]: dokuwiki\ErrorHandler::fatalShutdown()
  #1 {main}
2024-01-31 15:06:16	/dokuwiki/lib/plugins/authplain/auth.php(410)	E_ERROR: Allowed memory size of 134217728 bytes exhausted (tried to allocate 4194312 bytes)
  #0 [internal function]: dokuwiki\ErrorHandler::fatalShutdown()
  #1 {main}
2024-01-31 15:30:53	/dokuwiki/lib/plugins/authplain/auth.php(410)	E_ERROR: Allowed memory size of 134217728 bytes exhausted (tried to allocate 4194312 bytes)
  #0 [internal function]: dokuwiki\ErrorHandler::fatalShutdown()
  #1 {main}
2024-01-31 15:41:33	/dokuwiki/lib/plugins/authplain/auth.php(410)	E_ERROR: Allowed memory size of 134217728 bytes exhausted (tried to allocate 4194312 bytes)
  #0 [internal function]: dokuwiki\ErrorHandler::fatalShutdown()
  #1 {main}
2024-01-31 15:41:34	/dokuwiki/lib/plugins/authplain/auth.php(410)	E_ERROR: Allowed memory size of 134217728 bytes exhausted (tried to allocate 4194312 bytes)
  #0 [internal function]: dokuwiki\ErrorHandler::fatalShutdown()
  #1 {main}
2024-01-31 15:45:28	/dokuwiki/lib/plugins/authplain/auth.php(410)	E_ERROR: Allowed memory size of 134217728 bytes exhausted (tried to allocate 4194312 bytes)
  #0 [internal function]: dokuwiki\ErrorHandler::fatalShutdown()
  #1 {main}
2024-01-31 15:52:39	/dokuwiki/lib/plugins/authplain/auth.php(410)	E_ERROR: Allowed memory size of 134217728 bytes exhausted (tried to allocate 4194312 bytes)
  #0 [internal function]: dokuwiki\ErrorHandler::fatalShutdown()
  #1 {main}
2024-01-31 16:16:55	/dokuwiki/lib/plugins/authplain/auth.php(438)	E_ERROR: Allowed memory size of 134217728 bytes exhausted (tried to allocate 20480 bytes)
  #0 [internal function]: dokuwiki\ErrorHandler::fatalShutdown()
  #1 {main}
2024-01-31 16:32:51	/dokuwiki/lib/plugins/authplain/auth.php(410)	E_ERROR: Allowed memory size of 134217728 bytes exhausted (tried to allocate 4194312 bytes)
  #0 [internal function]: dokuwiki\ErrorHandler::fatalShutdown()
  #1 {main}
2024-01-31 16:32:55	/dokuwiki/lib/plugins/authplain/auth.php(410)	E_ERROR: Allowed memory size of 134217728 bytes exhausted (tried to allocate 4194312 bytes)
  #0 [internal function]: dokuwiki\ErrorHandler::fatalShutdown()
  #1 {main}
2024-01-31 16:36:10	/dokuwiki/lib/plugins/authplain/auth.php(410)	E_ERROR: Allowed memory size of 134217728 bytes exhausted (tried to allocate 4194312 bytes)
  #0 [internal function]: dokuwiki\ErrorHandler::fatalShutdown()
  #1 {main}
2024-01-31 17:02:38	/dokuwiki/lib/plugins/authplain/auth.php(410)	E_ERROR: Allowed memory size of 134217728 bytes exhausted (tried to allocate 4194312 bytes)
  #0 [internal function]: dokuwiki\ErrorHandler::fatalShutdown()
  #1 {main}
2024-01-31 17:17:08	/dokuwiki/lib/plugins/authplain/auth.php(410)	E_ERROR: Allowed memory size of 134217728 bytes exhausted (tried to allocate 4194312 bytes)
  #0 [internal function]: dokuwiki\ErrorHandler::fatalShutdown()
  #1 {main}
2024-01-31 17:19:36	/dokuwiki/lib/plugins/authplain/auth.php(410)	E_ERROR: Allowed memory size of 134217728 bytes exhausted (tried to allocate 4194312 bytes)
  #0 [internal function]: dokuwiki\ErrorHandler::fatalShutdown()
  #1 {main}
2024-01-31 17:22:36	/dokuwiki/lib/plugins/authplain/auth.php(410)	E_ERROR: Allowed memory size of 134217728 bytes exhausted (tried to allocate 4194312 bytes)
  #0 [internal function]: dokuwiki\ErrorHandler::fatalShutdown()
  #1 {main}
2024-01-31 17:22:38	/dokuwiki/lib/plugins/authplain/auth.php(410)	E_ERROR: Allowed memory size of 134217728 bytes exhausted (tried to allocate 4194312 bytes)
  #0 [internal function]: dokuwiki\ErrorHandler::fatalShutdown()
  #1 {main}
2024-01-31 17:34:53	/dokuwiki/lib/plugins/authplain/auth.php(410)	E_ERROR: Allowed memory size of 134217728 bytes exhausted (tried to allocate 4194312 bytes)
  #0 [internal function]: dokuwiki\ErrorHandler::fatalShutdown()
  #1 {main}
2024-01-31 17:52:40	/dokuwiki/lib/plugins/authplain/auth.php(410)	E_ERROR: Allowed memory size of 134217728 bytes exhausted (tried to allocate 4194312 bytes)
  #0 [internal function]: dokuwiki\ErrorHandler::fatalShutdown()
  #1 {main}
2024-01-31 18:20:35	/dokuwiki/lib/plugins/authplain/auth.php(410)	E_ERROR: Allowed memory size of 134217728 bytes exhausted (tried to allocate 4194312 bytes)
  #0 [internal function]: dokuwiki\ErrorHandler::fatalShutdown()
  #1 {main}
2024-01-31 18:20:44	/dokuwiki/lib/plugins/authplain/auth.php(410)	E_ERROR: Allowed memory size of 134217728 bytes exhausted (tried to allocate 4194312 bytes)
  #0 [internal function]: dokuwiki\ErrorHandler::fatalShutdown()
  #1 {main}
2024-01-31 18:33:16	/dokuwiki/lib/plugins/authplain/auth.php(410)	E_ERROR: Allowed memory size of 134217728 bytes exhausted (tried to allocate 4194312 bytes)
  #0 [internal function]: dokuwiki\ErrorHandler::fatalShutdown()
  #1 {main}
2024-01-31 18:39:35	/dokuwiki/lib/plugins/authplain/auth.php(410)	E_ERROR: Allowed memory size of 134217728 bytes exhausted (tried to allocate 4194312 bytes)
  #0 [internal function]: dokuwiki\ErrorHandler::fatalShutdown()
  #1 {main}
2024-01-31 18:39:36	/dokuwiki/lib/plugins/authplain/auth.php(410)	E_ERROR: Allowed memory size of 134217728 bytes exhausted (tried to allocate 4194312 bytes)
  #0 [internal function]: dokuwiki\ErrorHandler::fatalShutdown()
  #1 {main}
2024-01-31 18:49:21	/dokuwiki/lib/plugins/authplain/auth.php(410)	E_ERROR: Allowed memory size of 134217728 bytes exhausted (tried to allocate 4194312 bytes)
  #0 [internal function]: dokuwiki\ErrorHandler::fatalShutdown()
  #1 {main}
2024-01-31 19:04:28	/dokuwiki/lib/plugins/authplain/auth.php(410)	E_ERROR: Allowed memory size of 134217728 bytes exhausted (tried to allocate 4194312 bytes)
  #0 [internal function]: dokuwiki\ErrorHandler::fatalShutdown()
  #1 {main}
2024-01-31 19:05:42	/dokuwiki/lib/plugins/authplain/auth.php(410)	E_ERROR: Allowed memory size of 134217728 bytes exhausted (tried to allocate 4194312 bytes)
  #0 [internal function]: dokuwiki\ErrorHandler::fatalShutdown()
  #1 {main}
2024-01-31 19:09:03	/dokuwiki/lib/plugins/authplain/auth.php(410)	E_ERROR: Allowed memory size of 134217728 bytes exhausted (tried to allocate 4194312 bytes)
  #0 [internal function]: dokuwiki\ErrorHandler::fatalShutdown()
  #1 {main}
2024-01-31 19:14:42	/dokuwiki/lib/plugins/authplain/auth.php(410)	E_ERROR: Allowed memory size of 134217728 bytes exhausted (tried to allocate 4194312 bytes)
  #0 [internal function]: dokuwiki\ErrorHandler::fatalShutdown()
  #1 {main}
2024-01-31 19:14:53	/dokuwiki/lib/plugins/authplain/auth.php(410)	E_ERROR: Allowed memory size of 134217728 bytes exhausted (tried to allocate 4194312 bytes)
  #0 [internal function]: dokuwiki\ErrorHandler::fatalShutdown()
  #1 {main}
2024-01-31 19:31:18	/dokuwiki/lib/plugins/authplain/auth.php(410)	E_ERROR: Allowed memory size of 134217728 bytes exhausted (tried to allocate 4194312 bytes)
  #0 [internal function]: dokuwiki\ErrorHandler::fatalShutdown()
  #1 {main}
2024-01-31 19:48:34	/dokuwiki/lib/plugins/authplain/auth.php(410)	E_ERROR: Allowed memory size of 134217728 bytes exhausted (tried to allocate 4194312 bytes)
  #0 [internal function]: dokuwiki\ErrorHandler::fatalShutdown()
  #1 {main}
2024-01-31 19:58:18	/dokuwiki/lib/plugins/authplain/auth.php(410)	E_ERROR: Allowed memory size of 134217728 bytes exhausted (tried to allocate 4194312 bytes)
  #0 [internal function]: dokuwiki\ErrorHandler::fatalShutdown()
  #1 {main}
2024-01-31 19:59:54	/dokuwiki/lib/plugins/authplain/auth.php(410)	E_ERROR: Allowed memory size of 134217728 bytes exhausted (tried to allocate 4194312 bytes)
  #0 [internal function]: dokuwiki\ErrorHandler::fatalShutdown()
  #1 {main}
2024-01-31 20:00:09	/dokuwiki/lib/plugins/authplain/auth.php(410)	E_ERROR: Allowed memory size of 134217728 bytes exhausted (tried to allocate 4194312 bytes)
  #0 [internal function]: dokuwiki\ErrorHandler::fatalShutdown()
  #1 {main}
2024-01-31 20:05:42	/dokuwiki/lib/plugins/authplain/auth.php(410)	E_ERROR: Allowed memory size of 134217728 bytes exhausted (tried to allocate 4194312 bytes)
  #0 [internal function]: dokuwiki\ErrorHandler::fatalShutdown()
  #1 {main}
2024-01-31 20:13:25	/dokuwiki/lib/plugins/authplain/auth.php(410)	E_ERROR: Allowed memory size of 134217728 bytes exhausted (tried to allocate 4194312 bytes)
  #0 [internal function]: dokuwiki\ErrorHandler::fatalShutdown()
  #1 {main}
2024-01-31 20:17:19	/dokuwiki/lib/plugins/authplain/auth.php(410)	E_ERROR: Allowed memory size of 134217728 bytes exhausted (tried to allocate 4194312 bytes)
  #0 [internal function]: dokuwiki\ErrorHandler::fatalShutdown()
  #1 {main}
2024-01-31 20:18:49	/dokuwiki/lib/plugins/authplain/auth.php(410)	E_ERROR: Allowed memory size of 134217728 bytes exhausted (tried to allocate 4194312 bytes)
  #0 [internal function]: dokuwiki\ErrorHandler::fatalShutdown()
  #1 {main}
2024-01-31 20:40:54	/dokuwiki/lib/plugins/authplain/auth.php(410)	E_ERROR: Allowed memory size of 134217728 bytes exhausted (tried to allocate 4194312 bytes)
  #0 [internal function]: dokuwiki\ErrorHandler::fatalShutdown()
  #1 {main}
2024-01-31 20:49:08	/dokuwiki/lib/plugins/authplain/auth.php(410)	E_ERROR: Allowed memory size of 134217728 bytes exhausted (tried to allocate 4194312 bytes)
  #0 [internal function]: dokuwiki\ErrorHandler::fatalShutdown()
  #1 {main}
2024-01-31 21:35:06	/dokuwiki/lib/plugins/authplain/auth.php(410)	E_ERROR: Allowed memory size of 134217728 bytes exhausted (tried to allocate 4194312 bytes)
  #0 [internal function]: dokuwiki\ErrorHandler::fatalShutdown()
  #1 {main}
2024-01-31 21:35:07	/dokuwiki/lib/plugins/authplain/auth.php(410)	E_ERROR: Allowed memory size of 134217728 bytes exhausted (tried to allocate 4194312 bytes)
  #0 [internal function]: dokuwiki\ErrorHandler::fatalShutdown()
  #1 {main}
2024-01-31 21:35:08	/dokuwiki/lib/plugins/authplain/auth.php(410)	E_ERROR: Allowed memory size of 134217728 bytes exhausted (tried to allocate 4194312 bytes)
  #0 [internal function]: dokuwiki\ErrorHandler::fatalShutdown()
  #1 {main}
2024-01-31 21:43:19	/dokuwiki/lib/plugins/authplain/auth.php(410)	E_ERROR: Allowed memory size of 134217728 bytes exhausted (tried to allocate 4194312 bytes)
  #0 [internal function]: dokuwiki\ErrorHandler::fatalShutdown()
  #1 {main}
2024-01-31 21:48:01	/dokuwiki/lib/plugins/authplain/auth.php(410)	E_ERROR: Allowed memory size of 134217728 bytes exhausted (tried to allocate 4194312 bytes)
  #0 [internal function]: dokuwiki\ErrorHandler::fatalShutdown()
  #1 {main}
2024-01-31 21:51:35	/dokuwiki/lib/plugins/authplain/auth.php(410)	E_ERROR: Allowed memory size of 134217728 bytes exhausted (tried to allocate 4194312 bytes)
  #0 [internal function]: dokuwiki\ErrorHandler::fatalShutdown()
  #1 {main}
2024-01-31 21:51:40	/dokuwiki/lib/plugins/authplain/auth.php(410)	E_ERROR: Allowed memory size of 134217728 bytes exhausted (tried to allocate 4194312 bytes)
  #0 [internal function]: dokuwiki\ErrorHandler::fatalShutdown()
  #1 {main}
2024-01-31 22:05:32	/dokuwiki/lib/plugins/authplain/auth.php(410)	E_ERROR: Allowed memory size of 134217728 bytes exhausted (tried to allocate 4194312 bytes)
  #0 [internal function]: dokuwiki\ErrorHandler::fatalShutdown()
  #1 {main}
2024-01-31 22:06:26	/dokuwiki/lib/plugins/authplain/auth.php(410)	E_ERROR: Allowed memory size of 134217728 bytes exhausted (tried to allocate 4194312 bytes)
  #0 [internal function]: dokuwiki\ErrorHandler::fatalShutdown()
  #1 {main}
2024-01-31 22:33:39	/dokuwiki/lib/plugins/authplain/auth.php(410)	E_ERROR: Allowed memory size of 134217728 bytes exhausted (tried to allocate 4194312 bytes)
  #0 [internal function]: dokuwiki\ErrorHandler::fatalShutdown()
  #1 {main}
2024-01-31 22:33:40	/dokuwiki/lib/plugins/authplain/auth.php(410)	E_ERROR: Allowed memory size of 134217728 bytes exhausted (tried to allocate 4194312 bytes)
  #0 [internal function]: dokuwiki\ErrorHandler::fatalShutdown()
  #1 {main}
2024-01-31 22:34:58	/dokuwiki/lib/plugins/authplain/auth.php(410)	E_ERROR: Allowed memory size of 134217728 bytes exhausted (tried to allocate 4194312 bytes)
  #0 [internal function]: dokuwiki\ErrorHandler::fatalShutdown()
  #1 {main}
2024-01-31 22:59:42	/dokuwiki/lib/plugins/authplain/auth.php(410)	E_ERROR: Allowed memory size of 134217728 bytes exhausted (tried to allocate 4194312 bytes)
  #0 [internal function]: dokuwiki\ErrorHandler::fatalShutdown()
  #1 {main}
2024-01-31 23:03:11	/dokuwiki/lib/plugins/authplain/auth.php(410)	E_ERROR: Allowed memory size of 134217728 bytes exhausted (tried to allocate 4194312 bytes)
  #0 [internal function]: dokuwiki\ErrorHandler::fatalShutdown()
  #1 {main}
2024-01-31 23:03:12	/dokuwiki/lib/plugins/authplain/auth.php(410)	E_ERROR: Allowed memory size of 134217728 bytes exhausted (tried to allocate 4194312 bytes)
  #0 [internal function]: dokuwiki\ErrorHandler::fatalShutdown()
  #1 {main}
2024-01-31 23:22:13	/dokuwiki/lib/plugins/authplain/auth.php(410)	E_ERROR: Allowed memory size of 134217728 bytes exhausted (tried to allocate 4194312 bytes)
  #0 [internal function]: dokuwiki\ErrorHandler::fatalShutdown()
  #1 {main}
2024-01-31 23:46:49	/dokuwiki/lib/plugins/authplain/auth.php(410)	E_ERROR: Allowed memory size of 134217728 bytes exhausted (tried to allocate 4194312 bytes)
  #0 [internal function]: dokuwiki\ErrorHandler::fatalShutdown()
  #1 {main}
2024-01-31 23:46:49	/dokuwiki/lib/plugins/authplain/auth.php(410)	E_ERROR: Allowed memory size of 134217728 bytes exhausted (tried to allocate 4194312 bytes)
  #0 [internal function]: dokuwiki\ErrorHandler::fatalShutdown()
  #1 {main}
2024-01-31 23:47:52	/dokuwiki/lib/plugins/authplain/auth.php(410)	E_ERROR: Allowed memory size of 134217728 bytes exhausted (tried to allocate 4194312 bytes)
  #0 [internal function]: dokuwiki\ErrorHandler::fatalShutdown()
  #1 {main}
2024-01-31 23:56:26	/dokuwiki/lib/plugins/authplain/auth.php(410)	E_ERROR: Allowed memory size of 134217728 bytes exhausted (tried to allocate 4194312 bytes)
  #0 [internal function]: dokuwiki\ErrorHandler::fatalShutdown()
  #1 {main}
2024-01-31 23:56:27	/dokuwiki/lib/plugins/authplain/auth.php(410)	E_ERROR: Allowed memory size of 134217728 bytes exhausted (tried to allocate 4194312 bytes)
  #0 [internal function]: dokuwiki\ErrorHandler::fatalShutdown()
  #1 {main}
2024-01-31 23:59:17	/dokuwiki/lib/plugins/authplain/auth.php(410)	E_ERROR: Allowed memory size of 134217728 bytes exhausted (tried to allocate 4194312 bytes)
  #0 [internal function]: dokuwiki\ErrorHandler::fatalShutdown()
  #1 {main}
