2024-02-01 00:08:07	/dokuwiki/lib/plugins/authplain/auth.php(410)	E_ERROR: Allowed memory size of 134217728 bytes exhausted (tried to allocate 4194312 bytes)
  #0 [internal function]: dokuwiki\ErrorHandler::fatalShutdown()
  #1 {main}
2024-02-01 00:08:08	/dokuwiki/lib/plugins/authplain/auth.php(410)	E_ERROR: Allowed memory size of 134217728 bytes exhausted (tried to allocate 4194312 bytes)
  #0 [internal function]: dokuwiki\ErrorHandler::fatalShutdown()
  #1 {main}
2024-02-01 00:09:05	/dokuwiki/lib/plugins/authplain/auth.php(410)	E_ERROR: Allowed memory size of 134217728 bytes exhausted (tried to allocate 4194312 bytes)
  #0 [internal function]: dokuwiki\ErrorHandler::fatalShutdown()
  #1 {main}
2024-02-01 00:14:52	/dokuwiki/lib/plugins/authplain/auth.php(410)	E_ERROR: Allowed memory size of 134217728 bytes exhausted (tried to allocate 4194312 bytes)
  #0 [internal function]: dokuwiki\ErrorHandler::fatalShutdown()
  #1 {main}
2024-02-01 00:16:33	/dokuwiki/lib/plugins/authplain/auth.php(410)	E_ERROR: Allowed memory size of 134217728 bytes exhausted (tried to allocate 4194312 bytes)
  #0 [internal function]: dokuwiki\ErrorHandler::fatalShutdown()
  #1 {main}
2024-02-01 00:16:47	/dokuwiki/lib/plugins/authplain/auth.php(438)	E_ERROR: Allowed memory size of 134217728 bytes exhausted (tried to allocate 20480 bytes)
  #0 [internal function]: dokuwiki\ErrorHandler::fatalShutdown()
  #1 {main}
2024-02-01 00:17:58	/dokuwiki/lib/plugins/authplain/auth.php(410)	E_ERROR: Allowed memory size of 134217728 bytes exhausted (tried to allocate 4194312 bytes)
  #0 [internal function]: dokuwiki\ErrorHandler::fatalShutdown()
  #1 {main}
2024-02-01 00:30:59	/dokuwiki/lib/plugins/authplain/auth.php(410)	E_ERROR: Allowed memory size of 134217728 bytes exhausted (tried to allocate 4194312 bytes)
  #0 [internal function]: dokuwiki\ErrorHandler::fatalShutdown()
  #1 {main}
2024-02-01 00:41:57	/dokuwiki/lib/plugins/authplain/auth.php(410)	E_ERROR: Allowed memory size of 134217728 bytes exhausted (tried to allocate 4194312 bytes)
  #0 [internal function]: dokuwiki\ErrorHandler::fatalShutdown()
  #1 {main}
2024-02-01 00:55:58	/dokuwiki/lib/plugins/authplain/auth.php(410)	E_ERROR: Allowed memory size of 134217728 bytes exhausted (tried to allocate 4194312 bytes)
  #0 [internal function]: dokuwiki\ErrorHandler::fatalShutdown()
  #1 {main}
2024-02-01 00:56:53	/dokuwiki/lib/plugins/authplain/auth.php(410)	E_ERROR: Allowed memory size of 134217728 bytes exhausted (tried to allocate 4194312 bytes)
  #0 [internal function]: dokuwiki\ErrorHandler::fatalShutdown()
  #1 {main}
2024-02-01 01:07:20	/dokuwiki/lib/plugins/authplain/auth.php(410)	E_ERROR: Allowed memory size of 134217728 bytes exhausted (tried to allocate 4194312 bytes)
  #0 [internal function]: dokuwiki\ErrorHandler::fatalShutdown()
  #1 {main}
2024-02-01 01:07:29	/dokuwiki/lib/plugins/authplain/auth.php(410)	E_ERROR: Allowed memory size of 134217728 bytes exhausted (tried to allocate 4194312 bytes)
  #0 [internal function]: dokuwiki\ErrorHandler::fatalShutdown()
  #1 {main}
2024-02-01 01:32:53	/dokuwiki/lib/plugins/authplain/auth.php(410)	E_ERROR: Allowed memory size of 134217728 bytes exhausted (tried to allocate 4194312 bytes)
  #0 [internal function]: dokuwiki\ErrorHandler::fatalShutdown()
  #1 {main}
2024-02-01 01:42:24	/dokuwiki/lib/plugins/authplain/auth.php(410)	E_ERROR: Allowed memory size of 134217728 bytes exhausted (tried to allocate 4194312 bytes)
  #0 [internal function]: dokuwiki\ErrorHandler::fatalShutdown()
  #1 {main}
2024-02-01 01:42:59	/dokuwiki/lib/plugins/authplain/auth.php(410)	E_ERROR: Allowed memory size of 134217728 bytes exhausted (tried to allocate 4194312 bytes)
  #0 [internal function]: dokuwiki\ErrorHandler::fatalShutdown()
  #1 {main}
2024-02-01 01:43:49	/dokuwiki/lib/plugins/authplain/auth.php(410)	E_ERROR: Allowed memory size of 134217728 bytes exhausted (tried to allocate 4194312 bytes)
  #0 [internal function]: dokuwiki\ErrorHandler::fatalShutdown()
  #1 {main}
2024-02-01 01:46:06	/dokuwiki/lib/plugins/authplain/auth.php(410)	E_ERROR: Allowed memory size of 134217728 bytes exhausted (tried to allocate 4194312 bytes)
  #0 [internal function]: dokuwiki\ErrorHandler::fatalShutdown()
  #1 {main}
2024-02-01 01:46:14	/dokuwiki/lib/plugins/authplain/auth.php(410)	E_ERROR: Allowed memory size of 134217728 bytes exhausted (tried to allocate 4194312 bytes)
  #0 [internal function]: dokuwiki\ErrorHandler::fatalShutdown()
  #1 {main}
2024-02-01 01:50:48	/dokuwiki/lib/plugins/authplain/auth.php(410)	E_ERROR: Allowed memory size of 134217728 bytes exhausted (tried to allocate 4194312 bytes)
  #0 [internal function]: dokuwiki\ErrorHandler::fatalShutdown()
  #1 {main}
2024-02-01 02:05:52	/dokuwiki/lib/plugins/authplain/auth.php(410)	E_ERROR: Allowed memory size of 134217728 bytes exhausted (tried to allocate 4194312 bytes)
  #0 [internal function]: dokuwiki\ErrorHandler::fatalShutdown()
  #1 {main}
2024-02-01 02:17:17	/dokuwiki/lib/plugins/authplain/auth.php(410)	E_ERROR: Allowed memory size of 134217728 bytes exhausted (tried to allocate 4194312 bytes)
  #0 [internal function]: dokuwiki\ErrorHandler::fatalShutdown()
  #1 {main}
2024-02-01 02:47:14	/dokuwiki/lib/plugins/authplain/auth.php(410)	E_ERROR: Allowed memory size of 134217728 bytes exhausted (tried to allocate 4194312 bytes)
  #0 [internal function]: dokuwiki\ErrorHandler::fatalShutdown()
  #1 {main}
2024-02-01 02:53:01	/dokuwiki/lib/plugins/authplain/auth.php(410)	E_ERROR: Allowed memory size of 134217728 bytes exhausted (tried to allocate 4194312 bytes)
  #0 [internal function]: dokuwiki\ErrorHandler::fatalShutdown()
  #1 {main}
2024-02-01 02:53:06	/dokuwiki/lib/plugins/authplain/auth.php(410)	E_ERROR: Allowed memory size of 134217728 bytes exhausted (tried to allocate 4194312 bytes)
  #0 [internal function]: dokuwiki\ErrorHandler::fatalShutdown()
  #1 {main}
2024-02-01 03:02:17	/dokuwiki/lib/plugins/authplain/auth.php(410)	E_ERROR: Allowed memory size of 134217728 bytes exhausted (tried to allocate 4194312 bytes)
  #0 [internal function]: dokuwiki\ErrorHandler::fatalShutdown()
  #1 {main}
2024-02-01 03:04:27	/dokuwiki/lib/plugins/authplain/auth.php(410)	E_ERROR: Allowed memory size of 134217728 bytes exhausted (tried to allocate 4194312 bytes)
  #0 [internal function]: dokuwiki\ErrorHandler::fatalShutdown()
  #1 {main}
2024-02-01 03:32:28	/dokuwiki/lib/plugins/authplain/auth.php(410)	E_ERROR: Allowed memory size of 134217728 bytes exhausted (tried to allocate 4194312 bytes)
  #0 [internal function]: dokuwiki\ErrorHandler::fatalShutdown()
  #1 {main}
2024-02-01 03:32:59	/dokuwiki/lib/plugins/authplain/auth.php(410)	E_ERROR: Allowed memory size of 134217728 bytes exhausted (tried to allocate 4194312 bytes)
  #0 [internal function]: dokuwiki\ErrorHandler::fatalShutdown()
  #1 {main}
2024-02-01 03:44:52	/dokuwiki/lib/plugins/authplain/auth.php(410)	E_ERROR: Allowed memory size of 134217728 bytes exhausted (tried to allocate 4194312 bytes)
  #0 [internal function]: dokuwiki\ErrorHandler::fatalShutdown()
  #1 {main}
2024-02-01 03:44:54	/dokuwiki/lib/plugins/authplain/auth.php(410)	E_ERROR: Allowed memory size of 134217728 bytes exhausted (tried to allocate 4194312 bytes)
  #0 [internal function]: dokuwiki\ErrorHandler::fatalShutdown()
  #1 {main}
2024-02-01 03:47:10	/dokuwiki/lib/plugins/authplain/auth.php(410)	E_ERROR: Allowed memory size of 134217728 bytes exhausted (tried to allocate 4194312 bytes)
  #0 [internal function]: dokuwiki\ErrorHandler::fatalShutdown()
  #1 {main}
2024-02-01 04:04:45	/dokuwiki/lib/plugins/authplain/auth.php(410)	E_ERROR: Allowed memory size of 134217728 bytes exhausted (tried to allocate 4194312 bytes)
  #0 [internal function]: dokuwiki\ErrorHandler::fatalShutdown()
  #1 {main}
2024-02-01 04:06:48	/dokuwiki/lib/plugins/authplain/auth.php(410)	E_ERROR: Allowed memory size of 134217728 bytes exhausted (tried to allocate 4194312 bytes)
  #0 [internal function]: dokuwiki\ErrorHandler::fatalShutdown()
  #1 {main}
2024-02-01 04:06:52	/dokuwiki/lib/plugins/authplain/auth.php(410)	E_ERROR: Allowed memory size of 134217728 bytes exhausted (tried to allocate 4194312 bytes)
  #0 [internal function]: dokuwiki\ErrorHandler::fatalShutdown()
  #1 {main}
2024-02-01 04:15:48	/dokuwiki/lib/plugins/authplain/auth.php(410)	E_ERROR: Allowed memory size of 134217728 bytes exhausted (tried to allocate 4194312 bytes)
  #0 [internal function]: dokuwiki\ErrorHandler::fatalShutdown()
  #1 {main}
2024-02-01 04:16:13	/dokuwiki/lib/plugins/authplain/auth.php(410)	E_ERROR: Allowed memory size of 134217728 bytes exhausted (tried to allocate 4194312 bytes)
  #0 [internal function]: dokuwiki\ErrorHandler::fatalShutdown()
  #1 {main}
2024-02-01 04:32:23	/dokuwiki/lib/plugins/authplain/auth.php(410)	E_ERROR: Allowed memory size of 134217728 bytes exhausted (tried to allocate 4194312 bytes)
  #0 [internal function]: dokuwiki\ErrorHandler::fatalShutdown()
  #1 {main}
2024-02-01 04:32:24	/dokuwiki/lib/plugins/authplain/auth.php(410)	E_ERROR: Allowed memory size of 134217728 bytes exhausted (tried to allocate 4194312 bytes)
  #0 [internal function]: dokuwiki\ErrorHandler::fatalShutdown()
  #1 {main}
2024-02-01 04:40:28	/dokuwiki/lib/plugins/authplain/auth.php(410)	E_ERROR: Allowed memory size of 134217728 bytes exhausted (tried to allocate 4194312 bytes)
  #0 [internal function]: dokuwiki\ErrorHandler::fatalShutdown()
  #1 {main}
2024-02-01 04:46:56	/dokuwiki/lib/plugins/authplain/auth.php(410)	E_ERROR: Allowed memory size of 134217728 bytes exhausted (tried to allocate 4194312 bytes)
  #0 [internal function]: dokuwiki\ErrorHandler::fatalShutdown()
  #1 {main}
2024-02-01 04:46:57	/dokuwiki/lib/plugins/authplain/auth.php(410)	E_ERROR: Allowed memory size of 134217728 bytes exhausted (tried to allocate 4194312 bytes)
  #0 [internal function]: dokuwiki\ErrorHandler::fatalShutdown()
  #1 {main}
2024-02-01 04:51:43	/dokuwiki/lib/plugins/authplain/auth.php(410)	E_ERROR: Allowed memory size of 134217728 bytes exhausted (tried to allocate 4194312 bytes)
  #0 [internal function]: dokuwiki\ErrorHandler::fatalShutdown()
  #1 {main}
2024-02-01 04:52:30	/dokuwiki/lib/plugins/authplain/auth.php(410)	E_ERROR: Allowed memory size of 134217728 bytes exhausted (tried to allocate 4194312 bytes)
  #0 [internal function]: dokuwiki\ErrorHandler::fatalShutdown()
  #1 {main}
2024-02-01 04:59:22	/dokuwiki/lib/plugins/authplain/auth.php(410)	E_ERROR: Allowed memory size of 134217728 bytes exhausted (tried to allocate 4194312 bytes)
  #0 [internal function]: dokuwiki\ErrorHandler::fatalShutdown()
  #1 {main}
2024-02-01 05:11:00	/dokuwiki/lib/plugins/authplain/auth.php(410)	E_ERROR: Allowed memory size of 134217728 bytes exhausted (tried to allocate 4194312 bytes)
  #0 [internal function]: dokuwiki\ErrorHandler::fatalShutdown()
  #1 {main}
2024-02-01 05:14:46	/dokuwiki/lib/plugins/authplain/auth.php(410)	E_ERROR: Allowed memory size of 134217728 bytes exhausted (tried to allocate 4194312 bytes)
  #0 [internal function]: dokuwiki\ErrorHandler::fatalShutdown()
  #1 {main}
2024-02-01 05:14:48	/dokuwiki/lib/plugins/authplain/auth.php(410)	E_ERROR: Allowed memory size of 134217728 bytes exhausted (tried to allocate 4194312 bytes)
  #0 [internal function]: dokuwiki\ErrorHandler::fatalShutdown()
  #1 {main}
2024-02-01 05:25:41	/dokuwiki/lib/plugins/authplain/auth.php(410)	E_ERROR: Allowed memory size of 134217728 bytes exhausted (tried to allocate 4194312 bytes)
  #0 [internal function]: dokuwiki\ErrorHandler::fatalShutdown()
  #1 {main}
2024-02-01 05:27:43	/dokuwiki/lib/plugins/authplain/auth.php(410)	E_ERROR: Allowed memory size of 134217728 bytes exhausted (tried to allocate 4194312 bytes)
  #0 [internal function]: dokuwiki\ErrorHandler::fatalShutdown()
  #1 {main}
2024-02-01 05:28:54	/dokuwiki/lib/plugins/authplain/auth.php(410)	E_ERROR: Allowed memory size of 134217728 bytes exhausted (tried to allocate 4194312 bytes)
  #0 [internal function]: dokuwiki\ErrorHandler::fatalShutdown()
  #1 {main}
2024-02-01 05:51:46	/dokuwiki/lib/plugins/authplain/auth.php(410)	E_ERROR: Allowed memory size of 134217728 bytes exhausted (tried to allocate 4194312 bytes)
  #0 [internal function]: dokuwiki\ErrorHandler::fatalShutdown()
  #1 {main}
2024-02-01 06:31:05	/dokuwiki/lib/plugins/authplain/auth.php(410)	E_ERROR: Allowed memory size of 134217728 bytes exhausted (tried to allocate 4194312 bytes)
  #0 [internal function]: dokuwiki\ErrorHandler::fatalShutdown()
  #1 {main}
2024-02-01 06:31:11	/dokuwiki/lib/plugins/authplain/auth.php(410)	E_ERROR: Allowed memory size of 134217728 bytes exhausted (tried to allocate 4194312 bytes)
  #0 [internal function]: dokuwiki\ErrorHandler::fatalShutdown()
  #1 {main}
2024-02-01 06:31:13	/dokuwiki/lib/plugins/authplain/auth.php(410)	E_ERROR: Allowed memory size of 134217728 bytes exhausted (tried to allocate 4194312 bytes)
  #0 [internal function]: dokuwiki\ErrorHandler::fatalShutdown()
  #1 {main}
2024-02-01 06:46:01	/dokuwiki/lib/plugins/authplain/auth.php(410)	E_ERROR: Allowed memory size of 134217728 bytes exhausted (tried to allocate 4194312 bytes)
  #0 [internal function]: dokuwiki\ErrorHandler::fatalShutdown()
  #1 {main}
2024-02-01 06:46:02	/dokuwiki/lib/plugins/authplain/auth.php(410)	E_ERROR: Allowed memory size of 134217728 bytes exhausted (tried to allocate 4194312 bytes)
  #0 [internal function]: dokuwiki\ErrorHandler::fatalShutdown()
  #1 {main}
2024-02-01 06:46:03	/dokuwiki/lib/plugins/authplain/auth.php(410)	E_ERROR: Allowed memory size of 134217728 bytes exhausted (tried to allocate 4194312 bytes)
  #0 [internal function]: dokuwiki\ErrorHandler::fatalShutdown()
  #1 {main}
2024-02-01 07:12:41	/dokuwiki/lib/plugins/authplain/auth.php(410)	E_ERROR: Allowed memory size of 134217728 bytes exhausted (tried to allocate 4194312 bytes)
  #0 [internal function]: dokuwiki\ErrorHandler::fatalShutdown()
  #1 {main}
2024-02-01 07:12:46	/dokuwiki/lib/plugins/authplain/auth.php(410)	E_ERROR: Allowed memory size of 134217728 bytes exhausted (tried to allocate 4194312 bytes)
  #0 [internal function]: dokuwiki\ErrorHandler::fatalShutdown()
  #1 {main}
2024-02-01 07:13:27	/dokuwiki/lib/plugins/authplain/auth.php(410)	E_ERROR: Allowed memory size of 134217728 bytes exhausted (tried to allocate 4194312 bytes)
  #0 [internal function]: dokuwiki\ErrorHandler::fatalShutdown()
  #1 {main}
2024-02-01 07:21:35	/dokuwiki/lib/plugins/authplain/auth.php(410)	E_ERROR: Allowed memory size of 134217728 bytes exhausted (tried to allocate 4194312 bytes)
  #0 [internal function]: dokuwiki\ErrorHandler::fatalShutdown()
  #1 {main}
2024-02-01 07:30:13	/dokuwiki/feed.php(235)	E_WARNING: Undefined array key "media"
  #0 /dokuwiki/feed.php(235): dokuwiki\ErrorHandler::errorHandler()
  #1 /dokuwiki/feed.php(96): rss_buildItems()
  #2 {main}
2024-02-01 07:30:13	/dokuwiki/feed.php(305)	E_WARNING: Undefined array key "media"
  #0 /dokuwiki/feed.php(305): dokuwiki\ErrorHandler::errorHandler()
  #1 /dokuwiki/feed.php(96): rss_buildItems()
  #2 {main}
2024-02-01 07:30:13	/dokuwiki/feed.php(235)	E_WARNING: Undefined array key "media"
  #0 /dokuwiki/feed.php(235): dokuwiki\ErrorHandler::errorHandler()
  #1 /dokuwiki/feed.php(96): rss_buildItems()
  #2 {main}
2024-02-01 07:30:13	/dokuwiki/feed.php(305)	E_WARNING: Undefined array key "media"
  #0 /dokuwiki/feed.php(305): dokuwiki\ErrorHandler::errorHandler()
  #1 /dokuwiki/feed.php(96): rss_buildItems()
  #2 {main}
2024-02-01 07:30:13	/dokuwiki/feed.php(235)	E_WARNING: Undefined array key "media"
  #0 /dokuwiki/feed.php(235): dokuwiki\ErrorHandler::errorHandler()
  #1 /dokuwiki/feed.php(96): rss_buildItems()
  #2 {main}
2024-02-01 07:30:13	/dokuwiki/feed.php(305)	E_WARNING: Undefined array key "media"
  #0 /dokuwiki/feed.php(305): dokuwiki\ErrorHandler::errorHandler()
  #1 /dokuwiki/feed.php(96): rss_buildItems()
  #2 {main}
2024-02-01 07:30:13	/dokuwiki/feed.php(235)	E_WARNING: Undefined array key "media"
  #0 /dokuwiki/feed.php(235): dokuwiki\ErrorHandler::errorHandler()
  #1 /dokuwiki/feed.php(96): rss_buildItems()
  #2 {main}
2024-02-01 07:30:13	/dokuwiki/feed.php(305)	E_WARNING: Undefined array key "media"
  #0 /dokuwiki/feed.php(305): dokuwiki\ErrorHandler::errorHandler()
  #1 /dokuwiki/feed.php(96): rss_buildItems()
  #2 {main}
2024-02-01 07:30:13	/dokuwiki/feed.php(235)	E_WARNING: Undefined array key "media"
  #0 /dokuwiki/feed.php(235): dokuwiki\ErrorHandler::errorHandler()
  #1 /dokuwiki/feed.php(96): rss_buildItems()
  #2 {main}
2024-02-01 07:30:13	/dokuwiki/feed.php(305)	E_WARNING: Undefined array key "media"
  #0 /dokuwiki/feed.php(305): dokuwiki\ErrorHandler::errorHandler()
  #1 /dokuwiki/feed.php(96): rss_buildItems()
  #2 {main}
2024-02-01 07:30:13	/dokuwiki/feed.php(235)	E_WARNING: Undefined array key "media"
  #0 /dokuwiki/feed.php(235): dokuwiki\ErrorHandler::errorHandler()
  #1 /dokuwiki/feed.php(96): rss_buildItems()
  #2 {main}
2024-02-01 07:30:13	/dokuwiki/feed.php(305)	E_WARNING: Undefined array key "media"
  #0 /dokuwiki/feed.php(305): dokuwiki\ErrorHandler::errorHandler()
  #1 /dokuwiki/feed.php(96): rss_buildItems()
  #2 {main}
2024-02-01 07:30:13	/dokuwiki/feed.php(235)	E_WARNING: Undefined array key "media"
  #0 /dokuwiki/feed.php(235): dokuwiki\ErrorHandler::errorHandler()
  #1 /dokuwiki/feed.php(96): rss_buildItems()
  #2 {main}
2024-02-01 07:30:13	/dokuwiki/feed.php(305)	E_WARNING: Undefined array key "media"
  #0 /dokuwiki/feed.php(305): dokuwiki\ErrorHandler::errorHandler()
  #1 /dokuwiki/feed.php(96): rss_buildItems()
  #2 {main}
2024-02-01 07:30:13	/dokuwiki/feed.php(235)	E_WARNING: Undefined array key "media"
  #0 /dokuwiki/feed.php(235): dokuwiki\ErrorHandler::errorHandler()
  #1 /dokuwiki/feed.php(96): rss_buildItems()
  #2 {main}
2024-02-01 07:30:13	/dokuwiki/feed.php(305)	E_WARNING: Undefined array key "media"
  #0 /dokuwiki/feed.php(305): dokuwiki\ErrorHandler::errorHandler()
  #1 /dokuwiki/feed.php(96): rss_buildItems()
  #2 {main}
2024-02-01 08:00:38	/dokuwiki/lib/plugins/authplain/auth.php(410)	E_ERROR: Allowed memory size of 134217728 bytes exhausted (tried to allocate 4194312 bytes)
  #0 [internal function]: dokuwiki\ErrorHandler::fatalShutdown()
  #1 {main}
2024-02-01 08:25:28	/dokuwiki/lib/plugins/authplain/auth.php(410)	E_ERROR: Allowed memory size of 134217728 bytes exhausted (tried to allocate 4194312 bytes)
  #0 [internal function]: dokuwiki\ErrorHandler::fatalShutdown()
  #1 {main}
2024-02-01 08:27:20	/dokuwiki/lib/plugins/authplain/auth.php(410)	E_ERROR: Allowed memory size of 134217728 bytes exhausted (tried to allocate 4194312 bytes)
  #0 [internal function]: dokuwiki\ErrorHandler::fatalShutdown()
  #1 {main}
2024-02-01 08:28:42	/dokuwiki/lib/plugins/authplain/auth.php(410)	E_ERROR: Allowed memory size of 134217728 bytes exhausted (tried to allocate 4194312 bytes)
  #0 [internal function]: dokuwiki\ErrorHandler::fatalShutdown()
  #1 {main}
2024-02-01 08:28:43	/dokuwiki/lib/plugins/authplain/auth.php(410)	E_ERROR: Allowed memory size of 134217728 bytes exhausted (tried to allocate 4194312 bytes)
  #0 [internal function]: dokuwiki\ErrorHandler::fatalShutdown()
  #1 {main}
2024-02-01 08:30:54	/dokuwiki/lib/plugins/authplain/auth.php(420)	E_ERROR: Allowed memory size of 134217728 bytes exhausted (tried to allocate 20480 bytes)
  #0 [internal function]: dokuwiki\ErrorHandler::fatalShutdown()
  #1 {main}
2024-02-01 08:44:28	/dokuwiki/lib/plugins/authplain/auth.php(410)	E_ERROR: Allowed memory size of 134217728 bytes exhausted (tried to allocate 2097160 bytes)
  #0 [internal function]: dokuwiki\ErrorHandler::fatalShutdown()
  #1 {main}
2024-02-01 08:44:30	/dokuwiki/lib/plugins/authplain/auth.php(410)	E_ERROR: Allowed memory size of 134217728 bytes exhausted (tried to allocate 4194312 bytes)
  #0 [internal function]: dokuwiki\ErrorHandler::fatalShutdown()
  #1 {main}
2024-02-01 08:47:54	/dokuwiki/lib/plugins/authplain/auth.php(410)	E_ERROR: Allowed memory size of 134217728 bytes exhausted (tried to allocate 4194312 bytes)
  #0 [internal function]: dokuwiki\ErrorHandler::fatalShutdown()
  #1 {main}
2024-02-01 08:57:35	/dokuwiki/lib/plugins/authplain/auth.php(410)	E_ERROR: Allowed memory size of 134217728 bytes exhausted (tried to allocate 4194312 bytes)
  #0 [internal function]: dokuwiki\ErrorHandler::fatalShutdown()
  #1 {main}
2024-02-01 08:57:37	/dokuwiki/lib/plugins/authplain/auth.php(410)	E_ERROR: Allowed memory size of 134217728 bytes exhausted (tried to allocate 4194312 bytes)
  #0 [internal function]: dokuwiki\ErrorHandler::fatalShutdown()
  #1 {main}
2024-02-01 08:57:43	/dokuwiki/lib/plugins/authplain/auth.php(410)	E_ERROR: Allowed memory size of 134217728 bytes exhausted (tried to allocate 4194312 bytes)
  #0 [internal function]: dokuwiki\ErrorHandler::fatalShutdown()
  #1 {main}
2024-02-01 09:06:29	/dokuwiki/lib/plugins/authplain/auth.php(410)	E_ERROR: Allowed memory size of 134217728 bytes exhausted (tried to allocate 4194312 bytes)
  #0 [internal function]: dokuwiki\ErrorHandler::fatalShutdown()
  #1 {main}
2024-02-01 09:10:03	/dokuwiki/lib/plugins/authplain/auth.php(410)	E_ERROR: Allowed memory size of 134217728 bytes exhausted (tried to allocate 4194312 bytes)
  #0 [internal function]: dokuwiki\ErrorHandler::fatalShutdown()
  #1 {main}
2024-02-01 09:10:12	/dokuwiki/lib/plugins/authplain/auth.php(410)	E_ERROR: Allowed memory size of 134217728 bytes exhausted (tried to allocate 4194312 bytes)
  #0 [internal function]: dokuwiki\ErrorHandler::fatalShutdown()
  #1 {main}
2024-02-01 09:15:21	/dokuwiki/lib/plugins/authplain/auth.php(410)	E_ERROR: Allowed memory size of 134217728 bytes exhausted (tried to allocate 4194312 bytes)
  #0 [internal function]: dokuwiki\ErrorHandler::fatalShutdown()
  #1 {main}
2024-02-01 09:15:24	/dokuwiki/lib/plugins/authplain/auth.php(410)	E_ERROR: Allowed memory size of 134217728 bytes exhausted (tried to allocate 4194312 bytes)
  #0 [internal function]: dokuwiki\ErrorHandler::fatalShutdown()
  #1 {main}
2024-02-01 09:17:22	/dokuwiki/feed.php(235)	E_WARNING: Undefined array key "media"
  #0 /dokuwiki/feed.php(235): dokuwiki\ErrorHandler::errorHandler()
  #1 /dokuwiki/feed.php(96): rss_buildItems()
  #2 {main}
2024-02-01 09:17:22	/dokuwiki/feed.php(305)	E_WARNING: Undefined array key "media"
  #0 /dokuwiki/feed.php(305): dokuwiki\ErrorHandler::errorHandler()
  #1 /dokuwiki/feed.php(96): rss_buildItems()
  #2 {main}
2024-02-01 09:42:38	/dokuwiki/lib/plugins/authplain/auth.php(410)	E_ERROR: Allowed memory size of 134217728 bytes exhausted (tried to allocate 4194312 bytes)
  #0 [internal function]: dokuwiki\ErrorHandler::fatalShutdown()
  #1 {main}
2024-02-01 09:51:20	/dokuwiki/lib/plugins/authplain/auth.php(410)	E_ERROR: Allowed memory size of 134217728 bytes exhausted (tried to allocate 4194312 bytes)
  #0 [internal function]: dokuwiki\ErrorHandler::fatalShutdown()
  #1 {main}
2024-02-01 10:07:45	/dokuwiki/lib/plugins/authplain/auth.php(410)	E_ERROR: Allowed memory size of 134217728 bytes exhausted (tried to allocate 4194312 bytes)
  #0 [internal function]: dokuwiki\ErrorHandler::fatalShutdown()
  #1 {main}
2024-02-01 10:07:49	/dokuwiki/lib/plugins/authplain/auth.php(410)	E_ERROR: Allowed memory size of 134217728 bytes exhausted (tried to allocate 4194312 bytes)
  #0 [internal function]: dokuwiki\ErrorHandler::fatalShutdown()
  #1 {main}
2024-02-01 10:17:16	/dokuwiki/lib/plugins/authplain/auth.php(410)	E_ERROR: Allowed memory size of 134217728 bytes exhausted (tried to allocate 4194312 bytes)
  #0 [internal function]: dokuwiki\ErrorHandler::fatalShutdown()
  #1 {main}
2024-02-01 10:30:15	/dokuwiki/lib/plugins/authplain/auth.php(410)	E_ERROR: Allowed memory size of 134217728 bytes exhausted (tried to allocate 4194312 bytes)
  #0 [internal function]: dokuwiki\ErrorHandler::fatalShutdown()
  #1 {main}
2024-02-01 10:30:19	/dokuwiki/lib/plugins/authplain/auth.php(410)	E_ERROR: Allowed memory size of 134217728 bytes exhausted (tried to allocate 4194312 bytes)
  #0 [internal function]: dokuwiki\ErrorHandler::fatalShutdown()
  #1 {main}
2024-02-01 10:41:52	/dokuwiki/lib/plugins/authplain/auth.php(410)	E_ERROR: Allowed memory size of 134217728 bytes exhausted (tried to allocate 4194312 bytes)
  #0 [internal function]: dokuwiki\ErrorHandler::fatalShutdown()
  #1 {main}
2024-02-01 10:48:20	/dokuwiki/lib/plugins/authplain/auth.php(410)	E_ERROR: Allowed memory size of 134217728 bytes exhausted (tried to allocate 4194312 bytes)
  #0 [internal function]: dokuwiki\ErrorHandler::fatalShutdown()
  #1 {main}
2024-02-01 10:48:22	/dokuwiki/lib/plugins/authplain/auth.php(410)	E_ERROR: Allowed memory size of 134217728 bytes exhausted (tried to allocate 4194312 bytes)
  #0 [internal function]: dokuwiki\ErrorHandler::fatalShutdown()
  #1 {main}
2024-02-01 10:56:59	/dokuwiki/lib/plugins/authplain/auth.php(410)	E_ERROR: Allowed memory size of 134217728 bytes exhausted (tried to allocate 4194312 bytes)
  #0 [internal function]: dokuwiki\ErrorHandler::fatalShutdown()
  #1 {main}
2024-02-01 10:57:35	/dokuwiki/lib/plugins/authplain/auth.php(410)	E_ERROR: Allowed memory size of 134217728 bytes exhausted (tried to allocate 4194312 bytes)
  #0 [internal function]: dokuwiki\ErrorHandler::fatalShutdown()
  #1 {main}
2024-02-01 10:57:38	/dokuwiki/lib/plugins/authplain/auth.php(410)	E_ERROR: Allowed memory size of 134217728 bytes exhausted (tried to allocate 4194312 bytes)
  #0 [internal function]: dokuwiki\ErrorHandler::fatalShutdown()
  #1 {main}
2024-02-01 10:59:17	/dokuwiki/lib/plugins/authplain/auth.php(438)	E_ERROR: Allowed memory size of 134217728 bytes exhausted (tried to allocate 20480 bytes)
  #0 [internal function]: dokuwiki\ErrorHandler::fatalShutdown()
  #1 {main}
2024-02-01 11:01:17	/dokuwiki/lib/plugins/authplain/auth.php(410)	E_ERROR: Allowed memory size of 134217728 bytes exhausted (tried to allocate 4194312 bytes)
  #0 [internal function]: dokuwiki\ErrorHandler::fatalShutdown()
  #1 {main}
2024-02-01 11:05:01	/dokuwiki/lib/plugins/authplain/auth.php(410)	E_ERROR: Allowed memory size of 134217728 bytes exhausted (tried to allocate 4194312 bytes)
  #0 [internal function]: dokuwiki\ErrorHandler::fatalShutdown()
  #1 {main}
2024-02-01 11:05:35	/dokuwiki/lib/plugins/authplain/auth.php(410)	E_ERROR: Allowed memory size of 134217728 bytes exhausted (tried to allocate 4194312 bytes)
  #0 [internal function]: dokuwiki\ErrorHandler::fatalShutdown()
  #1 {main}
2024-02-01 11:10:19	/dokuwiki/lib/plugins/authplain/auth.php(410)	E_ERROR: Allowed memory size of 134217728 bytes exhausted (tried to allocate 4194312 bytes)
  #0 [internal function]: dokuwiki\ErrorHandler::fatalShutdown()
  #1 {main}
2024-02-01 11:11:18	/dokuwiki/lib/plugins/authplain/auth.php(410)	E_ERROR: Allowed memory size of 134217728 bytes exhausted (tried to allocate 4194312 bytes)
  #0 [internal function]: dokuwiki\ErrorHandler::fatalShutdown()
  #1 {main}
2024-02-01 11:12:16	/dokuwiki/lib/plugins/authplain/auth.php(410)	E_ERROR: Allowed memory size of 134217728 bytes exhausted (tried to allocate 4194312 bytes)
  #0 [internal function]: dokuwiki\ErrorHandler::fatalShutdown()
  #1 {main}
2024-02-01 11:18:28	/dokuwiki/lib/plugins/authplain/auth.php(410)	E_ERROR: Allowed memory size of 134217728 bytes exhausted (tried to allocate 4194312 bytes)
  #0 [internal function]: dokuwiki\ErrorHandler::fatalShutdown()
  #1 {main}
2024-02-01 11:27:19	/dokuwiki/lib/plugins/authplain/auth.php(410)	E_ERROR: Allowed memory size of 134217728 bytes exhausted (tried to allocate 4194312 bytes)
  #0 [internal function]: dokuwiki\ErrorHandler::fatalShutdown()
  #1 {main}
2024-02-01 11:31:09	/dokuwiki/lib/plugins/authplain/auth.php(410)	E_ERROR: Allowed memory size of 134217728 bytes exhausted (tried to allocate 4194312 bytes)
  #0 [internal function]: dokuwiki\ErrorHandler::fatalShutdown()
  #1 {main}
2024-02-01 11:43:28	/dokuwiki/lib/plugins/authplain/auth.php(410)	E_ERROR: Allowed memory size of 134217728 bytes exhausted (tried to allocate 4194312 bytes)
  #0 [internal function]: dokuwiki\ErrorHandler::fatalShutdown()
  #1 {main}
2024-02-01 11:57:02	/dokuwiki/lib/plugins/authplain/auth.php(410)	E_ERROR: Allowed memory size of 134217728 bytes exhausted (tried to allocate 4194312 bytes)
  #0 [internal function]: dokuwiki\ErrorHandler::fatalShutdown()
  #1 {main}
2024-02-01 11:59:17	/dokuwiki/lib/plugins/authplain/auth.php(410)	E_ERROR: Allowed memory size of 134217728 bytes exhausted (tried to allocate 4194312 bytes)
  #0 [internal function]: dokuwiki\ErrorHandler::fatalShutdown()
  #1 {main}
2024-02-01 12:03:46	/dokuwiki/lib/plugins/authplain/auth.php(410)	E_ERROR: Allowed memory size of 134217728 bytes exhausted (tried to allocate 4194312 bytes)
  #0 [internal function]: dokuwiki\ErrorHandler::fatalShutdown()
  #1 {main}
2024-02-01 12:21:00	/dokuwiki/lib/plugins/authplain/auth.php(410)	E_ERROR: Allowed memory size of 134217728 bytes exhausted (tried to allocate 4194312 bytes)
  #0 [internal function]: dokuwiki\ErrorHandler::fatalShutdown()
  #1 {main}
2024-02-01 12:23:27	/dokuwiki/lib/plugins/authplain/auth.php(410)	E_ERROR: Allowed memory size of 134217728 bytes exhausted (tried to allocate 4194312 bytes)
  #0 [internal function]: dokuwiki\ErrorHandler::fatalShutdown()
  #1 {main}
2024-02-01 12:43:45	/dokuwiki/lib/plugins/authplain/auth.php(410)	E_ERROR: Allowed memory size of 134217728 bytes exhausted (tried to allocate 4194312 bytes)
  #0 [internal function]: dokuwiki\ErrorHandler::fatalShutdown()
  #1 {main}
2024-02-01 12:44:53	/dokuwiki/lib/plugins/authplain/auth.php(410)	E_ERROR: Allowed memory size of 134217728 bytes exhausted (tried to allocate 4194312 bytes)
  #0 [internal function]: dokuwiki\ErrorHandler::fatalShutdown()
  #1 {main}
2024-02-01 12:49:59	/dokuwiki/lib/plugins/authplain/auth.php(410)	E_ERROR: Allowed memory size of 134217728 bytes exhausted (tried to allocate 4194312 bytes)
  #0 [internal function]: dokuwiki\ErrorHandler::fatalShutdown()
  #1 {main}
2024-02-01 12:58:51	/dokuwiki/lib/plugins/authplain/auth.php(410)	E_ERROR: Allowed memory size of 134217728 bytes exhausted (tried to allocate 4194312 bytes)
  #0 [internal function]: dokuwiki\ErrorHandler::fatalShutdown()
  #1 {main}
2024-02-01 13:00:24	/dokuwiki/lib/plugins/authplain/auth.php(410)	E_ERROR: Allowed memory size of 134217728 bytes exhausted (tried to allocate 4194312 bytes)
  #0 [internal function]: dokuwiki\ErrorHandler::fatalShutdown()
  #1 {main}
2024-02-01 13:00:30	/dokuwiki/lib/plugins/authplain/auth.php(410)	E_ERROR: Allowed memory size of 134217728 bytes exhausted (tried to allocate 4194312 bytes)
  #0 [internal function]: dokuwiki\ErrorHandler::fatalShutdown()
  #1 {main}
2024-02-01 13:15:40	/dokuwiki/lib/plugins/authplain/auth.php(410)	E_ERROR: Allowed memory size of 134217728 bytes exhausted (tried to allocate 4194312 bytes)
  #0 [internal function]: dokuwiki\ErrorHandler::fatalShutdown()
  #1 {main}
2024-02-01 13:19:15	/dokuwiki/lib/plugins/authplain/auth.php(410)	E_ERROR: Allowed memory size of 134217728 bytes exhausted (tried to allocate 4194312 bytes)
  #0 [internal function]: dokuwiki\ErrorHandler::fatalShutdown()
  #1 {main}
2024-02-01 13:19:16	/dokuwiki/lib/plugins/authplain/auth.php(410)	E_ERROR: Allowed memory size of 134217728 bytes exhausted (tried to allocate 4194312 bytes)
  #0 [internal function]: dokuwiki\ErrorHandler::fatalShutdown()
  #1 {main}
2024-02-01 13:35:41	/dokuwiki/lib/plugins/authplain/auth.php(410)	E_ERROR: Allowed memory size of 134217728 bytes exhausted (tried to allocate 4194312 bytes)
  #0 [internal function]: dokuwiki\ErrorHandler::fatalShutdown()
  #1 {main}
2024-02-01 13:42:35	/dokuwiki/lib/plugins/authplain/auth.php(410)	E_ERROR: Allowed memory size of 134217728 bytes exhausted (tried to allocate 4194312 bytes)
  #0 [internal function]: dokuwiki\ErrorHandler::fatalShutdown()
  #1 {main}
2024-02-01 13:49:41	/dokuwiki/lib/plugins/authplain/auth.php(410)	E_ERROR: Allowed memory size of 134217728 bytes exhausted (tried to allocate 4194312 bytes)
  #0 [internal function]: dokuwiki\ErrorHandler::fatalShutdown()
  #1 {main}
2024-02-01 13:59:01	/dokuwiki/lib/plugins/authplain/auth.php(410)	E_ERROR: Allowed memory size of 134217728 bytes exhausted (tried to allocate 4194312 bytes)
  #0 [internal function]: dokuwiki\ErrorHandler::fatalShutdown()
  #1 {main}
2024-02-01 14:00:43	/dokuwiki/lib/plugins/authplain/auth.php(410)	E_ERROR: Allowed memory size of 134217728 bytes exhausted (tried to allocate 4194312 bytes)
  #0 [internal function]: dokuwiki\ErrorHandler::fatalShutdown()
  #1 {main}
2024-02-01 14:25:44	/dokuwiki/lib/plugins/authplain/auth.php(410)	E_ERROR: Allowed memory size of 134217728 bytes exhausted (tried to allocate 4194312 bytes)
  #0 [internal function]: dokuwiki\ErrorHandler::fatalShutdown()
  #1 {main}
2024-02-01 14:31:25	/dokuwiki/lib/plugins/authplain/auth.php(410)	E_ERROR: Allowed memory size of 134217728 bytes exhausted (tried to allocate 4194312 bytes)
  #0 [internal function]: dokuwiki\ErrorHandler::fatalShutdown()
  #1 {main}
2024-02-01 14:33:53	/dokuwiki/lib/plugins/authplain/auth.php(410)	E_ERROR: Allowed memory size of 134217728 bytes exhausted (tried to allocate 4194312 bytes)
  #0 [internal function]: dokuwiki\ErrorHandler::fatalShutdown()
  #1 {main}
2024-02-01 14:50:29	/dokuwiki/lib/plugins/authplain/auth.php(410)	E_ERROR: Allowed memory size of 134217728 bytes exhausted (tried to allocate 4194312 bytes)
  #0 [internal function]: dokuwiki\ErrorHandler::fatalShutdown()
  #1 {main}
2024-02-01 14:53:14	/dokuwiki/lib/plugins/authplain/auth.php(410)	E_ERROR: Allowed memory size of 134217728 bytes exhausted (tried to allocate 4194312 bytes)
  #0 [internal function]: dokuwiki\ErrorHandler::fatalShutdown()
  #1 {main}
2024-02-01 14:53:32	/dokuwiki/lib/plugins/authplain/auth.php(410)	E_ERROR: Allowed memory size of 134217728 bytes exhausted (tried to allocate 4194312 bytes)
  #0 [internal function]: dokuwiki\ErrorHandler::fatalShutdown()
  #1 {main}
2024-02-01 15:11:27	/dokuwiki/lib/plugins/authplain/auth.php(410)	E_ERROR: Allowed memory size of 134217728 bytes exhausted (tried to allocate 4194312 bytes)
  #0 [internal function]: dokuwiki\ErrorHandler::fatalShutdown()
  #1 {main}
2024-02-01 15:12:36	/dokuwiki/lib/plugins/authplain/auth.php(410)	E_ERROR: Allowed memory size of 134217728 bytes exhausted (tried to allocate 4194312 bytes)
  #0 [internal function]: dokuwiki\ErrorHandler::fatalShutdown()
  #1 {main}
2024-02-01 15:19:23	/dokuwiki/lib/plugins/authplain/auth.php(410)	E_ERROR: Allowed memory size of 134217728 bytes exhausted (tried to allocate 4194312 bytes)
  #0 [internal function]: dokuwiki\ErrorHandler::fatalShutdown()
  #1 {main}
2024-02-01 15:31:40	/dokuwiki/lib/plugins/authplain/auth.php(410)	E_ERROR: Allowed memory size of 134217728 bytes exhausted (tried to allocate 4194312 bytes)
  #0 [internal function]: dokuwiki\ErrorHandler::fatalShutdown()
  #1 {main}
2024-02-01 15:42:17	/dokuwiki/lib/plugins/authplain/auth.php(410)	E_ERROR: Allowed memory size of 134217728 bytes exhausted (tried to allocate 2097160 bytes)
  #0 [internal function]: dokuwiki\ErrorHandler::fatalShutdown()
  #1 {main}
2024-02-01 15:42:19	/dokuwiki/lib/plugins/authplain/auth.php(410)	E_ERROR: Allowed memory size of 134217728 bytes exhausted (tried to allocate 4194312 bytes)
  #0 [internal function]: dokuwiki\ErrorHandler::fatalShutdown()
  #1 {main}
2024-02-01 15:50:43	/dokuwiki/lib/plugins/authplain/auth.php(410)	E_ERROR: Allowed memory size of 134217728 bytes exhausted (tried to allocate 4194312 bytes)
  #0 [internal function]: dokuwiki\ErrorHandler::fatalShutdown()
  #1 {main}
2024-02-01 16:02:14	/dokuwiki/lib/plugins/authplain/auth.php(410)	E_ERROR: Allowed memory size of 134217728 bytes exhausted (tried to allocate 4194312 bytes)
  #0 [internal function]: dokuwiki\ErrorHandler::fatalShutdown()
  #1 {main}
2024-02-01 16:09:33	/dokuwiki/lib/plugins/authplain/auth.php(410)	E_ERROR: Allowed memory size of 134217728 bytes exhausted (tried to allocate 4194312 bytes)
  #0 [internal function]: dokuwiki\ErrorHandler::fatalShutdown()
  #1 {main}
2024-02-01 16:26:55	/dokuwiki/lib/plugins/authplain/auth.php(410)	E_ERROR: Allowed memory size of 134217728 bytes exhausted (tried to allocate 4194312 bytes)
  #0 [internal function]: dokuwiki\ErrorHandler::fatalShutdown()
  #1 {main}
2024-02-01 16:36:32	/dokuwiki/lib/plugins/authplain/auth.php(410)	E_ERROR: Allowed memory size of 134217728 bytes exhausted (tried to allocate 4194312 bytes)
  #0 [internal function]: dokuwiki\ErrorHandler::fatalShutdown()
  #1 {main}
2024-02-01 16:36:39	/dokuwiki/lib/plugins/authplain/auth.php(410)	E_ERROR: Allowed memory size of 134217728 bytes exhausted (tried to allocate 4194312 bytes)
  #0 [internal function]: dokuwiki\ErrorHandler::fatalShutdown()
  #1 {main}
2024-02-01 16:40:19	/dokuwiki/lib/plugins/authplain/auth.php(410)	E_ERROR: Allowed memory size of 134217728 bytes exhausted (tried to allocate 4194312 bytes)
  #0 [internal function]: dokuwiki\ErrorHandler::fatalShutdown()
  #1 {main}
2024-02-01 16:44:27	/dokuwiki/lib/plugins/authplain/auth.php(410)	E_ERROR: Allowed memory size of 134217728 bytes exhausted (tried to allocate 4194312 bytes)
  #0 [internal function]: dokuwiki\ErrorHandler::fatalShutdown()
  #1 {main}
2024-02-01 16:44:29	/dokuwiki/lib/plugins/authplain/auth.php(410)	E_ERROR: Allowed memory size of 134217728 bytes exhausted (tried to allocate 4194312 bytes)
  #0 [internal function]: dokuwiki\ErrorHandler::fatalShutdown()
  #1 {main}
2024-02-01 16:47:47	/dokuwiki/lib/plugins/authplain/auth.php(410)	E_ERROR: Allowed memory size of 134217728 bytes exhausted (tried to allocate 4194312 bytes)
  #0 [internal function]: dokuwiki\ErrorHandler::fatalShutdown()
  #1 {main}
2024-02-01 16:57:42	/dokuwiki/lib/plugins/authplain/auth.php(410)	E_ERROR: Allowed memory size of 134217728 bytes exhausted (tried to allocate 4194312 bytes)
  #0 [internal function]: dokuwiki\ErrorHandler::fatalShutdown()
  #1 {main}
2024-02-01 16:58:13	/dokuwiki/lib/plugins/authplain/auth.php(410)	E_ERROR: Allowed memory size of 134217728 bytes exhausted (tried to allocate 4194312 bytes)
  #0 [internal function]: dokuwiki\ErrorHandler::fatalShutdown()
  #1 {main}
2024-02-01 17:04:26	/dokuwiki/lib/plugins/authplain/auth.php(410)	E_ERROR: Allowed memory size of 134217728 bytes exhausted (tried to allocate 4194312 bytes)
  #0 [internal function]: dokuwiki\ErrorHandler::fatalShutdown()
  #1 {main}
2024-02-01 17:04:38	/dokuwiki/lib/plugins/authplain/auth.php(410)	E_ERROR: Allowed memory size of 134217728 bytes exhausted (tried to allocate 4194312 bytes)
  #0 [internal function]: dokuwiki\ErrorHandler::fatalShutdown()
  #1 {main}
2024-02-01 17:05:30	/dokuwiki/lib/plugins/authplain/auth.php(410)	E_ERROR: Allowed memory size of 134217728 bytes exhausted (tried to allocate 4194312 bytes)
  #0 [internal function]: dokuwiki\ErrorHandler::fatalShutdown()
  #1 {main}
2024-02-01 17:12:43	/dokuwiki/lib/plugins/authplain/auth.php(410)	E_ERROR: Allowed memory size of 134217728 bytes exhausted (tried to allocate 4194312 bytes)
  #0 [internal function]: dokuwiki\ErrorHandler::fatalShutdown()
  #1 {main}
2024-02-01 17:29:00	/dokuwiki/lib/plugins/authplain/auth.php(410)	E_ERROR: Allowed memory size of 134217728 bytes exhausted (tried to allocate 4194312 bytes)
  #0 [internal function]: dokuwiki\ErrorHandler::fatalShutdown()
  #1 {main}
2024-02-01 17:33:55	/dokuwiki/lib/plugins/authplain/auth.php(410)	E_ERROR: Allowed memory size of 134217728 bytes exhausted (tried to allocate 4194312 bytes)
  #0 [internal function]: dokuwiki\ErrorHandler::fatalShutdown()
  #1 {main}
2024-02-01 17:39:49	/dokuwiki/lib/plugins/authplain/auth.php(410)	E_ERROR: Allowed memory size of 134217728 bytes exhausted (tried to allocate 4194312 bytes)
  #0 [internal function]: dokuwiki\ErrorHandler::fatalShutdown()
  #1 {main}
2024-02-01 17:41:00	/dokuwiki/lib/plugins/authplain/auth.php(410)	E_ERROR: Allowed memory size of 134217728 bytes exhausted (tried to allocate 4194312 bytes)
  #0 [internal function]: dokuwiki\ErrorHandler::fatalShutdown()
  #1 {main}
2024-02-01 17:45:30	/dokuwiki/lib/plugins/authplain/auth.php(410)	E_ERROR: Allowed memory size of 134217728 bytes exhausted (tried to allocate 4194312 bytes)
  #0 [internal function]: dokuwiki\ErrorHandler::fatalShutdown()
  #1 {main}
2024-02-01 17:45:31	/dokuwiki/lib/plugins/authplain/auth.php(410)	E_ERROR: Allowed memory size of 134217728 bytes exhausted (tried to allocate 2097160 bytes)
  #0 [internal function]: dokuwiki\ErrorHandler::fatalShutdown()
  #1 {main}
2024-02-01 17:48:49	/dokuwiki/lib/plugins/authplain/auth.php(410)	E_ERROR: Allowed memory size of 134217728 bytes exhausted (tried to allocate 4194312 bytes)
  #0 [internal function]: dokuwiki\ErrorHandler::fatalShutdown()
  #1 {main}
2024-02-01 17:48:50	/dokuwiki/lib/plugins/authplain/auth.php(410)	E_ERROR: Allowed memory size of 134217728 bytes exhausted (tried to allocate 4194312 bytes)
  #0 [internal function]: dokuwiki\ErrorHandler::fatalShutdown()
  #1 {main}
2024-02-01 18:01:24	/dokuwiki/lib/plugins/authplain/auth.php(410)	E_ERROR: Allowed memory size of 134217728 bytes exhausted (tried to allocate 4194312 bytes)
  #0 [internal function]: dokuwiki\ErrorHandler::fatalShutdown()
  #1 {main}
2024-02-01 18:01:36	/dokuwiki/lib/plugins/authplain/auth.php(410)	E_ERROR: Allowed memory size of 134217728 bytes exhausted (tried to allocate 4194312 bytes)
  #0 [internal function]: dokuwiki\ErrorHandler::fatalShutdown()
  #1 {main}
2024-02-01 18:08:56	/dokuwiki/lib/plugins/authplain/auth.php(410)	E_ERROR: Allowed memory size of 134217728 bytes exhausted (tried to allocate 4194312 bytes)
  #0 [internal function]: dokuwiki\ErrorHandler::fatalShutdown()
  #1 {main}
2024-02-01 18:11:53	/dokuwiki/lib/plugins/authplain/auth.php(410)	E_ERROR: Allowed memory size of 134217728 bytes exhausted (tried to allocate 4194312 bytes)
  #0 [internal function]: dokuwiki\ErrorHandler::fatalShutdown()
  #1 {main}
2024-02-01 18:21:00	/dokuwiki/lib/plugins/authplain/auth.php(410)	E_ERROR: Allowed memory size of 134217728 bytes exhausted (tried to allocate 4194312 bytes)
  #0 [internal function]: dokuwiki\ErrorHandler::fatalShutdown()
  #1 {main}
2024-02-01 18:22:06	/dokuwiki/lib/plugins/authplain/auth.php(410)	E_ERROR: Allowed memory size of 134217728 bytes exhausted (tried to allocate 2097160 bytes)
  #0 [internal function]: dokuwiki\ErrorHandler::fatalShutdown()
  #1 {main}
2024-02-01 18:23:29	/dokuwiki/lib/plugins/authplain/auth.php(410)	E_ERROR: Allowed memory size of 134217728 bytes exhausted (tried to allocate 2097160 bytes)
  #0 [internal function]: dokuwiki\ErrorHandler::fatalShutdown()
  #1 {main}
2024-02-01 18:26:14	/dokuwiki/lib/plugins/authplain/auth.php(410)	E_ERROR: Allowed memory size of 134217728 bytes exhausted (tried to allocate 4194312 bytes)
  #0 [internal function]: dokuwiki\ErrorHandler::fatalShutdown()
  #1 {main}
2024-02-01 18:26:19	/dokuwiki/lib/plugins/authplain/auth.php(410)	E_ERROR: Allowed memory size of 134217728 bytes exhausted (tried to allocate 4194312 bytes)
  #0 [internal function]: dokuwiki\ErrorHandler::fatalShutdown()
  #1 {main}
2024-02-01 18:30:34	/dokuwiki/lib/plugins/authplain/auth.php(410)	E_ERROR: Allowed memory size of 134217728 bytes exhausted (tried to allocate 4194312 bytes)
  #0 [internal function]: dokuwiki\ErrorHandler::fatalShutdown()
  #1 {main}
2024-02-01 18:31:54	/dokuwiki/lib/plugins/authplain/auth.php(410)	E_ERROR: Allowed memory size of 134217728 bytes exhausted (tried to allocate 4194312 bytes)
  #0 [internal function]: dokuwiki\ErrorHandler::fatalShutdown()
  #1 {main}
2024-02-01 18:32:22	/dokuwiki/lib/plugins/authplain/auth.php(410)	E_ERROR: Allowed memory size of 134217728 bytes exhausted (tried to allocate 4194312 bytes)
  #0 [internal function]: dokuwiki\ErrorHandler::fatalShutdown()
  #1 {main}
2024-02-01 18:35:34	/dokuwiki/lib/plugins/authplain/auth.php(410)	E_ERROR: Allowed memory size of 134217728 bytes exhausted (tried to allocate 4194312 bytes)
  #0 [internal function]: dokuwiki\ErrorHandler::fatalShutdown()
  #1 {main}
2024-02-01 18:40:05	/dokuwiki/lib/plugins/authplain/auth.php(410)	E_ERROR: Allowed memory size of 134217728 bytes exhausted (tried to allocate 2097160 bytes)
  #0 [internal function]: dokuwiki\ErrorHandler::fatalShutdown()
  #1 {main}
2024-02-01 18:44:13	/dokuwiki/lib/plugins/authplain/auth.php(410)	E_ERROR: Allowed memory size of 134217728 bytes exhausted (tried to allocate 4194312 bytes)
  #0 [internal function]: dokuwiki\ErrorHandler::fatalShutdown()
  #1 {main}
2024-02-01 18:44:15	/dokuwiki/lib/plugins/authplain/auth.php(410)	E_ERROR: Allowed memory size of 134217728 bytes exhausted (tried to allocate 4194312 bytes)
  #0 [internal function]: dokuwiki\ErrorHandler::fatalShutdown()
  #1 {main}
2024-02-01 18:55:21	/dokuwiki/lib/plugins/authplain/auth.php(410)	E_ERROR: Allowed memory size of 134217728 bytes exhausted (tried to allocate 4194312 bytes)
  #0 [internal function]: dokuwiki\ErrorHandler::fatalShutdown()
  #1 {main}
2024-02-01 18:56:45	/dokuwiki/lib/plugins/authplain/auth.php(410)	E_ERROR: Allowed memory size of 134217728 bytes exhausted (tried to allocate 4194312 bytes)
  #0 [internal function]: dokuwiki\ErrorHandler::fatalShutdown()
  #1 {main}
2024-02-01 19:08:08	/dokuwiki/lib/plugins/authplain/auth.php(410)	E_ERROR: Allowed memory size of 134217728 bytes exhausted (tried to allocate 4194312 bytes)
  #0 [internal function]: dokuwiki\ErrorHandler::fatalShutdown()
  #1 {main}
2024-02-01 19:09:38	/dokuwiki/lib/plugins/authplain/auth.php(410)	E_ERROR: Allowed memory size of 134217728 bytes exhausted (tried to allocate 2097160 bytes)
  #0 [internal function]: dokuwiki\ErrorHandler::fatalShutdown()
  #1 {main}
2024-02-01 19:20:49	/dokuwiki/lib/plugins/authplain/auth.php(410)	E_ERROR: Allowed memory size of 134217728 bytes exhausted (tried to allocate 4194312 bytes)
  #0 [internal function]: dokuwiki\ErrorHandler::fatalShutdown()
  #1 {main}
2024-02-01 19:20:58	/dokuwiki/lib/plugins/authplain/auth.php(410)	E_ERROR: Allowed memory size of 134217728 bytes exhausted (tried to allocate 4194312 bytes)
  #0 [internal function]: dokuwiki\ErrorHandler::fatalShutdown()
  #1 {main}
2024-02-01 19:22:07	/dokuwiki/lib/plugins/authplain/auth.php(410)	E_ERROR: Allowed memory size of 134217728 bytes exhausted (tried to allocate 4194312 bytes)
  #0 [internal function]: dokuwiki\ErrorHandler::fatalShutdown()
  #1 {main}
2024-02-01 19:26:29	/dokuwiki/lib/plugins/authplain/auth.php(410)	E_ERROR: Allowed memory size of 134217728 bytes exhausted (tried to allocate 4194312 bytes)
  #0 [internal function]: dokuwiki\ErrorHandler::fatalShutdown()
  #1 {main}
2024-02-01 19:31:39	/dokuwiki/lib/plugins/authplain/auth.php(410)	E_ERROR: Allowed memory size of 134217728 bytes exhausted (tried to allocate 4194312 bytes)
  #0 [internal function]: dokuwiki\ErrorHandler::fatalShutdown()
  #1 {main}
2024-02-01 19:33:43	/dokuwiki/lib/plugins/authplain/auth.php(410)	E_ERROR: Allowed memory size of 134217728 bytes exhausted (tried to allocate 4194312 bytes)
  #0 [internal function]: dokuwiki\ErrorHandler::fatalShutdown()
  #1 {main}
2024-02-01 19:37:22	/dokuwiki/lib/plugins/authplain/auth.php(410)	E_ERROR: Allowed memory size of 134217728 bytes exhausted (tried to allocate 4194312 bytes)
  #0 [internal function]: dokuwiki\ErrorHandler::fatalShutdown()
  #1 {main}
2024-02-01 20:06:01	/dokuwiki/lib/plugins/authplain/auth.php(410)	E_ERROR: Allowed memory size of 134217728 bytes exhausted (tried to allocate 2097160 bytes)
  #0 [internal function]: dokuwiki\ErrorHandler::fatalShutdown()
  #1 {main}
2024-02-01 20:07:55	/dokuwiki/lib/plugins/authplain/auth.php(410)	E_ERROR: Allowed memory size of 134217728 bytes exhausted (tried to allocate 4194312 bytes)
  #0 [internal function]: dokuwiki\ErrorHandler::fatalShutdown()
  #1 {main}
2024-02-01 20:12:31	/dokuwiki/lib/plugins/authplain/auth.php(410)	E_ERROR: Allowed memory size of 134217728 bytes exhausted (tried to allocate 4194312 bytes)
  #0 [internal function]: dokuwiki\ErrorHandler::fatalShutdown()
  #1 {main}
2024-02-01 20:16:37	/dokuwiki/lib/plugins/authplain/auth.php(410)	E_ERROR: Allowed memory size of 134217728 bytes exhausted (tried to allocate 4194312 bytes)
  #0 [internal function]: dokuwiki\ErrorHandler::fatalShutdown()
  #1 {main}
2024-02-01 20:21:28	/dokuwiki/lib/plugins/authplain/auth.php(410)	E_ERROR: Allowed memory size of 134217728 bytes exhausted (tried to allocate 4194312 bytes)
  #0 [internal function]: dokuwiki\ErrorHandler::fatalShutdown()
  #1 {main}
2024-02-01 20:29:26	/dokuwiki/lib/plugins/authplain/auth.php(410)	E_ERROR: Allowed memory size of 134217728 bytes exhausted (tried to allocate 4194312 bytes)
  #0 [internal function]: dokuwiki\ErrorHandler::fatalShutdown()
  #1 {main}
2024-02-01 20:35:03	/dokuwiki/lib/plugins/authplain/auth.php(410)	E_ERROR: Allowed memory size of 134217728 bytes exhausted (tried to allocate 4194312 bytes)
  #0 [internal function]: dokuwiki\ErrorHandler::fatalShutdown()
  #1 {main}
2024-02-01 20:39:28	/dokuwiki/lib/plugins/authplain/auth.php(410)	E_ERROR: Allowed memory size of 134217728 bytes exhausted (tried to allocate 4194312 bytes)
  #0 [internal function]: dokuwiki\ErrorHandler::fatalShutdown()
  #1 {main}
2024-02-01 20:42:52	/dokuwiki/lib/plugins/authplain/auth.php(410)	E_ERROR: Allowed memory size of 134217728 bytes exhausted (tried to allocate 4194312 bytes)
  #0 [internal function]: dokuwiki\ErrorHandler::fatalShutdown()
  #1 {main}
2024-02-01 20:46:15	/dokuwiki/lib/plugins/authplain/auth.php(410)	E_ERROR: Allowed memory size of 134217728 bytes exhausted (tried to allocate 4194312 bytes)
  #0 [internal function]: dokuwiki\ErrorHandler::fatalShutdown()
  #1 {main}
2024-02-01 20:49:33	/dokuwiki/lib/plugins/authplain/auth.php(410)	E_ERROR: Allowed memory size of 134217728 bytes exhausted (tried to allocate 4194312 bytes)
  #0 [internal function]: dokuwiki\ErrorHandler::fatalShutdown()
  #1 {main}
2024-02-01 20:54:01	/dokuwiki/lib/plugins/authplain/auth.php(410)	E_ERROR: Allowed memory size of 134217728 bytes exhausted (tried to allocate 4194312 bytes)
  #0 [internal function]: dokuwiki\ErrorHandler::fatalShutdown()
  #1 {main}
2024-02-01 20:56:37	/dokuwiki/lib/plugins/authplain/auth.php(410)	E_ERROR: Allowed memory size of 134217728 bytes exhausted (tried to allocate 4194312 bytes)
  #0 [internal function]: dokuwiki\ErrorHandler::fatalShutdown()
  #1 {main}
2024-02-01 21:03:14	/dokuwiki/lib/plugins/authplain/auth.php(410)	E_ERROR: Allowed memory size of 134217728 bytes exhausted (tried to allocate 4194312 bytes)
  #0 [internal function]: dokuwiki\ErrorHandler::fatalShutdown()
  #1 {main}
2024-02-01 21:08:29	/dokuwiki/lib/plugins/authplain/auth.php(410)	E_ERROR: Allowed memory size of 134217728 bytes exhausted (tried to allocate 4194312 bytes)
  #0 [internal function]: dokuwiki\ErrorHandler::fatalShutdown()
  #1 {main}
2024-02-01 21:10:21	/dokuwiki/lib/plugins/authplain/auth.php(410)	E_ERROR: Allowed memory size of 134217728 bytes exhausted (tried to allocate 4194312 bytes)
  #0 [internal function]: dokuwiki\ErrorHandler::fatalShutdown()
  #1 {main}
2024-02-01 21:19:20	/dokuwiki/lib/plugins/authplain/auth.php(410)	E_ERROR: Allowed memory size of 134217728 bytes exhausted (tried to allocate 4194312 bytes)
  #0 [internal function]: dokuwiki\ErrorHandler::fatalShutdown()
  #1 {main}
2024-02-01 21:22:46	/dokuwiki/lib/plugins/authplain/auth.php(410)	E_ERROR: Allowed memory size of 134217728 bytes exhausted (tried to allocate 4194312 bytes)
  #0 [internal function]: dokuwiki\ErrorHandler::fatalShutdown()
  #1 {main}
2024-02-01 21:22:53	/dokuwiki/lib/plugins/authplain/auth.php(410)	E_ERROR: Allowed memory size of 134217728 bytes exhausted (tried to allocate 4194312 bytes)
  #0 [internal function]: dokuwiki\ErrorHandler::fatalShutdown()
  #1 {main}
2024-02-01 21:33:59	/dokuwiki/lib/plugins/authplain/auth.php(410)	E_ERROR: Allowed memory size of 134217728 bytes exhausted (tried to allocate 4194312 bytes)
  #0 [internal function]: dokuwiki\ErrorHandler::fatalShutdown()
  #1 {main}
2024-02-01 21:42:39	/dokuwiki/lib/plugins/authplain/auth.php(410)	E_ERROR: Allowed memory size of 134217728 bytes exhausted (tried to allocate 4194312 bytes)
  #0 [internal function]: dokuwiki\ErrorHandler::fatalShutdown()
  #1 {main}
2024-02-01 21:43:03	/dokuwiki/lib/plugins/authplain/auth.php(410)	E_ERROR: Allowed memory size of 134217728 bytes exhausted (tried to allocate 4194312 bytes)
  #0 [internal function]: dokuwiki\ErrorHandler::fatalShutdown()
  #1 {main}
2024-02-01 21:47:30	/dokuwiki/lib/plugins/authplain/auth.php(410)	E_ERROR: Allowed memory size of 134217728 bytes exhausted (tried to allocate 4194312 bytes)
  #0 [internal function]: dokuwiki\ErrorHandler::fatalShutdown()
  #1 {main}
2024-02-01 21:56:09	/dokuwiki/lib/plugins/authplain/auth.php(410)	E_ERROR: Allowed memory size of 134217728 bytes exhausted (tried to allocate 4194312 bytes)
  #0 [internal function]: dokuwiki\ErrorHandler::fatalShutdown()
  #1 {main}
2024-02-01 22:21:42	/dokuwiki/lib/plugins/authplain/auth.php(410)	E_ERROR: Allowed memory size of 134217728 bytes exhausted (tried to allocate 4194312 bytes)
  #0 [internal function]: dokuwiki\ErrorHandler::fatalShutdown()
  #1 {main}
2024-02-01 22:41:38	/dokuwiki/lib/plugins/authplain/auth.php(410)	E_ERROR: Allowed memory size of 134217728 bytes exhausted (tried to allocate 4194312 bytes)
  #0 [internal function]: dokuwiki\ErrorHandler::fatalShutdown()
  #1 {main}
2024-02-01 22:41:42	/dokuwiki/lib/plugins/authplain/auth.php(410)	E_ERROR: Allowed memory size of 134217728 bytes exhausted (tried to allocate 4194312 bytes)
  #0 [internal function]: dokuwiki\ErrorHandler::fatalShutdown()
  #1 {main}
2024-02-01 22:41:46	/dokuwiki/lib/plugins/authplain/auth.php(410)	E_ERROR: Allowed memory size of 134217728 bytes exhausted (tried to allocate 4194312 bytes)
  #0 [internal function]: dokuwiki\ErrorHandler::fatalShutdown()
  #1 {main}
2024-02-01 22:49:54	/dokuwiki/lib/plugins/authplain/auth.php(410)	E_ERROR: Allowed memory size of 134217728 bytes exhausted (tried to allocate 4194312 bytes)
  #0 [internal function]: dokuwiki\ErrorHandler::fatalShutdown()
  #1 {main}
2024-02-01 22:52:32	/dokuwiki/lib/plugins/authplain/auth.php(410)	E_ERROR: Allowed memory size of 134217728 bytes exhausted (tried to allocate 4194312 bytes)
  #0 [internal function]: dokuwiki\ErrorHandler::fatalShutdown()
  #1 {main}
2024-02-01 22:52:54	/dokuwiki/lib/plugins/authplain/auth.php(410)	E_ERROR: Allowed memory size of 134217728 bytes exhausted (tried to allocate 4194312 bytes)
  #0 [internal function]: dokuwiki\ErrorHandler::fatalShutdown()
  #1 {main}
2024-02-01 22:58:54	/dokuwiki/lib/plugins/authplain/auth.php(410)	E_ERROR: Allowed memory size of 134217728 bytes exhausted (tried to allocate 4194312 bytes)
  #0 [internal function]: dokuwiki\ErrorHandler::fatalShutdown()
  #1 {main}
2024-02-01 23:00:45	/dokuwiki/lib/plugins/authplain/auth.php(410)	E_ERROR: Allowed memory size of 134217728 bytes exhausted (tried to allocate 4194312 bytes)
  #0 [internal function]: dokuwiki\ErrorHandler::fatalShutdown()
  #1 {main}
2024-02-01 23:07:44	/dokuwiki/lib/plugins/authplain/auth.php(410)	E_ERROR: Allowed memory size of 134217728 bytes exhausted (tried to allocate 4194312 bytes)
  #0 [internal function]: dokuwiki\ErrorHandler::fatalShutdown()
  #1 {main}
2024-02-01 23:08:16	/dokuwiki/lib/plugins/authplain/auth.php(410)	E_ERROR: Allowed memory size of 134217728 bytes exhausted (tried to allocate 4194312 bytes)
  #0 [internal function]: dokuwiki\ErrorHandler::fatalShutdown()
  #1 {main}
2024-02-01 23:12:43	/dokuwiki/lib/plugins/authplain/auth.php(410)	E_ERROR: Allowed memory size of 134217728 bytes exhausted (tried to allocate 4194312 bytes)
  #0 [internal function]: dokuwiki\ErrorHandler::fatalShutdown()
  #1 {main}
2024-02-01 23:14:42	/dokuwiki/lib/plugins/authplain/auth.php(410)	E_ERROR: Allowed memory size of 134217728 bytes exhausted (tried to allocate 4194312 bytes)
  #0 [internal function]: dokuwiki\ErrorHandler::fatalShutdown()
  #1 {main}
2024-02-01 23:18:00	/dokuwiki/lib/plugins/authplain/auth.php(410)	E_ERROR: Allowed memory size of 134217728 bytes exhausted (tried to allocate 4194312 bytes)
  #0 [internal function]: dokuwiki\ErrorHandler::fatalShutdown()
  #1 {main}
2024-02-01 23:21:15	/dokuwiki/lib/plugins/authplain/auth.php(410)	E_ERROR: Allowed memory size of 134217728 bytes exhausted (tried to allocate 4194312 bytes)
  #0 [internal function]: dokuwiki\ErrorHandler::fatalShutdown()
  #1 {main}
2024-02-01 23:22:44	/dokuwiki/lib/plugins/authplain/auth.php(410)	E_ERROR: Allowed memory size of 134217728 bytes exhausted (tried to allocate 4194312 bytes)
  #0 [internal function]: dokuwiki\ErrorHandler::fatalShutdown()
  #1 {main}
2024-02-01 23:24:14	/dokuwiki/lib/plugins/authplain/auth.php(410)	E_ERROR: Allowed memory size of 134217728 bytes exhausted (tried to allocate 4194312 bytes)
  #0 [internal function]: dokuwiki\ErrorHandler::fatalShutdown()
  #1 {main}
2024-02-01 23:27:50	/dokuwiki/lib/plugins/authplain/auth.php(410)	E_ERROR: Allowed memory size of 134217728 bytes exhausted (tried to allocate 4194312 bytes)
  #0 [internal function]: dokuwiki\ErrorHandler::fatalShutdown()
  #1 {main}
2024-02-01 23:28:39	/dokuwiki/lib/plugins/authplain/auth.php(410)	E_ERROR: Allowed memory size of 134217728 bytes exhausted (tried to allocate 4194312 bytes)
  #0 [internal function]: dokuwiki\ErrorHandler::fatalShutdown()
  #1 {main}
2024-02-01 23:32:41	/dokuwiki/lib/plugins/authplain/auth.php(410)	E_ERROR: Allowed memory size of 134217728 bytes exhausted (tried to allocate 4194312 bytes)
  #0 [internal function]: dokuwiki\ErrorHandler::fatalShutdown()
  #1 {main}
2024-02-01 23:42:24	/dokuwiki/lib/plugins/authplain/auth.php(410)	E_ERROR: Allowed memory size of 134217728 bytes exhausted (tried to allocate 4194312 bytes)
  #0 [internal function]: dokuwiki\ErrorHandler::fatalShutdown()
  #1 {main}
2024-02-01 23:43:38	/dokuwiki/lib/plugins/authplain/auth.php(410)	E_ERROR: Allowed memory size of 134217728 bytes exhausted (tried to allocate 4194312 bytes)
  #0 [internal function]: dokuwiki\ErrorHandler::fatalShutdown()
  #1 {main}
2024-02-01 23:45:41	/dokuwiki/lib/plugins/authplain/auth.php(410)	E_ERROR: Allowed memory size of 134217728 bytes exhausted (tried to allocate 4194312 bytes)
  #0 [internal function]: dokuwiki\ErrorHandler::fatalShutdown()
  #1 {main}
2024-02-01 23:49:28	/dokuwiki/lib/plugins/authplain/auth.php(410)	E_ERROR: Allowed memory size of 134217728 bytes exhausted (tried to allocate 4194312 bytes)
  #0 [internal function]: dokuwiki\ErrorHandler::fatalShutdown()
  #1 {main}
2024-02-01 23:53:35	/dokuwiki/lib/plugins/authplain/auth.php(410)	E_ERROR: Allowed memory size of 134217728 bytes exhausted (tried to allocate 4194312 bytes)
  #0 [internal function]: dokuwiki\ErrorHandler::fatalShutdown()
  #1 {main}
