2024-01-17 00:08:34	/dokuwiki/lib/plugins/authplain/auth.php(410)	E_ERROR: Allowed memory size of 134217728 bytes exhausted (tried to allocate 4194312 bytes)
  #0 [internal function]: dokuwiki\ErrorHandler::fatalShutdown()
  #1 {main}
2024-01-17 00:08:44	/dokuwiki/lib/plugins/authplain/auth.php(410)	E_ERROR: Allowed memory size of 134217728 bytes exhausted (tried to allocate 4194312 bytes)
  #0 [internal function]: dokuwiki\ErrorHandler::fatalShutdown()
  #1 {main}
2024-01-17 00:11:58	/dokuwiki/lib/plugins/authplain/auth.php(410)	E_ERROR: Allowed memory size of 134217728 bytes exhausted (tried to allocate 4194312 bytes)
  #0 [internal function]: dokuwiki\ErrorHandler::fatalShutdown()
  #1 {main}
2024-01-17 00:14:36	/dokuwiki/lib/plugins/authplain/auth.php(410)	E_ERROR: Allowed memory size of 134217728 bytes exhausted (tried to allocate 4194312 bytes)
  #0 [internal function]: dokuwiki\ErrorHandler::fatalShutdown()
  #1 {main}
2024-01-17 00:32:40	/dokuwiki/lib/plugins/authplain/auth.php(410)	E_ERROR: Allowed memory size of 134217728 bytes exhausted (tried to allocate 4194312 bytes)
  #0 [internal function]: dokuwiki\ErrorHandler::fatalShutdown()
  #1 {main}
2024-01-17 00:33:44	/dokuwiki/lib/plugins/authplain/auth.php(410)	E_ERROR: Allowed memory size of 134217728 bytes exhausted (tried to allocate 4194312 bytes)
  #0 [internal function]: dokuwiki\ErrorHandler::fatalShutdown()
  #1 {main}
2024-01-17 00:34:03	/dokuwiki/lib/plugins/authplain/auth.php(410)	E_ERROR: Allowed memory size of 134217728 bytes exhausted (tried to allocate 4194312 bytes)
  #0 [internal function]: dokuwiki\ErrorHandler::fatalShutdown()
  #1 {main}
2024-01-17 00:51:26	/dokuwiki/lib/plugins/authplain/auth.php(410)	E_ERROR: Allowed memory size of 134217728 bytes exhausted (tried to allocate 4194312 bytes)
  #0 [internal function]: dokuwiki\ErrorHandler::fatalShutdown()
  #1 {main}
2024-01-17 00:51:34	/dokuwiki/lib/plugins/authplain/auth.php(410)	E_ERROR: Allowed memory size of 134217728 bytes exhausted (tried to allocate 4194312 bytes)
  #0 [internal function]: dokuwiki\ErrorHandler::fatalShutdown()
  #1 {main}
2024-01-17 00:54:17	/dokuwiki/lib/plugins/authplain/auth.php(410)	E_ERROR: Allowed memory size of 134217728 bytes exhausted (tried to allocate 4194312 bytes)
  #0 [internal function]: dokuwiki\ErrorHandler::fatalShutdown()
  #1 {main}
2024-01-17 01:16:47	/dokuwiki/lib/plugins/authplain/auth.php(410)	E_ERROR: Allowed memory size of 134217728 bytes exhausted (tried to allocate 4194312 bytes)
  #0 [internal function]: dokuwiki\ErrorHandler::fatalShutdown()
  #1 {main}
2024-01-17 01:21:59	/dokuwiki/lib/plugins/authplain/auth.php(410)	E_ERROR: Allowed memory size of 134217728 bytes exhausted (tried to allocate 4194312 bytes)
  #0 [internal function]: dokuwiki\ErrorHandler::fatalShutdown()
  #1 {main}
2024-01-17 02:02:37	/dokuwiki/lib/plugins/authplain/auth.php(410)	E_ERROR: Allowed memory size of 134217728 bytes exhausted (tried to allocate 4194312 bytes)
  #0 [internal function]: dokuwiki\ErrorHandler::fatalShutdown()
  #1 {main}
2024-01-17 02:05:19	/dokuwiki/lib/plugins/authplain/auth.php(410)	E_ERROR: Allowed memory size of 134217728 bytes exhausted (tried to allocate 4194312 bytes)
  #0 [internal function]: dokuwiki\ErrorHandler::fatalShutdown()
  #1 {main}
2024-01-17 02:15:09	/dokuwiki/lib/plugins/authplain/auth.php(410)	E_ERROR: Allowed memory size of 134217728 bytes exhausted (tried to allocate 4194312 bytes)
  #0 [internal function]: dokuwiki\ErrorHandler::fatalShutdown()
  #1 {main}
2024-01-17 02:16:01	/dokuwiki/lib/plugins/authplain/auth.php(410)	E_ERROR: Allowed memory size of 134217728 bytes exhausted (tried to allocate 4194312 bytes)
  #0 [internal function]: dokuwiki\ErrorHandler::fatalShutdown()
  #1 {main}
2024-01-17 02:23:29	/dokuwiki/lib/plugins/authplain/auth.php(410)	E_ERROR: Allowed memory size of 134217728 bytes exhausted (tried to allocate 4194312 bytes)
  #0 [internal function]: dokuwiki\ErrorHandler::fatalShutdown()
  #1 {main}
2024-01-17 02:36:29	/dokuwiki/lib/plugins/authplain/auth.php(410)	E_ERROR: Allowed memory size of 134217728 bytes exhausted (tried to allocate 4194312 bytes)
  #0 [internal function]: dokuwiki\ErrorHandler::fatalShutdown()
  #1 {main}
2024-01-17 02:41:30	/dokuwiki/lib/plugins/authplain/auth.php(410)	E_ERROR: Allowed memory size of 134217728 bytes exhausted (tried to allocate 4194312 bytes)
  #0 [internal function]: dokuwiki\ErrorHandler::fatalShutdown()
  #1 {main}
2024-01-17 02:50:07	/dokuwiki/lib/plugins/authplain/auth.php(410)	E_ERROR: Allowed memory size of 134217728 bytes exhausted (tried to allocate 4194312 bytes)
  #0 [internal function]: dokuwiki\ErrorHandler::fatalShutdown()
  #1 {main}
2024-01-17 02:55:05	/dokuwiki/lib/plugins/authplain/auth.php(410)	E_ERROR: Allowed memory size of 134217728 bytes exhausted (tried to allocate 4194312 bytes)
  #0 [internal function]: dokuwiki\ErrorHandler::fatalShutdown()
  #1 {main}
2024-01-17 03:00:43	/dokuwiki/lib/plugins/authplain/auth.php(410)	E_ERROR: Allowed memory size of 134217728 bytes exhausted (tried to allocate 4194312 bytes)
  #0 [internal function]: dokuwiki\ErrorHandler::fatalShutdown()
  #1 {main}
2024-01-17 03:16:12	/dokuwiki/lib/plugins/authplain/auth.php(410)	E_ERROR: Allowed memory size of 134217728 bytes exhausted (tried to allocate 4194312 bytes)
  #0 [internal function]: dokuwiki\ErrorHandler::fatalShutdown()
  #1 {main}
2024-01-17 03:20:42	/dokuwiki/lib/plugins/authplain/auth.php(410)	E_ERROR: Allowed memory size of 134217728 bytes exhausted (tried to allocate 4194312 bytes)
  #0 [internal function]: dokuwiki\ErrorHandler::fatalShutdown()
  #1 {main}
2024-01-17 03:22:19	/dokuwiki/lib/plugins/authplain/auth.php(410)	E_ERROR: Allowed memory size of 134217728 bytes exhausted (tried to allocate 4194312 bytes)
  #0 [internal function]: dokuwiki\ErrorHandler::fatalShutdown()
  #1 {main}
2024-01-17 03:30:12	/dokuwiki/lib/plugins/authplain/auth.php(410)	E_ERROR: Allowed memory size of 134217728 bytes exhausted (tried to allocate 4194312 bytes)
  #0 [internal function]: dokuwiki\ErrorHandler::fatalShutdown()
  #1 {main}
2024-01-17 03:34:46	/dokuwiki/lib/plugins/authplain/auth.php(410)	E_ERROR: Allowed memory size of 134217728 bytes exhausted (tried to allocate 4194312 bytes)
  #0 [internal function]: dokuwiki\ErrorHandler::fatalShutdown()
  #1 {main}
2024-01-17 03:34:48	/dokuwiki/lib/plugins/authplain/auth.php(410)	E_ERROR: Allowed memory size of 134217728 bytes exhausted (tried to allocate 4194312 bytes)
  #0 [internal function]: dokuwiki\ErrorHandler::fatalShutdown()
  #1 {main}
2024-01-17 03:54:19	/dokuwiki/lib/plugins/authplain/auth.php(410)	E_ERROR: Allowed memory size of 134217728 bytes exhausted (tried to allocate 4194312 bytes)
  #0 [internal function]: dokuwiki\ErrorHandler::fatalShutdown()
  #1 {main}
2024-01-17 03:54:20	/dokuwiki/lib/plugins/authplain/auth.php(410)	E_ERROR: Allowed memory size of 134217728 bytes exhausted (tried to allocate 4194312 bytes)
  #0 [internal function]: dokuwiki\ErrorHandler::fatalShutdown()
  #1 {main}
2024-01-17 04:09:42	/dokuwiki/lib/plugins/authplain/auth.php(410)	E_ERROR: Allowed memory size of 134217728 bytes exhausted (tried to allocate 4194312 bytes)
  #0 [internal function]: dokuwiki\ErrorHandler::fatalShutdown()
  #1 {main}
2024-01-17 04:11:11	/dokuwiki/lib/plugins/authplain/auth.php(410)	E_ERROR: Allowed memory size of 134217728 bytes exhausted (tried to allocate 4194312 bytes)
  #0 [internal function]: dokuwiki\ErrorHandler::fatalShutdown()
  #1 {main}
2024-01-17 04:19:06	/dokuwiki/lib/plugins/authplain/auth.php(410)	E_ERROR: Allowed memory size of 134217728 bytes exhausted (tried to allocate 4194312 bytes)
  #0 [internal function]: dokuwiki\ErrorHandler::fatalShutdown()
  #1 {main}
2024-01-17 04:19:07	/dokuwiki/lib/plugins/authplain/auth.php(410)	E_ERROR: Allowed memory size of 134217728 bytes exhausted (tried to allocate 4194312 bytes)
  #0 [internal function]: dokuwiki\ErrorHandler::fatalShutdown()
  #1 {main}
2024-01-17 04:24:50	/dokuwiki/lib/plugins/authplain/auth.php(410)	E_ERROR: Allowed memory size of 134217728 bytes exhausted (tried to allocate 4194312 bytes)
  #0 [internal function]: dokuwiki\ErrorHandler::fatalShutdown()
  #1 {main}
2024-01-17 04:33:47	/dokuwiki/lib/plugins/authplain/auth.php(410)	E_ERROR: Allowed memory size of 134217728 bytes exhausted (tried to allocate 4194312 bytes)
  #0 [internal function]: dokuwiki\ErrorHandler::fatalShutdown()
  #1 {main}
2024-01-17 04:33:50	/dokuwiki/lib/plugins/authplain/auth.php(410)	E_ERROR: Allowed memory size of 134217728 bytes exhausted (tried to allocate 4194312 bytes)
  #0 [internal function]: dokuwiki\ErrorHandler::fatalShutdown()
  #1 {main}
2024-01-17 04:55:56	/dokuwiki/lib/plugins/authplain/auth.php(410)	E_ERROR: Allowed memory size of 134217728 bytes exhausted (tried to allocate 4194312 bytes)
  #0 [internal function]: dokuwiki\ErrorHandler::fatalShutdown()
  #1 {main}
2024-01-17 05:06:32	/dokuwiki/lib/plugins/authplain/auth.php(410)	E_ERROR: Allowed memory size of 134217728 bytes exhausted (tried to allocate 4194312 bytes)
  #0 [internal function]: dokuwiki\ErrorHandler::fatalShutdown()
  #1 {main}
2024-01-17 05:26:44	/dokuwiki/lib/plugins/authplain/auth.php(410)	E_ERROR: Allowed memory size of 134217728 bytes exhausted (tried to allocate 4194312 bytes)
  #0 [internal function]: dokuwiki\ErrorHandler::fatalShutdown()
  #1 {main}
2024-01-17 05:28:34	/dokuwiki/lib/plugins/authplain/auth.php(410)	E_ERROR: Allowed memory size of 134217728 bytes exhausted (tried to allocate 4194312 bytes)
  #0 [internal function]: dokuwiki\ErrorHandler::fatalShutdown()
  #1 {main}
2024-01-17 05:55:23	/dokuwiki/lib/plugins/authplain/auth.php(410)	E_ERROR: Allowed memory size of 134217728 bytes exhausted (tried to allocate 4194312 bytes)
  #0 [internal function]: dokuwiki\ErrorHandler::fatalShutdown()
  #1 {main}
2024-01-17 06:13:27	/dokuwiki/lib/plugins/authplain/auth.php(410)	E_ERROR: Allowed memory size of 134217728 bytes exhausted (tried to allocate 2097160 bytes)
  #0 [internal function]: dokuwiki\ErrorHandler::fatalShutdown()
  #1 {main}
2024-01-17 07:07:01	/dokuwiki/lib/plugins/authplain/auth.php(410)	E_ERROR: Allowed memory size of 134217728 bytes exhausted (tried to allocate 4194312 bytes)
  #0 [internal function]: dokuwiki\ErrorHandler::fatalShutdown()
  #1 {main}
2024-01-17 07:09:58	/dokuwiki/lib/plugins/authplain/auth.php(410)	E_ERROR: Allowed memory size of 134217728 bytes exhausted (tried to allocate 4194312 bytes)
  #0 [internal function]: dokuwiki\ErrorHandler::fatalShutdown()
  #1 {main}
2024-01-17 07:29:32	/dokuwiki/lib/plugins/authplain/auth.php(410)	E_ERROR: Allowed memory size of 134217728 bytes exhausted (tried to allocate 4194312 bytes)
  #0 [internal function]: dokuwiki\ErrorHandler::fatalShutdown()
  #1 {main}
2024-01-17 07:30:28	/dokuwiki/lib/plugins/authplain/auth.php(410)	E_ERROR: Allowed memory size of 134217728 bytes exhausted (tried to allocate 4194312 bytes)
  #0 [internal function]: dokuwiki\ErrorHandler::fatalShutdown()
  #1 {main}
2024-01-17 07:32:17	/dokuwiki/lib/plugins/authplain/auth.php(410)	E_ERROR: Allowed memory size of 134217728 bytes exhausted (tried to allocate 4194312 bytes)
  #0 [internal function]: dokuwiki\ErrorHandler::fatalShutdown()
  #1 {main}
2024-01-17 07:55:51	/dokuwiki/lib/plugins/authplain/auth.php(410)	E_ERROR: Allowed memory size of 134217728 bytes exhausted (tried to allocate 4194312 bytes)
  #0 [internal function]: dokuwiki\ErrorHandler::fatalShutdown()
  #1 {main}
2024-01-17 08:19:23	/dokuwiki/lib/plugins/authplain/auth.php(410)	E_ERROR: Allowed memory size of 134217728 bytes exhausted (tried to allocate 4194312 bytes)
  #0 [internal function]: dokuwiki\ErrorHandler::fatalShutdown()
  #1 {main}
2024-01-17 08:22:29	/dokuwiki/lib/plugins/authplain/auth.php(410)	E_ERROR: Allowed memory size of 134217728 bytes exhausted (tried to allocate 4194312 bytes)
  #0 [internal function]: dokuwiki\ErrorHandler::fatalShutdown()
  #1 {main}
2024-01-17 08:36:59	/dokuwiki/lib/plugins/authplain/auth.php(410)	E_ERROR: Allowed memory size of 134217728 bytes exhausted (tried to allocate 4194312 bytes)
  #0 [internal function]: dokuwiki\ErrorHandler::fatalShutdown()
  #1 {main}
2024-01-17 08:39:19	/dokuwiki/lib/plugins/authplain/auth.php(410)	E_ERROR: Allowed memory size of 134217728 bytes exhausted (tried to allocate 4194312 bytes)
  #0 [internal function]: dokuwiki\ErrorHandler::fatalShutdown()
  #1 {main}
2024-01-17 08:58:32	/dokuwiki/lib/plugins/authplain/auth.php(410)	E_ERROR: Allowed memory size of 134217728 bytes exhausted (tried to allocate 4194312 bytes)
  #0 [internal function]: dokuwiki\ErrorHandler::fatalShutdown()
  #1 {main}
2024-01-17 09:03:48	/dokuwiki/lib/plugins/authplain/auth.php(410)	E_ERROR: Allowed memory size of 134217728 bytes exhausted (tried to allocate 4194312 bytes)
  #0 [internal function]: dokuwiki\ErrorHandler::fatalShutdown()
  #1 {main}
2024-01-17 09:09:00	/dokuwiki/lib/plugins/authplain/auth.php(410)	E_ERROR: Allowed memory size of 134217728 bytes exhausted (tried to allocate 4194312 bytes)
  #0 [internal function]: dokuwiki\ErrorHandler::fatalShutdown()
  #1 {main}
2024-01-17 09:39:14	/dokuwiki/lib/plugins/authplain/auth.php(410)	E_ERROR: Allowed memory size of 134217728 bytes exhausted (tried to allocate 4194312 bytes)
  #0 [internal function]: dokuwiki\ErrorHandler::fatalShutdown()
  #1 {main}
2024-01-17 09:51:55	/dokuwiki/feed.php(235)	E_WARNING: Undefined array key "media"
  #0 /dokuwiki/feed.php(235): dokuwiki\ErrorHandler::errorHandler()
  #1 /dokuwiki/feed.php(96): rss_buildItems()
  #2 {main}
2024-01-17 09:51:55	/dokuwiki/feed.php(305)	E_WARNING: Undefined array key "media"
  #0 /dokuwiki/feed.php(305): dokuwiki\ErrorHandler::errorHandler()
  #1 /dokuwiki/feed.php(96): rss_buildItems()
  #2 {main}
2024-01-17 09:51:55	/dokuwiki/feed.php(235)	E_WARNING: Undefined array key "media"
  #0 /dokuwiki/feed.php(235): dokuwiki\ErrorHandler::errorHandler()
  #1 /dokuwiki/feed.php(96): rss_buildItems()
  #2 {main}
2024-01-17 09:51:55	/dokuwiki/feed.php(305)	E_WARNING: Undefined array key "media"
  #0 /dokuwiki/feed.php(305): dokuwiki\ErrorHandler::errorHandler()
  #1 /dokuwiki/feed.php(96): rss_buildItems()
  #2 {main}
2024-01-17 09:51:55	/dokuwiki/feed.php(235)	E_WARNING: Undefined array key "media"
  #0 /dokuwiki/feed.php(235): dokuwiki\ErrorHandler::errorHandler()
  #1 /dokuwiki/feed.php(96): rss_buildItems()
  #2 {main}
2024-01-17 09:51:55	/dokuwiki/feed.php(305)	E_WARNING: Undefined array key "media"
  #0 /dokuwiki/feed.php(305): dokuwiki\ErrorHandler::errorHandler()
  #1 /dokuwiki/feed.php(96): rss_buildItems()
  #2 {main}
2024-01-17 09:51:55	/dokuwiki/feed.php(235)	E_WARNING: Undefined array key "media"
  #0 /dokuwiki/feed.php(235): dokuwiki\ErrorHandler::errorHandler()
  #1 /dokuwiki/feed.php(96): rss_buildItems()
  #2 {main}
2024-01-17 09:51:55	/dokuwiki/feed.php(305)	E_WARNING: Undefined array key "media"
  #0 /dokuwiki/feed.php(305): dokuwiki\ErrorHandler::errorHandler()
  #1 /dokuwiki/feed.php(96): rss_buildItems()
  #2 {main}
2024-01-17 09:51:55	/dokuwiki/feed.php(235)	E_WARNING: Undefined array key "media"
  #0 /dokuwiki/feed.php(235): dokuwiki\ErrorHandler::errorHandler()
  #1 /dokuwiki/feed.php(96): rss_buildItems()
  #2 {main}
2024-01-17 09:51:55	/dokuwiki/feed.php(305)	E_WARNING: Undefined array key "media"
  #0 /dokuwiki/feed.php(305): dokuwiki\ErrorHandler::errorHandler()
  #1 /dokuwiki/feed.php(96): rss_buildItems()
  #2 {main}
2024-01-17 09:51:55	/dokuwiki/feed.php(235)	E_WARNING: Undefined array key "media"
  #0 /dokuwiki/feed.php(235): dokuwiki\ErrorHandler::errorHandler()
  #1 /dokuwiki/feed.php(96): rss_buildItems()
  #2 {main}
2024-01-17 09:51:55	/dokuwiki/feed.php(305)	E_WARNING: Undefined array key "media"
  #0 /dokuwiki/feed.php(305): dokuwiki\ErrorHandler::errorHandler()
  #1 /dokuwiki/feed.php(96): rss_buildItems()
  #2 {main}
2024-01-17 09:57:03	/dokuwiki/lib/plugins/authplain/auth.php(410)	E_ERROR: Allowed memory size of 134217728 bytes exhausted (tried to allocate 4194312 bytes)
  #0 [internal function]: dokuwiki\ErrorHandler::fatalShutdown()
  #1 {main}
2024-01-17 10:08:56	/dokuwiki/lib/plugins/authplain/auth.php(410)	E_ERROR: Allowed memory size of 134217728 bytes exhausted (tried to allocate 4194312 bytes)
  #0 [internal function]: dokuwiki\ErrorHandler::fatalShutdown()
  #1 {main}
2024-01-17 10:11:01	/dokuwiki/lib/plugins/authplain/auth.php(410)	E_ERROR: Allowed memory size of 134217728 bytes exhausted (tried to allocate 4194312 bytes)
  #0 [internal function]: dokuwiki\ErrorHandler::fatalShutdown()
  #1 {main}
2024-01-17 10:11:08	/dokuwiki/lib/plugins/authplain/auth.php(410)	E_ERROR: Allowed memory size of 134217728 bytes exhausted (tried to allocate 4194312 bytes)
  #0 [internal function]: dokuwiki\ErrorHandler::fatalShutdown()
  #1 {main}
2024-01-17 10:29:53	/dokuwiki/lib/plugins/authplain/auth.php(410)	E_ERROR: Allowed memory size of 134217728 bytes exhausted (tried to allocate 4194312 bytes)
  #0 [internal function]: dokuwiki\ErrorHandler::fatalShutdown()
  #1 {main}
2024-01-17 10:31:29	/dokuwiki/lib/plugins/authplain/auth.php(410)	E_ERROR: Allowed memory size of 134217728 bytes exhausted (tried to allocate 4194312 bytes)
  #0 [internal function]: dokuwiki\ErrorHandler::fatalShutdown()
  #1 {main}
2024-01-17 10:36:04	/dokuwiki/feed.php(235)	E_WARNING: Undefined array key "media"
  #0 /dokuwiki/feed.php(235): dokuwiki\ErrorHandler::errorHandler()
  #1 /dokuwiki/feed.php(96): rss_buildItems()
  #2 {main}
2024-01-17 10:36:04	/dokuwiki/feed.php(305)	E_WARNING: Undefined array key "media"
  #0 /dokuwiki/feed.php(305): dokuwiki\ErrorHandler::errorHandler()
  #1 /dokuwiki/feed.php(96): rss_buildItems()
  #2 {main}
2024-01-17 10:36:04	/dokuwiki/feed.php(235)	E_WARNING: Undefined array key "media"
  #0 /dokuwiki/feed.php(235): dokuwiki\ErrorHandler::errorHandler()
  #1 /dokuwiki/feed.php(96): rss_buildItems()
  #2 {main}
2024-01-17 10:36:04	/dokuwiki/feed.php(305)	E_WARNING: Undefined array key "media"
  #0 /dokuwiki/feed.php(305): dokuwiki\ErrorHandler::errorHandler()
  #1 /dokuwiki/feed.php(96): rss_buildItems()
  #2 {main}
2024-01-17 10:36:04	/dokuwiki/feed.php(235)	E_WARNING: Undefined array key "media"
  #0 /dokuwiki/feed.php(235): dokuwiki\ErrorHandler::errorHandler()
  #1 /dokuwiki/feed.php(96): rss_buildItems()
  #2 {main}
2024-01-17 10:36:04	/dokuwiki/feed.php(305)	E_WARNING: Undefined array key "media"
  #0 /dokuwiki/feed.php(305): dokuwiki\ErrorHandler::errorHandler()
  #1 /dokuwiki/feed.php(96): rss_buildItems()
  #2 {main}
2024-01-17 10:36:04	/dokuwiki/feed.php(235)	E_WARNING: Undefined array key "media"
  #0 /dokuwiki/feed.php(235): dokuwiki\ErrorHandler::errorHandler()
  #1 /dokuwiki/feed.php(96): rss_buildItems()
  #2 {main}
2024-01-17 10:36:04	/dokuwiki/feed.php(305)	E_WARNING: Undefined array key "media"
  #0 /dokuwiki/feed.php(305): dokuwiki\ErrorHandler::errorHandler()
  #1 /dokuwiki/feed.php(96): rss_buildItems()
  #2 {main}
2024-01-17 10:36:04	/dokuwiki/feed.php(235)	E_WARNING: Undefined array key "media"
  #0 /dokuwiki/feed.php(235): dokuwiki\ErrorHandler::errorHandler()
  #1 /dokuwiki/feed.php(96): rss_buildItems()
  #2 {main}
2024-01-17 10:36:04	/dokuwiki/feed.php(305)	E_WARNING: Undefined array key "media"
  #0 /dokuwiki/feed.php(305): dokuwiki\ErrorHandler::errorHandler()
  #1 /dokuwiki/feed.php(96): rss_buildItems()
  #2 {main}
2024-01-17 10:36:04	/dokuwiki/feed.php(235)	E_WARNING: Undefined array key "media"
  #0 /dokuwiki/feed.php(235): dokuwiki\ErrorHandler::errorHandler()
  #1 /dokuwiki/feed.php(96): rss_buildItems()
  #2 {main}
2024-01-17 10:36:04	/dokuwiki/feed.php(305)	E_WARNING: Undefined array key "media"
  #0 /dokuwiki/feed.php(305): dokuwiki\ErrorHandler::errorHandler()
  #1 /dokuwiki/feed.php(96): rss_buildItems()
  #2 {main}
2024-01-17 10:41:55	/dokuwiki/lib/plugins/authplain/auth.php(410)	E_ERROR: Allowed memory size of 134217728 bytes exhausted (tried to allocate 4194312 bytes)
  #0 [internal function]: dokuwiki\ErrorHandler::fatalShutdown()
  #1 {main}
2024-01-17 10:46:28	/dokuwiki/lib/plugins/authplain/auth.php(410)	E_ERROR: Allowed memory size of 134217728 bytes exhausted (tried to allocate 4194312 bytes)
  #0 [internal function]: dokuwiki\ErrorHandler::fatalShutdown()
  #1 {main}
2024-01-17 10:50:31	/dokuwiki/lib/plugins/authplain/auth.php(410)	E_ERROR: Allowed memory size of 134217728 bytes exhausted (tried to allocate 4194312 bytes)
  #0 [internal function]: dokuwiki\ErrorHandler::fatalShutdown()
  #1 {main}
2024-01-17 11:11:25	/dokuwiki/lib/plugins/authplain/auth.php(410)	E_ERROR: Allowed memory size of 134217728 bytes exhausted (tried to allocate 4194312 bytes)
  #0 [internal function]: dokuwiki\ErrorHandler::fatalShutdown()
  #1 {main}
2024-01-17 11:13:52	/dokuwiki/lib/plugins/authplain/auth.php(410)	E_ERROR: Allowed memory size of 134217728 bytes exhausted (tried to allocate 4194312 bytes)
  #0 [internal function]: dokuwiki\ErrorHandler::fatalShutdown()
  #1 {main}
2024-01-17 11:29:59	/dokuwiki/lib/plugins/authplain/auth.php(410)	E_ERROR: Allowed memory size of 134217728 bytes exhausted (tried to allocate 4194312 bytes)
  #0 [internal function]: dokuwiki\ErrorHandler::fatalShutdown()
  #1 {main}
2024-01-17 11:33:15	/dokuwiki/lib/plugins/authplain/auth.php(410)	E_ERROR: Allowed memory size of 134217728 bytes exhausted (tried to allocate 4194312 bytes)
  #0 [internal function]: dokuwiki\ErrorHandler::fatalShutdown()
  #1 {main}
2024-01-17 11:37:46	/dokuwiki/lib/plugins/authplain/auth.php(410)	E_ERROR: Allowed memory size of 134217728 bytes exhausted (tried to allocate 4194312 bytes)
  #0 [internal function]: dokuwiki\ErrorHandler::fatalShutdown()
  #1 {main}
2024-01-17 11:39:56	/dokuwiki/lib/plugins/authplain/auth.php(410)	E_ERROR: Allowed memory size of 134217728 bytes exhausted (tried to allocate 4194312 bytes)
  #0 [internal function]: dokuwiki\ErrorHandler::fatalShutdown()
  #1 {main}
2024-01-17 11:43:20	/dokuwiki/lib/plugins/authplain/auth.php(410)	E_ERROR: Allowed memory size of 134217728 bytes exhausted (tried to allocate 4194312 bytes)
  #0 [internal function]: dokuwiki\ErrorHandler::fatalShutdown()
  #1 {main}
2024-01-17 11:45:47	/dokuwiki/lib/plugins/authplain/auth.php(410)	E_ERROR: Allowed memory size of 134217728 bytes exhausted (tried to allocate 4194312 bytes)
  #0 [internal function]: dokuwiki\ErrorHandler::fatalShutdown()
  #1 {main}
2024-01-17 12:06:19	/dokuwiki/lib/plugins/authplain/auth.php(410)	E_ERROR: Allowed memory size of 134217728 bytes exhausted (tried to allocate 4194312 bytes)
  #0 [internal function]: dokuwiki\ErrorHandler::fatalShutdown()
  #1 {main}
2024-01-17 12:11:35	/dokuwiki/lib/plugins/authplain/auth.php(410)	E_ERROR: Allowed memory size of 134217728 bytes exhausted (tried to allocate 4194312 bytes)
  #0 [internal function]: dokuwiki\ErrorHandler::fatalShutdown()
  #1 {main}
2024-01-17 12:22:28	/dokuwiki/lib/plugins/authplain/auth.php(410)	E_ERROR: Allowed memory size of 134217728 bytes exhausted (tried to allocate 4194312 bytes)
  #0 [internal function]: dokuwiki\ErrorHandler::fatalShutdown()
  #1 {main}
2024-01-17 12:23:48	/dokuwiki/lib/plugins/authplain/auth.php(410)	E_ERROR: Allowed memory size of 134217728 bytes exhausted (tried to allocate 4194312 bytes)
  #0 [internal function]: dokuwiki\ErrorHandler::fatalShutdown()
  #1 {main}
2024-01-17 12:35:29	/dokuwiki/lib/plugins/authplain/auth.php(410)	E_ERROR: Allowed memory size of 134217728 bytes exhausted (tried to allocate 4194312 bytes)
  #0 [internal function]: dokuwiki\ErrorHandler::fatalShutdown()
  #1 {main}
2024-01-17 12:51:38	/dokuwiki/lib/plugins/authplain/auth.php(410)	E_ERROR: Allowed memory size of 134217728 bytes exhausted (tried to allocate 4194312 bytes)
  #0 [internal function]: dokuwiki\ErrorHandler::fatalShutdown()
  #1 {main}
2024-01-17 12:56:20	/dokuwiki/lib/plugins/authplain/auth.php(410)	E_ERROR: Allowed memory size of 134217728 bytes exhausted (tried to allocate 4194312 bytes)
  #0 [internal function]: dokuwiki\ErrorHandler::fatalShutdown()
  #1 {main}
2024-01-17 13:05:48	/dokuwiki/lib/plugins/authplain/auth.php(410)	E_ERROR: Allowed memory size of 134217728 bytes exhausted (tried to allocate 4194312 bytes)
  #0 [internal function]: dokuwiki\ErrorHandler::fatalShutdown()
  #1 {main}
2024-01-17 13:12:41	/dokuwiki/lib/plugins/authplain/auth.php(410)	E_ERROR: Allowed memory size of 134217728 bytes exhausted (tried to allocate 4194312 bytes)
  #0 [internal function]: dokuwiki\ErrorHandler::fatalShutdown()
  #1 {main}
2024-01-17 13:25:38	/dokuwiki/lib/plugins/authplain/auth.php(410)	E_ERROR: Allowed memory size of 134217728 bytes exhausted (tried to allocate 4194312 bytes)
  #0 [internal function]: dokuwiki\ErrorHandler::fatalShutdown()
  #1 {main}
2024-01-17 13:32:48	/dokuwiki/lib/plugins/authplain/auth.php(410)	E_ERROR: Allowed memory size of 134217728 bytes exhausted (tried to allocate 4194312 bytes)
  #0 [internal function]: dokuwiki\ErrorHandler::fatalShutdown()
  #1 {main}
2024-01-17 13:35:08	/dokuwiki/lib/plugins/authplain/auth.php(410)	E_ERROR: Allowed memory size of 134217728 bytes exhausted (tried to allocate 4194312 bytes)
  #0 [internal function]: dokuwiki\ErrorHandler::fatalShutdown()
  #1 {main}
2024-01-17 13:38:53	/dokuwiki/lib/plugins/authplain/auth.php(410)	E_ERROR: Allowed memory size of 134217728 bytes exhausted (tried to allocate 4194312 bytes)
  #0 [internal function]: dokuwiki\ErrorHandler::fatalShutdown()
  #1 {main}
2024-01-17 13:47:30	/dokuwiki/lib/plugins/authplain/auth.php(410)	E_ERROR: Allowed memory size of 134217728 bytes exhausted (tried to allocate 4194312 bytes)
  #0 [internal function]: dokuwiki\ErrorHandler::fatalShutdown()
  #1 {main}
2024-01-17 13:51:01	/dokuwiki/lib/plugins/authplain/auth.php(410)	E_ERROR: Allowed memory size of 134217728 bytes exhausted (tried to allocate 4194312 bytes)
  #0 [internal function]: dokuwiki\ErrorHandler::fatalShutdown()
  #1 {main}
2024-01-17 13:54:41	/dokuwiki/lib/plugins/authplain/auth.php(410)	E_ERROR: Allowed memory size of 134217728 bytes exhausted (tried to allocate 4194312 bytes)
  #0 [internal function]: dokuwiki\ErrorHandler::fatalShutdown()
  #1 {main}
2024-01-17 13:57:46	/dokuwiki/lib/plugins/authplain/auth.php(410)	E_ERROR: Allowed memory size of 134217728 bytes exhausted (tried to allocate 4194312 bytes)
  #0 [internal function]: dokuwiki\ErrorHandler::fatalShutdown()
  #1 {main}
2024-01-17 14:02:34	/dokuwiki/lib/plugins/authplain/auth.php(410)	E_ERROR: Allowed memory size of 134217728 bytes exhausted (tried to allocate 4194312 bytes)
  #0 [internal function]: dokuwiki\ErrorHandler::fatalShutdown()
  #1 {main}
2024-01-17 14:17:26	/dokuwiki/lib/plugins/authplain/auth.php(410)	E_ERROR: Allowed memory size of 134217728 bytes exhausted (tried to allocate 4194312 bytes)
  #0 [internal function]: dokuwiki\ErrorHandler::fatalShutdown()
  #1 {main}
2024-01-17 14:18:58	/dokuwiki/lib/plugins/authplain/auth.php(410)	E_ERROR: Allowed memory size of 134217728 bytes exhausted (tried to allocate 4194312 bytes)
  #0 [internal function]: dokuwiki\ErrorHandler::fatalShutdown()
  #1 {main}
2024-01-17 14:30:03	/dokuwiki/lib/plugins/authplain/auth.php(410)	E_ERROR: Allowed memory size of 134217728 bytes exhausted (tried to allocate 4194312 bytes)
  #0 [internal function]: dokuwiki\ErrorHandler::fatalShutdown()
  #1 {main}
2024-01-17 14:49:36	/dokuwiki/lib/plugins/authplain/auth.php(410)	E_ERROR: Allowed memory size of 134217728 bytes exhausted (tried to allocate 4194312 bytes)
  #0 [internal function]: dokuwiki\ErrorHandler::fatalShutdown()
  #1 {main}
2024-01-17 16:07:16	/dokuwiki/lib/plugins/authplain/auth.php(410)	E_ERROR: Allowed memory size of 134217728 bytes exhausted (tried to allocate 4194312 bytes)
  #0 [internal function]: dokuwiki\ErrorHandler::fatalShutdown()
  #1 {main}
2024-01-17 16:19:08	/dokuwiki/lib/plugins/authplain/auth.php(410)	E_ERROR: Allowed memory size of 134217728 bytes exhausted (tried to allocate 4194312 bytes)
  #0 [internal function]: dokuwiki\ErrorHandler::fatalShutdown()
  #1 {main}
2024-01-17 17:39:26	/dokuwiki/lib/plugins/authplain/auth.php(410)	E_ERROR: Allowed memory size of 134217728 bytes exhausted (tried to allocate 4194312 bytes)
  #0 [internal function]: dokuwiki\ErrorHandler::fatalShutdown()
  #1 {main}
2024-01-17 18:20:26	/dokuwiki/lib/plugins/authplain/auth.php(410)	E_ERROR: Allowed memory size of 134217728 bytes exhausted (tried to allocate 4194312 bytes)
  #0 [internal function]: dokuwiki\ErrorHandler::fatalShutdown()
  #1 {main}
2024-01-17 18:20:51	/dokuwiki/lib/plugins/authplain/auth.php(410)	E_ERROR: Allowed memory size of 134217728 bytes exhausted (tried to allocate 4194312 bytes)
  #0 [internal function]: dokuwiki\ErrorHandler::fatalShutdown()
  #1 {main}
2024-01-17 19:23:21	/dokuwiki/lib/plugins/authplain/auth.php(410)	E_ERROR: Allowed memory size of 134217728 bytes exhausted (tried to allocate 4194312 bytes)
  #0 [internal function]: dokuwiki\ErrorHandler::fatalShutdown()
  #1 {main}
2024-01-17 19:30:22	/dokuwiki/lib/plugins/authplain/auth.php(410)	E_ERROR: Allowed memory size of 134217728 bytes exhausted (tried to allocate 4194312 bytes)
  #0 [internal function]: dokuwiki\ErrorHandler::fatalShutdown()
  #1 {main}
2024-01-17 19:31:51	/dokuwiki/lib/plugins/authplain/auth.php(410)	E_ERROR: Allowed memory size of 134217728 bytes exhausted (tried to allocate 4194312 bytes)
  #0 [internal function]: dokuwiki\ErrorHandler::fatalShutdown()
  #1 {main}
2024-01-17 19:41:15	/dokuwiki/lib/plugins/authplain/auth.php(410)	E_ERROR: Allowed memory size of 134217728 bytes exhausted (tried to allocate 4194312 bytes)
  #0 [internal function]: dokuwiki\ErrorHandler::fatalShutdown()
  #1 {main}
2024-01-17 19:49:05	/dokuwiki/lib/plugins/authplain/auth.php(410)	E_ERROR: Allowed memory size of 134217728 bytes exhausted (tried to allocate 4194312 bytes)
  #0 [internal function]: dokuwiki\ErrorHandler::fatalShutdown()
  #1 {main}
2024-01-17 19:52:06	/dokuwiki/lib/plugins/authplain/auth.php(410)	E_ERROR: Allowed memory size of 134217728 bytes exhausted (tried to allocate 4194312 bytes)
  #0 [internal function]: dokuwiki\ErrorHandler::fatalShutdown()
  #1 {main}
2024-01-17 20:09:57	/dokuwiki/lib/plugins/authplain/auth.php(410)	E_ERROR: Allowed memory size of 134217728 bytes exhausted (tried to allocate 4194312 bytes)
  #0 [internal function]: dokuwiki\ErrorHandler::fatalShutdown()
  #1 {main}
2024-01-17 20:15:08	/dokuwiki/lib/plugins/authplain/auth.php(410)	E_ERROR: Allowed memory size of 134217728 bytes exhausted (tried to allocate 4194312 bytes)
  #0 [internal function]: dokuwiki\ErrorHandler::fatalShutdown()
  #1 {main}
2024-01-17 20:55:11	/dokuwiki/lib/plugins/authplain/auth.php(410)	E_ERROR: Allowed memory size of 134217728 bytes exhausted (tried to allocate 4194312 bytes)
  #0 [internal function]: dokuwiki\ErrorHandler::fatalShutdown()
  #1 {main}
2024-01-17 21:44:32	/dokuwiki/lib/plugins/authplain/auth.php(410)	E_ERROR: Allowed memory size of 134217728 bytes exhausted (tried to allocate 4194312 bytes)
  #0 [internal function]: dokuwiki\ErrorHandler::fatalShutdown()
  #1 {main}
2024-01-17 21:44:37	/dokuwiki/lib/plugins/authplain/auth.php(410)	E_ERROR: Allowed memory size of 134217728 bytes exhausted (tried to allocate 4194312 bytes)
  #0 [internal function]: dokuwiki\ErrorHandler::fatalShutdown()
  #1 {main}
2024-01-17 22:08:04	/dokuwiki/lib/plugins/authplain/auth.php(410)	E_ERROR: Allowed memory size of 134217728 bytes exhausted (tried to allocate 4194312 bytes)
  #0 [internal function]: dokuwiki\ErrorHandler::fatalShutdown()
  #1 {main}
2024-01-17 22:29:58	/dokuwiki/lib/plugins/authplain/auth.php(410)	E_ERROR: Allowed memory size of 134217728 bytes exhausted (tried to allocate 4194312 bytes)
  #0 [internal function]: dokuwiki\ErrorHandler::fatalShutdown()
  #1 {main}
2024-01-17 23:04:34	/dokuwiki/lib/plugins/authplain/auth.php(410)	E_ERROR: Allowed memory size of 134217728 bytes exhausted (tried to allocate 4194312 bytes)
  #0 [internal function]: dokuwiki\ErrorHandler::fatalShutdown()
  #1 {main}
2024-01-17 23:22:13	/dokuwiki/lib/plugins/authplain/auth.php(410)	E_ERROR: Allowed memory size of 134217728 bytes exhausted (tried to allocate 4194312 bytes)
  #0 [internal function]: dokuwiki\ErrorHandler::fatalShutdown()
  #1 {main}
2024-01-17 23:32:30	/dokuwiki/lib/plugins/authplain/auth.php(410)	E_ERROR: Allowed memory size of 134217728 bytes exhausted (tried to allocate 4194312 bytes)
  #0 [internal function]: dokuwiki\ErrorHandler::fatalShutdown()
  #1 {main}
