2024-02-07 00:02:43	/dokuwiki/lib/plugins/authplain/auth.php(410)	E_ERROR: Allowed memory size of 134217728 bytes exhausted (tried to allocate 4194312 bytes)
  #0 [internal function]: dokuwiki\ErrorHandler::fatalShutdown()
  #1 {main}
2024-02-07 00:02:47	/dokuwiki/lib/plugins/authplain/auth.php(410)	E_ERROR: Allowed memory size of 134217728 bytes exhausted (tried to allocate 4194312 bytes)
  #0 [internal function]: dokuwiki\ErrorHandler::fatalShutdown()
  #1 {main}
2024-02-07 00:02:47	/dokuwiki/lib/plugins/authplain/auth.php(410)	E_ERROR: Allowed memory size of 134217728 bytes exhausted (tried to allocate 4194312 bytes)
  #0 [internal function]: dokuwiki\ErrorHandler::fatalShutdown()
  #1 {main}
2024-02-07 00:11:04	/dokuwiki/lib/plugins/authplain/auth.php(410)	E_ERROR: Allowed memory size of 134217728 bytes exhausted (tried to allocate 4194312 bytes)
  #0 [internal function]: dokuwiki\ErrorHandler::fatalShutdown()
  #1 {main}
2024-02-07 00:11:41	/dokuwiki/lib/plugins/authplain/auth.php(410)	E_ERROR: Allowed memory size of 134217728 bytes exhausted (tried to allocate 4194312 bytes)
  #0 [internal function]: dokuwiki\ErrorHandler::fatalShutdown()
  #1 {main}
2024-02-07 00:14:41	/dokuwiki/lib/plugins/authplain/auth.php(410)	E_ERROR: Allowed memory size of 134217728 bytes exhausted (tried to allocate 4194312 bytes)
  #0 [internal function]: dokuwiki\ErrorHandler::fatalShutdown()
  #1 {main}
2024-02-07 00:16:43	/dokuwiki/lib/plugins/authplain/auth.php(410)	E_ERROR: Allowed memory size of 134217728 bytes exhausted (tried to allocate 4194312 bytes)
  #0 [internal function]: dokuwiki\ErrorHandler::fatalShutdown()
  #1 {main}
2024-02-07 00:29:03	/dokuwiki/lib/plugins/authplain/auth.php(410)	E_ERROR: Allowed memory size of 134217728 bytes exhausted (tried to allocate 4194312 bytes)
  #0 [internal function]: dokuwiki\ErrorHandler::fatalShutdown()
  #1 {main}
2024-02-07 00:29:04	/dokuwiki/lib/plugins/authplain/auth.php(410)	E_ERROR: Allowed memory size of 134217728 bytes exhausted (tried to allocate 4194312 bytes)
  #0 [internal function]: dokuwiki\ErrorHandler::fatalShutdown()
  #1 {main}
2024-02-07 00:35:20	/dokuwiki/lib/plugins/authplain/auth.php(410)	E_ERROR: Allowed memory size of 134217728 bytes exhausted (tried to allocate 4194312 bytes)
  #0 [internal function]: dokuwiki\ErrorHandler::fatalShutdown()
  #1 {main}
2024-02-07 00:37:10	/dokuwiki/lib/plugins/authplain/auth.php(410)	E_ERROR: Allowed memory size of 134217728 bytes exhausted (tried to allocate 4194312 bytes)
  #0 [internal function]: dokuwiki\ErrorHandler::fatalShutdown()
  #1 {main}
2024-02-07 00:39:10	/dokuwiki/lib/plugins/authplain/auth.php(410)	E_ERROR: Allowed memory size of 134217728 bytes exhausted (tried to allocate 4194312 bytes)
  #0 [internal function]: dokuwiki\ErrorHandler::fatalShutdown()
  #1 {main}
2024-02-07 00:39:10	/dokuwiki/lib/plugins/authplain/auth.php(410)	E_ERROR: Allowed memory size of 134217728 bytes exhausted (tried to allocate 4194312 bytes)
  #0 [internal function]: dokuwiki\ErrorHandler::fatalShutdown()
  #1 {main}
2024-02-07 00:47:16	/dokuwiki/lib/plugins/authplain/auth.php(410)	E_ERROR: Allowed memory size of 134217728 bytes exhausted (tried to allocate 4194312 bytes)
  #0 [internal function]: dokuwiki\ErrorHandler::fatalShutdown()
  #1 {main}
2024-02-07 00:47:48	/dokuwiki/lib/plugins/authplain/auth.php(410)	E_ERROR: Allowed memory size of 134217728 bytes exhausted (tried to allocate 4194312 bytes)
  #0 [internal function]: dokuwiki\ErrorHandler::fatalShutdown()
  #1 {main}
2024-02-07 00:53:00	/dokuwiki/lib/plugins/authplain/auth.php(410)	E_ERROR: Allowed memory size of 134217728 bytes exhausted (tried to allocate 4194312 bytes)
  #0 [internal function]: dokuwiki\ErrorHandler::fatalShutdown()
  #1 {main}
2024-02-07 00:58:46	/dokuwiki/lib/plugins/authplain/auth.php(410)	E_ERROR: Allowed memory size of 134217728 bytes exhausted (tried to allocate 4194312 bytes)
  #0 [internal function]: dokuwiki\ErrorHandler::fatalShutdown()
  #1 {main}
2024-02-07 01:05:52	/dokuwiki/lib/plugins/authplain/auth.php(410)	E_ERROR: Allowed memory size of 134217728 bytes exhausted (tried to allocate 4194312 bytes)
  #0 [internal function]: dokuwiki\ErrorHandler::fatalShutdown()
  #1 {main}
2024-02-07 01:07:10	/dokuwiki/lib/plugins/authplain/auth.php(410)	E_ERROR: Allowed memory size of 134217728 bytes exhausted (tried to allocate 4194312 bytes)
  #0 [internal function]: dokuwiki\ErrorHandler::fatalShutdown()
  #1 {main}
2024-02-07 01:07:18	/dokuwiki/lib/plugins/authplain/auth.php(410)	E_ERROR: Allowed memory size of 134217728 bytes exhausted (tried to allocate 2097160 bytes)
  #0 [internal function]: dokuwiki\ErrorHandler::fatalShutdown()
  #1 {main}
2024-02-07 01:13:16	/dokuwiki/lib/plugins/authplain/auth.php(410)	E_ERROR: Allowed memory size of 134217728 bytes exhausted (tried to allocate 4194312 bytes)
  #0 [internal function]: dokuwiki\ErrorHandler::fatalShutdown()
  #1 {main}
2024-02-07 01:16:52	/dokuwiki/lib/plugins/authplain/auth.php(410)	E_ERROR: Allowed memory size of 134217728 bytes exhausted (tried to allocate 4194312 bytes)
  #0 [internal function]: dokuwiki\ErrorHandler::fatalShutdown()
  #1 {main}
2024-02-07 01:27:20	/dokuwiki/lib/plugins/authplain/auth.php(410)	E_ERROR: Allowed memory size of 134217728 bytes exhausted (tried to allocate 4194312 bytes)
  #0 [internal function]: dokuwiki\ErrorHandler::fatalShutdown()
  #1 {main}
2024-02-07 01:29:28	/dokuwiki/lib/plugins/authplain/auth.php(410)	E_ERROR: Allowed memory size of 134217728 bytes exhausted (tried to allocate 4194312 bytes)
  #0 [internal function]: dokuwiki\ErrorHandler::fatalShutdown()
  #1 {main}
2024-02-07 01:32:48	/dokuwiki/lib/plugins/authplain/auth.php(410)	E_ERROR: Allowed memory size of 134217728 bytes exhausted (tried to allocate 4194312 bytes)
  #0 [internal function]: dokuwiki\ErrorHandler::fatalShutdown()
  #1 {main}
2024-02-07 01:32:56	/dokuwiki/lib/plugins/authplain/auth.php(410)	E_ERROR: Allowed memory size of 134217728 bytes exhausted (tried to allocate 4194312 bytes)
  #0 [internal function]: dokuwiki\ErrorHandler::fatalShutdown()
  #1 {main}
2024-02-07 01:33:30	/dokuwiki/lib/plugins/authplain/auth.php(410)	E_ERROR: Allowed memory size of 134217728 bytes exhausted (tried to allocate 4194312 bytes)
  #0 [internal function]: dokuwiki\ErrorHandler::fatalShutdown()
  #1 {main}
2024-02-07 01:34:50	/dokuwiki/lib/plugins/authplain/auth.php(410)	E_ERROR: Allowed memory size of 134217728 bytes exhausted (tried to allocate 4194312 bytes)
  #0 [internal function]: dokuwiki\ErrorHandler::fatalShutdown()
  #1 {main}
2024-02-07 01:34:52	/dokuwiki/lib/plugins/authplain/auth.php(410)	E_ERROR: Allowed memory size of 134217728 bytes exhausted (tried to allocate 4194312 bytes)
  #0 [internal function]: dokuwiki\ErrorHandler::fatalShutdown()
  #1 {main}
2024-02-07 01:35:16	/dokuwiki/lib/plugins/authplain/auth.php(410)	E_ERROR: Allowed memory size of 134217728 bytes exhausted (tried to allocate 4194312 bytes)
  #0 [internal function]: dokuwiki\ErrorHandler::fatalShutdown()
  #1 {main}
2024-02-07 01:43:37	/dokuwiki/lib/plugins/authplain/auth.php(410)	E_ERROR: Allowed memory size of 134217728 bytes exhausted (tried to allocate 4194312 bytes)
  #0 [internal function]: dokuwiki\ErrorHandler::fatalShutdown()
  #1 {main}
2024-02-07 01:52:49	/dokuwiki/lib/plugins/authplain/auth.php(410)	E_ERROR: Allowed memory size of 134217728 bytes exhausted (tried to allocate 2097160 bytes)
  #0 [internal function]: dokuwiki\ErrorHandler::fatalShutdown()
  #1 {main}
2024-02-07 02:03:54	/dokuwiki/lib/plugins/authplain/auth.php(410)	E_ERROR: Allowed memory size of 134217728 bytes exhausted (tried to allocate 2097160 bytes)
  #0 [internal function]: dokuwiki\ErrorHandler::fatalShutdown()
  #1 {main}
2024-02-07 02:05:28	/dokuwiki/lib/plugins/authplain/auth.php(410)	E_ERROR: Allowed memory size of 134217728 bytes exhausted (tried to allocate 4194312 bytes)
  #0 [internal function]: dokuwiki\ErrorHandler::fatalShutdown()
  #1 {main}
2024-02-07 02:08:35	/dokuwiki/lib/plugins/authplain/auth.php(410)	E_ERROR: Allowed memory size of 134217728 bytes exhausted (tried to allocate 2097160 bytes)
  #0 [internal function]: dokuwiki\ErrorHandler::fatalShutdown()
  #1 {main}
2024-02-07 02:09:51	/dokuwiki/lib/plugins/authplain/auth.php(410)	E_ERROR: Allowed memory size of 134217728 bytes exhausted (tried to allocate 4194312 bytes)
  #0 [internal function]: dokuwiki\ErrorHandler::fatalShutdown()
  #1 {main}
2024-02-07 02:14:04	/dokuwiki/lib/plugins/authplain/auth.php(410)	E_ERROR: Allowed memory size of 134217728 bytes exhausted (tried to allocate 4194312 bytes)
  #0 [internal function]: dokuwiki\ErrorHandler::fatalShutdown()
  #1 {main}
2024-02-07 02:14:08	/dokuwiki/lib/plugins/authplain/auth.php(410)	E_ERROR: Allowed memory size of 134217728 bytes exhausted (tried to allocate 4194312 bytes)
  #0 [internal function]: dokuwiki\ErrorHandler::fatalShutdown()
  #1 {main}
2024-02-07 02:14:25	/dokuwiki/lib/plugins/authplain/auth.php(438)	E_ERROR: Allowed memory size of 134217728 bytes exhausted (tried to allocate 20480 bytes)
  #0 [internal function]: dokuwiki\ErrorHandler::fatalShutdown()
  #1 {main}
2024-02-07 02:18:25	/dokuwiki/lib/plugins/authplain/auth.php(410)	E_ERROR: Allowed memory size of 134217728 bytes exhausted (tried to allocate 4194312 bytes)
  #0 [internal function]: dokuwiki\ErrorHandler::fatalShutdown()
  #1 {main}
2024-02-07 02:22:53	/dokuwiki/lib/plugins/authplain/auth.php(410)	E_ERROR: Allowed memory size of 134217728 bytes exhausted (tried to allocate 4194312 bytes)
  #0 [internal function]: dokuwiki\ErrorHandler::fatalShutdown()
  #1 {main}
2024-02-07 02:27:19	/dokuwiki/lib/plugins/authplain/auth.php(410)	E_ERROR: Allowed memory size of 134217728 bytes exhausted (tried to allocate 4194312 bytes)
  #0 [internal function]: dokuwiki\ErrorHandler::fatalShutdown()
  #1 {main}
2024-02-07 02:31:49	/dokuwiki/lib/plugins/authplain/auth.php(410)	E_ERROR: Allowed memory size of 134217728 bytes exhausted (tried to allocate 4194312 bytes)
  #0 [internal function]: dokuwiki\ErrorHandler::fatalShutdown()
  #1 {main}
2024-02-07 02:34:08	/dokuwiki/lib/plugins/authplain/auth.php(410)	E_ERROR: Allowed memory size of 134217728 bytes exhausted (tried to allocate 4194312 bytes)
  #0 [internal function]: dokuwiki\ErrorHandler::fatalShutdown()
  #1 {main}
2024-02-07 02:35:01	/dokuwiki/lib/plugins/authplain/auth.php(410)	E_ERROR: Allowed memory size of 134217728 bytes exhausted (tried to allocate 4194312 bytes)
  #0 [internal function]: dokuwiki\ErrorHandler::fatalShutdown()
  #1 {main}
2024-02-07 02:37:28	/dokuwiki/lib/plugins/authplain/auth.php(410)	E_ERROR: Allowed memory size of 134217728 bytes exhausted (tried to allocate 4194312 bytes)
  #0 [internal function]: dokuwiki\ErrorHandler::fatalShutdown()
  #1 {main}
2024-02-07 02:39:18	/dokuwiki/lib/plugins/authplain/auth.php(410)	E_ERROR: Allowed memory size of 134217728 bytes exhausted (tried to allocate 4194312 bytes)
  #0 [internal function]: dokuwiki\ErrorHandler::fatalShutdown()
  #1 {main}
2024-02-07 02:40:50	/dokuwiki/lib/plugins/authplain/auth.php(410)	E_ERROR: Allowed memory size of 134217728 bytes exhausted (tried to allocate 4194312 bytes)
  #0 [internal function]: dokuwiki\ErrorHandler::fatalShutdown()
  #1 {main}
2024-02-07 02:56:36	/dokuwiki/lib/plugins/authplain/auth.php(410)	E_ERROR: Allowed memory size of 134217728 bytes exhausted (tried to allocate 4194312 bytes)
  #0 [internal function]: dokuwiki\ErrorHandler::fatalShutdown()
  #1 {main}
2024-02-07 02:58:57	/dokuwiki/lib/plugins/authplain/auth.php(410)	E_ERROR: Allowed memory size of 134217728 bytes exhausted (tried to allocate 4194312 bytes)
  #0 [internal function]: dokuwiki\ErrorHandler::fatalShutdown()
  #1 {main}
2024-02-07 03:09:16	/dokuwiki/lib/plugins/authplain/auth.php(410)	E_ERROR: Allowed memory size of 134217728 bytes exhausted (tried to allocate 4194312 bytes)
  #0 [internal function]: dokuwiki\ErrorHandler::fatalShutdown()
  #1 {main}
2024-02-07 03:09:21	/dokuwiki/lib/plugins/authplain/auth.php(410)	E_ERROR: Allowed memory size of 134217728 bytes exhausted (tried to allocate 4194312 bytes)
  #0 [internal function]: dokuwiki\ErrorHandler::fatalShutdown()
  #1 {main}
2024-02-07 03:15:01	/dokuwiki/lib/plugins/authplain/auth.php(410)	E_ERROR: Allowed memory size of 134217728 bytes exhausted (tried to allocate 4194312 bytes)
  #0 [internal function]: dokuwiki\ErrorHandler::fatalShutdown()
  #1 {main}
2024-02-07 03:15:13	/dokuwiki/lib/plugins/authplain/auth.php(410)	E_ERROR: Allowed memory size of 134217728 bytes exhausted (tried to allocate 4194312 bytes)
  #0 [internal function]: dokuwiki\ErrorHandler::fatalShutdown()
  #1 {main}
2024-02-07 03:19:11	/dokuwiki/lib/plugins/authplain/auth.php(410)	E_ERROR: Allowed memory size of 134217728 bytes exhausted (tried to allocate 4194312 bytes)
  #0 [internal function]: dokuwiki\ErrorHandler::fatalShutdown()
  #1 {main}
2024-02-07 03:27:45	/dokuwiki/lib/plugins/authplain/auth.php(410)	E_ERROR: Allowed memory size of 134217728 bytes exhausted (tried to allocate 4194312 bytes)
  #0 [internal function]: dokuwiki\ErrorHandler::fatalShutdown()
  #1 {main}
2024-02-07 03:28:02	/dokuwiki/lib/plugins/authplain/auth.php(410)	E_ERROR: Allowed memory size of 134217728 bytes exhausted (tried to allocate 4194312 bytes)
  #0 [internal function]: dokuwiki\ErrorHandler::fatalShutdown()
  #1 {main}
2024-02-07 03:32:38	/dokuwiki/lib/plugins/authplain/auth.php(410)	E_ERROR: Allowed memory size of 134217728 bytes exhausted (tried to allocate 4194312 bytes)
  #0 [internal function]: dokuwiki\ErrorHandler::fatalShutdown()
  #1 {main}
2024-02-07 03:32:43	/dokuwiki/lib/plugins/authplain/auth.php(410)	E_ERROR: Allowed memory size of 134217728 bytes exhausted (tried to allocate 4194312 bytes)
  #0 [internal function]: dokuwiki\ErrorHandler::fatalShutdown()
  #1 {main}
2024-02-07 03:39:59	/dokuwiki/lib/plugins/authplain/auth.php(410)	E_ERROR: Allowed memory size of 134217728 bytes exhausted (tried to allocate 4194312 bytes)
  #0 [internal function]: dokuwiki\ErrorHandler::fatalShutdown()
  #1 {main}
2024-02-07 03:42:32	/dokuwiki/lib/plugins/authplain/auth.php(410)	E_ERROR: Allowed memory size of 134217728 bytes exhausted (tried to allocate 4194312 bytes)
  #0 [internal function]: dokuwiki\ErrorHandler::fatalShutdown()
  #1 {main}
2024-02-07 03:50:36	/dokuwiki/lib/plugins/authplain/auth.php(410)	E_ERROR: Allowed memory size of 134217728 bytes exhausted (tried to allocate 4194312 bytes)
  #0 [internal function]: dokuwiki\ErrorHandler::fatalShutdown()
  #1 {main}
2024-02-07 03:51:30	/dokuwiki/lib/plugins/authplain/auth.php(410)	E_ERROR: Allowed memory size of 134217728 bytes exhausted (tried to allocate 4194312 bytes)
  #0 [internal function]: dokuwiki\ErrorHandler::fatalShutdown()
  #1 {main}
2024-02-07 04:00:27	/dokuwiki/lib/plugins/authplain/auth.php(410)	E_ERROR: Allowed memory size of 134217728 bytes exhausted (tried to allocate 4194312 bytes)
  #0 [internal function]: dokuwiki\ErrorHandler::fatalShutdown()
  #1 {main}
2024-02-07 04:01:21	/dokuwiki/lib/plugins/authplain/auth.php(410)	E_ERROR: Allowed memory size of 134217728 bytes exhausted (tried to allocate 4194312 bytes)
  #0 [internal function]: dokuwiki\ErrorHandler::fatalShutdown()
  #1 {main}
2024-02-07 04:02:46	/dokuwiki/lib/plugins/authplain/auth.php(410)	E_ERROR: Allowed memory size of 134217728 bytes exhausted (tried to allocate 4194312 bytes)
  #0 [internal function]: dokuwiki\ErrorHandler::fatalShutdown()
  #1 {main}
2024-02-07 04:11:55	/dokuwiki/lib/plugins/authplain/auth.php(410)	E_ERROR: Allowed memory size of 134217728 bytes exhausted (tried to allocate 4194312 bytes)
  #0 [internal function]: dokuwiki\ErrorHandler::fatalShutdown()
  #1 {main}
2024-02-07 04:14:18	/dokuwiki/lib/plugins/authplain/auth.php(410)	E_ERROR: Allowed memory size of 134217728 bytes exhausted (tried to allocate 4194312 bytes)
  #0 [internal function]: dokuwiki\ErrorHandler::fatalShutdown()
  #1 {main}
2024-02-07 04:14:23	/dokuwiki/lib/plugins/authplain/auth.php(410)	E_ERROR: Allowed memory size of 134217728 bytes exhausted (tried to allocate 2097160 bytes)
  #0 [internal function]: dokuwiki\ErrorHandler::fatalShutdown()
  #1 {main}
2024-02-07 04:16:56	/dokuwiki/lib/plugins/authplain/auth.php(410)	E_ERROR: Allowed memory size of 134217728 bytes exhausted (tried to allocate 4194312 bytes)
  #0 [internal function]: dokuwiki\ErrorHandler::fatalShutdown()
  #1 {main}
2024-02-07 04:18:57	/dokuwiki/lib/plugins/authplain/auth.php(410)	E_ERROR: Allowed memory size of 134217728 bytes exhausted (tried to allocate 4194312 bytes)
  #0 [internal function]: dokuwiki\ErrorHandler::fatalShutdown()
  #1 {main}
2024-02-07 04:24:40	/dokuwiki/lib/plugins/authplain/auth.php(410)	E_ERROR: Allowed memory size of 134217728 bytes exhausted (tried to allocate 4194312 bytes)
  #0 [internal function]: dokuwiki\ErrorHandler::fatalShutdown()
  #1 {main}
2024-02-07 04:26:37	/dokuwiki/lib/plugins/authplain/auth.php(410)	E_ERROR: Allowed memory size of 134217728 bytes exhausted (tried to allocate 4194312 bytes)
  #0 [internal function]: dokuwiki\ErrorHandler::fatalShutdown()
  #1 {main}
2024-02-07 04:38:51	/dokuwiki/lib/plugins/authplain/auth.php(410)	E_ERROR: Allowed memory size of 134217728 bytes exhausted (tried to allocate 4194312 bytes)
  #0 [internal function]: dokuwiki\ErrorHandler::fatalShutdown()
  #1 {main}
2024-02-07 04:45:47	/dokuwiki/lib/plugins/authplain/auth.php(410)	E_ERROR: Allowed memory size of 134217728 bytes exhausted (tried to allocate 4194312 bytes)
  #0 [internal function]: dokuwiki\ErrorHandler::fatalShutdown()
  #1 {main}
2024-02-07 04:45:51	/dokuwiki/lib/plugins/authplain/auth.php(410)	E_ERROR: Allowed memory size of 134217728 bytes exhausted (tried to allocate 4194312 bytes)
  #0 [internal function]: dokuwiki\ErrorHandler::fatalShutdown()
  #1 {main}
2024-02-07 04:46:47	/dokuwiki/lib/plugins/authplain/auth.php(410)	E_ERROR: Allowed memory size of 134217728 bytes exhausted (tried to allocate 4194312 bytes)
  #0 [internal function]: dokuwiki\ErrorHandler::fatalShutdown()
  #1 {main}
2024-02-07 04:48:07	/dokuwiki/lib/plugins/authplain/auth.php(410)	E_ERROR: Allowed memory size of 134217728 bytes exhausted (tried to allocate 4194312 bytes)
  #0 [internal function]: dokuwiki\ErrorHandler::fatalShutdown()
  #1 {main}
2024-02-07 04:48:09	/dokuwiki/lib/plugins/authplain/auth.php(410)	E_ERROR: Allowed memory size of 134217728 bytes exhausted (tried to allocate 4194312 bytes)
  #0 [internal function]: dokuwiki\ErrorHandler::fatalShutdown()
  #1 {main}
2024-02-07 04:53:11	/dokuwiki/lib/plugins/authplain/auth.php(420)	E_ERROR: Allowed memory size of 134217728 bytes exhausted (tried to allocate 20480 bytes)
  #0 [internal function]: dokuwiki\ErrorHandler::fatalShutdown()
  #1 {main}
2024-02-07 04:53:12	/dokuwiki/feed.php(235)	E_WARNING: Undefined array key "media"
  #0 /dokuwiki/feed.php(235): dokuwiki\ErrorHandler::errorHandler()
  #1 /dokuwiki/feed.php(96): rss_buildItems()
  #2 {main}
2024-02-07 04:53:12	/dokuwiki/feed.php(305)	E_WARNING: Undefined array key "media"
  #0 /dokuwiki/feed.php(305): dokuwiki\ErrorHandler::errorHandler()
  #1 /dokuwiki/feed.php(96): rss_buildItems()
  #2 {main}
2024-02-07 04:53:12	/dokuwiki/feed.php(235)	E_WARNING: Undefined array key "media"
  #0 /dokuwiki/feed.php(235): dokuwiki\ErrorHandler::errorHandler()
  #1 /dokuwiki/feed.php(96): rss_buildItems()
  #2 {main}
2024-02-07 04:53:12	/dokuwiki/feed.php(305)	E_WARNING: Undefined array key "media"
  #0 /dokuwiki/feed.php(305): dokuwiki\ErrorHandler::errorHandler()
  #1 /dokuwiki/feed.php(96): rss_buildItems()
  #2 {main}
2024-02-07 04:53:12	/dokuwiki/feed.php(235)	E_WARNING: Undefined array key "media"
  #0 /dokuwiki/feed.php(235): dokuwiki\ErrorHandler::errorHandler()
  #1 /dokuwiki/feed.php(96): rss_buildItems()
  #2 {main}
2024-02-07 04:53:12	/dokuwiki/feed.php(305)	E_WARNING: Undefined array key "media"
  #0 /dokuwiki/feed.php(305): dokuwiki\ErrorHandler::errorHandler()
  #1 /dokuwiki/feed.php(96): rss_buildItems()
  #2 {main}
2024-02-07 04:53:12	/dokuwiki/feed.php(235)	E_WARNING: Undefined array key "media"
  #0 /dokuwiki/feed.php(235): dokuwiki\ErrorHandler::errorHandler()
  #1 /dokuwiki/feed.php(96): rss_buildItems()
  #2 {main}
2024-02-07 04:53:12	/dokuwiki/feed.php(305)	E_WARNING: Undefined array key "media"
  #0 /dokuwiki/feed.php(305): dokuwiki\ErrorHandler::errorHandler()
  #1 /dokuwiki/feed.php(96): rss_buildItems()
  #2 {main}
2024-02-07 04:53:12	/dokuwiki/feed.php(235)	E_WARNING: Undefined array key "media"
  #0 /dokuwiki/feed.php(235): dokuwiki\ErrorHandler::errorHandler()
  #1 /dokuwiki/feed.php(96): rss_buildItems()
  #2 {main}
2024-02-07 04:53:12	/dokuwiki/feed.php(305)	E_WARNING: Undefined array key "media"
  #0 /dokuwiki/feed.php(305): dokuwiki\ErrorHandler::errorHandler()
  #1 /dokuwiki/feed.php(96): rss_buildItems()
  #2 {main}
2024-02-07 04:53:12	/dokuwiki/feed.php(235)	E_WARNING: Undefined array key "media"
  #0 /dokuwiki/feed.php(235): dokuwiki\ErrorHandler::errorHandler()
  #1 /dokuwiki/feed.php(96): rss_buildItems()
  #2 {main}
2024-02-07 04:53:12	/dokuwiki/feed.php(305)	E_WARNING: Undefined array key "media"
  #0 /dokuwiki/feed.php(305): dokuwiki\ErrorHandler::errorHandler()
  #1 /dokuwiki/feed.php(96): rss_buildItems()
  #2 {main}
2024-02-07 04:53:24	/dokuwiki/feed.php(235)	E_WARNING: Undefined array key "media"
  #0 /dokuwiki/feed.php(235): dokuwiki\ErrorHandler::errorHandler()
  #1 /dokuwiki/feed.php(96): rss_buildItems()
  #2 {main}
2024-02-07 04:53:24	/dokuwiki/feed.php(305)	E_WARNING: Undefined array key "media"
  #0 /dokuwiki/feed.php(305): dokuwiki\ErrorHandler::errorHandler()
  #1 /dokuwiki/feed.php(96): rss_buildItems()
  #2 {main}
2024-02-07 04:53:24	/dokuwiki/feed.php(235)	E_WARNING: Undefined array key "media"
  #0 /dokuwiki/feed.php(235): dokuwiki\ErrorHandler::errorHandler()
  #1 /dokuwiki/feed.php(96): rss_buildItems()
  #2 {main}
2024-02-07 04:53:24	/dokuwiki/feed.php(305)	E_WARNING: Undefined array key "media"
  #0 /dokuwiki/feed.php(305): dokuwiki\ErrorHandler::errorHandler()
  #1 /dokuwiki/feed.php(96): rss_buildItems()
  #2 {main}
2024-02-07 04:53:24	/dokuwiki/feed.php(235)	E_WARNING: Undefined array key "media"
  #0 /dokuwiki/feed.php(235): dokuwiki\ErrorHandler::errorHandler()
  #1 /dokuwiki/feed.php(96): rss_buildItems()
  #2 {main}
2024-02-07 04:53:24	/dokuwiki/feed.php(305)	E_WARNING: Undefined array key "media"
  #0 /dokuwiki/feed.php(305): dokuwiki\ErrorHandler::errorHandler()
  #1 /dokuwiki/feed.php(96): rss_buildItems()
  #2 {main}
2024-02-07 04:53:24	/dokuwiki/feed.php(235)	E_WARNING: Undefined array key "media"
  #0 /dokuwiki/feed.php(235): dokuwiki\ErrorHandler::errorHandler()
  #1 /dokuwiki/feed.php(96): rss_buildItems()
  #2 {main}
2024-02-07 04:53:24	/dokuwiki/feed.php(305)	E_WARNING: Undefined array key "media"
  #0 /dokuwiki/feed.php(305): dokuwiki\ErrorHandler::errorHandler()
  #1 /dokuwiki/feed.php(96): rss_buildItems()
  #2 {main}
2024-02-07 04:53:24	/dokuwiki/feed.php(235)	E_WARNING: Undefined array key "media"
  #0 /dokuwiki/feed.php(235): dokuwiki\ErrorHandler::errorHandler()
  #1 /dokuwiki/feed.php(96): rss_buildItems()
  #2 {main}
2024-02-07 04:53:24	/dokuwiki/feed.php(305)	E_WARNING: Undefined array key "media"
  #0 /dokuwiki/feed.php(305): dokuwiki\ErrorHandler::errorHandler()
  #1 /dokuwiki/feed.php(96): rss_buildItems()
  #2 {main}
2024-02-07 04:53:24	/dokuwiki/feed.php(235)	E_WARNING: Undefined array key "media"
  #0 /dokuwiki/feed.php(235): dokuwiki\ErrorHandler::errorHandler()
  #1 /dokuwiki/feed.php(96): rss_buildItems()
  #2 {main}
2024-02-07 04:53:24	/dokuwiki/feed.php(305)	E_WARNING: Undefined array key "media"
  #0 /dokuwiki/feed.php(305): dokuwiki\ErrorHandler::errorHandler()
  #1 /dokuwiki/feed.php(96): rss_buildItems()
  #2 {main}
2024-02-07 04:53:24	/dokuwiki/feed.php(235)	E_WARNING: Undefined array key "media"
  #0 /dokuwiki/feed.php(235): dokuwiki\ErrorHandler::errorHandler()
  #1 /dokuwiki/feed.php(96): rss_buildItems()
  #2 {main}
2024-02-07 04:53:24	/dokuwiki/feed.php(305)	E_WARNING: Undefined array key "media"
  #0 /dokuwiki/feed.php(305): dokuwiki\ErrorHandler::errorHandler()
  #1 /dokuwiki/feed.php(96): rss_buildItems()
  #2 {main}
2024-02-07 04:53:24	/dokuwiki/feed.php(235)	E_WARNING: Undefined array key "media"
  #0 /dokuwiki/feed.php(235): dokuwiki\ErrorHandler::errorHandler()
  #1 /dokuwiki/feed.php(96): rss_buildItems()
  #2 {main}
2024-02-07 04:53:24	/dokuwiki/feed.php(305)	E_WARNING: Undefined array key "media"
  #0 /dokuwiki/feed.php(305): dokuwiki\ErrorHandler::errorHandler()
  #1 /dokuwiki/feed.php(96): rss_buildItems()
  #2 {main}
2024-02-07 04:57:45	/dokuwiki/lib/plugins/authplain/auth.php(410)	E_ERROR: Allowed memory size of 134217728 bytes exhausted (tried to allocate 4194312 bytes)
  #0 [internal function]: dokuwiki\ErrorHandler::fatalShutdown()
  #1 {main}
2024-02-07 05:05:43	/dokuwiki/lib/plugins/authplain/auth.php(410)	E_ERROR: Allowed memory size of 134217728 bytes exhausted (tried to allocate 4194312 bytes)
  #0 [internal function]: dokuwiki\ErrorHandler::fatalShutdown()
  #1 {main}
2024-02-07 05:16:29	/dokuwiki/lib/plugins/authplain/auth.php(410)	E_ERROR: Allowed memory size of 134217728 bytes exhausted (tried to allocate 4194312 bytes)
  #0 [internal function]: dokuwiki\ErrorHandler::fatalShutdown()
  #1 {main}
2024-02-07 05:26:40	/dokuwiki/lib/plugins/authplain/auth.php(410)	E_ERROR: Allowed memory size of 134217728 bytes exhausted (tried to allocate 4194312 bytes)
  #0 [internal function]: dokuwiki\ErrorHandler::fatalShutdown()
  #1 {main}
2024-02-07 05:29:36	/dokuwiki/lib/plugins/authplain/auth.php(410)	E_ERROR: Allowed memory size of 134217728 bytes exhausted (tried to allocate 4194312 bytes)
  #0 [internal function]: dokuwiki\ErrorHandler::fatalShutdown()
  #1 {main}
2024-02-07 05:35:20	/dokuwiki/lib/plugins/authplain/auth.php(410)	E_ERROR: Allowed memory size of 134217728 bytes exhausted (tried to allocate 4194312 bytes)
  #0 [internal function]: dokuwiki\ErrorHandler::fatalShutdown()
  #1 {main}
2024-02-07 05:40:17	/dokuwiki/lib/plugins/authplain/auth.php(410)	E_ERROR: Allowed memory size of 134217728 bytes exhausted (tried to allocate 4194312 bytes)
  #0 [internal function]: dokuwiki\ErrorHandler::fatalShutdown()
  #1 {main}
2024-02-07 05:40:17	/dokuwiki/lib/plugins/authplain/auth.php(410)	E_ERROR: Allowed memory size of 134217728 bytes exhausted (tried to allocate 4194312 bytes)
  #0 [internal function]: dokuwiki\ErrorHandler::fatalShutdown()
  #1 {main}
2024-02-07 05:45:32	/dokuwiki/lib/plugins/authplain/auth.php(410)	E_ERROR: Allowed memory size of 134217728 bytes exhausted (tried to allocate 4194312 bytes)
  #0 [internal function]: dokuwiki\ErrorHandler::fatalShutdown()
  #1 {main}
2024-02-07 05:47:05	/dokuwiki/lib/plugins/authplain/auth.php(410)	E_ERROR: Allowed memory size of 134217728 bytes exhausted (tried to allocate 4194312 bytes)
  #0 [internal function]: dokuwiki\ErrorHandler::fatalShutdown()
  #1 {main}
2024-02-07 05:51:31	/dokuwiki/lib/plugins/authplain/auth.php(410)	E_ERROR: Allowed memory size of 134217728 bytes exhausted (tried to allocate 4194312 bytes)
  #0 [internal function]: dokuwiki\ErrorHandler::fatalShutdown()
  #1 {main}
2024-02-07 05:52:32	/dokuwiki/lib/plugins/authplain/auth.php(410)	E_ERROR: Allowed memory size of 134217728 bytes exhausted (tried to allocate 4194312 bytes)
  #0 [internal function]: dokuwiki\ErrorHandler::fatalShutdown()
  #1 {main}
2024-02-07 05:54:58	/dokuwiki/lib/plugins/authplain/auth.php(410)	E_ERROR: Allowed memory size of 134217728 bytes exhausted (tried to allocate 4194312 bytes)
  #0 [internal function]: dokuwiki\ErrorHandler::fatalShutdown()
  #1 {main}
2024-02-07 05:56:45	/dokuwiki/lib/plugins/authplain/auth.php(410)	E_ERROR: Allowed memory size of 134217728 bytes exhausted (tried to allocate 4194312 bytes)
  #0 [internal function]: dokuwiki\ErrorHandler::fatalShutdown()
  #1 {main}
2024-02-07 05:57:33	/dokuwiki/lib/plugins/authplain/auth.php(410)	E_ERROR: Allowed memory size of 134217728 bytes exhausted (tried to allocate 4194312 bytes)
  #0 [internal function]: dokuwiki\ErrorHandler::fatalShutdown()
  #1 {main}
2024-02-07 06:01:04	/dokuwiki/lib/plugins/authplain/auth.php(410)	E_ERROR: Allowed memory size of 134217728 bytes exhausted (tried to allocate 4194312 bytes)
  #0 [internal function]: dokuwiki\ErrorHandler::fatalShutdown()
  #1 {main}
2024-02-07 06:08:04	/dokuwiki/lib/plugins/authplain/auth.php(410)	E_ERROR: Allowed memory size of 134217728 bytes exhausted (tried to allocate 4194312 bytes)
  #0 [internal function]: dokuwiki\ErrorHandler::fatalShutdown()
  #1 {main}
2024-02-07 06:09:24	/dokuwiki/lib/plugins/authplain/auth.php(410)	E_ERROR: Allowed memory size of 134217728 bytes exhausted (tried to allocate 4194312 bytes)
  #0 [internal function]: dokuwiki\ErrorHandler::fatalShutdown()
  #1 {main}
2024-02-07 06:17:19	/dokuwiki/lib/plugins/authplain/auth.php(410)	E_ERROR: Allowed memory size of 134217728 bytes exhausted (tried to allocate 4194312 bytes)
  #0 [internal function]: dokuwiki\ErrorHandler::fatalShutdown()
  #1 {main}
2024-02-07 06:17:20	/dokuwiki/lib/plugins/authplain/auth.php(410)	E_ERROR: Allowed memory size of 134217728 bytes exhausted (tried to allocate 4194312 bytes)
  #0 [internal function]: dokuwiki\ErrorHandler::fatalShutdown()
  #1 {main}
2024-02-07 06:26:03	/dokuwiki/lib/plugins/authplain/auth.php(410)	E_ERROR: Allowed memory size of 134217728 bytes exhausted (tried to allocate 4194312 bytes)
  #0 [internal function]: dokuwiki\ErrorHandler::fatalShutdown()
  #1 {main}
2024-02-07 06:27:21	/dokuwiki/lib/plugins/authplain/auth.php(410)	E_ERROR: Allowed memory size of 134217728 bytes exhausted (tried to allocate 4194312 bytes)
  #0 [internal function]: dokuwiki\ErrorHandler::fatalShutdown()
  #1 {main}
2024-02-07 06:35:39	/dokuwiki/lib/plugins/authplain/auth.php(410)	E_ERROR: Allowed memory size of 134217728 bytes exhausted (tried to allocate 4194312 bytes)
  #0 [internal function]: dokuwiki\ErrorHandler::fatalShutdown()
  #1 {main}
2024-02-07 06:38:22	/dokuwiki/lib/plugins/authplain/auth.php(410)	E_ERROR: Allowed memory size of 134217728 bytes exhausted (tried to allocate 4194312 bytes)
  #0 [internal function]: dokuwiki\ErrorHandler::fatalShutdown()
  #1 {main}
2024-02-07 06:42:05	/dokuwiki/lib/plugins/authplain/auth.php(410)	E_ERROR: Allowed memory size of 134217728 bytes exhausted (tried to allocate 4194312 bytes)
  #0 [internal function]: dokuwiki\ErrorHandler::fatalShutdown()
  #1 {main}
2024-02-07 06:43:19	/dokuwiki/lib/plugins/authplain/auth.php(410)	E_ERROR: Allowed memory size of 134217728 bytes exhausted (tried to allocate 4194312 bytes)
  #0 [internal function]: dokuwiki\ErrorHandler::fatalShutdown()
  #1 {main}
2024-02-07 06:44:35	/dokuwiki/lib/plugins/authplain/auth.php(410)	E_ERROR: Allowed memory size of 134217728 bytes exhausted (tried to allocate 4194312 bytes)
  #0 [internal function]: dokuwiki\ErrorHandler::fatalShutdown()
  #1 {main}
2024-02-07 06:48:51	/dokuwiki/lib/plugins/authplain/auth.php(410)	E_ERROR: Allowed memory size of 134217728 bytes exhausted (tried to allocate 4194312 bytes)
  #0 [internal function]: dokuwiki\ErrorHandler::fatalShutdown()
  #1 {main}
2024-02-07 06:53:11	/dokuwiki/lib/plugins/authplain/auth.php(410)	E_ERROR: Allowed memory size of 134217728 bytes exhausted (tried to allocate 2097160 bytes)
  #0 [internal function]: dokuwiki\ErrorHandler::fatalShutdown()
  #1 {main}
2024-02-07 06:57:46	/dokuwiki/lib/plugins/authplain/auth.php(410)	E_ERROR: Allowed memory size of 134217728 bytes exhausted (tried to allocate 4194312 bytes)
  #0 [internal function]: dokuwiki\ErrorHandler::fatalShutdown()
  #1 {main}
2024-02-07 06:57:47	/dokuwiki/lib/plugins/authplain/auth.php(410)	E_ERROR: Allowed memory size of 134217728 bytes exhausted (tried to allocate 4194312 bytes)
  #0 [internal function]: dokuwiki\ErrorHandler::fatalShutdown()
  #1 {main}
2024-02-07 07:02:07	/dokuwiki/lib/plugins/authplain/auth.php(410)	E_ERROR: Allowed memory size of 134217728 bytes exhausted (tried to allocate 4194312 bytes)
  #0 [internal function]: dokuwiki\ErrorHandler::fatalShutdown()
  #1 {main}
2024-02-07 07:03:22	/dokuwiki/lib/plugins/authplain/auth.php(410)	E_ERROR: Allowed memory size of 134217728 bytes exhausted (tried to allocate 4194312 bytes)
  #0 [internal function]: dokuwiki\ErrorHandler::fatalShutdown()
  #1 {main}
2024-02-07 07:06:24	/dokuwiki/lib/plugins/authplain/auth.php(410)	E_ERROR: Allowed memory size of 134217728 bytes exhausted (tried to allocate 4194312 bytes)
  #0 [internal function]: dokuwiki\ErrorHandler::fatalShutdown()
  #1 {main}
2024-02-07 07:17:14	/dokuwiki/lib/plugins/authplain/auth.php(410)	E_ERROR: Allowed memory size of 134217728 bytes exhausted (tried to allocate 4194312 bytes)
  #0 [internal function]: dokuwiki\ErrorHandler::fatalShutdown()
  #1 {main}
2024-02-07 07:17:17	/dokuwiki/lib/plugins/authplain/auth.php(410)	E_ERROR: Allowed memory size of 134217728 bytes exhausted (tried to allocate 4194312 bytes)
  #0 [internal function]: dokuwiki\ErrorHandler::fatalShutdown()
  #1 {main}
2024-02-07 07:21:18	/dokuwiki/lib/plugins/authplain/auth.php(410)	E_ERROR: Allowed memory size of 134217728 bytes exhausted (tried to allocate 4194312 bytes)
  #0 [internal function]: dokuwiki\ErrorHandler::fatalShutdown()
  #1 {main}
2024-02-07 07:26:22	/dokuwiki/lib/plugins/authplain/auth.php(410)	E_ERROR: Allowed memory size of 134217728 bytes exhausted (tried to allocate 4194312 bytes)
  #0 [internal function]: dokuwiki\ErrorHandler::fatalShutdown()
  #1 {main}
2024-02-07 07:29:56	/dokuwiki/lib/plugins/authplain/auth.php(410)	E_ERROR: Allowed memory size of 134217728 bytes exhausted (tried to allocate 4194312 bytes)
  #0 [internal function]: dokuwiki\ErrorHandler::fatalShutdown()
  #1 {main}
2024-02-07 07:32:16	/dokuwiki/lib/plugins/authplain/auth.php(410)	E_ERROR: Allowed memory size of 134217728 bytes exhausted (tried to allocate 4194312 bytes)
  #0 [internal function]: dokuwiki\ErrorHandler::fatalShutdown()
  #1 {main}
2024-02-07 07:34:49	/dokuwiki/lib/plugins/authplain/auth.php(410)	E_ERROR: Allowed memory size of 134217728 bytes exhausted (tried to allocate 4194312 bytes)
  #0 [internal function]: dokuwiki\ErrorHandler::fatalShutdown()
  #1 {main}
2024-02-07 07:39:36	/dokuwiki/lib/plugins/authplain/auth.php(410)	E_ERROR: Allowed memory size of 134217728 bytes exhausted (tried to allocate 4194312 bytes)
  #0 [internal function]: dokuwiki\ErrorHandler::fatalShutdown()
  #1 {main}
2024-02-07 07:42:22	/dokuwiki/lib/plugins/authplain/auth.php(410)	E_ERROR: Allowed memory size of 134217728 bytes exhausted (tried to allocate 4194312 bytes)
  #0 [internal function]: dokuwiki\ErrorHandler::fatalShutdown()
  #1 {main}
2024-02-07 07:47:36	/dokuwiki/lib/plugins/authplain/auth.php(410)	E_ERROR: Allowed memory size of 134217728 bytes exhausted (tried to allocate 4194312 bytes)
  #0 [internal function]: dokuwiki\ErrorHandler::fatalShutdown()
  #1 {main}
2024-02-07 07:49:44	/dokuwiki/lib/plugins/authplain/auth.php(410)	E_ERROR: Allowed memory size of 134217728 bytes exhausted (tried to allocate 4194312 bytes)
  #0 [internal function]: dokuwiki\ErrorHandler::fatalShutdown()
  #1 {main}
2024-02-07 07:50:09	/dokuwiki/lib/plugins/authplain/auth.php(410)	E_ERROR: Allowed memory size of 134217728 bytes exhausted (tried to allocate 2097160 bytes)
  #0 [internal function]: dokuwiki\ErrorHandler::fatalShutdown()
  #1 {main}
2024-02-07 07:53:57	/dokuwiki/lib/plugins/authplain/auth.php(410)	E_ERROR: Allowed memory size of 134217728 bytes exhausted (tried to allocate 4194312 bytes)
  #0 [internal function]: dokuwiki\ErrorHandler::fatalShutdown()
  #1 {main}
2024-02-07 07:55:07	/dokuwiki/lib/plugins/authplain/auth.php(410)	E_ERROR: Allowed memory size of 134217728 bytes exhausted (tried to allocate 4194312 bytes)
  #0 [internal function]: dokuwiki\ErrorHandler::fatalShutdown()
  #1 {main}
2024-02-07 07:55:09	/dokuwiki/lib/plugins/authplain/auth.php(410)	E_ERROR: Allowed memory size of 134217728 bytes exhausted (tried to allocate 4194312 bytes)
  #0 [internal function]: dokuwiki\ErrorHandler::fatalShutdown()
  #1 {main}
2024-02-07 07:58:46	/dokuwiki/lib/plugins/authplain/auth.php(410)	E_ERROR: Allowed memory size of 134217728 bytes exhausted (tried to allocate 4194312 bytes)
  #0 [internal function]: dokuwiki\ErrorHandler::fatalShutdown()
  #1 {main}
2024-02-07 08:00:13	/dokuwiki/lib/plugins/authplain/auth.php(410)	E_ERROR: Allowed memory size of 134217728 bytes exhausted (tried to allocate 4194312 bytes)
  #0 [internal function]: dokuwiki\ErrorHandler::fatalShutdown()
  #1 {main}
2024-02-07 08:07:34	/dokuwiki/lib/plugins/authplain/auth.php(410)	E_ERROR: Allowed memory size of 134217728 bytes exhausted (tried to allocate 4194312 bytes)
  #0 [internal function]: dokuwiki\ErrorHandler::fatalShutdown()
  #1 {main}
2024-02-07 08:10:42	/dokuwiki/lib/plugins/authplain/auth.php(410)	E_ERROR: Allowed memory size of 134217728 bytes exhausted (tried to allocate 4194312 bytes)
  #0 [internal function]: dokuwiki\ErrorHandler::fatalShutdown()
  #1 {main}
2024-02-07 08:11:16	/dokuwiki/lib/plugins/authplain/auth.php(410)	E_ERROR: Allowed memory size of 134217728 bytes exhausted (tried to allocate 4194312 bytes)
  #0 [internal function]: dokuwiki\ErrorHandler::fatalShutdown()
  #1 {main}
2024-02-07 08:14:16	/dokuwiki/lib/plugins/authplain/auth.php(410)	E_ERROR: Allowed memory size of 134217728 bytes exhausted (tried to allocate 4194312 bytes)
  #0 [internal function]: dokuwiki\ErrorHandler::fatalShutdown()
  #1 {main}
2024-02-07 08:14:17	/dokuwiki/lib/plugins/authplain/auth.php(410)	E_ERROR: Allowed memory size of 134217728 bytes exhausted (tried to allocate 4194312 bytes)
  #0 [internal function]: dokuwiki\ErrorHandler::fatalShutdown()
  #1 {main}
2024-02-07 08:15:37	/dokuwiki/lib/plugins/authplain/auth.php(410)	E_ERROR: Allowed memory size of 134217728 bytes exhausted (tried to allocate 4194312 bytes)
  #0 [internal function]: dokuwiki\ErrorHandler::fatalShutdown()
  #1 {main}
2024-02-07 08:17:21	/dokuwiki/lib/plugins/authplain/auth.php(410)	E_ERROR: Allowed memory size of 134217728 bytes exhausted (tried to allocate 4194312 bytes)
  #0 [internal function]: dokuwiki\ErrorHandler::fatalShutdown()
  #1 {main}
2024-02-07 08:21:16	/dokuwiki/lib/plugins/authplain/auth.php(410)	E_ERROR: Allowed memory size of 134217728 bytes exhausted (tried to allocate 4194312 bytes)
  #0 [internal function]: dokuwiki\ErrorHandler::fatalShutdown()
  #1 {main}
2024-02-07 08:21:46	/dokuwiki/lib/plugins/authplain/auth.php(410)	E_ERROR: Allowed memory size of 134217728 bytes exhausted (tried to allocate 4194312 bytes)
  #0 [internal function]: dokuwiki\ErrorHandler::fatalShutdown()
  #1 {main}
2024-02-07 08:23:33	/dokuwiki/lib/plugins/authplain/auth.php(410)	E_ERROR: Allowed memory size of 134217728 bytes exhausted (tried to allocate 4194312 bytes)
  #0 [internal function]: dokuwiki\ErrorHandler::fatalShutdown()
  #1 {main}
2024-02-07 08:25:16	/dokuwiki/lib/plugins/authplain/auth.php(410)	E_ERROR: Allowed memory size of 134217728 bytes exhausted (tried to allocate 4194312 bytes)
  #0 [internal function]: dokuwiki\ErrorHandler::fatalShutdown()
  #1 {main}
2024-02-07 08:27:38	/dokuwiki/lib/plugins/authplain/auth.php(410)	E_ERROR: Allowed memory size of 134217728 bytes exhausted (tried to allocate 4194312 bytes)
  #0 [internal function]: dokuwiki\ErrorHandler::fatalShutdown()
  #1 {main}
2024-02-07 08:27:42	/dokuwiki/lib/plugins/authplain/auth.php(410)	E_ERROR: Allowed memory size of 134217728 bytes exhausted (tried to allocate 4194312 bytes)
  #0 [internal function]: dokuwiki\ErrorHandler::fatalShutdown()
  #1 {main}
2024-02-07 08:31:02	/dokuwiki/lib/plugins/authplain/auth.php(410)	E_ERROR: Allowed memory size of 134217728 bytes exhausted (tried to allocate 2097160 bytes)
  #0 [internal function]: dokuwiki\ErrorHandler::fatalShutdown()
  #1 {main}
2024-02-07 08:31:07	/dokuwiki/lib/plugins/authplain/auth.php(410)	E_ERROR: Allowed memory size of 134217728 bytes exhausted (tried to allocate 4194312 bytes)
  #0 [internal function]: dokuwiki\ErrorHandler::fatalShutdown()
  #1 {main}
2024-02-07 08:31:46	/dokuwiki/lib/plugins/authplain/auth.php(410)	E_ERROR: Allowed memory size of 134217728 bytes exhausted (tried to allocate 4194312 bytes)
  #0 [internal function]: dokuwiki\ErrorHandler::fatalShutdown()
  #1 {main}
2024-02-07 08:32:17	/dokuwiki/lib/plugins/authplain/auth.php(410)	E_ERROR: Allowed memory size of 134217728 bytes exhausted (tried to allocate 4194312 bytes)
  #0 [internal function]: dokuwiki\ErrorHandler::fatalShutdown()
  #1 {main}
2024-02-07 08:33:17	/dokuwiki/lib/plugins/authplain/auth.php(410)	E_ERROR: Allowed memory size of 134217728 bytes exhausted (tried to allocate 4194312 bytes)
  #0 [internal function]: dokuwiki\ErrorHandler::fatalShutdown()
  #1 {main}
2024-02-07 08:35:15	/dokuwiki/lib/plugins/authplain/auth.php(410)	E_ERROR: Allowed memory size of 134217728 bytes exhausted (tried to allocate 4194312 bytes)
  #0 [internal function]: dokuwiki\ErrorHandler::fatalShutdown()
  #1 {main}
2024-02-07 08:38:02	/dokuwiki/lib/plugins/authplain/auth.php(410)	E_ERROR: Allowed memory size of 134217728 bytes exhausted (tried to allocate 4194312 bytes)
  #0 [internal function]: dokuwiki\ErrorHandler::fatalShutdown()
  #1 {main}
2024-02-07 08:39:30	/dokuwiki/lib/plugins/authplain/auth.php(410)	E_ERROR: Allowed memory size of 134217728 bytes exhausted (tried to allocate 4194312 bytes)
  #0 [internal function]: dokuwiki\ErrorHandler::fatalShutdown()
  #1 {main}
2024-02-07 08:39:44	/dokuwiki/lib/plugins/authplain/auth.php(410)	E_ERROR: Allowed memory size of 134217728 bytes exhausted (tried to allocate 4194312 bytes)
  #0 [internal function]: dokuwiki\ErrorHandler::fatalShutdown()
  #1 {main}
2024-02-07 08:40:40	/dokuwiki/lib/plugins/authplain/auth.php(410)	E_ERROR: Allowed memory size of 134217728 bytes exhausted (tried to allocate 4194312 bytes)
  #0 [internal function]: dokuwiki\ErrorHandler::fatalShutdown()
  #1 {main}
2024-02-07 08:41:16	/dokuwiki/lib/plugins/authplain/auth.php(410)	E_ERROR: Allowed memory size of 134217728 bytes exhausted (tried to allocate 4194312 bytes)
  #0 [internal function]: dokuwiki\ErrorHandler::fatalShutdown()
  #1 {main}
2024-02-07 08:41:22	/dokuwiki/lib/plugins/authplain/auth.php(410)	E_ERROR: Allowed memory size of 134217728 bytes exhausted (tried to allocate 4194312 bytes)
  #0 [internal function]: dokuwiki\ErrorHandler::fatalShutdown()
  #1 {main}
2024-02-07 08:45:28	/dokuwiki/lib/plugins/authplain/auth.php(410)	E_ERROR: Allowed memory size of 134217728 bytes exhausted (tried to allocate 4194312 bytes)
  #0 [internal function]: dokuwiki\ErrorHandler::fatalShutdown()
  #1 {main}
2024-02-07 08:45:40	/dokuwiki/lib/plugins/authplain/auth.php(410)	E_ERROR: Allowed memory size of 134217728 bytes exhausted (tried to allocate 4194312 bytes)
  #0 [internal function]: dokuwiki\ErrorHandler::fatalShutdown()
  #1 {main}
2024-02-07 08:47:43	/dokuwiki/lib/plugins/authplain/auth.php(410)	E_ERROR: Allowed memory size of 134217728 bytes exhausted (tried to allocate 4194312 bytes)
  #0 [internal function]: dokuwiki\ErrorHandler::fatalShutdown()
  #1 {main}
2024-02-07 08:47:44	/dokuwiki/lib/plugins/authplain/auth.php(410)	E_ERROR: Allowed memory size of 134217728 bytes exhausted (tried to allocate 4194312 bytes)
  #0 [internal function]: dokuwiki\ErrorHandler::fatalShutdown()
  #1 {main}
2024-02-07 08:51:09	/dokuwiki/lib/plugins/authplain/auth.php(410)	E_ERROR: Allowed memory size of 134217728 bytes exhausted (tried to allocate 4194312 bytes)
  #0 [internal function]: dokuwiki\ErrorHandler::fatalShutdown()
  #1 {main}
2024-02-07 08:52:45	/dokuwiki/lib/plugins/authplain/auth.php(410)	E_ERROR: Allowed memory size of 134217728 bytes exhausted (tried to allocate 4194312 bytes)
  #0 [internal function]: dokuwiki\ErrorHandler::fatalShutdown()
  #1 {main}
2024-02-07 08:53:15	/dokuwiki/lib/plugins/authplain/auth.php(410)	E_ERROR: Allowed memory size of 134217728 bytes exhausted (tried to allocate 4194312 bytes)
  #0 [internal function]: dokuwiki\ErrorHandler::fatalShutdown()
  #1 {main}
2024-02-07 08:53:38	/dokuwiki/lib/plugins/authplain/auth.php(410)	E_ERROR: Allowed memory size of 134217728 bytes exhausted (tried to allocate 4194312 bytes)
  #0 [internal function]: dokuwiki\ErrorHandler::fatalShutdown()
  #1 {main}
2024-02-07 08:53:51	/dokuwiki/lib/plugins/authplain/auth.php(410)	E_ERROR: Allowed memory size of 134217728 bytes exhausted (tried to allocate 4194312 bytes)
  #0 [internal function]: dokuwiki\ErrorHandler::fatalShutdown()
  #1 {main}
2024-02-07 09:02:02	/dokuwiki/lib/plugins/authplain/auth.php(410)	E_ERROR: Allowed memory size of 134217728 bytes exhausted (tried to allocate 4194312 bytes)
  #0 [internal function]: dokuwiki\ErrorHandler::fatalShutdown()
  #1 {main}
2024-02-07 09:09:02	/dokuwiki/lib/plugins/authplain/auth.php(410)	E_ERROR: Allowed memory size of 134217728 bytes exhausted (tried to allocate 4194312 bytes)
  #0 [internal function]: dokuwiki\ErrorHandler::fatalShutdown()
  #1 {main}
2024-02-07 09:11:47	/dokuwiki/lib/plugins/authplain/auth.php(410)	E_ERROR: Allowed memory size of 134217728 bytes exhausted (tried to allocate 4194312 bytes)
  #0 [internal function]: dokuwiki\ErrorHandler::fatalShutdown()
  #1 {main}
2024-02-07 09:20:24	/dokuwiki/lib/plugins/authplain/auth.php(410)	E_ERROR: Allowed memory size of 134217728 bytes exhausted (tried to allocate 4194312 bytes)
  #0 [internal function]: dokuwiki\ErrorHandler::fatalShutdown()
  #1 {main}
2024-02-07 09:20:25	/dokuwiki/lib/plugins/authplain/auth.php(410)	E_ERROR: Allowed memory size of 134217728 bytes exhausted (tried to allocate 4194312 bytes)
  #0 [internal function]: dokuwiki\ErrorHandler::fatalShutdown()
  #1 {main}
2024-02-07 09:26:15	/dokuwiki/lib/plugins/authplain/auth.php(410)	E_ERROR: Allowed memory size of 134217728 bytes exhausted (tried to allocate 4194312 bytes)
  #0 [internal function]: dokuwiki\ErrorHandler::fatalShutdown()
  #1 {main}
2024-02-07 09:27:49	/dokuwiki/lib/plugins/authplain/auth.php(410)	E_ERROR: Allowed memory size of 134217728 bytes exhausted (tried to allocate 4194312 bytes)
  #0 [internal function]: dokuwiki\ErrorHandler::fatalShutdown()
  #1 {main}
2024-02-07 09:30:52	/dokuwiki/lib/plugins/authplain/auth.php(410)	E_ERROR: Allowed memory size of 134217728 bytes exhausted (tried to allocate 4194312 bytes)
  #0 [internal function]: dokuwiki\ErrorHandler::fatalShutdown()
  #1 {main}
2024-02-07 09:31:41	/dokuwiki/lib/plugins/authplain/auth.php(410)	E_ERROR: Allowed memory size of 134217728 bytes exhausted (tried to allocate 4194312 bytes)
  #0 [internal function]: dokuwiki\ErrorHandler::fatalShutdown()
  #1 {main}
2024-02-07 09:35:52	/dokuwiki/lib/plugins/authplain/auth.php(410)	E_ERROR: Allowed memory size of 134217728 bytes exhausted (tried to allocate 4194312 bytes)
  #0 [internal function]: dokuwiki\ErrorHandler::fatalShutdown()
  #1 {main}
2024-02-07 09:38:43	/dokuwiki/lib/plugins/authplain/auth.php(410)	E_ERROR: Allowed memory size of 134217728 bytes exhausted (tried to allocate 4194312 bytes)
  #0 [internal function]: dokuwiki\ErrorHandler::fatalShutdown()
  #1 {main}
2024-02-07 09:42:28	/dokuwiki/lib/plugins/authplain/auth.php(410)	E_ERROR: Allowed memory size of 134217728 bytes exhausted (tried to allocate 2097160 bytes)
  #0 [internal function]: dokuwiki\ErrorHandler::fatalShutdown()
  #1 {main}
2024-02-07 09:54:33	/dokuwiki/lib/plugins/authplain/auth.php(410)	E_ERROR: Allowed memory size of 134217728 bytes exhausted (tried to allocate 2097160 bytes)
  #0 [internal function]: dokuwiki\ErrorHandler::fatalShutdown()
  #1 {main}
2024-02-07 09:56:36	/dokuwiki/lib/plugins/authplain/auth.php(410)	E_ERROR: Allowed memory size of 134217728 bytes exhausted (tried to allocate 4194312 bytes)
  #0 [internal function]: dokuwiki\ErrorHandler::fatalShutdown()
  #1 {main}
2024-02-07 10:01:14	/dokuwiki/lib/plugins/authplain/auth.php(410)	E_ERROR: Allowed memory size of 134217728 bytes exhausted (tried to allocate 4194312 bytes)
  #0 [internal function]: dokuwiki\ErrorHandler::fatalShutdown()
  #1 {main}
2024-02-07 10:02:07	/dokuwiki/lib/plugins/authplain/auth.php(410)	E_ERROR: Allowed memory size of 134217728 bytes exhausted (tried to allocate 4194312 bytes)
  #0 [internal function]: dokuwiki\ErrorHandler::fatalShutdown()
  #1 {main}
2024-02-07 10:09:07	/dokuwiki/lib/plugins/authplain/auth.php(410)	E_ERROR: Allowed memory size of 134217728 bytes exhausted (tried to allocate 4194312 bytes)
  #0 [internal function]: dokuwiki\ErrorHandler::fatalShutdown()
  #1 {main}
2024-02-07 10:11:56	/dokuwiki/lib/plugins/authplain/auth.php(410)	E_ERROR: Allowed memory size of 134217728 bytes exhausted (tried to allocate 4194312 bytes)
  #0 [internal function]: dokuwiki\ErrorHandler::fatalShutdown()
  #1 {main}
2024-02-07 10:17:09	/dokuwiki/lib/plugins/authplain/auth.php(410)	E_ERROR: Allowed memory size of 134217728 bytes exhausted (tried to allocate 4194312 bytes)
  #0 [internal function]: dokuwiki\ErrorHandler::fatalShutdown()
  #1 {main}
2024-02-07 10:20:20	/dokuwiki/lib/plugins/authplain/auth.php(410)	E_ERROR: Allowed memory size of 134217728 bytes exhausted (tried to allocate 4194312 bytes)
  #0 [internal function]: dokuwiki\ErrorHandler::fatalShutdown()
  #1 {main}
2024-02-07 10:26:29	/dokuwiki/lib/plugins/authplain/auth.php(410)	E_ERROR: Allowed memory size of 134217728 bytes exhausted (tried to allocate 4194312 bytes)
  #0 [internal function]: dokuwiki\ErrorHandler::fatalShutdown()
  #1 {main}
2024-02-07 10:32:40	/dokuwiki/lib/plugins/authplain/auth.php(410)	E_ERROR: Allowed memory size of 134217728 bytes exhausted (tried to allocate 4194312 bytes)
  #0 [internal function]: dokuwiki\ErrorHandler::fatalShutdown()
  #1 {main}
2024-02-07 10:33:03	/dokuwiki/lib/plugins/authplain/auth.php(410)	E_ERROR: Allowed memory size of 134217728 bytes exhausted (tried to allocate 4194312 bytes)
  #0 [internal function]: dokuwiki\ErrorHandler::fatalShutdown()
  #1 {main}
2024-02-07 10:37:28	/dokuwiki/lib/plugins/authplain/auth.php(410)	E_ERROR: Allowed memory size of 134217728 bytes exhausted (tried to allocate 4194312 bytes)
  #0 [internal function]: dokuwiki\ErrorHandler::fatalShutdown()
  #1 {main}
2024-02-07 10:39:02	/dokuwiki/lib/plugins/authplain/auth.php(410)	E_ERROR: Allowed memory size of 134217728 bytes exhausted (tried to allocate 4194312 bytes)
  #0 [internal function]: dokuwiki\ErrorHandler::fatalShutdown()
  #1 {main}
2024-02-07 10:40:35	/dokuwiki/lib/plugins/authplain/auth.php(410)	E_ERROR: Allowed memory size of 134217728 bytes exhausted (tried to allocate 4194312 bytes)
  #0 [internal function]: dokuwiki\ErrorHandler::fatalShutdown()
  #1 {main}
2024-02-07 10:43:58	/dokuwiki/lib/plugins/authplain/auth.php(410)	E_ERROR: Allowed memory size of 134217728 bytes exhausted (tried to allocate 4194312 bytes)
  #0 [internal function]: dokuwiki\ErrorHandler::fatalShutdown()
  #1 {main}
2024-02-07 10:44:17	/dokuwiki/lib/plugins/authplain/auth.php(410)	E_ERROR: Allowed memory size of 134217728 bytes exhausted (tried to allocate 4194312 bytes)
  #0 [internal function]: dokuwiki\ErrorHandler::fatalShutdown()
  #1 {main}
2024-02-07 10:45:17	/dokuwiki/lib/plugins/authplain/auth.php(410)	E_ERROR: Allowed memory size of 134217728 bytes exhausted (tried to allocate 4194312 bytes)
  #0 [internal function]: dokuwiki\ErrorHandler::fatalShutdown()
  #1 {main}
2024-02-07 10:47:12	/dokuwiki/lib/plugins/authplain/auth.php(410)	E_ERROR: Allowed memory size of 134217728 bytes exhausted (tried to allocate 4194312 bytes)
  #0 [internal function]: dokuwiki\ErrorHandler::fatalShutdown()
  #1 {main}
2024-02-07 10:47:25	/dokuwiki/lib/plugins/authplain/auth.php(410)	E_ERROR: Allowed memory size of 134217728 bytes exhausted (tried to allocate 4194312 bytes)
  #0 [internal function]: dokuwiki\ErrorHandler::fatalShutdown()
  #1 {main}
2024-02-07 10:52:23	/dokuwiki/lib/plugins/authplain/auth.php(410)	E_ERROR: Allowed memory size of 134217728 bytes exhausted (tried to allocate 4194312 bytes)
  #0 [internal function]: dokuwiki\ErrorHandler::fatalShutdown()
  #1 {main}
2024-02-07 10:56:33	/dokuwiki/lib/plugins/authplain/auth.php(410)	E_ERROR: Allowed memory size of 134217728 bytes exhausted (tried to allocate 4194312 bytes)
  #0 [internal function]: dokuwiki\ErrorHandler::fatalShutdown()
  #1 {main}
2024-02-07 11:03:28	/dokuwiki/lib/plugins/authplain/auth.php(410)	E_ERROR: Allowed memory size of 134217728 bytes exhausted (tried to allocate 4194312 bytes)
  #0 [internal function]: dokuwiki\ErrorHandler::fatalShutdown()
  #1 {main}
2024-02-07 11:07:22	/dokuwiki/lib/plugins/authplain/auth.php(410)	E_ERROR: Allowed memory size of 134217728 bytes exhausted (tried to allocate 4194312 bytes)
  #0 [internal function]: dokuwiki\ErrorHandler::fatalShutdown()
  #1 {main}
2024-02-07 11:08:57	/dokuwiki/lib/plugins/authplain/auth.php(410)	E_ERROR: Allowed memory size of 134217728 bytes exhausted (tried to allocate 4194312 bytes)
  #0 [internal function]: dokuwiki\ErrorHandler::fatalShutdown()
  #1 {main}
2024-02-07 11:17:12	/dokuwiki/lib/plugins/authplain/auth.php(410)	E_ERROR: Allowed memory size of 134217728 bytes exhausted (tried to allocate 4194312 bytes)
  #0 [internal function]: dokuwiki\ErrorHandler::fatalShutdown()
  #1 {main}
2024-02-07 11:20:44	/dokuwiki/lib/plugins/authplain/auth.php(410)	E_ERROR: Allowed memory size of 134217728 bytes exhausted (tried to allocate 4194312 bytes)
  #0 [internal function]: dokuwiki\ErrorHandler::fatalShutdown()
  #1 {main}
2024-02-07 11:24:23	/dokuwiki/lib/plugins/authplain/auth.php(410)	E_ERROR: Allowed memory size of 134217728 bytes exhausted (tried to allocate 4194312 bytes)
  #0 [internal function]: dokuwiki\ErrorHandler::fatalShutdown()
  #1 {main}
2024-02-07 11:29:28	/dokuwiki/lib/plugins/authplain/auth.php(410)	E_ERROR: Allowed memory size of 134217728 bytes exhausted (tried to allocate 4194312 bytes)
  #0 [internal function]: dokuwiki\ErrorHandler::fatalShutdown()
  #1 {main}
2024-02-07 11:34:57	/dokuwiki/lib/plugins/authplain/auth.php(410)	E_ERROR: Allowed memory size of 134217728 bytes exhausted (tried to allocate 4194312 bytes)
  #0 [internal function]: dokuwiki\ErrorHandler::fatalShutdown()
  #1 {main}
2024-02-07 11:35:14	/dokuwiki/lib/plugins/authplain/auth.php(410)	E_ERROR: Allowed memory size of 134217728 bytes exhausted (tried to allocate 4194312 bytes)
  #0 [internal function]: dokuwiki\ErrorHandler::fatalShutdown()
  #1 {main}
2024-02-07 11:35:54	/dokuwiki/lib/plugins/authplain/auth.php(410)	E_ERROR: Allowed memory size of 134217728 bytes exhausted (tried to allocate 4194312 bytes)
  #0 [internal function]: dokuwiki\ErrorHandler::fatalShutdown()
  #1 {main}
2024-02-07 11:40:50	/dokuwiki/lib/plugins/authplain/auth.php(410)	E_ERROR: Allowed memory size of 134217728 bytes exhausted (tried to allocate 2097160 bytes)
  #0 [internal function]: dokuwiki\ErrorHandler::fatalShutdown()
  #1 {main}
2024-02-07 11:47:58	/dokuwiki/lib/plugins/authplain/auth.php(410)	E_ERROR: Allowed memory size of 134217728 bytes exhausted (tried to allocate 4194312 bytes)
  #0 [internal function]: dokuwiki\ErrorHandler::fatalShutdown()
  #1 {main}
2024-02-07 11:48:03	/dokuwiki/lib/plugins/authplain/auth.php(410)	E_ERROR: Allowed memory size of 134217728 bytes exhausted (tried to allocate 2097160 bytes)
  #0 [internal function]: dokuwiki\ErrorHandler::fatalShutdown()
  #1 {main}
2024-02-07 11:48:12	/dokuwiki/lib/plugins/authplain/auth.php(410)	E_ERROR: Allowed memory size of 134217728 bytes exhausted (tried to allocate 4194312 bytes)
  #0 [internal function]: dokuwiki\ErrorHandler::fatalShutdown()
  #1 {main}
2024-02-07 11:54:03	/dokuwiki/lib/plugins/authplain/auth.php(410)	E_ERROR: Allowed memory size of 134217728 bytes exhausted (tried to allocate 4194312 bytes)
  #0 [internal function]: dokuwiki\ErrorHandler::fatalShutdown()
  #1 {main}
2024-02-07 11:55:43	/dokuwiki/lib/plugins/authplain/auth.php(410)	E_ERROR: Allowed memory size of 134217728 bytes exhausted (tried to allocate 4194312 bytes)
  #0 [internal function]: dokuwiki\ErrorHandler::fatalShutdown()
  #1 {main}
2024-02-07 11:56:16	/dokuwiki/lib/plugins/authplain/auth.php(410)	E_ERROR: Allowed memory size of 134217728 bytes exhausted (tried to allocate 4194312 bytes)
  #0 [internal function]: dokuwiki\ErrorHandler::fatalShutdown()
  #1 {main}
2024-02-07 12:05:47	/dokuwiki/lib/plugins/authplain/auth.php(410)	E_ERROR: Allowed memory size of 134217728 bytes exhausted (tried to allocate 4194312 bytes)
  #0 [internal function]: dokuwiki\ErrorHandler::fatalShutdown()
  #1 {main}
2024-02-07 12:05:50	/dokuwiki/lib/plugins/authplain/auth.php(410)	E_ERROR: Allowed memory size of 134217728 bytes exhausted (tried to allocate 4194312 bytes)
  #0 [internal function]: dokuwiki\ErrorHandler::fatalShutdown()
  #1 {main}
2024-02-07 12:15:33	/dokuwiki/lib/plugins/authplain/auth.php(410)	E_ERROR: Allowed memory size of 134217728 bytes exhausted (tried to allocate 4194312 bytes)
  #0 [internal function]: dokuwiki\ErrorHandler::fatalShutdown()
  #1 {main}
2024-02-07 12:15:37	/dokuwiki/lib/plugins/authplain/auth.php(410)	E_ERROR: Allowed memory size of 134217728 bytes exhausted (tried to allocate 4194312 bytes)
  #0 [internal function]: dokuwiki\ErrorHandler::fatalShutdown()
  #1 {main}
2024-02-07 12:28:32	/dokuwiki/lib/plugins/authplain/auth.php(410)	E_ERROR: Allowed memory size of 134217728 bytes exhausted (tried to allocate 4194312 bytes)
  #0 [internal function]: dokuwiki\ErrorHandler::fatalShutdown()
  #1 {main}
2024-02-07 12:32:49	/dokuwiki/lib/plugins/authplain/auth.php(410)	E_ERROR: Allowed memory size of 134217728 bytes exhausted (tried to allocate 4194312 bytes)
  #0 [internal function]: dokuwiki\ErrorHandler::fatalShutdown()
  #1 {main}
2024-02-07 12:32:51	/dokuwiki/lib/plugins/authplain/auth.php(410)	E_ERROR: Allowed memory size of 134217728 bytes exhausted (tried to allocate 4194312 bytes)
  #0 [internal function]: dokuwiki\ErrorHandler::fatalShutdown()
  #1 {main}
2024-02-07 12:37:05	/dokuwiki/lib/plugins/authplain/auth.php(410)	E_ERROR: Allowed memory size of 134217728 bytes exhausted (tried to allocate 4194312 bytes)
  #0 [internal function]: dokuwiki\ErrorHandler::fatalShutdown()
  #1 {main}
2024-02-07 12:44:13	/dokuwiki/lib/plugins/authplain/auth.php(410)	E_ERROR: Allowed memory size of 134217728 bytes exhausted (tried to allocate 4194312 bytes)
  #0 [internal function]: dokuwiki\ErrorHandler::fatalShutdown()
  #1 {main}
2024-02-07 12:44:37	/dokuwiki/lib/plugins/authplain/auth.php(410)	E_ERROR: Allowed memory size of 134217728 bytes exhausted (tried to allocate 4194312 bytes)
  #0 [internal function]: dokuwiki\ErrorHandler::fatalShutdown()
  #1 {main}
2024-02-07 12:48:14	/dokuwiki/lib/plugins/authplain/auth.php(410)	E_ERROR: Allowed memory size of 134217728 bytes exhausted (tried to allocate 4194312 bytes)
  #0 [internal function]: dokuwiki\ErrorHandler::fatalShutdown()
  #1 {main}
2024-02-07 12:53:17	/dokuwiki/lib/plugins/authplain/auth.php(410)	E_ERROR: Allowed memory size of 134217728 bytes exhausted (tried to allocate 4194312 bytes)
  #0 [internal function]: dokuwiki\ErrorHandler::fatalShutdown()
  #1 {main}
2024-02-07 12:54:14	/dokuwiki/lib/plugins/authplain/auth.php(410)	E_ERROR: Allowed memory size of 134217728 bytes exhausted (tried to allocate 2097160 bytes)
  #0 [internal function]: dokuwiki\ErrorHandler::fatalShutdown()
  #1 {main}
2024-02-07 12:55:17	/dokuwiki/lib/plugins/authplain/auth.php(410)	E_ERROR: Allowed memory size of 134217728 bytes exhausted (tried to allocate 4194312 bytes)
  #0 [internal function]: dokuwiki\ErrorHandler::fatalShutdown()
  #1 {main}
2024-02-07 12:56:25	/dokuwiki/lib/plugins/authplain/auth.php(410)	E_ERROR: Allowed memory size of 134217728 bytes exhausted (tried to allocate 4194312 bytes)
  #0 [internal function]: dokuwiki\ErrorHandler::fatalShutdown()
  #1 {main}
2024-02-07 12:59:33	/dokuwiki/lib/plugins/authplain/auth.php(410)	E_ERROR: Allowed memory size of 134217728 bytes exhausted (tried to allocate 4194312 bytes)
  #0 [internal function]: dokuwiki\ErrorHandler::fatalShutdown()
  #1 {main}
2024-02-07 13:00:57	/dokuwiki/lib/plugins/authplain/auth.php(423)	E_ERROR: Allowed memory size of 134217728 bytes exhausted (tried to allocate 4096 bytes)
  #0 [internal function]: dokuwiki\ErrorHandler::fatalShutdown()
  #1 {main}
2024-02-07 13:01:14	/dokuwiki/lib/plugins/authplain/auth.php(410)	E_ERROR: Allowed memory size of 134217728 bytes exhausted (tried to allocate 4194312 bytes)
  #0 [internal function]: dokuwiki\ErrorHandler::fatalShutdown()
  #1 {main}
2024-02-07 13:02:04	/dokuwiki/lib/plugins/authplain/auth.php(410)	E_ERROR: Allowed memory size of 134217728 bytes exhausted (tried to allocate 4194312 bytes)
  #0 [internal function]: dokuwiki\ErrorHandler::fatalShutdown()
  #1 {main}
2024-02-07 13:06:24	/dokuwiki/lib/plugins/authplain/auth.php(410)	E_ERROR: Allowed memory size of 134217728 bytes exhausted (tried to allocate 4194312 bytes)
  #0 [internal function]: dokuwiki\ErrorHandler::fatalShutdown()
  #1 {main}
2024-02-07 13:06:28	/dokuwiki/lib/plugins/authplain/auth.php(410)	E_ERROR: Allowed memory size of 134217728 bytes exhausted (tried to allocate 4194312 bytes)
  #0 [internal function]: dokuwiki\ErrorHandler::fatalShutdown()
  #1 {main}
2024-02-07 13:10:01	/dokuwiki/lib/plugins/authplain/auth.php(410)	E_ERROR: Allowed memory size of 134217728 bytes exhausted (tried to allocate 4194312 bytes)
  #0 [internal function]: dokuwiki\ErrorHandler::fatalShutdown()
  #1 {main}
2024-02-07 13:11:14	/dokuwiki/lib/plugins/authplain/auth.php(410)	E_ERROR: Allowed memory size of 134217728 bytes exhausted (tried to allocate 4194312 bytes)
  #0 [internal function]: dokuwiki\ErrorHandler::fatalShutdown()
  #1 {main}
2024-02-07 13:13:41	/dokuwiki/lib/plugins/authplain/auth.php(410)	E_ERROR: Allowed memory size of 134217728 bytes exhausted (tried to allocate 4194312 bytes)
  #0 [internal function]: dokuwiki\ErrorHandler::fatalShutdown()
  #1 {main}
2024-02-07 13:18:26	/dokuwiki/lib/plugins/authplain/auth.php(410)	E_ERROR: Allowed memory size of 134217728 bytes exhausted (tried to allocate 4194312 bytes)
  #0 [internal function]: dokuwiki\ErrorHandler::fatalShutdown()
  #1 {main}
2024-02-07 13:19:56	/dokuwiki/lib/plugins/authplain/auth.php(410)	E_ERROR: Allowed memory size of 134217728 bytes exhausted (tried to allocate 4194312 bytes)
  #0 [internal function]: dokuwiki\ErrorHandler::fatalShutdown()
  #1 {main}
2024-02-07 13:28:41	/dokuwiki/lib/plugins/authplain/auth.php(410)	E_ERROR: Allowed memory size of 134217728 bytes exhausted (tried to allocate 4194312 bytes)
  #0 [internal function]: dokuwiki\ErrorHandler::fatalShutdown()
  #1 {main}
2024-02-07 13:31:55	/dokuwiki/lib/plugins/authplain/auth.php(410)	E_ERROR: Allowed memory size of 134217728 bytes exhausted (tried to allocate 4194312 bytes)
  #0 [internal function]: dokuwiki\ErrorHandler::fatalShutdown()
  #1 {main}
2024-02-07 13:36:59	/dokuwiki/lib/plugins/authplain/auth.php(410)	E_ERROR: Allowed memory size of 134217728 bytes exhausted (tried to allocate 4194312 bytes)
  #0 [internal function]: dokuwiki\ErrorHandler::fatalShutdown()
  #1 {main}
2024-02-07 13:39:22	/dokuwiki/lib/plugins/authplain/auth.php(410)	E_ERROR: Allowed memory size of 134217728 bytes exhausted (tried to allocate 4194312 bytes)
  #0 [internal function]: dokuwiki\ErrorHandler::fatalShutdown()
  #1 {main}
2024-02-07 13:47:52	/dokuwiki/lib/plugins/authplain/auth.php(410)	E_ERROR: Allowed memory size of 134217728 bytes exhausted (tried to allocate 4194312 bytes)
  #0 [internal function]: dokuwiki\ErrorHandler::fatalShutdown()
  #1 {main}
2024-02-07 13:48:30	/dokuwiki/lib/plugins/authplain/auth.php(410)	E_ERROR: Allowed memory size of 134217728 bytes exhausted (tried to allocate 2097160 bytes)
  #0 [internal function]: dokuwiki\ErrorHandler::fatalShutdown()
  #1 {main}
2024-02-07 13:51:35	/dokuwiki/lib/plugins/authplain/auth.php(410)	E_ERROR: Allowed memory size of 134217728 bytes exhausted (tried to allocate 2097160 bytes)
  #0 [internal function]: dokuwiki\ErrorHandler::fatalShutdown()
  #1 {main}
2024-02-07 13:53:16	/dokuwiki/lib/plugins/authplain/auth.php(410)	E_ERROR: Allowed memory size of 134217728 bytes exhausted (tried to allocate 4194312 bytes)
  #0 [internal function]: dokuwiki\ErrorHandler::fatalShutdown()
  #1 {main}
2024-02-07 13:53:25	/dokuwiki/lib/plugins/authplain/auth.php(410)	E_ERROR: Allowed memory size of 134217728 bytes exhausted (tried to allocate 4194312 bytes)
  #0 [internal function]: dokuwiki\ErrorHandler::fatalShutdown()
  #1 {main}
2024-02-07 14:05:07	/dokuwiki/lib/plugins/authplain/auth.php(410)	E_ERROR: Allowed memory size of 134217728 bytes exhausted (tried to allocate 4194312 bytes)
  #0 [internal function]: dokuwiki\ErrorHandler::fatalShutdown()
  #1 {main}
2024-02-07 14:13:33	/dokuwiki/lib/plugins/authplain/auth.php(410)	E_ERROR: Allowed memory size of 134217728 bytes exhausted (tried to allocate 4194312 bytes)
  #0 [internal function]: dokuwiki\ErrorHandler::fatalShutdown()
  #1 {main}
2024-02-07 14:13:33	/dokuwiki/lib/plugins/authplain/auth.php(410)	E_ERROR: Allowed memory size of 134217728 bytes exhausted (tried to allocate 4194312 bytes)
  #0 [internal function]: dokuwiki\ErrorHandler::fatalShutdown()
  #1 {main}
2024-02-07 14:15:26	/dokuwiki/lib/plugins/authplain/auth.php(410)	E_ERROR: Allowed memory size of 134217728 bytes exhausted (tried to allocate 4194312 bytes)
  #0 [internal function]: dokuwiki\ErrorHandler::fatalShutdown()
  #1 {main}
2024-02-07 14:21:15	/dokuwiki/lib/plugins/authplain/auth.php(410)	E_ERROR: Allowed memory size of 134217728 bytes exhausted (tried to allocate 2097160 bytes)
  #0 [internal function]: dokuwiki\ErrorHandler::fatalShutdown()
  #1 {main}
2024-02-07 14:29:47	/dokuwiki/lib/plugins/authplain/auth.php(410)	E_ERROR: Allowed memory size of 134217728 bytes exhausted (tried to allocate 4194312 bytes)
  #0 [internal function]: dokuwiki\ErrorHandler::fatalShutdown()
  #1 {main}
2024-02-07 14:38:03	/dokuwiki/lib/plugins/authplain/auth.php(410)	E_ERROR: Allowed memory size of 134217728 bytes exhausted (tried to allocate 4194312 bytes)
  #0 [internal function]: dokuwiki\ErrorHandler::fatalShutdown()
  #1 {main}
2024-02-07 14:40:21	/dokuwiki/lib/plugins/authplain/auth.php(410)	E_ERROR: Allowed memory size of 134217728 bytes exhausted (tried to allocate 4194312 bytes)
  #0 [internal function]: dokuwiki\ErrorHandler::fatalShutdown()
  #1 {main}
2024-02-07 14:42:30	/dokuwiki/lib/plugins/authplain/auth.php(410)	E_ERROR: Allowed memory size of 134217728 bytes exhausted (tried to allocate 4194312 bytes)
  #0 [internal function]: dokuwiki\ErrorHandler::fatalShutdown()
  #1 {main}
2024-02-07 14:45:24	/dokuwiki/lib/plugins/authplain/auth.php(410)	E_ERROR: Allowed memory size of 134217728 bytes exhausted (tried to allocate 4194312 bytes)
  #0 [internal function]: dokuwiki\ErrorHandler::fatalShutdown()
  #1 {main}
2024-02-07 14:47:36	/dokuwiki/lib/plugins/authplain/auth.php(410)	E_ERROR: Allowed memory size of 134217728 bytes exhausted (tried to allocate 4194312 bytes)
  #0 [internal function]: dokuwiki\ErrorHandler::fatalShutdown()
  #1 {main}
2024-02-07 14:48:51	/dokuwiki/lib/plugins/authplain/auth.php(410)	E_ERROR: Allowed memory size of 134217728 bytes exhausted (tried to allocate 4194312 bytes)
  #0 [internal function]: dokuwiki\ErrorHandler::fatalShutdown()
  #1 {main}
2024-02-07 14:58:36	/dokuwiki/lib/plugins/authplain/auth.php(410)	E_ERROR: Allowed memory size of 134217728 bytes exhausted (tried to allocate 4194312 bytes)
  #0 [internal function]: dokuwiki\ErrorHandler::fatalShutdown()
  #1 {main}
2024-02-07 15:04:36	/dokuwiki/lib/plugins/authplain/auth.php(410)	E_ERROR: Allowed memory size of 134217728 bytes exhausted (tried to allocate 2097160 bytes)
  #0 [internal function]: dokuwiki\ErrorHandler::fatalShutdown()
  #1 {main}
2024-02-07 15:11:29	/dokuwiki/lib/plugins/authplain/auth.php(410)	E_ERROR: Allowed memory size of 134217728 bytes exhausted (tried to allocate 4194312 bytes)
  #0 [internal function]: dokuwiki\ErrorHandler::fatalShutdown()
  #1 {main}
2024-02-07 15:24:41	/dokuwiki/lib/plugins/authplain/auth.php(410)	E_ERROR: Allowed memory size of 134217728 bytes exhausted (tried to allocate 4194312 bytes)
  #0 [internal function]: dokuwiki\ErrorHandler::fatalShutdown()
  #1 {main}
2024-02-07 15:24:54	/dokuwiki/lib/plugins/authplain/auth.php(410)	E_ERROR: Allowed memory size of 134217728 bytes exhausted (tried to allocate 4194312 bytes)
  #0 [internal function]: dokuwiki\ErrorHandler::fatalShutdown()
  #1 {main}
2024-02-07 15:33:44	/dokuwiki/lib/plugins/authplain/auth.php(410)	E_ERROR: Allowed memory size of 134217728 bytes exhausted (tried to allocate 4194312 bytes)
  #0 [internal function]: dokuwiki\ErrorHandler::fatalShutdown()
  #1 {main}
2024-02-07 15:38:22	/dokuwiki/lib/plugins/authplain/auth.php(410)	E_ERROR: Allowed memory size of 134217728 bytes exhausted (tried to allocate 4194312 bytes)
  #0 [internal function]: dokuwiki\ErrorHandler::fatalShutdown()
  #1 {main}
2024-02-07 15:52:56	/dokuwiki/lib/plugins/authplain/auth.php(410)	E_ERROR: Allowed memory size of 134217728 bytes exhausted (tried to allocate 4194312 bytes)
  #0 [internal function]: dokuwiki\ErrorHandler::fatalShutdown()
  #1 {main}
2024-02-07 15:54:42	/dokuwiki/lib/plugins/authplain/auth.php(410)	E_ERROR: Allowed memory size of 134217728 bytes exhausted (tried to allocate 4194312 bytes)
  #0 [internal function]: dokuwiki\ErrorHandler::fatalShutdown()
  #1 {main}
2024-02-07 16:01:43	/dokuwiki/lib/plugins/authplain/auth.php(410)	E_ERROR: Allowed memory size of 134217728 bytes exhausted (tried to allocate 4194312 bytes)
  #0 [internal function]: dokuwiki\ErrorHandler::fatalShutdown()
  #1 {main}
2024-02-07 16:01:45	/dokuwiki/lib/plugins/authplain/auth.php(410)	E_ERROR: Allowed memory size of 134217728 bytes exhausted (tried to allocate 4194312 bytes)
  #0 [internal function]: dokuwiki\ErrorHandler::fatalShutdown()
  #1 {main}
2024-02-07 16:01:48	/dokuwiki/lib/plugins/authplain/auth.php(410)	E_ERROR: Allowed memory size of 134217728 bytes exhausted (tried to allocate 4194312 bytes)
  #0 [internal function]: dokuwiki\ErrorHandler::fatalShutdown()
  #1 {main}
2024-02-07 16:13:29	/dokuwiki/lib/plugins/authplain/auth.php(410)	E_ERROR: Allowed memory size of 134217728 bytes exhausted (tried to allocate 4194312 bytes)
  #0 [internal function]: dokuwiki\ErrorHandler::fatalShutdown()
  #1 {main}
2024-02-07 16:13:32	/dokuwiki/lib/plugins/authplain/auth.php(410)	E_ERROR: Allowed memory size of 134217728 bytes exhausted (tried to allocate 4194312 bytes)
  #0 [internal function]: dokuwiki\ErrorHandler::fatalShutdown()
  #1 {main}
2024-02-07 16:18:42	/dokuwiki/lib/plugins/authplain/auth.php(410)	E_ERROR: Allowed memory size of 134217728 bytes exhausted (tried to allocate 4194312 bytes)
  #0 [internal function]: dokuwiki\ErrorHandler::fatalShutdown()
  #1 {main}
2024-02-07 16:18:43	/dokuwiki/lib/plugins/authplain/auth.php(410)	E_ERROR: Allowed memory size of 134217728 bytes exhausted (tried to allocate 4194312 bytes)
  #0 [internal function]: dokuwiki\ErrorHandler::fatalShutdown()
  #1 {main}
2024-02-07 16:23:25	/dokuwiki/lib/plugins/authplain/auth.php(410)	E_ERROR: Allowed memory size of 134217728 bytes exhausted (tried to allocate 4194312 bytes)
  #0 [internal function]: dokuwiki\ErrorHandler::fatalShutdown()
  #1 {main}
2024-02-07 16:24:31	/dokuwiki/lib/plugins/authplain/auth.php(410)	E_ERROR: Allowed memory size of 134217728 bytes exhausted (tried to allocate 4194312 bytes)
  #0 [internal function]: dokuwiki\ErrorHandler::fatalShutdown()
  #1 {main}
2024-02-07 16:26:30	/dokuwiki/lib/plugins/authplain/auth.php(410)	E_ERROR: Allowed memory size of 134217728 bytes exhausted (tried to allocate 4194312 bytes)
  #0 [internal function]: dokuwiki\ErrorHandler::fatalShutdown()
  #1 {main}
2024-02-07 16:29:48	/dokuwiki/lib/plugins/authplain/auth.php(410)	E_ERROR: Allowed memory size of 134217728 bytes exhausted (tried to allocate 4194312 bytes)
  #0 [internal function]: dokuwiki\ErrorHandler::fatalShutdown()
  #1 {main}
2024-02-07 16:29:51	/dokuwiki/lib/plugins/authplain/auth.php(410)	E_ERROR: Allowed memory size of 134217728 bytes exhausted (tried to allocate 4194312 bytes)
  #0 [internal function]: dokuwiki\ErrorHandler::fatalShutdown()
  #1 {main}
2024-02-07 16:30:36	/dokuwiki/lib/plugins/authplain/auth.php(410)	E_ERROR: Allowed memory size of 134217728 bytes exhausted (tried to allocate 4194312 bytes)
  #0 [internal function]: dokuwiki\ErrorHandler::fatalShutdown()
  #1 {main}
2024-02-07 16:33:16	/dokuwiki/lib/plugins/authplain/auth.php(410)	E_ERROR: Allowed memory size of 134217728 bytes exhausted (tried to allocate 4194312 bytes)
  #0 [internal function]: dokuwiki\ErrorHandler::fatalShutdown()
  #1 {main}
2024-02-07 16:34:52	/dokuwiki/lib/plugins/authplain/auth.php(410)	E_ERROR: Allowed memory size of 134217728 bytes exhausted (tried to allocate 4194312 bytes)
  #0 [internal function]: dokuwiki\ErrorHandler::fatalShutdown()
  #1 {main}
2024-02-07 16:35:48	/dokuwiki/lib/plugins/authplain/auth.php(410)	E_ERROR: Allowed memory size of 134217728 bytes exhausted (tried to allocate 4194312 bytes)
  #0 [internal function]: dokuwiki\ErrorHandler::fatalShutdown()
  #1 {main}
2024-02-07 16:36:19	/dokuwiki/lib/plugins/authplain/auth.php(410)	E_ERROR: Allowed memory size of 134217728 bytes exhausted (tried to allocate 4194312 bytes)
  #0 [internal function]: dokuwiki\ErrorHandler::fatalShutdown()
  #1 {main}
2024-02-07 16:36:37	/dokuwiki/lib/plugins/authplain/auth.php(410)	E_ERROR: Allowed memory size of 134217728 bytes exhausted (tried to allocate 4194312 bytes)
  #0 [internal function]: dokuwiki\ErrorHandler::fatalShutdown()
  #1 {main}
2024-02-07 16:39:18	/dokuwiki/lib/plugins/authplain/auth.php(410)	E_ERROR: Allowed memory size of 134217728 bytes exhausted (tried to allocate 4194312 bytes)
  #0 [internal function]: dokuwiki\ErrorHandler::fatalShutdown()
  #1 {main}
2024-02-07 16:43:08	/dokuwiki/lib/plugins/authplain/auth.php(410)	E_ERROR: Allowed memory size of 134217728 bytes exhausted (tried to allocate 4194312 bytes)
  #0 [internal function]: dokuwiki\ErrorHandler::fatalShutdown()
  #1 {main}
2024-02-07 16:47:33	/dokuwiki/lib/plugins/authplain/auth.php(410)	E_ERROR: Allowed memory size of 134217728 bytes exhausted (tried to allocate 4194312 bytes)
  #0 [internal function]: dokuwiki\ErrorHandler::fatalShutdown()
  #1 {main}
2024-02-07 17:04:07	/dokuwiki/lib/plugins/authplain/auth.php(410)	E_ERROR: Allowed memory size of 134217728 bytes exhausted (tried to allocate 4194312 bytes)
  #0 [internal function]: dokuwiki\ErrorHandler::fatalShutdown()
  #1 {main}
2024-02-07 17:05:13	/dokuwiki/lib/plugins/authplain/auth.php(410)	E_ERROR: Allowed memory size of 134217728 bytes exhausted (tried to allocate 4194312 bytes)
  #0 [internal function]: dokuwiki\ErrorHandler::fatalShutdown()
  #1 {main}
2024-02-07 17:05:38	/dokuwiki/lib/plugins/authplain/auth.php(410)	E_ERROR: Allowed memory size of 134217728 bytes exhausted (tried to allocate 4194312 bytes)
  #0 [internal function]: dokuwiki\ErrorHandler::fatalShutdown()
  #1 {main}
2024-02-07 17:12:25	/dokuwiki/lib/plugins/authplain/auth.php(410)	E_ERROR: Allowed memory size of 134217728 bytes exhausted (tried to allocate 4194312 bytes)
  #0 [internal function]: dokuwiki\ErrorHandler::fatalShutdown()
  #1 {main}
2024-02-07 17:12:45	/dokuwiki/lib/plugins/authplain/auth.php(410)	E_ERROR: Allowed memory size of 134217728 bytes exhausted (tried to allocate 4194312 bytes)
  #0 [internal function]: dokuwiki\ErrorHandler::fatalShutdown()
  #1 {main}
2024-02-07 17:18:37	/dokuwiki/lib/plugins/authplain/auth.php(410)	E_ERROR: Allowed memory size of 134217728 bytes exhausted (tried to allocate 4194312 bytes)
  #0 [internal function]: dokuwiki\ErrorHandler::fatalShutdown()
  #1 {main}
2024-02-07 17:18:50	/dokuwiki/lib/plugins/authplain/auth.php(410)	E_ERROR: Allowed memory size of 134217728 bytes exhausted (tried to allocate 4194312 bytes)
  #0 [internal function]: dokuwiki\ErrorHandler::fatalShutdown()
  #1 {main}
2024-02-07 17:18:54	/dokuwiki/lib/plugins/authplain/auth.php(410)	E_ERROR: Allowed memory size of 134217728 bytes exhausted (tried to allocate 4194312 bytes)
  #0 [internal function]: dokuwiki\ErrorHandler::fatalShutdown()
  #1 {main}
2024-02-07 17:23:36	/dokuwiki/lib/plugins/authplain/auth.php(410)	E_ERROR: Allowed memory size of 134217728 bytes exhausted (tried to allocate 4194312 bytes)
  #0 [internal function]: dokuwiki\ErrorHandler::fatalShutdown()
  #1 {main}
2024-02-07 17:27:43	/dokuwiki/lib/plugins/authplain/auth.php(410)	E_ERROR: Allowed memory size of 134217728 bytes exhausted (tried to allocate 4194312 bytes)
  #0 [internal function]: dokuwiki\ErrorHandler::fatalShutdown()
  #1 {main}
2024-02-07 17:27:57	/dokuwiki/lib/plugins/authplain/auth.php(410)	E_ERROR: Allowed memory size of 134217728 bytes exhausted (tried to allocate 4194312 bytes)
  #0 [internal function]: dokuwiki\ErrorHandler::fatalShutdown()
  #1 {main}
2024-02-07 17:35:07	/dokuwiki/lib/plugins/authplain/auth.php(410)	E_ERROR: Allowed memory size of 134217728 bytes exhausted (tried to allocate 4194312 bytes)
  #0 [internal function]: dokuwiki\ErrorHandler::fatalShutdown()
  #1 {main}
2024-02-07 17:36:31	/dokuwiki/lib/plugins/authplain/auth.php(410)	E_ERROR: Allowed memory size of 134217728 bytes exhausted (tried to allocate 4194312 bytes)
  #0 [internal function]: dokuwiki\ErrorHandler::fatalShutdown()
  #1 {main}
2024-02-07 17:39:22	/dokuwiki/lib/plugins/authplain/auth.php(410)	E_ERROR: Allowed memory size of 134217728 bytes exhausted (tried to allocate 4194312 bytes)
  #0 [internal function]: dokuwiki\ErrorHandler::fatalShutdown()
  #1 {main}
2024-02-07 17:39:24	/dokuwiki/lib/plugins/authplain/auth.php(410)	E_ERROR: Allowed memory size of 134217728 bytes exhausted (tried to allocate 4194312 bytes)
  #0 [internal function]: dokuwiki\ErrorHandler::fatalShutdown()
  #1 {main}
2024-02-07 17:45:53	/dokuwiki/lib/plugins/authplain/auth.php(410)	E_ERROR: Allowed memory size of 134217728 bytes exhausted (tried to allocate 4194312 bytes)
  #0 [internal function]: dokuwiki\ErrorHandler::fatalShutdown()
  #1 {main}
2024-02-07 17:45:55	/dokuwiki/lib/plugins/authplain/auth.php(410)	E_ERROR: Allowed memory size of 134217728 bytes exhausted (tried to allocate 4194312 bytes)
  #0 [internal function]: dokuwiki\ErrorHandler::fatalShutdown()
  #1 {main}
2024-02-07 17:45:56	/dokuwiki/lib/plugins/authplain/auth.php(410)	E_ERROR: Allowed memory size of 134217728 bytes exhausted (tried to allocate 4194312 bytes)
  #0 [internal function]: dokuwiki\ErrorHandler::fatalShutdown()
  #1 {main}
2024-02-07 17:51:45	/dokuwiki/lib/plugins/authplain/auth.php(410)	E_ERROR: Allowed memory size of 134217728 bytes exhausted (tried to allocate 4194312 bytes)
  #0 [internal function]: dokuwiki\ErrorHandler::fatalShutdown()
  #1 {main}
2024-02-07 17:53:22	/dokuwiki/lib/plugins/authplain/auth.php(410)	E_ERROR: Allowed memory size of 134217728 bytes exhausted (tried to allocate 4194312 bytes)
  #0 [internal function]: dokuwiki\ErrorHandler::fatalShutdown()
  #1 {main}
2024-02-07 17:55:25	/dokuwiki/lib/plugins/authplain/auth.php(410)	E_ERROR: Allowed memory size of 134217728 bytes exhausted (tried to allocate 4194312 bytes)
  #0 [internal function]: dokuwiki\ErrorHandler::fatalShutdown()
  #1 {main}
2024-02-07 17:57:57	/dokuwiki/lib/plugins/authplain/auth.php(410)	E_ERROR: Allowed memory size of 134217728 bytes exhausted (tried to allocate 4194312 bytes)
  #0 [internal function]: dokuwiki\ErrorHandler::fatalShutdown()
  #1 {main}
2024-02-07 18:05:40	/dokuwiki/lib/plugins/authplain/auth.php(410)	E_ERROR: Allowed memory size of 134217728 bytes exhausted (tried to allocate 2097160 bytes)
  #0 [internal function]: dokuwiki\ErrorHandler::fatalShutdown()
  #1 {main}
2024-02-07 18:05:45	/dokuwiki/lib/plugins/authplain/auth.php(410)	E_ERROR: Allowed memory size of 134217728 bytes exhausted (tried to allocate 4194312 bytes)
  #0 [internal function]: dokuwiki\ErrorHandler::fatalShutdown()
  #1 {main}
2024-02-07 18:09:01	/dokuwiki/lib/plugins/authplain/auth.php(410)	E_ERROR: Allowed memory size of 134217728 bytes exhausted (tried to allocate 4194312 bytes)
  #0 [internal function]: dokuwiki\ErrorHandler::fatalShutdown()
  #1 {main}
2024-02-07 18:10:23	/dokuwiki/lib/plugins/authplain/auth.php(410)	E_ERROR: Allowed memory size of 134217728 bytes exhausted (tried to allocate 4194312 bytes)
  #0 [internal function]: dokuwiki\ErrorHandler::fatalShutdown()
  #1 {main}
2024-02-07 18:17:05	/dokuwiki/lib/plugins/authplain/auth.php(410)	E_ERROR: Allowed memory size of 134217728 bytes exhausted (tried to allocate 4194312 bytes)
  #0 [internal function]: dokuwiki\ErrorHandler::fatalShutdown()
  #1 {main}
2024-02-07 18:26:44	/dokuwiki/lib/plugins/authplain/auth.php(410)	E_ERROR: Allowed memory size of 134217728 bytes exhausted (tried to allocate 4194312 bytes)
  #0 [internal function]: dokuwiki\ErrorHandler::fatalShutdown()
  #1 {main}
2024-02-07 18:33:52	/dokuwiki/lib/plugins/authplain/auth.php(410)	E_ERROR: Allowed memory size of 134217728 bytes exhausted (tried to allocate 4194312 bytes)
  #0 [internal function]: dokuwiki\ErrorHandler::fatalShutdown()
  #1 {main}
2024-02-07 18:34:08	/dokuwiki/lib/plugins/authplain/auth.php(410)	E_ERROR: Allowed memory size of 134217728 bytes exhausted (tried to allocate 4194312 bytes)
  #0 [internal function]: dokuwiki\ErrorHandler::fatalShutdown()
  #1 {main}
2024-02-07 18:39:54	/dokuwiki/lib/plugins/authplain/auth.php(410)	E_ERROR: Allowed memory size of 134217728 bytes exhausted (tried to allocate 4194312 bytes)
  #0 [internal function]: dokuwiki\ErrorHandler::fatalShutdown()
  #1 {main}
2024-02-07 18:50:07	/dokuwiki/lib/plugins/authplain/auth.php(410)	E_ERROR: Allowed memory size of 134217728 bytes exhausted (tried to allocate 4194312 bytes)
  #0 [internal function]: dokuwiki\ErrorHandler::fatalShutdown()
  #1 {main}
2024-02-07 18:53:20	/dokuwiki/lib/plugins/authplain/auth.php(410)	E_ERROR: Allowed memory size of 134217728 bytes exhausted (tried to allocate 2097160 bytes)
  #0 [internal function]: dokuwiki\ErrorHandler::fatalShutdown()
  #1 {main}
2024-02-07 18:53:27	/dokuwiki/lib/plugins/authplain/auth.php(410)	E_ERROR: Allowed memory size of 134217728 bytes exhausted (tried to allocate 4194312 bytes)
  #0 [internal function]: dokuwiki\ErrorHandler::fatalShutdown()
  #1 {main}
2024-02-07 19:07:26	/dokuwiki/lib/plugins/authplain/auth.php(410)	E_ERROR: Allowed memory size of 134217728 bytes exhausted (tried to allocate 4194312 bytes)
  #0 [internal function]: dokuwiki\ErrorHandler::fatalShutdown()
  #1 {main}
2024-02-07 19:18:23	/dokuwiki/lib/plugins/authplain/auth.php(410)	E_ERROR: Allowed memory size of 134217728 bytes exhausted (tried to allocate 4194312 bytes)
  #0 [internal function]: dokuwiki\ErrorHandler::fatalShutdown()
  #1 {main}
2024-02-07 19:20:12	/dokuwiki/lib/plugins/authplain/auth.php(410)	E_ERROR: Allowed memory size of 134217728 bytes exhausted (tried to allocate 4194312 bytes)
  #0 [internal function]: dokuwiki\ErrorHandler::fatalShutdown()
  #1 {main}
2024-02-07 19:24:04	/dokuwiki/lib/plugins/authplain/auth.php(410)	E_ERROR: Allowed memory size of 134217728 bytes exhausted (tried to allocate 4194312 bytes)
  #0 [internal function]: dokuwiki\ErrorHandler::fatalShutdown()
  #1 {main}
2024-02-07 19:27:52	/dokuwiki/lib/plugins/authplain/auth.php(410)	E_ERROR: Allowed memory size of 134217728 bytes exhausted (tried to allocate 4194312 bytes)
  #0 [internal function]: dokuwiki\ErrorHandler::fatalShutdown()
  #1 {main}
2024-02-07 19:31:41	/dokuwiki/lib/plugins/authplain/auth.php(410)	E_ERROR: Allowed memory size of 134217728 bytes exhausted (tried to allocate 4194312 bytes)
  #0 [internal function]: dokuwiki\ErrorHandler::fatalShutdown()
  #1 {main}
2024-02-07 19:33:54	/dokuwiki/lib/plugins/authplain/auth.php(410)	E_ERROR: Allowed memory size of 134217728 bytes exhausted (tried to allocate 4194312 bytes)
  #0 [internal function]: dokuwiki\ErrorHandler::fatalShutdown()
  #1 {main}
2024-02-07 19:37:46	/dokuwiki/lib/plugins/authplain/auth.php(410)	E_ERROR: Allowed memory size of 134217728 bytes exhausted (tried to allocate 4194312 bytes)
  #0 [internal function]: dokuwiki\ErrorHandler::fatalShutdown()
  #1 {main}
2024-02-07 19:42:28	/dokuwiki/lib/plugins/authplain/auth.php(410)	E_ERROR: Allowed memory size of 134217728 bytes exhausted (tried to allocate 4194312 bytes)
  #0 [internal function]: dokuwiki\ErrorHandler::fatalShutdown()
  #1 {main}
2024-02-07 20:01:22	/dokuwiki/lib/plugins/authplain/auth.php(410)	E_ERROR: Allowed memory size of 134217728 bytes exhausted (tried to allocate 4194312 bytes)
  #0 [internal function]: dokuwiki\ErrorHandler::fatalShutdown()
  #1 {main}
2024-02-07 20:01:57	/dokuwiki/lib/plugins/authplain/auth.php(410)	E_ERROR: Allowed memory size of 134217728 bytes exhausted (tried to allocate 4194312 bytes)
  #0 [internal function]: dokuwiki\ErrorHandler::fatalShutdown()
  #1 {main}
2024-02-07 20:05:55	/dokuwiki/lib/plugins/authplain/auth.php(410)	E_ERROR: Allowed memory size of 134217728 bytes exhausted (tried to allocate 4194312 bytes)
  #0 [internal function]: dokuwiki\ErrorHandler::fatalShutdown()
  #1 {main}
2024-02-07 20:10:52	/dokuwiki/lib/plugins/authplain/auth.php(410)	E_ERROR: Allowed memory size of 134217728 bytes exhausted (tried to allocate 4194312 bytes)
  #0 [internal function]: dokuwiki\ErrorHandler::fatalShutdown()
  #1 {main}
2024-02-07 20:17:15	/dokuwiki/lib/plugins/authplain/auth.php(410)	E_ERROR: Allowed memory size of 134217728 bytes exhausted (tried to allocate 4194312 bytes)
  #0 [internal function]: dokuwiki\ErrorHandler::fatalShutdown()
  #1 {main}
2024-02-07 20:21:28	/dokuwiki/lib/plugins/authplain/auth.php(410)	E_ERROR: Allowed memory size of 134217728 bytes exhausted (tried to allocate 4194312 bytes)
  #0 [internal function]: dokuwiki\ErrorHandler::fatalShutdown()
  #1 {main}
2024-02-07 20:24:46	/dokuwiki/lib/plugins/authplain/auth.php(410)	E_ERROR: Allowed memory size of 134217728 bytes exhausted (tried to allocate 4194312 bytes)
  #0 [internal function]: dokuwiki\ErrorHandler::fatalShutdown()
  #1 {main}
2024-02-07 20:39:12	/dokuwiki/lib/plugins/authplain/auth.php(410)	E_ERROR: Allowed memory size of 134217728 bytes exhausted (tried to allocate 4194312 bytes)
  #0 [internal function]: dokuwiki\ErrorHandler::fatalShutdown()
  #1 {main}
2024-02-07 20:42:31	/dokuwiki/lib/plugins/authplain/auth.php(410)	E_ERROR: Allowed memory size of 134217728 bytes exhausted (tried to allocate 4194312 bytes)
  #0 [internal function]: dokuwiki\ErrorHandler::fatalShutdown()
  #1 {main}
2024-02-07 20:47:44	/dokuwiki/lib/plugins/authplain/auth.php(410)	E_ERROR: Allowed memory size of 134217728 bytes exhausted (tried to allocate 4194312 bytes)
  #0 [internal function]: dokuwiki\ErrorHandler::fatalShutdown()
  #1 {main}
2024-02-07 20:49:02	/dokuwiki/lib/plugins/authplain/auth.php(410)	E_ERROR: Allowed memory size of 134217728 bytes exhausted (tried to allocate 4194312 bytes)
  #0 [internal function]: dokuwiki\ErrorHandler::fatalShutdown()
  #1 {main}
2024-02-07 20:50:21	/dokuwiki/lib/plugins/authplain/auth.php(410)	E_ERROR: Allowed memory size of 134217728 bytes exhausted (tried to allocate 4194312 bytes)
  #0 [internal function]: dokuwiki\ErrorHandler::fatalShutdown()
  #1 {main}
2024-02-07 21:01:26	/dokuwiki/lib/plugins/authplain/auth.php(410)	E_ERROR: Allowed memory size of 134217728 bytes exhausted (tried to allocate 2097160 bytes)
  #0 [internal function]: dokuwiki\ErrorHandler::fatalShutdown()
  #1 {main}
2024-02-07 21:01:29	/dokuwiki/lib/plugins/authplain/auth.php(410)	E_ERROR: Allowed memory size of 134217728 bytes exhausted (tried to allocate 4194312 bytes)
  #0 [internal function]: dokuwiki\ErrorHandler::fatalShutdown()
  #1 {main}
2024-02-07 21:01:51	/dokuwiki/lib/plugins/authplain/auth.php(410)	E_ERROR: Allowed memory size of 134217728 bytes exhausted (tried to allocate 4194312 bytes)
  #0 [internal function]: dokuwiki\ErrorHandler::fatalShutdown()
  #1 {main}
2024-02-07 21:20:31	/dokuwiki/lib/plugins/authplain/auth.php(410)	E_ERROR: Allowed memory size of 134217728 bytes exhausted (tried to allocate 4194312 bytes)
  #0 [internal function]: dokuwiki\ErrorHandler::fatalShutdown()
  #1 {main}
2024-02-07 21:20:38	/dokuwiki/lib/plugins/authplain/auth.php(410)	E_ERROR: Allowed memory size of 134217728 bytes exhausted (tried to allocate 4194312 bytes)
  #0 [internal function]: dokuwiki\ErrorHandler::fatalShutdown()
  #1 {main}
2024-02-07 21:20:40	/dokuwiki/lib/plugins/authplain/auth.php(410)	E_ERROR: Allowed memory size of 134217728 bytes exhausted (tried to allocate 4194312 bytes)
  #0 [internal function]: dokuwiki\ErrorHandler::fatalShutdown()
  #1 {main}
2024-02-07 21:28:40	/dokuwiki/lib/plugins/authplain/auth.php(410)	E_ERROR: Allowed memory size of 134217728 bytes exhausted (tried to allocate 4194312 bytes)
  #0 [internal function]: dokuwiki\ErrorHandler::fatalShutdown()
  #1 {main}
2024-02-07 21:35:50	/dokuwiki/lib/plugins/authplain/auth.php(410)	E_ERROR: Allowed memory size of 134217728 bytes exhausted (tried to allocate 4194312 bytes)
  #0 [internal function]: dokuwiki\ErrorHandler::fatalShutdown()
  #1 {main}
2024-02-07 21:36:44	/dokuwiki/lib/plugins/authplain/auth.php(410)	E_ERROR: Allowed memory size of 134217728 bytes exhausted (tried to allocate 4194312 bytes)
  #0 [internal function]: dokuwiki\ErrorHandler::fatalShutdown()
  #1 {main}
2024-02-07 21:38:47	/dokuwiki/lib/plugins/authplain/auth.php(410)	E_ERROR: Allowed memory size of 134217728 bytes exhausted (tried to allocate 4194312 bytes)
  #0 [internal function]: dokuwiki\ErrorHandler::fatalShutdown()
  #1 {main}
2024-02-07 21:45:30	/dokuwiki/lib/plugins/authplain/auth.php(410)	E_ERROR: Allowed memory size of 134217728 bytes exhausted (tried to allocate 2097160 bytes)
  #0 [internal function]: dokuwiki\ErrorHandler::fatalShutdown()
  #1 {main}
2024-02-07 21:45:41	/dokuwiki/lib/plugins/authplain/auth.php(410)	E_ERROR: Allowed memory size of 134217728 bytes exhausted (tried to allocate 4194312 bytes)
  #0 [internal function]: dokuwiki\ErrorHandler::fatalShutdown()
  #1 {main}
2024-02-07 21:46:06	/dokuwiki/lib/plugins/authplain/auth.php(410)	E_ERROR: Allowed memory size of 134217728 bytes exhausted (tried to allocate 4194312 bytes)
  #0 [internal function]: dokuwiki\ErrorHandler::fatalShutdown()
  #1 {main}
2024-02-07 21:51:12	/dokuwiki/lib/plugins/authplain/auth.php(410)	E_ERROR: Allowed memory size of 134217728 bytes exhausted (tried to allocate 4194312 bytes)
  #0 [internal function]: dokuwiki\ErrorHandler::fatalShutdown()
  #1 {main}
2024-02-07 21:51:43	/dokuwiki/lib/plugins/authplain/auth.php(410)	E_ERROR: Allowed memory size of 134217728 bytes exhausted (tried to allocate 4194312 bytes)
  #0 [internal function]: dokuwiki\ErrorHandler::fatalShutdown()
  #1 {main}
2024-02-07 21:56:38	/dokuwiki/lib/plugins/authplain/auth.php(410)	E_ERROR: Allowed memory size of 134217728 bytes exhausted (tried to allocate 4194312 bytes)
  #0 [internal function]: dokuwiki\ErrorHandler::fatalShutdown()
  #1 {main}
2024-02-07 21:56:40	/dokuwiki/lib/plugins/authplain/auth.php(410)	E_ERROR: Allowed memory size of 134217728 bytes exhausted (tried to allocate 4194312 bytes)
  #0 [internal function]: dokuwiki\ErrorHandler::fatalShutdown()
  #1 {main}
2024-02-07 21:59:10	/dokuwiki/lib/plugins/authplain/auth.php(410)	E_ERROR: Allowed memory size of 134217728 bytes exhausted (tried to allocate 2097160 bytes)
  #0 [internal function]: dokuwiki\ErrorHandler::fatalShutdown()
  #1 {main}
2024-02-07 22:02:51	/dokuwiki/lib/plugins/authplain/auth.php(410)	E_ERROR: Allowed memory size of 134217728 bytes exhausted (tried to allocate 4194312 bytes)
  #0 [internal function]: dokuwiki\ErrorHandler::fatalShutdown()
  #1 {main}
2024-02-07 22:08:38	/dokuwiki/lib/plugins/authplain/auth.php(410)	E_ERROR: Allowed memory size of 134217728 bytes exhausted (tried to allocate 4194312 bytes)
  #0 [internal function]: dokuwiki\ErrorHandler::fatalShutdown()
  #1 {main}
2024-02-07 22:19:04	/dokuwiki/lib/plugins/authplain/auth.php(410)	E_ERROR: Allowed memory size of 134217728 bytes exhausted (tried to allocate 2097160 bytes)
  #0 [internal function]: dokuwiki\ErrorHandler::fatalShutdown()
  #1 {main}
2024-02-07 22:19:13	/dokuwiki/lib/plugins/authplain/auth.php(410)	E_ERROR: Allowed memory size of 134217728 bytes exhausted (tried to allocate 4194312 bytes)
  #0 [internal function]: dokuwiki\ErrorHandler::fatalShutdown()
  #1 {main}
2024-02-07 22:26:37	/dokuwiki/lib/plugins/authplain/auth.php(410)	E_ERROR: Allowed memory size of 134217728 bytes exhausted (tried to allocate 4194312 bytes)
  #0 [internal function]: dokuwiki\ErrorHandler::fatalShutdown()
  #1 {main}
2024-02-07 22:31:42	/dokuwiki/lib/plugins/authplain/auth.php(410)	E_ERROR: Allowed memory size of 134217728 bytes exhausted (tried to allocate 4194312 bytes)
  #0 [internal function]: dokuwiki\ErrorHandler::fatalShutdown()
  #1 {main}
2024-02-07 22:34:12	/dokuwiki/lib/plugins/authplain/auth.php(410)	E_ERROR: Allowed memory size of 134217728 bytes exhausted (tried to allocate 4194312 bytes)
  #0 [internal function]: dokuwiki\ErrorHandler::fatalShutdown()
  #1 {main}
2024-02-07 22:34:13	/dokuwiki/lib/plugins/authplain/auth.php(410)	E_ERROR: Allowed memory size of 134217728 bytes exhausted (tried to allocate 4194312 bytes)
  #0 [internal function]: dokuwiki\ErrorHandler::fatalShutdown()
  #1 {main}
2024-02-07 22:36:59	/dokuwiki/lib/plugins/authplain/auth.php(410)	E_ERROR: Allowed memory size of 134217728 bytes exhausted (tried to allocate 4194312 bytes)
  #0 [internal function]: dokuwiki\ErrorHandler::fatalShutdown()
  #1 {main}
2024-02-07 22:38:25	/dokuwiki/lib/plugins/authplain/auth.php(410)	E_ERROR: Allowed memory size of 134217728 bytes exhausted (tried to allocate 4194312 bytes)
  #0 [internal function]: dokuwiki\ErrorHandler::fatalShutdown()
  #1 {main}
2024-02-07 22:49:01	/dokuwiki/lib/plugins/authplain/auth.php(410)	E_ERROR: Allowed memory size of 134217728 bytes exhausted (tried to allocate 4194312 bytes)
  #0 [internal function]: dokuwiki\ErrorHandler::fatalShutdown()
  #1 {main}
2024-02-07 22:49:32	/dokuwiki/lib/plugins/authplain/auth.php(410)	E_ERROR: Allowed memory size of 134217728 bytes exhausted (tried to allocate 4194312 bytes)
  #0 [internal function]: dokuwiki\ErrorHandler::fatalShutdown()
  #1 {main}
2024-02-07 22:52:28	/dokuwiki/lib/plugins/authplain/auth.php(410)	E_ERROR: Allowed memory size of 134217728 bytes exhausted (tried to allocate 4194312 bytes)
  #0 [internal function]: dokuwiki\ErrorHandler::fatalShutdown()
  #1 {main}
2024-02-07 22:59:42	/dokuwiki/lib/plugins/authplain/auth.php(410)	E_ERROR: Allowed memory size of 134217728 bytes exhausted (tried to allocate 4194312 bytes)
  #0 [internal function]: dokuwiki\ErrorHandler::fatalShutdown()
  #1 {main}
2024-02-07 23:06:54	/dokuwiki/lib/plugins/authplain/auth.php(410)	E_ERROR: Allowed memory size of 134217728 bytes exhausted (tried to allocate 4194312 bytes)
  #0 [internal function]: dokuwiki\ErrorHandler::fatalShutdown()
  #1 {main}
2024-02-07 23:07:42	/dokuwiki/lib/plugins/authplain/auth.php(410)	E_ERROR: Allowed memory size of 134217728 bytes exhausted (tried to allocate 4194312 bytes)
  #0 [internal function]: dokuwiki\ErrorHandler::fatalShutdown()
  #1 {main}
2024-02-07 23:07:44	/dokuwiki/lib/plugins/authplain/auth.php(410)	E_ERROR: Allowed memory size of 134217728 bytes exhausted (tried to allocate 4194312 bytes)
  #0 [internal function]: dokuwiki\ErrorHandler::fatalShutdown()
  #1 {main}
2024-02-07 23:11:19	/dokuwiki/lib/plugins/authplain/auth.php(410)	E_ERROR: Allowed memory size of 134217728 bytes exhausted (tried to allocate 4194312 bytes)
  #0 [internal function]: dokuwiki\ErrorHandler::fatalShutdown()
  #1 {main}
2024-02-07 23:13:43	/dokuwiki/lib/plugins/authplain/auth.php(410)	E_ERROR: Allowed memory size of 134217728 bytes exhausted (tried to allocate 4194312 bytes)
  #0 [internal function]: dokuwiki\ErrorHandler::fatalShutdown()
  #1 {main}
2024-02-07 23:17:47	/dokuwiki/lib/plugins/authplain/auth.php(410)	E_ERROR: Allowed memory size of 134217728 bytes exhausted (tried to allocate 4194312 bytes)
  #0 [internal function]: dokuwiki\ErrorHandler::fatalShutdown()
  #1 {main}
2024-02-07 23:27:10	/dokuwiki/lib/plugins/authplain/auth.php(410)	E_ERROR: Allowed memory size of 134217728 bytes exhausted (tried to allocate 4194312 bytes)
  #0 [internal function]: dokuwiki\ErrorHandler::fatalShutdown()
  #1 {main}
2024-02-07 23:31:23	/dokuwiki/lib/plugins/authplain/auth.php(410)	E_ERROR: Allowed memory size of 134217728 bytes exhausted (tried to allocate 4194312 bytes)
  #0 [internal function]: dokuwiki\ErrorHandler::fatalShutdown()
  #1 {main}
2024-02-07 23:33:02	/dokuwiki/lib/plugins/authplain/auth.php(410)	E_ERROR: Allowed memory size of 134217728 bytes exhausted (tried to allocate 4194312 bytes)
  #0 [internal function]: dokuwiki\ErrorHandler::fatalShutdown()
  #1 {main}
2024-02-07 23:39:27	/dokuwiki/lib/plugins/authplain/auth.php(410)	E_ERROR: Allowed memory size of 134217728 bytes exhausted (tried to allocate 2097160 bytes)
  #0 [internal function]: dokuwiki\ErrorHandler::fatalShutdown()
  #1 {main}
2024-02-07 23:40:38	/dokuwiki/lib/plugins/authplain/auth.php(410)	E_ERROR: Allowed memory size of 134217728 bytes exhausted (tried to allocate 4194312 bytes)
  #0 [internal function]: dokuwiki\ErrorHandler::fatalShutdown()
  #1 {main}
2024-02-07 23:49:19	/dokuwiki/lib/plugins/authplain/auth.php(410)	E_ERROR: Allowed memory size of 134217728 bytes exhausted (tried to allocate 4194312 bytes)
  #0 [internal function]: dokuwiki\ErrorHandler::fatalShutdown()
  #1 {main}
2024-02-07 23:49:26	/dokuwiki/lib/plugins/authplain/auth.php(410)	E_ERROR: Allowed memory size of 134217728 bytes exhausted (tried to allocate 4194312 bytes)
  #0 [internal function]: dokuwiki\ErrorHandler::fatalShutdown()
  #1 {main}
2024-02-07 23:54:22	/dokuwiki/lib/plugins/authplain/auth.php(410)	E_ERROR: Allowed memory size of 134217728 bytes exhausted (tried to allocate 4194312 bytes)
  #0 [internal function]: dokuwiki\ErrorHandler::fatalShutdown()
  #1 {main}
