2023-04-17 17:57:59		require(syntax.php) is deprecated. It was called from require_once() in /dokuwiki/lib/plugins/divalign2/common.php:22 Autoloading should be used instead!
2023-04-17 17:57:59		require(action.php) is deprecated. It was called from require() in /dokuwiki/lib/plugins/hidden/action.php:9 Autoloading should be used instead!
2023-04-17 17:57:59		resolve_id() is deprecated. It was called from syntax_plugin_indexmenu_indexmenu::_parse_ns() in /dokuwiki/lib/plugins/indexmenu/syntax/indexmenu.php:620 dokuwiki\File\Resolver and its children should be used instead!
2023-04-17 17:57:59		require(syntax.php) is deprecated. It was called from require_once() in /dokuwiki/lib/plugins/divalign2/common.php:22 Autoloading should be used instead!
2023-04-17 17:57:59		require(action.php) is deprecated. It was called from require() in /dokuwiki/lib/plugins/hidden/action.php:9 Autoloading should be used instead!
2023-04-17 17:57:59		require(syntax.php) is deprecated. It was called from require_once() in /dokuwiki/lib/plugins/divalign2/common.php:22 Autoloading should be used instead!
2023-04-17 17:57:59		require(action.php) is deprecated. It was called from require() in /dokuwiki/lib/plugins/hidden/action.php:9 Autoloading should be used instead!
2023-04-17 17:57:59		require(syntax.php) is deprecated. It was called from require_once() in /dokuwiki/lib/plugins/divalign2/common.php:22 Autoloading should be used instead!
2023-04-17 17:57:59		require(action.php) is deprecated. It was called from require() in /dokuwiki/lib/plugins/hidden/action.php:9 Autoloading should be used instead!
2023-04-17 17:58:01		html_li_index() is deprecated. It was called from html_buildlist() in /dokuwiki/inc/html.php:471 dokuwiki\Ui\Index::tagListItem() should be used instead!
2023-04-17 17:58:01		html_li_index() is deprecated. It was called from html_buildlist() in /dokuwiki/inc/html.php:471 dokuwiki\Ui\Index::tagListItem() should be used instead!
2023-04-17 17:58:01		html_li_index() is deprecated. It was called from html_buildlist() in /dokuwiki/inc/html.php:471 dokuwiki\Ui\Index::tagListItem() should be used instead!
2023-04-17 17:58:01		html_li_index() is deprecated. It was called from html_buildlist() in /dokuwiki/inc/html.php:471 dokuwiki\Ui\Index::tagListItem() should be used instead!
2023-04-17 17:58:01		html_li_index() is deprecated. It was called from html_buildlist() in /dokuwiki/inc/html.php:471 dokuwiki\Ui\Index::tagListItem() should be used instead!
2023-04-17 17:58:01		html_li_index() is deprecated. It was called from html_buildlist() in /dokuwiki/inc/html.php:471 dokuwiki\Ui\Index::tagListItem() should be used instead!
2023-04-17 17:58:01		html_li_index() is deprecated. It was called from html_buildlist() in /dokuwiki/inc/html.php:471 dokuwiki\Ui\Index::tagListItem() should be used instead!
2023-04-17 17:58:01		html_li_index() is deprecated. It was called from html_buildlist() in /dokuwiki/inc/html.php:471 dokuwiki\Ui\Index::tagListItem() should be used instead!
2023-04-17 17:58:02		require(syntax.php) is deprecated. It was called from require_once() in /dokuwiki/lib/plugins/divalign2/common.php:22 Autoloading should be used instead!
2023-04-17 17:58:02		require(action.php) is deprecated. It was called from require() in /dokuwiki/lib/plugins/hidden/action.php:9 Autoloading should be used instead!
2023-04-17 17:58:02		require(syntax.php) is deprecated. It was called from require_once() in /dokuwiki/lib/plugins/divalign2/common.php:22 Autoloading should be used instead!
2023-04-17 17:58:02		require(action.php) is deprecated. It was called from require() in /dokuwiki/lib/plugins/hidden/action.php:9 Autoloading should be used instead!
2023-04-17 17:58:02		require(syntax.php) is deprecated. It was called from require_once() in /dokuwiki/lib/plugins/divalign2/common.php:22 Autoloading should be used instead!
2023-04-17 17:58:02		require(action.php) is deprecated. It was called from require() in /dokuwiki/lib/plugins/hidden/action.php:9 Autoloading should be used instead!
2023-04-17 17:58:03		require(syntax.php) is deprecated. It was called from require_once() in /dokuwiki/lib/plugins/divalign2/common.php:22 Autoloading should be used instead!
2023-04-17 17:58:03		require(action.php) is deprecated. It was called from require() in /dokuwiki/lib/plugins/hidden/action.php:9 Autoloading should be used instead!
2023-04-17 18:16:52		require(syntax.php) is deprecated. It was called from require_once() in /dokuwiki/lib/plugins/divalign2/common.php:22 Autoloading should be used instead!
2023-04-17 18:16:52		require(action.php) is deprecated. It was called from require() in /dokuwiki/lib/plugins/hidden/action.php:9 Autoloading should be used instead!
2023-04-17 18:16:52		require(syntax.php) is deprecated. It was called from require_once() in /dokuwiki/lib/plugins/divalign2/common.php:22 Autoloading should be used instead!
2023-04-17 18:16:52		require(action.php) is deprecated. It was called from require() in /dokuwiki/lib/plugins/hidden/action.php:9 Autoloading should be used instead!
2023-04-17 18:16:52		require(syntax.php) is deprecated. It was called from require_once() in /dokuwiki/lib/plugins/divalign2/common.php:22 Autoloading should be used instead!
2023-04-17 18:16:52		require(action.php) is deprecated. It was called from require() in /dokuwiki/lib/plugins/hidden/action.php:9 Autoloading should be used instead!
2023-04-17 18:16:52		require(syntax.php) is deprecated. It was called from require_once() in /dokuwiki/lib/plugins/divalign2/common.php:22 Autoloading should be used instead!
2023-04-17 18:16:52		require(action.php) is deprecated. It was called from require() in /dokuwiki/lib/plugins/hidden/action.php:9 Autoloading should be used instead!
2023-04-17 18:16:52		require(syntax.php) is deprecated. It was called from require_once() in /dokuwiki/lib/plugins/divalign2/common.php:22 Autoloading should be used instead!
2023-04-17 18:16:52		require(action.php) is deprecated. It was called from require() in /dokuwiki/lib/plugins/hidden/action.php:9 Autoloading should be used instead!
2023-04-17 18:16:56		require(syntax.php) is deprecated. It was called from require_once() in /dokuwiki/lib/plugins/divalign2/common.php:22 Autoloading should be used instead!
2023-04-17 18:16:56		require(action.php) is deprecated. It was called from require() in /dokuwiki/lib/plugins/hidden/action.php:9 Autoloading should be used instead!
2023-04-17 18:16:56		require(syntax.php) is deprecated. It was called from require_once() in /dokuwiki/lib/plugins/divalign2/common.php:22 Autoloading should be used instead!
2023-04-17 18:16:56		require(action.php) is deprecated. It was called from require() in /dokuwiki/lib/plugins/hidden/action.php:9 Autoloading should be used instead!
2023-04-17 18:26:17		require(syntax.php) is deprecated. It was called from require_once() in /dokuwiki/lib/plugins/divalign2/common.php:22 Autoloading should be used instead!
2023-04-17 18:26:17		require(action.php) is deprecated. It was called from require() in /dokuwiki/lib/plugins/hidden/action.php:9 Autoloading should be used instead!
2023-04-17 18:26:17		require(syntax.php) is deprecated. It was called from require_once() in /dokuwiki/lib/plugins/divalign2/common.php:22 Autoloading should be used instead!
2023-04-17 18:26:17		require(action.php) is deprecated. It was called from require() in /dokuwiki/lib/plugins/hidden/action.php:9 Autoloading should be used instead!
2023-04-17 18:26:35		require(syntax.php) is deprecated. It was called from require_once() in /dokuwiki/lib/plugins/divalign2/common.php:22 Autoloading should be used instead!
2023-04-17 18:26:35		require(action.php) is deprecated. It was called from require() in /dokuwiki/lib/plugins/hidden/action.php:9 Autoloading should be used instead!
2023-04-17 18:26:35		Doku_Handler::_addCall() is deprecated. It was called from syntax_plugin_divalign2_common::handle() in /dokuwiki/lib/plugins/divalign2/common.php:64 addCall should be used instead!
2023-04-17 18:26:35		Doku_Handler::_addCall() is deprecated. It was called from syntax_plugin_divalign2_common::handle() in /dokuwiki/lib/plugins/divalign2/common.php:64 addCall should be used instead!
2023-04-17 18:26:35		Doku_Handler::_addCall() is deprecated. It was called from syntax_plugin_divalign2_common::handle() in /dokuwiki/lib/plugins/divalign2/common.php:64 addCall should be used instead!
2023-04-17 18:26:35		Doku_Handler::_addCall() is deprecated. It was called from syntax_plugin_divalign2_common::handle() in /dokuwiki/lib/plugins/divalign2/common.php:64 addCall should be used instead!
2023-04-17 18:26:35		Doku_Handler::_addCall() is deprecated. It was called from syntax_plugin_divalign2_common::handle() in /dokuwiki/lib/plugins/divalign2/common.php:64 addCall should be used instead!
2023-04-17 18:26:35		Doku_Handler::_addCall() is deprecated. It was called from syntax_plugin_divalign2_common::handle() in /dokuwiki/lib/plugins/divalign2/common.php:64 addCall should be used instead!
2023-04-17 18:26:35		Doku_Handler::_addCall() is deprecated. It was called from syntax_plugin_divalign2_common::handle() in /dokuwiki/lib/plugins/divalign2/common.php:64 addCall should be used instead!
2023-04-17 18:26:35		Doku_Handler::_addCall() is deprecated. It was called from syntax_plugin_wrap_div::handle() in /dokuwiki/lib/plugins/wrap/syntax/div.php:49 addCall should be used instead!
2023-04-17 18:26:35		resolve_id() is deprecated. It was called from syntax_plugin_indexmenu_indexmenu::_parse_ns() in /dokuwiki/lib/plugins/indexmenu/syntax/indexmenu.php:620 dokuwiki\File\Resolver and its children should be used instead!
2023-04-17 18:26:36		html_li_index() is deprecated. It was called from html_buildlist() in /dokuwiki/inc/html.php:471 dokuwiki\Ui\Index::tagListItem() should be used instead!
2023-04-17 18:26:36		html_li_index() is deprecated. It was called from html_buildlist() in /dokuwiki/inc/html.php:471 dokuwiki\Ui\Index::tagListItem() should be used instead!
2023-04-17 18:26:36		html_li_index() is deprecated. It was called from html_buildlist() in /dokuwiki/inc/html.php:471 dokuwiki\Ui\Index::tagListItem() should be used instead!
2023-04-17 18:26:36		html_li_index() is deprecated. It was called from html_buildlist() in /dokuwiki/inc/html.php:471 dokuwiki\Ui\Index::tagListItem() should be used instead!
2023-04-17 18:26:36		html_li_index() is deprecated. It was called from html_buildlist() in /dokuwiki/inc/html.php:471 dokuwiki\Ui\Index::tagListItem() should be used instead!
2023-04-17 18:26:36		html_li_index() is deprecated. It was called from html_buildlist() in /dokuwiki/inc/html.php:471 dokuwiki\Ui\Index::tagListItem() should be used instead!
2023-04-17 18:26:36		html_li_index() is deprecated. It was called from html_buildlist() in /dokuwiki/inc/html.php:471 dokuwiki\Ui\Index::tagListItem() should be used instead!
2023-04-17 18:26:36		html_li_index() is deprecated. It was called from html_buildlist() in /dokuwiki/inc/html.php:471 dokuwiki\Ui\Index::tagListItem() should be used instead!
2023-04-17 18:39:38		require(syntax.php) is deprecated. It was called from require_once() in /dokuwiki/lib/plugins/divalign2/common.php:22 Autoloading should be used instead!
2023-04-17 18:39:38		require(action.php) is deprecated. It was called from require() in /dokuwiki/lib/plugins/hidden/action.php:9 Autoloading should be used instead!
2023-04-17 18:39:38		require(syntax.php) is deprecated. It was called from require_once() in /dokuwiki/lib/plugins/divalign2/common.php:22 Autoloading should be used instead!
2023-04-17 18:39:38		require(action.php) is deprecated. It was called from require() in /dokuwiki/lib/plugins/hidden/action.php:9 Autoloading should be used instead!
2023-04-17 18:41:11		require(syntax.php) is deprecated. It was called from require_once() in /dokuwiki/lib/plugins/divalign2/common.php:22 Autoloading should be used instead!
2023-04-17 18:41:11		require(action.php) is deprecated. It was called from require() in /dokuwiki/lib/plugins/hidden/action.php:9 Autoloading should be used instead!
2023-04-17 18:41:11		require(syntax.php) is deprecated. It was called from require_once() in /dokuwiki/lib/plugins/divalign2/common.php:22 Autoloading should be used instead!
2023-04-17 18:41:11		require(action.php) is deprecated. It was called from require() in /dokuwiki/lib/plugins/hidden/action.php:9 Autoloading should be used instead!
2023-04-17 18:41:12		require(syntax.php) is deprecated. It was called from require_once() in /dokuwiki/lib/plugins/divalign2/common.php:22 Autoloading should be used instead!
2023-04-17 18:41:12		require(action.php) is deprecated. It was called from require() in /dokuwiki/lib/plugins/hidden/action.php:9 Autoloading should be used instead!
2023-04-17 18:41:12		require(syntax.php) is deprecated. It was called from require_once() in /dokuwiki/lib/plugins/divalign2/common.php:22 Autoloading should be used instead!
2023-04-17 18:41:12		require(action.php) is deprecated. It was called from require() in /dokuwiki/lib/plugins/hidden/action.php:9 Autoloading should be used instead!
2023-04-17 18:41:14		require(syntax.php) is deprecated. It was called from require_once() in /dokuwiki/lib/plugins/divalign2/common.php:22 Autoloading should be used instead!
2023-04-17 18:41:14		require(action.php) is deprecated. It was called from require() in /dokuwiki/lib/plugins/hidden/action.php:9 Autoloading should be used instead!
2023-04-17 18:41:15		require(syntax.php) is deprecated. It was called from require_once() in /dokuwiki/lib/plugins/divalign2/common.php:22 Autoloading should be used instead!
2023-04-17 18:41:15		require(action.php) is deprecated. It was called from require() in /dokuwiki/lib/plugins/hidden/action.php:9 Autoloading should be used instead!
2023-04-17 18:41:21		require(syntax.php) is deprecated. It was called from require_once() in /dokuwiki/lib/plugins/divalign2/common.php:22 Autoloading should be used instead!
2023-04-17 18:41:21		require(action.php) is deprecated. It was called from require() in /dokuwiki/lib/plugins/hidden/action.php:9 Autoloading should be used instead!
2023-04-17 18:41:21		require(syntax.php) is deprecated. It was called from require_once() in /dokuwiki/lib/plugins/divalign2/common.php:22 Autoloading should be used instead!
2023-04-17 18:41:21		require(action.php) is deprecated. It was called from require() in /dokuwiki/lib/plugins/hidden/action.php:9 Autoloading should be used instead!
2023-04-17 18:41:27		require(syntax.php) is deprecated. It was called from require_once() in /dokuwiki/lib/plugins/divalign2/common.php:22 Autoloading should be used instead!
2023-04-17 18:41:27		require(action.php) is deprecated. It was called from require() in /dokuwiki/lib/plugins/hidden/action.php:9 Autoloading should be used instead!
2023-04-17 18:41:27		require(syntax.php) is deprecated. It was called from require_once() in /dokuwiki/lib/plugins/divalign2/common.php:22 Autoloading should be used instead!
2023-04-17 18:41:27		require(action.php) is deprecated. It was called from require() in /dokuwiki/lib/plugins/hidden/action.php:9 Autoloading should be used instead!
2023-04-17 18:41:28		require(syntax.php) is deprecated. It was called from require_once() in /dokuwiki/lib/plugins/divalign2/common.php:22 Autoloading should be used instead!
2023-04-17 18:41:28		require(action.php) is deprecated. It was called from require() in /dokuwiki/lib/plugins/hidden/action.php:9 Autoloading should be used instead!
2023-04-17 18:41:28		require(syntax.php) is deprecated. It was called from require_once() in /dokuwiki/lib/plugins/divalign2/common.php:22 Autoloading should be used instead!
2023-04-17 18:41:28		require(action.php) is deprecated. It was called from require() in /dokuwiki/lib/plugins/hidden/action.php:9 Autoloading should be used instead!
2023-04-17 18:41:29		require(syntax.php) is deprecated. It was called from require_once() in /dokuwiki/lib/plugins/divalign2/common.php:22 Autoloading should be used instead!
2023-04-17 18:41:29		require(action.php) is deprecated. It was called from require() in /dokuwiki/lib/plugins/hidden/action.php:9 Autoloading should be used instead!
2023-04-17 18:41:29		resolve_id() is deprecated. It was called from syntax_plugin_indexmenu_indexmenu::_parse_ns() in /dokuwiki/lib/plugins/indexmenu/syntax/indexmenu.php:620 dokuwiki\File\Resolver and its children should be used instead!
2023-04-17 18:41:29		html_li_index() is deprecated. It was called from html_buildlist() in /dokuwiki/inc/html.php:471 dokuwiki\Ui\Index::tagListItem() should be used instead!
2023-04-17 18:41:29		html_li_index() is deprecated. It was called from html_buildlist() in /dokuwiki/inc/html.php:471 dokuwiki\Ui\Index::tagListItem() should be used instead!
2023-04-17 18:41:29		html_li_index() is deprecated. It was called from html_buildlist() in /dokuwiki/inc/html.php:471 dokuwiki\Ui\Index::tagListItem() should be used instead!
2023-04-17 18:41:29		html_li_index() is deprecated. It was called from html_buildlist() in /dokuwiki/inc/html.php:471 dokuwiki\Ui\Index::tagListItem() should be used instead!
2023-04-17 18:41:29		html_li_index() is deprecated. It was called from html_buildlist() in /dokuwiki/inc/html.php:471 dokuwiki\Ui\Index::tagListItem() should be used instead!
2023-04-17 18:41:29		html_li_index() is deprecated. It was called from html_buildlist() in /dokuwiki/inc/html.php:471 dokuwiki\Ui\Index::tagListItem() should be used instead!
2023-04-17 18:41:29		html_li_index() is deprecated. It was called from html_buildlist() in /dokuwiki/inc/html.php:471 dokuwiki\Ui\Index::tagListItem() should be used instead!
2023-04-17 18:41:29		html_li_index() is deprecated. It was called from html_buildlist() in /dokuwiki/inc/html.php:471 dokuwiki\Ui\Index::tagListItem() should be used instead!
2023-04-17 18:41:29		require(syntax.php) is deprecated. It was called from require_once() in /dokuwiki/lib/plugins/divalign2/common.php:22 Autoloading should be used instead!
2023-04-17 18:41:29		require(action.php) is deprecated. It was called from require() in /dokuwiki/lib/plugins/hidden/action.php:9 Autoloading should be used instead!
2023-04-17 18:41:31		require(syntax.php) is deprecated. It was called from require_once() in /dokuwiki/lib/plugins/divalign2/common.php:22 Autoloading should be used instead!
2023-04-17 18:41:31		require(action.php) is deprecated. It was called from require() in /dokuwiki/lib/plugins/hidden/action.php:9 Autoloading should be used instead!
2023-04-17 18:41:31		require(syntax.php) is deprecated. It was called from require_once() in /dokuwiki/lib/plugins/divalign2/common.php:22 Autoloading should be used instead!
2023-04-17 18:41:31		require(action.php) is deprecated. It was called from require() in /dokuwiki/lib/plugins/hidden/action.php:9 Autoloading should be used instead!
2023-04-17 18:41:41		require(syntax.php) is deprecated. It was called from require_once() in /dokuwiki/lib/plugins/divalign2/common.php:22 Autoloading should be used instead!
2023-04-17 18:41:41		require(action.php) is deprecated. It was called from require() in /dokuwiki/lib/plugins/hidden/action.php:9 Autoloading should be used instead!
2023-04-17 18:41:41		require(syntax.php) is deprecated. It was called from require_once() in /dokuwiki/lib/plugins/divalign2/common.php:22 Autoloading should be used instead!
2023-04-17 18:41:41		require(action.php) is deprecated. It was called from require() in /dokuwiki/lib/plugins/hidden/action.php:9 Autoloading should be used instead!
2023-04-17 18:42:09		require(syntax.php) is deprecated. It was called from require_once() in /dokuwiki/lib/plugins/divalign2/common.php:22 Autoloading should be used instead!
2023-04-17 18:42:09		require(action.php) is deprecated. It was called from require() in /dokuwiki/lib/plugins/hidden/action.php:9 Autoloading should be used instead!
2023-04-17 18:42:09		require(syntax.php) is deprecated. It was called from require_once() in /dokuwiki/lib/plugins/divalign2/common.php:22 Autoloading should be used instead!
2023-04-17 18:42:09		require(action.php) is deprecated. It was called from require() in /dokuwiki/lib/plugins/hidden/action.php:9 Autoloading should be used instead!
2023-04-17 18:42:09		require(syntax.php) is deprecated. It was called from require_once() in /dokuwiki/lib/plugins/divalign2/common.php:22 Autoloading should be used instead!
2023-04-17 18:42:09		require(action.php) is deprecated. It was called from require() in /dokuwiki/lib/plugins/hidden/action.php:9 Autoloading should be used instead!
2023-04-17 18:42:09		require(syntax.php) is deprecated. It was called from require_once() in /dokuwiki/lib/plugins/divalign2/common.php:22 Autoloading should be used instead!
2023-04-17 18:42:09		require(action.php) is deprecated. It was called from require() in /dokuwiki/lib/plugins/hidden/action.php:9 Autoloading should be used instead!
2023-04-17 18:42:09		require(syntax.php) is deprecated. It was called from require_once() in /dokuwiki/lib/plugins/divalign2/common.php:22 Autoloading should be used instead!
2023-04-17 18:42:09		require(action.php) is deprecated. It was called from require() in /dokuwiki/lib/plugins/hidden/action.php:9 Autoloading should be used instead!
2023-04-17 18:42:18		require(syntax.php) is deprecated. It was called from require_once() in /dokuwiki/lib/plugins/divalign2/common.php:22 Autoloading should be used instead!
2023-04-17 18:42:18		require(action.php) is deprecated. It was called from require() in /dokuwiki/lib/plugins/hidden/action.php:9 Autoloading should be used instead!
2023-04-17 18:42:18		require(syntax.php) is deprecated. It was called from require_once() in /dokuwiki/lib/plugins/divalign2/common.php:22 Autoloading should be used instead!
2023-04-17 18:42:18		require(action.php) is deprecated. It was called from require() in /dokuwiki/lib/plugins/hidden/action.php:9 Autoloading should be used instead!
2023-04-17 18:42:20		require(syntax.php) is deprecated. It was called from require_once() in /dokuwiki/lib/plugins/divalign2/common.php:22 Autoloading should be used instead!
2023-04-17 18:42:20		require(action.php) is deprecated. It was called from require() in /dokuwiki/lib/plugins/hidden/action.php:9 Autoloading should be used instead!
2023-04-17 18:42:20		require(syntax.php) is deprecated. It was called from require_once() in /dokuwiki/lib/plugins/divalign2/common.php:22 Autoloading should be used instead!
2023-04-17 18:42:20		require(action.php) is deprecated. It was called from require() in /dokuwiki/lib/plugins/hidden/action.php:9 Autoloading should be used instead!
2023-04-17 18:42:24		require(syntax.php) is deprecated. It was called from require_once() in /dokuwiki/lib/plugins/divalign2/common.php:22 Autoloading should be used instead!
2023-04-17 18:42:24		require(action.php) is deprecated. It was called from require() in /dokuwiki/lib/plugins/hidden/action.php:9 Autoloading should be used instead!
2023-04-17 18:42:24		require(syntax.php) is deprecated. It was called from require_once() in /dokuwiki/lib/plugins/divalign2/common.php:22 Autoloading should be used instead!
2023-04-17 18:42:24		require(action.php) is deprecated. It was called from require() in /dokuwiki/lib/plugins/hidden/action.php:9 Autoloading should be used instead!
2023-04-17 18:42:24		require(syntax.php) is deprecated. It was called from require_once() in /dokuwiki/lib/plugins/divalign2/common.php:22 Autoloading should be used instead!
2023-04-17 18:42:24		require(action.php) is deprecated. It was called from require() in /dokuwiki/lib/plugins/hidden/action.php:9 Autoloading should be used instead!
2023-04-17 18:51:06		require(syntax.php) is deprecated. It was called from require_once() in /dokuwiki/lib/plugins/divalign2/common.php:22 Autoloading should be used instead!
2023-04-17 18:51:06		require(action.php) is deprecated. It was called from require() in /dokuwiki/lib/plugins/hidden/action.php:9 Autoloading should be used instead!
2023-04-17 18:51:06		require(syntax.php) is deprecated. It was called from require_once() in /dokuwiki/lib/plugins/divalign2/common.php:22 Autoloading should be used instead!
2023-04-17 18:51:06		require(action.php) is deprecated. It was called from require() in /dokuwiki/lib/plugins/hidden/action.php:9 Autoloading should be used instead!
2023-04-17 19:39:06		require(syntax.php) is deprecated. It was called from require_once() in /dokuwiki/lib/plugins/divalign2/common.php:22 Autoloading should be used instead!
2023-04-17 19:39:06		require(action.php) is deprecated. It was called from require() in /dokuwiki/lib/plugins/hidden/action.php:9 Autoloading should be used instead!
2023-04-17 19:39:07		require(syntax.php) is deprecated. It was called from require_once() in /dokuwiki/lib/plugins/divalign2/common.php:22 Autoloading should be used instead!
2023-04-17 19:39:07		require(action.php) is deprecated. It was called from require() in /dokuwiki/lib/plugins/hidden/action.php:9 Autoloading should be used instead!
2023-04-17 19:39:07		require(syntax.php) is deprecated. It was called from require_once() in /dokuwiki/lib/plugins/divalign2/common.php:22 Autoloading should be used instead!
2023-04-17 19:39:07		require(syntax.php) is deprecated. It was called from require_once() in /dokuwiki/lib/plugins/divalign2/common.php:22 Autoloading should be used instead!
2023-04-17 19:39:07		require(action.php) is deprecated. It was called from require() in /dokuwiki/lib/plugins/hidden/action.php:9 Autoloading should be used instead!
2023-04-17 19:39:07		require(action.php) is deprecated. It was called from require() in /dokuwiki/lib/plugins/hidden/action.php:9 Autoloading should be used instead!
2023-04-17 19:39:09		require(syntax.php) is deprecated. It was called from require_once() in /dokuwiki/lib/plugins/divalign2/common.php:22 Autoloading should be used instead!
2023-04-17 19:39:09		require(action.php) is deprecated. It was called from require() in /dokuwiki/lib/plugins/hidden/action.php:9 Autoloading should be used instead!
2023-04-17 19:39:11		require(syntax.php) is deprecated. It was called from require_once() in /dokuwiki/lib/plugins/divalign2/common.php:22 Autoloading should be used instead!
2023-04-17 19:39:11		require(action.php) is deprecated. It was called from require() in /dokuwiki/lib/plugins/hidden/action.php:9 Autoloading should be used instead!
2023-04-17 19:39:12		require(syntax.php) is deprecated. It was called from require_once() in /dokuwiki/lib/plugins/divalign2/common.php:22 Autoloading should be used instead!
2023-04-17 19:39:12		require(action.php) is deprecated. It was called from require() in /dokuwiki/lib/plugins/hidden/action.php:9 Autoloading should be used instead!
2023-04-17 19:39:12		require(syntax.php) is deprecated. It was called from require_once() in /dokuwiki/lib/plugins/divalign2/common.php:22 Autoloading should be used instead!
2023-04-17 19:39:12		require(action.php) is deprecated. It was called from require() in /dokuwiki/lib/plugins/hidden/action.php:9 Autoloading should be used instead!
2023-04-17 19:39:12		require(syntax.php) is deprecated. It was called from require_once() in /dokuwiki/lib/plugins/divalign2/common.php:22 Autoloading should be used instead!
2023-04-17 19:39:12		require(action.php) is deprecated. It was called from require() in /dokuwiki/lib/plugins/hidden/action.php:9 Autoloading should be used instead!
2023-04-17 19:39:12		require(syntax.php) is deprecated. It was called from require_once() in /dokuwiki/lib/plugins/divalign2/common.php:22 Autoloading should be used instead!
2023-04-17 19:39:12		require(syntax.php) is deprecated. It was called from require_once() in /dokuwiki/lib/plugins/divalign2/common.php:22 Autoloading should be used instead!
2023-04-17 19:39:12		require(action.php) is deprecated. It was called from require() in /dokuwiki/lib/plugins/hidden/action.php:9 Autoloading should be used instead!
2023-04-17 19:39:12		require(action.php) is deprecated. It was called from require() in /dokuwiki/lib/plugins/hidden/action.php:9 Autoloading should be used instead!
2023-04-17 19:39:12		require(syntax.php) is deprecated. It was called from require_once() in /dokuwiki/lib/plugins/divalign2/common.php:22 Autoloading should be used instead!
2023-04-17 19:39:12		require(action.php) is deprecated. It was called from require() in /dokuwiki/lib/plugins/hidden/action.php:9 Autoloading should be used instead!
2023-04-17 19:39:13		require(syntax.php) is deprecated. It was called from require_once() in /dokuwiki/lib/plugins/divalign2/common.php:22 Autoloading should be used instead!
2023-04-17 19:39:13		require(action.php) is deprecated. It was called from require() in /dokuwiki/lib/plugins/hidden/action.php:9 Autoloading should be used instead!
2023-04-17 19:39:13		html_li_index() is deprecated. It was called from html_buildlist() in /dokuwiki/inc/html.php:471 dokuwiki\Ui\Index::tagListItem() should be used instead!
2023-04-17 19:39:13		html_li_index() is deprecated. It was called from html_buildlist() in /dokuwiki/inc/html.php:471 dokuwiki\Ui\Index::tagListItem() should be used instead!
2023-04-17 19:39:13		html_li_index() is deprecated. It was called from html_buildlist() in /dokuwiki/inc/html.php:471 dokuwiki\Ui\Index::tagListItem() should be used instead!
2023-04-17 19:39:13		html_li_index() is deprecated. It was called from html_buildlist() in /dokuwiki/inc/html.php:471 dokuwiki\Ui\Index::tagListItem() should be used instead!
2023-04-17 19:39:13		html_li_index() is deprecated. It was called from html_buildlist() in /dokuwiki/inc/html.php:471 dokuwiki\Ui\Index::tagListItem() should be used instead!
2023-04-17 19:39:13		html_li_index() is deprecated. It was called from html_buildlist() in /dokuwiki/inc/html.php:471 dokuwiki\Ui\Index::tagListItem() should be used instead!
2023-04-17 19:39:13		html_li_index() is deprecated. It was called from html_buildlist() in /dokuwiki/inc/html.php:471 dokuwiki\Ui\Index::tagListItem() should be used instead!
2023-04-17 19:39:13		html_li_index() is deprecated. It was called from html_buildlist() in /dokuwiki/inc/html.php:471 dokuwiki\Ui\Index::tagListItem() should be used instead!
2023-04-17 19:39:13		require(syntax.php) is deprecated. It was called from require_once() in /dokuwiki/lib/plugins/divalign2/common.php:22 Autoloading should be used instead!
2023-04-17 19:39:13		require(action.php) is deprecated. It was called from require() in /dokuwiki/lib/plugins/hidden/action.php:9 Autoloading should be used instead!
2023-04-17 19:39:14		require(syntax.php) is deprecated. It was called from require_once() in /dokuwiki/lib/plugins/divalign2/common.php:22 Autoloading should be used instead!
2023-04-17 19:39:14		require(action.php) is deprecated. It was called from require() in /dokuwiki/lib/plugins/hidden/action.php:9 Autoloading should be used instead!
2023-04-17 19:39:14		require(syntax.php) is deprecated. It was called from require_once() in /dokuwiki/lib/plugins/divalign2/common.php:22 Autoloading should be used instead!
2023-04-17 19:39:14		require(action.php) is deprecated. It was called from require() in /dokuwiki/lib/plugins/hidden/action.php:9 Autoloading should be used instead!
2023-04-17 19:39:14		require(syntax.php) is deprecated. It was called from require_once() in /dokuwiki/lib/plugins/divalign2/common.php:22 Autoloading should be used instead!
2023-04-17 19:39:14		require(action.php) is deprecated. It was called from require() in /dokuwiki/lib/plugins/hidden/action.php:9 Autoloading should be used instead!
2023-04-17 19:39:14		html_li_index() is deprecated. It was called from html_buildlist() in /dokuwiki/inc/html.php:471 dokuwiki\Ui\Index::tagListItem() should be used instead!
2023-04-17 19:39:14		html_li_index() is deprecated. It was called from html_buildlist() in /dokuwiki/inc/html.php:471 dokuwiki\Ui\Index::tagListItem() should be used instead!
2023-04-17 19:39:14		html_li_index() is deprecated. It was called from html_buildlist() in /dokuwiki/inc/html.php:471 dokuwiki\Ui\Index::tagListItem() should be used instead!
2023-04-17 19:39:14		html_li_index() is deprecated. It was called from html_buildlist() in /dokuwiki/inc/html.php:471 dokuwiki\Ui\Index::tagListItem() should be used instead!
2023-04-17 19:39:14		html_li_index() is deprecated. It was called from html_buildlist() in /dokuwiki/inc/html.php:471 dokuwiki\Ui\Index::tagListItem() should be used instead!
2023-04-17 19:39:14		html_li_index() is deprecated. It was called from html_buildlist() in /dokuwiki/inc/html.php:471 dokuwiki\Ui\Index::tagListItem() should be used instead!
2023-04-17 19:39:14		html_li_index() is deprecated. It was called from html_buildlist() in /dokuwiki/inc/html.php:471 dokuwiki\Ui\Index::tagListItem() should be used instead!
2023-04-17 19:39:14		html_li_index() is deprecated. It was called from html_buildlist() in /dokuwiki/inc/html.php:471 dokuwiki\Ui\Index::tagListItem() should be used instead!
2023-04-17 19:39:14		require(syntax.php) is deprecated. It was called from require_once() in /dokuwiki/lib/plugins/divalign2/common.php:22 Autoloading should be used instead!
2023-04-17 19:39:14		require(action.php) is deprecated. It was called from require() in /dokuwiki/lib/plugins/hidden/action.php:9 Autoloading should be used instead!
2023-04-17 19:39:14		require(syntax.php) is deprecated. It was called from require_once() in /dokuwiki/lib/plugins/divalign2/common.php:22 Autoloading should be used instead!
2023-04-17 19:39:14		require(action.php) is deprecated. It was called from require() in /dokuwiki/lib/plugins/hidden/action.php:9 Autoloading should be used instead!
2023-04-17 19:39:14		require(syntax.php) is deprecated. It was called from require_once() in /dokuwiki/lib/plugins/divalign2/common.php:22 Autoloading should be used instead!
2023-04-17 19:39:14		require(action.php) is deprecated. It was called from require() in /dokuwiki/lib/plugins/hidden/action.php:9 Autoloading should be used instead!
2023-04-17 19:39:14		require(syntax.php) is deprecated. It was called from require_once() in /dokuwiki/lib/plugins/divalign2/common.php:22 Autoloading should be used instead!
2023-04-17 19:39:14		require(action.php) is deprecated. It was called from require() in /dokuwiki/lib/plugins/hidden/action.php:9 Autoloading should be used instead!
2023-04-17 19:39:20		require(syntax.php) is deprecated. It was called from require_once() in /dokuwiki/lib/plugins/divalign2/common.php:22 Autoloading should be used instead!
2023-04-17 19:39:20		require(action.php) is deprecated. It was called from require() in /dokuwiki/lib/plugins/hidden/action.php:9 Autoloading should be used instead!
2023-04-17 19:39:20		require(syntax.php) is deprecated. It was called from require_once() in /dokuwiki/lib/plugins/divalign2/common.php:22 Autoloading should be used instead!
2023-04-17 19:39:20		require(action.php) is deprecated. It was called from require() in /dokuwiki/lib/plugins/hidden/action.php:9 Autoloading should be used instead!
2023-04-17 19:39:20		require(syntax.php) is deprecated. It was called from require_once() in /dokuwiki/lib/plugins/divalign2/common.php:22 Autoloading should be used instead!
2023-04-17 19:39:20		require(action.php) is deprecated. It was called from require() in /dokuwiki/lib/plugins/hidden/action.php:9 Autoloading should be used instead!
2023-04-17 19:39:20		require(syntax.php) is deprecated. It was called from require_once() in /dokuwiki/lib/plugins/divalign2/common.php:22 Autoloading should be used instead!
2023-04-17 19:39:20		require(action.php) is deprecated. It was called from require() in /dokuwiki/lib/plugins/hidden/action.php:9 Autoloading should be used instead!
2023-04-17 19:39:20		require(syntax.php) is deprecated. It was called from require_once() in /dokuwiki/lib/plugins/divalign2/common.php:22 Autoloading should be used instead!
2023-04-17 19:39:20		require(action.php) is deprecated. It was called from require() in /dokuwiki/lib/plugins/hidden/action.php:9 Autoloading should be used instead!
2023-04-17 19:39:20		require(syntax.php) is deprecated. It was called from require_once() in /dokuwiki/lib/plugins/divalign2/common.php:22 Autoloading should be used instead!
2023-04-17 19:39:20		require(action.php) is deprecated. It was called from require() in /dokuwiki/lib/plugins/hidden/action.php:9 Autoloading should be used instead!
2023-04-17 19:39:20		require(syntax.php) is deprecated. It was called from require_once() in /dokuwiki/lib/plugins/divalign2/common.php:22 Autoloading should be used instead!
2023-04-17 19:39:20		require(action.php) is deprecated. It was called from require() in /dokuwiki/lib/plugins/hidden/action.php:9 Autoloading should be used instead!
2023-04-17 19:39:20		require(syntax.php) is deprecated. It was called from require_once() in /dokuwiki/lib/plugins/divalign2/common.php:22 Autoloading should be used instead!
2023-04-17 19:39:20		require(action.php) is deprecated. It was called from require() in /dokuwiki/lib/plugins/hidden/action.php:9 Autoloading should be used instead!
2023-04-17 19:39:21		require(syntax.php) is deprecated. It was called from require_once() in /dokuwiki/lib/plugins/divalign2/common.php:22 Autoloading should be used instead!
2023-04-17 19:39:21		require(action.php) is deprecated. It was called from require() in /dokuwiki/lib/plugins/hidden/action.php:9 Autoloading should be used instead!
2023-04-17 20:29:13		require(syntax.php) is deprecated. It was called from require_once() in /dokuwiki/lib/plugins/divalign2/common.php:22 Autoloading should be used instead!
2023-04-17 20:29:13		require(action.php) is deprecated. It was called from require() in /dokuwiki/lib/plugins/hidden/action.php:9 Autoloading should be used instead!
2023-04-17 20:55:42		require(syntax.php) is deprecated. It was called from require_once() in /dokuwiki/lib/plugins/divalign2/common.php:22 Autoloading should be used instead!
2023-04-17 20:55:42		require(action.php) is deprecated. It was called from require() in /dokuwiki/lib/plugins/hidden/action.php:9 Autoloading should be used instead!
2023-04-17 20:55:42		Doku_Handler::_addCall() is deprecated. It was called from syntax_plugin_divalign2_common::handle() in /dokuwiki/lib/plugins/divalign2/common.php:64 addCall should be used instead!
2023-04-17 20:55:42		Doku_Handler::_addCall() is deprecated. It was called from syntax_plugin_divalign2_common::handle() in /dokuwiki/lib/plugins/divalign2/common.php:64 addCall should be used instead!
2023-04-17 20:55:42		Doku_Handler::_addCall() is deprecated. It was called from syntax_plugin_divalign2_common::handle() in /dokuwiki/lib/plugins/divalign2/common.php:64 addCall should be used instead!
2023-04-17 20:55:42		Doku_Handler::_addCall() is deprecated. It was called from syntax_plugin_divalign2_common::handle() in /dokuwiki/lib/plugins/divalign2/common.php:64 addCall should be used instead!
2023-04-17 20:55:42		Doku_Handler::_addCall() is deprecated. It was called from syntax_plugin_divalign2_common::handle() in /dokuwiki/lib/plugins/divalign2/common.php:64 addCall should be used instead!
2023-04-17 20:55:42		Doku_Handler::_addCall() is deprecated. It was called from syntax_plugin_divalign2_common::handle() in /dokuwiki/lib/plugins/divalign2/common.php:64 addCall should be used instead!
2023-04-17 20:55:42		Doku_Handler::_addCall() is deprecated. It was called from syntax_plugin_divalign2_common::handle() in /dokuwiki/lib/plugins/divalign2/common.php:64 addCall should be used instead!
2023-04-17 20:55:42		Doku_Handler::_addCall() is deprecated. It was called from syntax_plugin_wrap_div::handle() in /dokuwiki/lib/plugins/wrap/syntax/div.php:49 addCall should be used instead!
2023-04-17 20:55:42		resolve_id() is deprecated. It was called from syntax_plugin_indexmenu_indexmenu::_parse_ns() in /dokuwiki/lib/plugins/indexmenu/syntax/indexmenu.php:620 dokuwiki\File\Resolver and its children should be used instead!
2023-04-17 20:55:42		html_li_index() is deprecated. It was called from html_buildlist() in /dokuwiki/inc/html.php:471 dokuwiki\Ui\Index::tagListItem() should be used instead!
2023-04-17 20:55:42		html_li_index() is deprecated. It was called from html_buildlist() in /dokuwiki/inc/html.php:471 dokuwiki\Ui\Index::tagListItem() should be used instead!
2023-04-17 20:55:42		html_li_index() is deprecated. It was called from html_buildlist() in /dokuwiki/inc/html.php:471 dokuwiki\Ui\Index::tagListItem() should be used instead!
2023-04-17 20:55:42		html_li_index() is deprecated. It was called from html_buildlist() in /dokuwiki/inc/html.php:471 dokuwiki\Ui\Index::tagListItem() should be used instead!
2023-04-17 20:55:42		html_li_index() is deprecated. It was called from html_buildlist() in /dokuwiki/inc/html.php:471 dokuwiki\Ui\Index::tagListItem() should be used instead!
2023-04-17 20:55:42		html_li_index() is deprecated. It was called from html_buildlist() in /dokuwiki/inc/html.php:471 dokuwiki\Ui\Index::tagListItem() should be used instead!
2023-04-17 20:55:42		html_li_index() is deprecated. It was called from html_buildlist() in /dokuwiki/inc/html.php:471 dokuwiki\Ui\Index::tagListItem() should be used instead!
2023-04-17 20:55:42		html_li_index() is deprecated. It was called from html_buildlist() in /dokuwiki/inc/html.php:471 dokuwiki\Ui\Index::tagListItem() should be used instead!
2023-04-17 21:40:48		require(syntax.php) is deprecated. It was called from require_once() in /dokuwiki/lib/plugins/divalign2/common.php:22 Autoloading should be used instead!
2023-04-17 21:40:48		require(action.php) is deprecated. It was called from require() in /dokuwiki/lib/plugins/hidden/action.php:9 Autoloading should be used instead!
2023-04-17 21:40:48		require(syntax.php) is deprecated. It was called from require_once() in /dokuwiki/lib/plugins/divalign2/common.php:22 Autoloading should be used instead!
2023-04-17 21:40:48		require(action.php) is deprecated. It was called from require() in /dokuwiki/lib/plugins/hidden/action.php:9 Autoloading should be used instead!
2023-04-17 21:40:48		require(syntax.php) is deprecated. It was called from require_once() in /dokuwiki/lib/plugins/divalign2/common.php:22 Autoloading should be used instead!
2023-04-17 21:40:48		require(action.php) is deprecated. It was called from require() in /dokuwiki/lib/plugins/hidden/action.php:9 Autoloading should be used instead!
2023-04-17 21:40:48		require(syntax.php) is deprecated. It was called from require_once() in /dokuwiki/lib/plugins/divalign2/common.php:22 Autoloading should be used instead!
2023-04-17 21:40:48		require(action.php) is deprecated. It was called from require() in /dokuwiki/lib/plugins/hidden/action.php:9 Autoloading should be used instead!
2023-04-17 21:40:48		require(syntax.php) is deprecated. It was called from require_once() in /dokuwiki/lib/plugins/divalign2/common.php:22 Autoloading should be used instead!
2023-04-17 21:40:48		require(action.php) is deprecated. It was called from require() in /dokuwiki/lib/plugins/hidden/action.php:9 Autoloading should be used instead!
2023-04-17 21:40:49		require(syntax.php) is deprecated. It was called from require_once() in /dokuwiki/lib/plugins/divalign2/common.php:22 Autoloading should be used instead!
2023-04-17 21:40:49		require(action.php) is deprecated. It was called from require() in /dokuwiki/lib/plugins/hidden/action.php:9 Autoloading should be used instead!
2023-04-17 21:40:50		require(syntax.php) is deprecated. It was called from require_once() in /dokuwiki/lib/plugins/divalign2/common.php:22 Autoloading should be used instead!
2023-04-17 21:40:50		require(action.php) is deprecated. It was called from require() in /dokuwiki/lib/plugins/hidden/action.php:9 Autoloading should be used instead!
2023-04-17 21:40:50		require(syntax.php) is deprecated. It was called from require_once() in /dokuwiki/lib/plugins/divalign2/common.php:22 Autoloading should be used instead!
2023-04-17 21:40:50		require(action.php) is deprecated. It was called from require() in /dokuwiki/lib/plugins/hidden/action.php:9 Autoloading should be used instead!
2023-04-17 21:41:10		require(syntax.php) is deprecated. It was called from require_once() in /dokuwiki/lib/plugins/divalign2/common.php:22 Autoloading should be used instead!
2023-04-17 21:41:10		require(action.php) is deprecated. It was called from require() in /dokuwiki/lib/plugins/hidden/action.php:9 Autoloading should be used instead!
2023-04-17 21:41:10		require(syntax.php) is deprecated. It was called from require_once() in /dokuwiki/lib/plugins/divalign2/common.php:22 Autoloading should be used instead!
2023-04-17 21:41:10		require(action.php) is deprecated. It was called from require() in /dokuwiki/lib/plugins/hidden/action.php:9 Autoloading should be used instead!
2023-04-17 21:41:11		require(syntax.php) is deprecated. It was called from require_once() in /dokuwiki/lib/plugins/divalign2/common.php:22 Autoloading should be used instead!
2023-04-17 21:41:11		require(action.php) is deprecated. It was called from require() in /dokuwiki/lib/plugins/hidden/action.php:9 Autoloading should be used instead!
2023-04-17 21:41:15		require(syntax.php) is deprecated. It was called from require_once() in /dokuwiki/lib/plugins/divalign2/common.php:22 Autoloading should be used instead!
2023-04-17 21:41:15		require(action.php) is deprecated. It was called from require() in /dokuwiki/lib/plugins/hidden/action.php:9 Autoloading should be used instead!
2023-04-17 21:41:15		require(syntax.php) is deprecated. It was called from require_once() in /dokuwiki/lib/plugins/divalign2/common.php:22 Autoloading should be used instead!
2023-04-17 21:41:15		require(action.php) is deprecated. It was called from require() in /dokuwiki/lib/plugins/hidden/action.php:9 Autoloading should be used instead!
2023-04-17 21:41:15		require(syntax.php) is deprecated. It was called from require_once() in /dokuwiki/lib/plugins/divalign2/common.php:22 Autoloading should be used instead!
2023-04-17 21:41:15		require(action.php) is deprecated. It was called from require() in /dokuwiki/lib/plugins/hidden/action.php:9 Autoloading should be used instead!
2023-04-17 21:41:15		require(syntax.php) is deprecated. It was called from require_once() in /dokuwiki/lib/plugins/divalign2/common.php:22 Autoloading should be used instead!
2023-04-17 21:41:15		require(action.php) is deprecated. It was called from require() in /dokuwiki/lib/plugins/hidden/action.php:9 Autoloading should be used instead!
2023-04-17 21:41:21		require(syntax.php) is deprecated. It was called from require_once() in /dokuwiki/lib/plugins/divalign2/common.php:22 Autoloading should be used instead!
2023-04-17 21:41:21		require(action.php) is deprecated. It was called from require() in /dokuwiki/lib/plugins/hidden/action.php:9 Autoloading should be used instead!
2023-04-17 21:45:24		require(syntax.php) is deprecated. It was called from require_once() in /dokuwiki/lib/plugins/divalign2/common.php:22 Autoloading should be used instead!
2023-04-17 21:45:24		require(action.php) is deprecated. It was called from require() in /dokuwiki/lib/plugins/hidden/action.php:9 Autoloading should be used instead!
2023-04-17 21:45:24		require(syntax.php) is deprecated. It was called from require_once() in /dokuwiki/lib/plugins/divalign2/common.php:22 Autoloading should be used instead!
2023-04-17 21:45:24		require(action.php) is deprecated. It was called from require() in /dokuwiki/lib/plugins/hidden/action.php:9 Autoloading should be used instead!
2023-04-17 21:45:24		require(syntax.php) is deprecated. It was called from require_once() in /dokuwiki/lib/plugins/divalign2/common.php:22 Autoloading should be used instead!
2023-04-17 21:45:24		require(action.php) is deprecated. It was called from require() in /dokuwiki/lib/plugins/hidden/action.php:9 Autoloading should be used instead!
2023-04-17 21:45:24		require(syntax.php) is deprecated. It was called from require_once() in /dokuwiki/lib/plugins/divalign2/common.php:22 Autoloading should be used instead!
2023-04-17 21:45:24		require(action.php) is deprecated. It was called from require() in /dokuwiki/lib/plugins/hidden/action.php:9 Autoloading should be used instead!
2023-04-17 21:45:30		require(syntax.php) is deprecated. It was called from require_once() in /dokuwiki/lib/plugins/divalign2/common.php:22 Autoloading should be used instead!
2023-04-17 21:45:30		require(action.php) is deprecated. It was called from require() in /dokuwiki/lib/plugins/hidden/action.php:9 Autoloading should be used instead!
2023-04-17 21:45:30		require(syntax.php) is deprecated. It was called from require_once() in /dokuwiki/lib/plugins/divalign2/common.php:22 Autoloading should be used instead!
2023-04-17 21:45:30		require(action.php) is deprecated. It was called from require() in /dokuwiki/lib/plugins/hidden/action.php:9 Autoloading should be used instead!
2023-04-17 21:45:30		require(syntax.php) is deprecated. It was called from require_once() in /dokuwiki/lib/plugins/divalign2/common.php:22 Autoloading should be used instead!
2023-04-17 21:45:30		require(action.php) is deprecated. It was called from require() in /dokuwiki/lib/plugins/hidden/action.php:9 Autoloading should be used instead!
2023-04-17 21:45:32		require(syntax.php) is deprecated. It was called from require_once() in /dokuwiki/lib/plugins/divalign2/common.php:22 Autoloading should be used instead!
2023-04-17 21:45:32		require(action.php) is deprecated. It was called from require() in /dokuwiki/lib/plugins/hidden/action.php:9 Autoloading should be used instead!
2023-04-17 21:45:33		require(syntax.php) is deprecated. It was called from require_once() in /dokuwiki/lib/plugins/divalign2/common.php:22 Autoloading should be used instead!
2023-04-17 21:45:33		require(action.php) is deprecated. It was called from require() in /dokuwiki/lib/plugins/hidden/action.php:9 Autoloading should be used instead!
2023-04-17 21:45:34		require(syntax.php) is deprecated. It was called from require_once() in /dokuwiki/lib/plugins/divalign2/common.php:22 Autoloading should be used instead!
2023-04-17 21:45:34		require(action.php) is deprecated. It was called from require() in /dokuwiki/lib/plugins/hidden/action.php:9 Autoloading should be used instead!
2023-04-17 21:45:34		require(syntax.php) is deprecated. It was called from require_once() in /dokuwiki/lib/plugins/divalign2/common.php:22 Autoloading should be used instead!
2023-04-17 21:45:34		require(action.php) is deprecated. It was called from require() in /dokuwiki/lib/plugins/hidden/action.php:9 Autoloading should be used instead!
2023-04-17 21:45:34		require(syntax.php) is deprecated. It was called from require_once() in /dokuwiki/lib/plugins/divalign2/common.php:22 Autoloading should be used instead!
2023-04-17 21:45:34		require(action.php) is deprecated. It was called from require() in /dokuwiki/lib/plugins/hidden/action.php:9 Autoloading should be used instead!
2023-04-17 21:45:41		require(syntax.php) is deprecated. It was called from require_once() in /dokuwiki/lib/plugins/divalign2/common.php:22 Autoloading should be used instead!
2023-04-17 21:45:41		require(action.php) is deprecated. It was called from require() in /dokuwiki/lib/plugins/hidden/action.php:9 Autoloading should be used instead!
2023-04-17 21:45:42		require(syntax.php) is deprecated. It was called from require_once() in /dokuwiki/lib/plugins/divalign2/common.php:22 Autoloading should be used instead!
2023-04-17 21:45:42		require(action.php) is deprecated. It was called from require() in /dokuwiki/lib/plugins/hidden/action.php:9 Autoloading should be used instead!
2023-04-17 21:45:42		require(syntax.php) is deprecated. It was called from require_once() in /dokuwiki/lib/plugins/divalign2/common.php:22 Autoloading should be used instead!
2023-04-17 21:45:42		require(action.php) is deprecated. It was called from require() in /dokuwiki/lib/plugins/hidden/action.php:9 Autoloading should be used instead!
2023-04-17 21:45:42		require(syntax.php) is deprecated. It was called from require_once() in /dokuwiki/lib/plugins/divalign2/common.php:22 Autoloading should be used instead!
2023-04-17 21:45:42		require(action.php) is deprecated. It was called from require() in /dokuwiki/lib/plugins/hidden/action.php:9 Autoloading should be used instead!
2023-04-17 21:45:56		require(syntax.php) is deprecated. It was called from require_once() in /dokuwiki/lib/plugins/divalign2/common.php:22 Autoloading should be used instead!
2023-04-17 21:45:56		require(action.php) is deprecated. It was called from require() in /dokuwiki/lib/plugins/hidden/action.php:9 Autoloading should be used instead!
2023-04-17 21:45:56		require(syntax.php) is deprecated. It was called from require_once() in /dokuwiki/lib/plugins/divalign2/common.php:22 Autoloading should be used instead!
2023-04-17 21:45:56		require(action.php) is deprecated. It was called from require() in /dokuwiki/lib/plugins/hidden/action.php:9 Autoloading should be used instead!
2023-04-17 21:45:57		require(syntax.php) is deprecated. It was called from require_once() in /dokuwiki/lib/plugins/divalign2/common.php:22 Autoloading should be used instead!
2023-04-17 21:45:57		require(action.php) is deprecated. It was called from require() in /dokuwiki/lib/plugins/hidden/action.php:9 Autoloading should be used instead!
2023-04-17 21:45:57		require(syntax.php) is deprecated. It was called from require_once() in /dokuwiki/lib/plugins/divalign2/common.php:22 Autoloading should be used instead!
2023-04-17 21:45:57		require(action.php) is deprecated. It was called from require() in /dokuwiki/lib/plugins/hidden/action.php:9 Autoloading should be used instead!
2023-04-17 21:45:58		require(syntax.php) is deprecated. It was called from require_once() in /dokuwiki/lib/plugins/divalign2/common.php:22 Autoloading should be used instead!
2023-04-17 21:45:58		require(action.php) is deprecated. It was called from require() in /dokuwiki/lib/plugins/hidden/action.php:9 Autoloading should be used instead!
2023-04-17 21:45:59		require(syntax.php) is deprecated. It was called from require_once() in /dokuwiki/lib/plugins/divalign2/common.php:22 Autoloading should be used instead!
2023-04-17 21:45:59		require(action.php) is deprecated. It was called from require() in /dokuwiki/lib/plugins/hidden/action.php:9 Autoloading should be used instead!
2023-04-17 21:45:59		require(syntax.php) is deprecated. It was called from require_once() in /dokuwiki/lib/plugins/divalign2/common.php:22 Autoloading should be used instead!
2023-04-17 21:45:59		require(action.php) is deprecated. It was called from require() in /dokuwiki/lib/plugins/hidden/action.php:9 Autoloading should be used instead!
2023-04-17 21:46:03		require(syntax.php) is deprecated. It was called from require_once() in /dokuwiki/lib/plugins/divalign2/common.php:22 Autoloading should be used instead!
2023-04-17 21:46:03		require(action.php) is deprecated. It was called from require() in /dokuwiki/lib/plugins/hidden/action.php:9 Autoloading should be used instead!
2023-04-17 21:46:03		require(syntax.php) is deprecated. It was called from require_once() in /dokuwiki/lib/plugins/divalign2/common.php:22 Autoloading should be used instead!
2023-04-17 21:46:03		require(action.php) is deprecated. It was called from require() in /dokuwiki/lib/plugins/hidden/action.php:9 Autoloading should be used instead!
2023-04-17 21:46:03		require(syntax.php) is deprecated. It was called from require_once() in /dokuwiki/lib/plugins/divalign2/common.php:22 Autoloading should be used instead!
2023-04-17 21:46:03		require(action.php) is deprecated. It was called from require() in /dokuwiki/lib/plugins/hidden/action.php:9 Autoloading should be used instead!
2023-04-17 21:46:03		require(syntax.php) is deprecated. It was called from require_once() in /dokuwiki/lib/plugins/divalign2/common.php:22 Autoloading should be used instead!
2023-04-17 21:46:03		require(action.php) is deprecated. It was called from require() in /dokuwiki/lib/plugins/hidden/action.php:9 Autoloading should be used instead!
2023-04-17 21:46:04		require(syntax.php) is deprecated. It was called from require_once() in /dokuwiki/lib/plugins/divalign2/common.php:22 Autoloading should be used instead!
2023-04-17 21:46:04		require(action.php) is deprecated. It was called from require() in /dokuwiki/lib/plugins/hidden/action.php:9 Autoloading should be used instead!
2023-04-17 21:46:04		require(syntax.php) is deprecated. It was called from require_once() in /dokuwiki/lib/plugins/divalign2/common.php:22 Autoloading should be used instead!
2023-04-17 21:46:04		require(action.php) is deprecated. It was called from require() in /dokuwiki/lib/plugins/hidden/action.php:9 Autoloading should be used instead!
2023-04-17 21:46:04		require(syntax.php) is deprecated. It was called from require_once() in /dokuwiki/lib/plugins/divalign2/common.php:22 Autoloading should be used instead!
2023-04-17 21:46:04		require(action.php) is deprecated. It was called from require() in /dokuwiki/lib/plugins/hidden/action.php:9 Autoloading should be used instead!
