2023-04-18 00:48:29		require(syntax.php) is deprecated. It was called from require_once() in /dokuwiki/lib/plugins/divalign2/common.php:22 Autoloading should be used instead!
2023-04-18 00:48:29		require(action.php) is deprecated. It was called from require() in /dokuwiki/lib/plugins/hidden/action.php:9 Autoloading should be used instead!
2023-04-18 00:48:29		Doku_Handler::_addCall() is deprecated. It was called from syntax_plugin_divalign2_common::handle() in /dokuwiki/lib/plugins/divalign2/common.php:64 addCall should be used instead!
2023-04-18 00:48:29		Doku_Handler::_addCall() is deprecated. It was called from syntax_plugin_divalign2_common::handle() in /dokuwiki/lib/plugins/divalign2/common.php:64 addCall should be used instead!
2023-04-18 00:48:29		Doku_Handler::_addCall() is deprecated. It was called from syntax_plugin_divalign2_common::handle() in /dokuwiki/lib/plugins/divalign2/common.php:64 addCall should be used instead!
2023-04-18 00:48:29		Doku_Handler::_addCall() is deprecated. It was called from syntax_plugin_divalign2_common::handle() in /dokuwiki/lib/plugins/divalign2/common.php:64 addCall should be used instead!
2023-04-18 00:48:29		Doku_Handler::_addCall() is deprecated. It was called from syntax_plugin_divalign2_common::handle() in /dokuwiki/lib/plugins/divalign2/common.php:64 addCall should be used instead!
2023-04-18 00:48:29		Doku_Handler::_addCall() is deprecated. It was called from syntax_plugin_divalign2_common::handle() in /dokuwiki/lib/plugins/divalign2/common.php:64 addCall should be used instead!
2023-04-18 00:48:29		Doku_Handler::_addCall() is deprecated. It was called from syntax_plugin_divalign2_common::handle() in /dokuwiki/lib/plugins/divalign2/common.php:64 addCall should be used instead!
2023-04-18 00:48:29		Doku_Handler::_addCall() is deprecated. It was called from syntax_plugin_wrap_div::handle() in /dokuwiki/lib/plugins/wrap/syntax/div.php:49 addCall should be used instead!
2023-04-18 00:48:29		resolve_id() is deprecated. It was called from syntax_plugin_indexmenu_indexmenu::_parse_ns() in /dokuwiki/lib/plugins/indexmenu/syntax/indexmenu.php:620 dokuwiki\File\Resolver and its children should be used instead!
2023-04-18 00:48:30		html_li_index() is deprecated. It was called from html_buildlist() in /dokuwiki/inc/html.php:471 dokuwiki\Ui\Index::tagListItem() should be used instead!
2023-04-18 00:48:30		html_li_index() is deprecated. It was called from html_buildlist() in /dokuwiki/inc/html.php:471 dokuwiki\Ui\Index::tagListItem() should be used instead!
2023-04-18 00:48:30		html_li_index() is deprecated. It was called from html_buildlist() in /dokuwiki/inc/html.php:471 dokuwiki\Ui\Index::tagListItem() should be used instead!
2023-04-18 00:48:30		html_li_index() is deprecated. It was called from html_buildlist() in /dokuwiki/inc/html.php:471 dokuwiki\Ui\Index::tagListItem() should be used instead!
2023-04-18 00:48:30		html_li_index() is deprecated. It was called from html_buildlist() in /dokuwiki/inc/html.php:471 dokuwiki\Ui\Index::tagListItem() should be used instead!
2023-04-18 00:48:30		html_li_index() is deprecated. It was called from html_buildlist() in /dokuwiki/inc/html.php:471 dokuwiki\Ui\Index::tagListItem() should be used instead!
2023-04-18 00:48:30		html_li_index() is deprecated. It was called from html_buildlist() in /dokuwiki/inc/html.php:471 dokuwiki\Ui\Index::tagListItem() should be used instead!
2023-04-18 00:48:30		html_li_index() is deprecated. It was called from html_buildlist() in /dokuwiki/inc/html.php:471 dokuwiki\Ui\Index::tagListItem() should be used instead!
2023-04-18 03:25:50		require(syntax.php) is deprecated. It was called from require_once() in /dokuwiki/lib/plugins/divalign2/common.php:22 Autoloading should be used instead!
2023-04-18 03:25:50		require(action.php) is deprecated. It was called from require() in /dokuwiki/lib/plugins/hidden/action.php:9 Autoloading should be used instead!
2023-04-18 05:30:02		require(syntax.php) is deprecated. It was called from require_once() in /dokuwiki/lib/plugins/divalign2/common.php:22 Autoloading should be used instead!
2023-04-18 05:30:02		require(action.php) is deprecated. It was called from require() in /dokuwiki/lib/plugins/hidden/action.php:9 Autoloading should be used instead!
2023-04-18 06:10:07		require(syntax.php) is deprecated. It was called from require_once() in /dokuwiki/lib/plugins/divalign2/common.php:22 Autoloading should be used instead!
2023-04-18 06:10:07		require(action.php) is deprecated. It was called from require() in /dokuwiki/lib/plugins/hidden/action.php:9 Autoloading should be used instead!
2023-04-18 06:10:08		require(syntax.php) is deprecated. It was called from require_once() in /dokuwiki/lib/plugins/divalign2/common.php:22 Autoloading should be used instead!
2023-04-18 06:10:08		require(action.php) is deprecated. It was called from require() in /dokuwiki/lib/plugins/hidden/action.php:9 Autoloading should be used instead!
2023-04-18 08:15:33		require(syntax.php) is deprecated. It was called from require_once() in /dokuwiki/lib/plugins/divalign2/common.php:22 Autoloading should be used instead!
2023-04-18 08:15:33		require(action.php) is deprecated. It was called from require() in /dokuwiki/lib/plugins/hidden/action.php:9 Autoloading should be used instead!
2023-04-18 09:45:51		require(syntax.php) is deprecated. It was called from require_once() in /dokuwiki/lib/plugins/divalign2/common.php:22 Autoloading should be used instead!
2023-04-18 09:45:51		require(action.php) is deprecated. It was called from require() in /dokuwiki/lib/plugins/hidden/action.php:9 Autoloading should be used instead!
2023-04-18 09:45:51		require(syntax.php) is deprecated. It was called from require_once() in /dokuwiki/lib/plugins/divalign2/common.php:22 Autoloading should be used instead!
2023-04-18 09:45:51		require(action.php) is deprecated. It was called from require() in /dokuwiki/lib/plugins/hidden/action.php:9 Autoloading should be used instead!
2023-04-18 09:45:51		require(syntax.php) is deprecated. It was called from require_once() in /dokuwiki/lib/plugins/divalign2/common.php:22 Autoloading should be used instead!
2023-04-18 09:45:51		require(action.php) is deprecated. It was called from require() in /dokuwiki/lib/plugins/hidden/action.php:9 Autoloading should be used instead!
2023-04-18 09:45:52		require(syntax.php) is deprecated. It was called from require_once() in /dokuwiki/lib/plugins/divalign2/common.php:22 Autoloading should be used instead!
2023-04-18 09:45:52		require(action.php) is deprecated. It was called from require() in /dokuwiki/lib/plugins/hidden/action.php:9 Autoloading should be used instead!
2023-04-18 09:45:52		require(syntax.php) is deprecated. It was called from require_once() in /dokuwiki/lib/plugins/divalign2/common.php:22 Autoloading should be used instead!
2023-04-18 09:45:52		require(action.php) is deprecated. It was called from require() in /dokuwiki/lib/plugins/hidden/action.php:9 Autoloading should be used instead!
2023-04-18 09:45:52		require(syntax.php) is deprecated. It was called from require_once() in /dokuwiki/lib/plugins/divalign2/common.php:22 Autoloading should be used instead!
2023-04-18 09:45:52		require(action.php) is deprecated. It was called from require() in /dokuwiki/lib/plugins/hidden/action.php:9 Autoloading should be used instead!
2023-04-18 09:45:53		require(syntax.php) is deprecated. It was called from require_once() in /dokuwiki/lib/plugins/divalign2/common.php:22 Autoloading should be used instead!
2023-04-18 09:45:53		require(action.php) is deprecated. It was called from require() in /dokuwiki/lib/plugins/hidden/action.php:9 Autoloading should be used instead!
2023-04-18 09:45:53		require(syntax.php) is deprecated. It was called from require_once() in /dokuwiki/lib/plugins/divalign2/common.php:22 Autoloading should be used instead!
2023-04-18 09:45:53		require(action.php) is deprecated. It was called from require() in /dokuwiki/lib/plugins/hidden/action.php:9 Autoloading should be used instead!
2023-04-18 09:45:56		require(syntax.php) is deprecated. It was called from require_once() in /dokuwiki/lib/plugins/divalign2/common.php:22 Autoloading should be used instead!
2023-04-18 09:45:56		require(action.php) is deprecated. It was called from require() in /dokuwiki/lib/plugins/hidden/action.php:9 Autoloading should be used instead!
2023-04-18 09:45:56		require(syntax.php) is deprecated. It was called from require_once() in /dokuwiki/lib/plugins/divalign2/common.php:22 Autoloading should be used instead!
2023-04-18 09:45:56		require(action.php) is deprecated. It was called from require() in /dokuwiki/lib/plugins/hidden/action.php:9 Autoloading should be used instead!
2023-04-18 11:09:11		require(syntax.php) is deprecated. It was called from require_once() in /dokuwiki/lib/plugins/divalign2/common.php:22 Autoloading should be used instead!
2023-04-18 11:09:11		require(action.php) is deprecated. It was called from require() in /dokuwiki/lib/plugins/hidden/action.php:9 Autoloading should be used instead!
2023-04-18 11:09:11		require(syntax.php) is deprecated. It was called from require_once() in /dokuwiki/lib/plugins/divalign2/common.php:22 Autoloading should be used instead!
2023-04-18 11:09:11		require(action.php) is deprecated. It was called from require() in /dokuwiki/lib/plugins/hidden/action.php:9 Autoloading should be used instead!
2023-04-18 11:09:11		require(syntax.php) is deprecated. It was called from require_once() in /dokuwiki/lib/plugins/divalign2/common.php:22 Autoloading should be used instead!
2023-04-18 11:09:11		require(action.php) is deprecated. It was called from require() in /dokuwiki/lib/plugins/hidden/action.php:9 Autoloading should be used instead!
2023-04-18 11:09:11		require(syntax.php) is deprecated. It was called from require_once() in /dokuwiki/lib/plugins/divalign2/common.php:22 Autoloading should be used instead!
2023-04-18 11:09:11		require(action.php) is deprecated. It was called from require() in /dokuwiki/lib/plugins/hidden/action.php:9 Autoloading should be used instead!
2023-04-18 11:09:11		require(syntax.php) is deprecated. It was called from require_once() in /dokuwiki/lib/plugins/divalign2/common.php:22 Autoloading should be used instead!
2023-04-18 11:09:11		require(action.php) is deprecated. It was called from require() in /dokuwiki/lib/plugins/hidden/action.php:9 Autoloading should be used instead!
2023-04-18 11:46:40		require(syntax.php) is deprecated. It was called from require_once() in /dokuwiki/lib/plugins/divalign2/common.php:22 Autoloading should be used instead!
2023-04-18 11:46:40		require(action.php) is deprecated. It was called from require() in /dokuwiki/lib/plugins/hidden/action.php:9 Autoloading should be used instead!
2023-04-18 11:57:38		require(syntax.php) is deprecated. It was called from require_once() in /dokuwiki/lib/plugins/divalign2/common.php:22 Autoloading should be used instead!
2023-04-18 11:57:38		require(action.php) is deprecated. It was called from require() in /dokuwiki/lib/plugins/hidden/action.php:9 Autoloading should be used instead!
2023-04-18 11:57:38		require(syntax.php) is deprecated. It was called from require_once() in /dokuwiki/lib/plugins/divalign2/common.php:22 Autoloading should be used instead!
2023-04-18 11:57:38		require(action.php) is deprecated. It was called from require() in /dokuwiki/lib/plugins/hidden/action.php:9 Autoloading should be used instead!
2023-04-18 11:57:38		html_li_index() is deprecated. It was called from html_buildlist() in /dokuwiki/inc/html.php:471 dokuwiki\Ui\Index::tagListItem() should be used instead!
2023-04-18 11:57:38		html_li_index() is deprecated. It was called from html_buildlist() in /dokuwiki/inc/html.php:471 dokuwiki\Ui\Index::tagListItem() should be used instead!
2023-04-18 11:57:38		html_li_index() is deprecated. It was called from html_buildlist() in /dokuwiki/inc/html.php:471 dokuwiki\Ui\Index::tagListItem() should be used instead!
2023-04-18 11:57:38		html_li_index() is deprecated. It was called from html_buildlist() in /dokuwiki/inc/html.php:471 dokuwiki\Ui\Index::tagListItem() should be used instead!
2023-04-18 11:57:38		html_li_index() is deprecated. It was called from html_buildlist() in /dokuwiki/inc/html.php:471 dokuwiki\Ui\Index::tagListItem() should be used instead!
2023-04-18 11:57:38		html_li_index() is deprecated. It was called from html_buildlist() in /dokuwiki/inc/html.php:471 dokuwiki\Ui\Index::tagListItem() should be used instead!
2023-04-18 11:57:38		html_li_index() is deprecated. It was called from html_buildlist() in /dokuwiki/inc/html.php:471 dokuwiki\Ui\Index::tagListItem() should be used instead!
2023-04-18 11:57:38		html_li_index() is deprecated. It was called from html_buildlist() in /dokuwiki/inc/html.php:471 dokuwiki\Ui\Index::tagListItem() should be used instead!
2023-04-18 11:57:38		html_li_index() is deprecated. It was called from html_buildlist() in /dokuwiki/inc/html.php:471 dokuwiki\Ui\Index::tagListItem() should be used instead!
2023-04-18 11:57:38		html_li_index() is deprecated. It was called from html_buildlist() in /dokuwiki/inc/html.php:471 dokuwiki\Ui\Index::tagListItem() should be used instead!
2023-04-18 11:57:38		html_li_index() is deprecated. It was called from html_buildlist() in /dokuwiki/inc/html.php:471 dokuwiki\Ui\Index::tagListItem() should be used instead!
2023-04-18 11:57:38		html_li_index() is deprecated. It was called from html_buildlist() in /dokuwiki/inc/html.php:471 dokuwiki\Ui\Index::tagListItem() should be used instead!
2023-04-18 11:57:38		html_li_index() is deprecated. It was called from html_buildlist() in /dokuwiki/inc/html.php:471 dokuwiki\Ui\Index::tagListItem() should be used instead!
2023-04-18 11:57:38		html_li_index() is deprecated. It was called from html_buildlist() in /dokuwiki/inc/html.php:471 dokuwiki\Ui\Index::tagListItem() should be used instead!
2023-04-18 11:57:38		html_li_index() is deprecated. It was called from html_buildlist() in /dokuwiki/inc/html.php:471 dokuwiki\Ui\Index::tagListItem() should be used instead!
2023-04-18 11:57:38		html_li_index() is deprecated. It was called from html_buildlist() in /dokuwiki/inc/html.php:471 dokuwiki\Ui\Index::tagListItem() should be used instead!
2023-04-18 11:57:38		require(syntax.php) is deprecated. It was called from require_once() in /dokuwiki/lib/plugins/divalign2/common.php:22 Autoloading should be used instead!
2023-04-18 11:57:38		require(action.php) is deprecated. It was called from require() in /dokuwiki/lib/plugins/hidden/action.php:9 Autoloading should be used instead!
2023-04-18 11:57:38		require(syntax.php) is deprecated. It was called from require_once() in /dokuwiki/lib/plugins/divalign2/common.php:22 Autoloading should be used instead!
2023-04-18 11:57:38		require(action.php) is deprecated. It was called from require() in /dokuwiki/lib/plugins/hidden/action.php:9 Autoloading should be used instead!
2023-04-18 11:57:39		require(syntax.php) is deprecated. It was called from require_once() in /dokuwiki/lib/plugins/divalign2/common.php:22 Autoloading should be used instead!
2023-04-18 11:57:39		require(action.php) is deprecated. It was called from require() in /dokuwiki/lib/plugins/hidden/action.php:9 Autoloading should be used instead!
2023-04-18 11:57:40		require(syntax.php) is deprecated. It was called from require_once() in /dokuwiki/lib/plugins/divalign2/common.php:22 Autoloading should be used instead!
2023-04-18 11:57:40		require(action.php) is deprecated. It was called from require() in /dokuwiki/lib/plugins/hidden/action.php:9 Autoloading should be used instead!
2023-04-18 11:57:41		require(syntax.php) is deprecated. It was called from require_once() in /dokuwiki/lib/plugins/divalign2/common.php:22 Autoloading should be used instead!
2023-04-18 11:57:41		require(action.php) is deprecated. It was called from require() in /dokuwiki/lib/plugins/hidden/action.php:9 Autoloading should be used instead!
2023-04-18 11:57:41		require(syntax.php) is deprecated. It was called from require_once() in /dokuwiki/lib/plugins/divalign2/common.php:22 Autoloading should be used instead!
2023-04-18 11:57:41		require(action.php) is deprecated. It was called from require() in /dokuwiki/lib/plugins/hidden/action.php:9 Autoloading should be used instead!
2023-04-18 11:57:41		require(syntax.php) is deprecated. It was called from require_once() in /dokuwiki/lib/plugins/divalign2/common.php:22 Autoloading should be used instead!
2023-04-18 11:57:41		require(action.php) is deprecated. It was called from require() in /dokuwiki/lib/plugins/hidden/action.php:9 Autoloading should be used instead!
2023-04-18 11:57:41		require(syntax.php) is deprecated. It was called from require_once() in /dokuwiki/lib/plugins/divalign2/common.php:22 Autoloading should be used instead!
2023-04-18 11:57:41		require(action.php) is deprecated. It was called from require() in /dokuwiki/lib/plugins/hidden/action.php:9 Autoloading should be used instead!
2023-04-18 11:57:41		require(syntax.php) is deprecated. It was called from require_once() in /dokuwiki/lib/plugins/divalign2/common.php:22 Autoloading should be used instead!
2023-04-18 11:57:41		require(action.php) is deprecated. It was called from require() in /dokuwiki/lib/plugins/hidden/action.php:9 Autoloading should be used instead!
2023-04-18 11:57:41		require(syntax.php) is deprecated. It was called from require_once() in /dokuwiki/lib/plugins/divalign2/common.php:22 Autoloading should be used instead!
2023-04-18 11:57:41		require(action.php) is deprecated. It was called from require() in /dokuwiki/lib/plugins/hidden/action.php:9 Autoloading should be used instead!
2023-04-18 12:00:03		require(syntax.php) is deprecated. It was called from require_once() in /dokuwiki/lib/plugins/divalign2/common.php:22 Autoloading should be used instead!
2023-04-18 12:00:03		require(action.php) is deprecated. It was called from require() in /dokuwiki/lib/plugins/hidden/action.php:9 Autoloading should be used instead!
2023-04-18 13:47:54		require(syntax.php) is deprecated. It was called from require_once() in /dokuwiki/lib/plugins/divalign2/common.php:22 Autoloading should be used instead!
2023-04-18 13:47:54		require(action.php) is deprecated. It was called from require() in /dokuwiki/lib/plugins/hidden/action.php:9 Autoloading should be used instead!
2023-04-18 14:37:14		require(syntax.php) is deprecated. It was called from require_once() in /dokuwiki/lib/plugins/divalign2/common.php:22 Autoloading should be used instead!
2023-04-18 14:37:14		require(action.php) is deprecated. It was called from require() in /dokuwiki/lib/plugins/hidden/action.php:9 Autoloading should be used instead!
2023-04-18 14:48:19		require(syntax.php) is deprecated. It was called from require_once() in /dokuwiki/lib/plugins/divalign2/common.php:22 Autoloading should be used instead!
2023-04-18 14:48:19		require(action.php) is deprecated. It was called from require() in /dokuwiki/lib/plugins/hidden/action.php:9 Autoloading should be used instead!
2023-04-18 15:30:15		require(syntax.php) is deprecated. It was called from require_once() in /dokuwiki/lib/plugins/divalign2/common.php:22 Autoloading should be used instead!
2023-04-18 15:30:15		require(action.php) is deprecated. It was called from require() in /dokuwiki/lib/plugins/hidden/action.php:9 Autoloading should be used instead!
2023-04-18 21:46:52		require(syntax.php) is deprecated. It was called from require_once() in /dokuwiki/lib/plugins/divalign2/common.php:22 Autoloading should be used instead!
2023-04-18 21:46:52		require(action.php) is deprecated. It was called from require() in /dokuwiki/lib/plugins/hidden/action.php:9 Autoloading should be used instead!
2023-04-18 21:46:52		html_li_index() is deprecated. It was called from html_buildlist() in /dokuwiki/inc/html.php:471 dokuwiki\Ui\Index::tagListItem() should be used instead!
2023-04-18 21:46:52		html_li_index() is deprecated. It was called from html_buildlist() in /dokuwiki/inc/html.php:471 dokuwiki\Ui\Index::tagListItem() should be used instead!
2023-04-18 21:46:52		html_li_index() is deprecated. It was called from html_buildlist() in /dokuwiki/inc/html.php:471 dokuwiki\Ui\Index::tagListItem() should be used instead!
2023-04-18 21:46:52		html_li_index() is deprecated. It was called from html_buildlist() in /dokuwiki/inc/html.php:471 dokuwiki\Ui\Index::tagListItem() should be used instead!
2023-04-18 21:46:52		html_li_index() is deprecated. It was called from html_buildlist() in /dokuwiki/inc/html.php:471 dokuwiki\Ui\Index::tagListItem() should be used instead!
2023-04-18 21:46:52		html_li_index() is deprecated. It was called from html_buildlist() in /dokuwiki/inc/html.php:471 dokuwiki\Ui\Index::tagListItem() should be used instead!
2023-04-18 21:46:52		html_li_index() is deprecated. It was called from html_buildlist() in /dokuwiki/inc/html.php:471 dokuwiki\Ui\Index::tagListItem() should be used instead!
2023-04-18 21:46:52		html_li_index() is deprecated. It was called from html_buildlist() in /dokuwiki/inc/html.php:471 dokuwiki\Ui\Index::tagListItem() should be used instead!
2023-04-18 21:46:52		require(syntax.php) is deprecated. It was called from require_once() in /dokuwiki/lib/plugins/divalign2/common.php:22 Autoloading should be used instead!
2023-04-18 21:46:52		require(action.php) is deprecated. It was called from require() in /dokuwiki/lib/plugins/hidden/action.php:9 Autoloading should be used instead!
2023-04-18 21:46:52		require(syntax.php) is deprecated. It was called from require_once() in /dokuwiki/lib/plugins/divalign2/common.php:22 Autoloading should be used instead!
2023-04-18 21:46:52		require(action.php) is deprecated. It was called from require() in /dokuwiki/lib/plugins/hidden/action.php:9 Autoloading should be used instead!
2023-04-18 21:46:52		require(syntax.php) is deprecated. It was called from require_once() in /dokuwiki/lib/plugins/divalign2/common.php:22 Autoloading should be used instead!
2023-04-18 21:46:52		require(action.php) is deprecated. It was called from require() in /dokuwiki/lib/plugins/hidden/action.php:9 Autoloading should be used instead!
2023-04-18 21:46:53		require(syntax.php) is deprecated. It was called from require_once() in /dokuwiki/lib/plugins/divalign2/common.php:22 Autoloading should be used instead!
2023-04-18 21:46:53		require(action.php) is deprecated. It was called from require() in /dokuwiki/lib/plugins/hidden/action.php:9 Autoloading should be used instead!
2023-04-18 21:46:53		require(syntax.php) is deprecated. It was called from require_once() in /dokuwiki/lib/plugins/divalign2/common.php:22 Autoloading should be used instead!
2023-04-18 21:46:53		require(action.php) is deprecated. It was called from require() in /dokuwiki/lib/plugins/hidden/action.php:9 Autoloading should be used instead!
2023-04-18 21:46:53		require(syntax.php) is deprecated. It was called from require_once() in /dokuwiki/lib/plugins/divalign2/common.php:22 Autoloading should be used instead!
2023-04-18 21:46:53		require(action.php) is deprecated. It was called from require() in /dokuwiki/lib/plugins/hidden/action.php:9 Autoloading should be used instead!
2023-04-18 21:46:54		require(syntax.php) is deprecated. It was called from require_once() in /dokuwiki/lib/plugins/divalign2/common.php:22 Autoloading should be used instead!
2023-04-18 21:46:54		require(action.php) is deprecated. It was called from require() in /dokuwiki/lib/plugins/hidden/action.php:9 Autoloading should be used instead!
2023-04-18 21:47:07		require(syntax.php) is deprecated. It was called from require_once() in /dokuwiki/lib/plugins/divalign2/common.php:22 Autoloading should be used instead!
2023-04-18 21:47:07		require(action.php) is deprecated. It was called from require() in /dokuwiki/lib/plugins/hidden/action.php:9 Autoloading should be used instead!
2023-04-18 21:47:07		html_li_index() is deprecated. It was called from html_buildlist() in /dokuwiki/inc/html.php:471 dokuwiki\Ui\Index::tagListItem() should be used instead!
2023-04-18 21:47:07		html_li_index() is deprecated. It was called from html_buildlist() in /dokuwiki/inc/html.php:471 dokuwiki\Ui\Index::tagListItem() should be used instead!
2023-04-18 21:47:07		html_li_index() is deprecated. It was called from html_buildlist() in /dokuwiki/inc/html.php:471 dokuwiki\Ui\Index::tagListItem() should be used instead!
2023-04-18 21:47:07		html_li_index() is deprecated. It was called from html_buildlist() in /dokuwiki/inc/html.php:471 dokuwiki\Ui\Index::tagListItem() should be used instead!
2023-04-18 21:47:07		html_li_index() is deprecated. It was called from html_buildlist() in /dokuwiki/inc/html.php:471 dokuwiki\Ui\Index::tagListItem() should be used instead!
2023-04-18 21:47:07		html_li_index() is deprecated. It was called from html_buildlist() in /dokuwiki/inc/html.php:471 dokuwiki\Ui\Index::tagListItem() should be used instead!
2023-04-18 21:47:07		html_li_index() is deprecated. It was called from html_buildlist() in /dokuwiki/inc/html.php:471 dokuwiki\Ui\Index::tagListItem() should be used instead!
2023-04-18 21:47:07		html_li_index() is deprecated. It was called from html_buildlist() in /dokuwiki/inc/html.php:471 dokuwiki\Ui\Index::tagListItem() should be used instead!
2023-04-18 21:55:59		require(syntax.php) is deprecated. It was called from require_once() in /dokuwiki/lib/plugins/divalign2/common.php:22 Autoloading should be used instead!
2023-04-18 21:55:59		require(action.php) is deprecated. It was called from require() in /dokuwiki/lib/plugins/hidden/action.php:9 Autoloading should be used instead!
2023-04-18 21:55:59		require(syntax.php) is deprecated. It was called from require_once() in /dokuwiki/lib/plugins/divalign2/common.php:22 Autoloading should be used instead!
2023-04-18 21:55:59		require(action.php) is deprecated. It was called from require() in /dokuwiki/lib/plugins/hidden/action.php:9 Autoloading should be used instead!
2023-04-18 21:56:00		require(syntax.php) is deprecated. It was called from require_once() in /dokuwiki/lib/plugins/divalign2/common.php:22 Autoloading should be used instead!
2023-04-18 21:56:00		require(action.php) is deprecated. It was called from require() in /dokuwiki/lib/plugins/hidden/action.php:9 Autoloading should be used instead!
2023-04-18 21:56:00		require(syntax.php) is deprecated. It was called from require_once() in /dokuwiki/lib/plugins/divalign2/common.php:22 Autoloading should be used instead!
2023-04-18 21:56:00		require(action.php) is deprecated. It was called from require() in /dokuwiki/lib/plugins/hidden/action.php:9 Autoloading should be used instead!
2023-04-18 21:56:00		require(syntax.php) is deprecated. It was called from require_once() in /dokuwiki/lib/plugins/divalign2/common.php:22 Autoloading should be used instead!
2023-04-18 21:56:00		require(action.php) is deprecated. It was called from require() in /dokuwiki/lib/plugins/hidden/action.php:9 Autoloading should be used instead!
2023-04-18 21:56:00		require(syntax.php) is deprecated. It was called from require_once() in /dokuwiki/lib/plugins/divalign2/common.php:22 Autoloading should be used instead!
2023-04-18 21:56:00		require(action.php) is deprecated. It was called from require() in /dokuwiki/lib/plugins/hidden/action.php:9 Autoloading should be used instead!
2023-04-18 21:56:01		require(syntax.php) is deprecated. It was called from require_once() in /dokuwiki/lib/plugins/divalign2/common.php:22 Autoloading should be used instead!
2023-04-18 21:56:01		require(action.php) is deprecated. It was called from require() in /dokuwiki/lib/plugins/hidden/action.php:9 Autoloading should be used instead!
2023-04-18 21:56:01		require(syntax.php) is deprecated. It was called from require_once() in /dokuwiki/lib/plugins/divalign2/common.php:22 Autoloading should be used instead!
2023-04-18 21:56:01		require(action.php) is deprecated. It was called from require() in /dokuwiki/lib/plugins/hidden/action.php:9 Autoloading should be used instead!
2023-04-18 21:57:54		require(syntax.php) is deprecated. It was called from require_once() in /dokuwiki/lib/plugins/divalign2/common.php:22 Autoloading should be used instead!
2023-04-18 21:57:54		require(action.php) is deprecated. It was called from require() in /dokuwiki/lib/plugins/hidden/action.php:9 Autoloading should be used instead!
2023-04-18 21:57:54		require(syntax.php) is deprecated. It was called from require_once() in /dokuwiki/lib/plugins/divalign2/common.php:22 Autoloading should be used instead!
2023-04-18 21:57:54		require(action.php) is deprecated. It was called from require() in /dokuwiki/lib/plugins/hidden/action.php:9 Autoloading should be used instead!
