2023-04-21 00:28:54		require(syntax.php) is deprecated. It was called from require_once() in /dokuwiki/lib/plugins/divalign2/common.php:22 Autoloading should be used instead!
2023-04-21 00:28:54		require(action.php) is deprecated. It was called from require() in /dokuwiki/lib/plugins/hidden/action.php:9 Autoloading should be used instead!
2023-04-21 00:52:38		require(syntax.php) is deprecated. It was called from require_once() in /dokuwiki/lib/plugins/divalign2/common.php:22 Autoloading should be used instead!
2023-04-21 00:52:38		require(action.php) is deprecated. It was called from require() in /dokuwiki/lib/plugins/hidden/action.php:9 Autoloading should be used instead!
2023-04-21 00:57:33		require(syntax.php) is deprecated. It was called from require_once() in /dokuwiki/lib/plugins/divalign2/common.php:22 Autoloading should be used instead!
2023-04-21 00:57:33		require(action.php) is deprecated. It was called from require() in /dokuwiki/lib/plugins/hidden/action.php:9 Autoloading should be used instead!
2023-04-21 00:58:20		require(syntax.php) is deprecated. It was called from require_once() in /dokuwiki/lib/plugins/divalign2/common.php:22 Autoloading should be used instead!
2023-04-21 00:58:20		require(action.php) is deprecated. It was called from require() in /dokuwiki/lib/plugins/hidden/action.php:9 Autoloading should be used instead!
2023-04-21 00:58:22		require(syntax.php) is deprecated. It was called from require_once() in /dokuwiki/lib/plugins/divalign2/common.php:22 Autoloading should be used instead!
2023-04-21 00:58:22		require(action.php) is deprecated. It was called from require() in /dokuwiki/lib/plugins/hidden/action.php:9 Autoloading should be used instead!
2023-04-21 01:02:54		require(syntax.php) is deprecated. It was called from require_once() in /dokuwiki/lib/plugins/divalign2/common.php:22 Autoloading should be used instead!
2023-04-21 01:02:54		require(action.php) is deprecated. It was called from require() in /dokuwiki/lib/plugins/hidden/action.php:9 Autoloading should be used instead!
2023-04-21 01:03:05		require(syntax.php) is deprecated. It was called from require_once() in /dokuwiki/lib/plugins/divalign2/common.php:22 Autoloading should be used instead!
2023-04-21 01:03:05		require(action.php) is deprecated. It was called from require() in /dokuwiki/lib/plugins/hidden/action.php:9 Autoloading should be used instead!
2023-04-21 01:03:07		require(syntax.php) is deprecated. It was called from require_once() in /dokuwiki/lib/plugins/divalign2/common.php:22 Autoloading should be used instead!
2023-04-21 01:03:07		require(action.php) is deprecated. It was called from require() in /dokuwiki/lib/plugins/hidden/action.php:9 Autoloading should be used instead!
2023-04-21 01:03:14		require(syntax.php) is deprecated. It was called from require_once() in /dokuwiki/lib/plugins/divalign2/common.php:22 Autoloading should be used instead!
2023-04-21 01:03:14		require(action.php) is deprecated. It was called from require() in /dokuwiki/lib/plugins/hidden/action.php:9 Autoloading should be used instead!
2023-04-21 01:08:45		require(syntax.php) is deprecated. It was called from require_once() in /dokuwiki/lib/plugins/divalign2/common.php:22 Autoloading should be used instead!
2023-04-21 01:08:45		require(action.php) is deprecated. It was called from require() in /dokuwiki/lib/plugins/hidden/action.php:9 Autoloading should be used instead!
2023-04-21 01:08:46		require(syntax.php) is deprecated. It was called from require_once() in /dokuwiki/lib/plugins/divalign2/common.php:22 Autoloading should be used instead!
2023-04-21 01:08:46		require(action.php) is deprecated. It was called from require() in /dokuwiki/lib/plugins/hidden/action.php:9 Autoloading should be used instead!
2023-04-21 01:08:47		require(syntax.php) is deprecated. It was called from require_once() in /dokuwiki/lib/plugins/divalign2/common.php:22 Autoloading should be used instead!
2023-04-21 01:08:47		require(action.php) is deprecated. It was called from require() in /dokuwiki/lib/plugins/hidden/action.php:9 Autoloading should be used instead!
2023-04-21 01:20:42		require(syntax.php) is deprecated. It was called from require_once() in /dokuwiki/lib/plugins/divalign2/common.php:22 Autoloading should be used instead!
2023-04-21 01:20:42		require(action.php) is deprecated. It was called from require() in /dokuwiki/lib/plugins/hidden/action.php:9 Autoloading should be used instead!
2023-04-21 01:21:33		require(syntax.php) is deprecated. It was called from require_once() in /dokuwiki/lib/plugins/divalign2/common.php:22 Autoloading should be used instead!
2023-04-21 01:21:33		require(action.php) is deprecated. It was called from require() in /dokuwiki/lib/plugins/hidden/action.php:9 Autoloading should be used instead!
2023-04-21 01:21:34		require(syntax.php) is deprecated. It was called from require_once() in /dokuwiki/lib/plugins/divalign2/common.php:22 Autoloading should be used instead!
2023-04-21 01:21:34		require(action.php) is deprecated. It was called from require() in /dokuwiki/lib/plugins/hidden/action.php:9 Autoloading should be used instead!
2023-04-21 01:49:09		require(syntax.php) is deprecated. It was called from require_once() in /dokuwiki/lib/plugins/divalign2/common.php:22 Autoloading should be used instead!
2023-04-21 01:49:09		require(action.php) is deprecated. It was called from require() in /dokuwiki/lib/plugins/hidden/action.php:9 Autoloading should be used instead!
2023-04-21 01:49:15		require(syntax.php) is deprecated. It was called from require_once() in /dokuwiki/lib/plugins/divalign2/common.php:22 Autoloading should be used instead!
2023-04-21 01:49:15		require(action.php) is deprecated. It was called from require() in /dokuwiki/lib/plugins/hidden/action.php:9 Autoloading should be used instead!
2023-04-21 01:49:18		require(syntax.php) is deprecated. It was called from require_once() in /dokuwiki/lib/plugins/divalign2/common.php:22 Autoloading should be used instead!
2023-04-21 01:49:18		require(action.php) is deprecated. It was called from require() in /dokuwiki/lib/plugins/hidden/action.php:9 Autoloading should be used instead!
2023-04-21 01:49:20		require(syntax.php) is deprecated. It was called from require_once() in /dokuwiki/lib/plugins/divalign2/common.php:22 Autoloading should be used instead!
2023-04-21 01:49:20		require(action.php) is deprecated. It was called from require() in /dokuwiki/lib/plugins/hidden/action.php:9 Autoloading should be used instead!
2023-04-21 02:39:48		require(syntax.php) is deprecated. It was called from require_once() in /dokuwiki/lib/plugins/divalign2/common.php:22 Autoloading should be used instead!
2023-04-21 02:39:48		require(action.php) is deprecated. It was called from require() in /dokuwiki/lib/plugins/hidden/action.php:9 Autoloading should be used instead!
2023-04-21 02:44:13		require(syntax.php) is deprecated. It was called from require_once() in /dokuwiki/lib/plugins/divalign2/common.php:22 Autoloading should be used instead!
2023-04-21 02:44:13		require(action.php) is deprecated. It was called from require() in /dokuwiki/lib/plugins/hidden/action.php:9 Autoloading should be used instead!
2023-04-21 02:48:25		require(syntax.php) is deprecated. It was called from require_once() in /dokuwiki/lib/plugins/divalign2/common.php:22 Autoloading should be used instead!
2023-04-21 02:48:25		require(action.php) is deprecated. It was called from require() in /dokuwiki/lib/plugins/hidden/action.php:9 Autoloading should be used instead!
2023-04-21 02:48:32		require(syntax.php) is deprecated. It was called from require_once() in /dokuwiki/lib/plugins/divalign2/common.php:22 Autoloading should be used instead!
2023-04-21 02:48:32		require(action.php) is deprecated. It was called from require() in /dokuwiki/lib/plugins/hidden/action.php:9 Autoloading should be used instead!
2023-04-21 02:48:36		require(syntax.php) is deprecated. It was called from require_once() in /dokuwiki/lib/plugins/divalign2/common.php:22 Autoloading should be used instead!
2023-04-21 02:48:36		require(action.php) is deprecated. It was called from require() in /dokuwiki/lib/plugins/hidden/action.php:9 Autoloading should be used instead!
2023-04-21 02:48:39		require(syntax.php) is deprecated. It was called from require_once() in /dokuwiki/lib/plugins/divalign2/common.php:22 Autoloading should be used instead!
2023-04-21 02:48:39		require(action.php) is deprecated. It was called from require() in /dokuwiki/lib/plugins/hidden/action.php:9 Autoloading should be used instead!
2023-04-21 02:48:39		require(syntax.php) is deprecated. It was called from require_once() in /dokuwiki/lib/plugins/divalign2/common.php:22 Autoloading should be used instead!
2023-04-21 02:48:39		require(action.php) is deprecated. It was called from require() in /dokuwiki/lib/plugins/hidden/action.php:9 Autoloading should be used instead!
2023-04-21 02:53:04		require(syntax.php) is deprecated. It was called from require_once() in /dokuwiki/lib/plugins/divalign2/common.php:22 Autoloading should be used instead!
2023-04-21 02:53:04		require(action.php) is deprecated. It was called from require() in /dokuwiki/lib/plugins/hidden/action.php:9 Autoloading should be used instead!
2023-04-21 03:41:19		require(syntax.php) is deprecated. It was called from require_once() in /dokuwiki/lib/plugins/divalign2/common.php:22 Autoloading should be used instead!
2023-04-21 03:41:19		require(action.php) is deprecated. It was called from require() in /dokuwiki/lib/plugins/hidden/action.php:9 Autoloading should be used instead!
2023-04-21 03:41:22		require(syntax.php) is deprecated. It was called from require_once() in /dokuwiki/lib/plugins/divalign2/common.php:22 Autoloading should be used instead!
2023-04-21 03:41:22		require(action.php) is deprecated. It was called from require() in /dokuwiki/lib/plugins/hidden/action.php:9 Autoloading should be used instead!
2023-04-21 03:41:25		require(syntax.php) is deprecated. It was called from require_once() in /dokuwiki/lib/plugins/divalign2/common.php:22 Autoloading should be used instead!
2023-04-21 03:41:25		require(action.php) is deprecated. It was called from require() in /dokuwiki/lib/plugins/hidden/action.php:9 Autoloading should be used instead!
2023-04-21 03:41:26		require(syntax.php) is deprecated. It was called from require_once() in /dokuwiki/lib/plugins/divalign2/common.php:22 Autoloading should be used instead!
2023-04-21 03:41:26		require(action.php) is deprecated. It was called from require() in /dokuwiki/lib/plugins/hidden/action.php:9 Autoloading should be used instead!
2023-04-21 03:57:45		require(syntax.php) is deprecated. It was called from require_once() in /dokuwiki/lib/plugins/divalign2/common.php:22 Autoloading should be used instead!
2023-04-21 03:57:45		require(action.php) is deprecated. It was called from require() in /dokuwiki/lib/plugins/hidden/action.php:9 Autoloading should be used instead!
2023-04-21 03:57:51		require(syntax.php) is deprecated. It was called from require_once() in /dokuwiki/lib/plugins/divalign2/common.php:22 Autoloading should be used instead!
2023-04-21 03:57:51		require(action.php) is deprecated. It was called from require() in /dokuwiki/lib/plugins/hidden/action.php:9 Autoloading should be used instead!
2023-04-21 04:14:40		require(syntax.php) is deprecated. It was called from require_once() in /dokuwiki/lib/plugins/divalign2/common.php:22 Autoloading should be used instead!
2023-04-21 04:14:41		require(action.php) is deprecated. It was called from require() in /dokuwiki/lib/plugins/hidden/action.php:9 Autoloading should be used instead!
2023-04-21 04:14:46		require(syntax.php) is deprecated. It was called from require_once() in /dokuwiki/lib/plugins/divalign2/common.php:22 Autoloading should be used instead!
2023-04-21 04:14:46		require(action.php) is deprecated. It was called from require() in /dokuwiki/lib/plugins/hidden/action.php:9 Autoloading should be used instead!
2023-04-21 05:01:21		require(syntax.php) is deprecated. It was called from require_once() in /dokuwiki/lib/plugins/divalign2/common.php:22 Autoloading should be used instead!
2023-04-21 05:01:21		require(action.php) is deprecated. It was called from require() in /dokuwiki/lib/plugins/hidden/action.php:9 Autoloading should be used instead!
2023-04-21 05:01:28		require(syntax.php) is deprecated. It was called from require_once() in /dokuwiki/lib/plugins/divalign2/common.php:22 Autoloading should be used instead!
2023-04-21 05:01:28		require(action.php) is deprecated. It was called from require() in /dokuwiki/lib/plugins/hidden/action.php:9 Autoloading should be used instead!
2023-04-21 05:01:44		require(syntax.php) is deprecated. It was called from require_once() in /dokuwiki/lib/plugins/divalign2/common.php:22 Autoloading should be used instead!
2023-04-21 05:01:44		require(action.php) is deprecated. It was called from require() in /dokuwiki/lib/plugins/hidden/action.php:9 Autoloading should be used instead!
2023-04-21 05:01:51		require(syntax.php) is deprecated. It was called from require_once() in /dokuwiki/lib/plugins/divalign2/common.php:22 Autoloading should be used instead!
2023-04-21 05:01:51		require(action.php) is deprecated. It was called from require() in /dokuwiki/lib/plugins/hidden/action.php:9 Autoloading should be used instead!
2023-04-21 05:25:49		require(syntax.php) is deprecated. It was called from require_once() in /dokuwiki/lib/plugins/divalign2/common.php:22 Autoloading should be used instead!
2023-04-21 05:25:49		require(action.php) is deprecated. It was called from require() in /dokuwiki/lib/plugins/hidden/action.php:9 Autoloading should be used instead!
2023-04-21 05:25:50		require(syntax.php) is deprecated. It was called from require_once() in /dokuwiki/lib/plugins/divalign2/common.php:22 Autoloading should be used instead!
2023-04-21 05:25:50		require(action.php) is deprecated. It was called from require() in /dokuwiki/lib/plugins/hidden/action.php:9 Autoloading should be used instead!
2023-04-21 05:26:54		require(syntax.php) is deprecated. It was called from require_once() in /dokuwiki/lib/plugins/divalign2/common.php:22 Autoloading should be used instead!
2023-04-21 05:26:54		require(action.php) is deprecated. It was called from require() in /dokuwiki/lib/plugins/hidden/action.php:9 Autoloading should be used instead!
2023-04-21 05:27:30		require(syntax.php) is deprecated. It was called from require_once() in /dokuwiki/lib/plugins/divalign2/common.php:22 Autoloading should be used instead!
2023-04-21 05:27:30		require(action.php) is deprecated. It was called from require() in /dokuwiki/lib/plugins/hidden/action.php:9 Autoloading should be used instead!
2023-04-21 05:27:35		require(syntax.php) is deprecated. It was called from require_once() in /dokuwiki/lib/plugins/divalign2/common.php:22 Autoloading should be used instead!
2023-04-21 05:27:35		require(action.php) is deprecated. It was called from require() in /dokuwiki/lib/plugins/hidden/action.php:9 Autoloading should be used instead!
2023-04-21 05:27:39		require(syntax.php) is deprecated. It was called from require_once() in /dokuwiki/lib/plugins/divalign2/common.php:22 Autoloading should be used instead!
2023-04-21 05:27:39		require(action.php) is deprecated. It was called from require() in /dokuwiki/lib/plugins/hidden/action.php:9 Autoloading should be used instead!
2023-04-21 06:01:21		require(syntax.php) is deprecated. It was called from require_once() in /dokuwiki/lib/plugins/divalign2/common.php:22 Autoloading should be used instead!
2023-04-21 06:01:21		require(action.php) is deprecated. It was called from require() in /dokuwiki/lib/plugins/hidden/action.php:9 Autoloading should be used instead!
2023-04-21 06:01:21		Doku_Handler::_addCall() is deprecated. It was called from syntax_plugin_divalign2_common::handle() in /dokuwiki/lib/plugins/divalign2/common.php:64 addCall should be used instead!
2023-04-21 06:01:21		Doku_Handler::_addCall() is deprecated. It was called from syntax_plugin_divalign2_common::handle() in /dokuwiki/lib/plugins/divalign2/common.php:64 addCall should be used instead!
2023-04-21 06:01:21		Doku_Handler::_addCall() is deprecated. It was called from syntax_plugin_divalign2_common::handle() in /dokuwiki/lib/plugins/divalign2/common.php:64 addCall should be used instead!
2023-04-21 06:01:21		Doku_Handler::_addCall() is deprecated. It was called from syntax_plugin_divalign2_common::handle() in /dokuwiki/lib/plugins/divalign2/common.php:64 addCall should be used instead!
2023-04-21 06:01:21		Doku_Handler::_addCall() is deprecated. It was called from syntax_plugin_divalign2_common::handle() in /dokuwiki/lib/plugins/divalign2/common.php:64 addCall should be used instead!
2023-04-21 06:01:21		Doku_Handler::_addCall() is deprecated. It was called from syntax_plugin_divalign2_common::handle() in /dokuwiki/lib/plugins/divalign2/common.php:64 addCall should be used instead!
2023-04-21 06:01:21		Doku_Handler::_addCall() is deprecated. It was called from syntax_plugin_divalign2_common::handle() in /dokuwiki/lib/plugins/divalign2/common.php:64 addCall should be used instead!
2023-04-21 06:01:21		Doku_Handler::_addCall() is deprecated. It was called from syntax_plugin_wrap_div::handle() in /dokuwiki/lib/plugins/wrap/syntax/div.php:49 addCall should be used instead!
2023-04-21 06:01:21		resolve_id() is deprecated. It was called from syntax_plugin_indexmenu_indexmenu::_parse_ns() in /dokuwiki/lib/plugins/indexmenu/syntax/indexmenu.php:620 dokuwiki\File\Resolver and its children should be used instead!
2023-04-21 06:01:22		html_li_index() is deprecated. It was called from html_buildlist() in /dokuwiki/inc/html.php:471 dokuwiki\Ui\Index::tagListItem() should be used instead!
2023-04-21 06:01:22		html_li_index() is deprecated. It was called from html_buildlist() in /dokuwiki/inc/html.php:471 dokuwiki\Ui\Index::tagListItem() should be used instead!
2023-04-21 06:01:22		html_li_index() is deprecated. It was called from html_buildlist() in /dokuwiki/inc/html.php:471 dokuwiki\Ui\Index::tagListItem() should be used instead!
2023-04-21 06:01:22		html_li_index() is deprecated. It was called from html_buildlist() in /dokuwiki/inc/html.php:471 dokuwiki\Ui\Index::tagListItem() should be used instead!
2023-04-21 06:01:22		html_li_index() is deprecated. It was called from html_buildlist() in /dokuwiki/inc/html.php:471 dokuwiki\Ui\Index::tagListItem() should be used instead!
2023-04-21 06:01:22		html_li_index() is deprecated. It was called from html_buildlist() in /dokuwiki/inc/html.php:471 dokuwiki\Ui\Index::tagListItem() should be used instead!
2023-04-21 06:01:22		html_li_index() is deprecated. It was called from html_buildlist() in /dokuwiki/inc/html.php:471 dokuwiki\Ui\Index::tagListItem() should be used instead!
2023-04-21 06:01:22		html_li_index() is deprecated. It was called from html_buildlist() in /dokuwiki/inc/html.php:471 dokuwiki\Ui\Index::tagListItem() should be used instead!
2023-04-21 06:08:42		require(syntax.php) is deprecated. It was called from require_once() in /dokuwiki/lib/plugins/divalign2/common.php:22 Autoloading should be used instead!
2023-04-21 06:08:42		require(action.php) is deprecated. It was called from require() in /dokuwiki/lib/plugins/hidden/action.php:9 Autoloading should be used instead!
2023-04-21 06:09:03		require(syntax.php) is deprecated. It was called from require_once() in /dokuwiki/lib/plugins/divalign2/common.php:22 Autoloading should be used instead!
2023-04-21 06:09:03		require(action.php) is deprecated. It was called from require() in /dokuwiki/lib/plugins/hidden/action.php:9 Autoloading should be used instead!
2023-04-21 06:14:05		require(syntax.php) is deprecated. It was called from require_once() in /dokuwiki/lib/plugins/divalign2/common.php:22 Autoloading should be used instead!
2023-04-21 06:14:05		require(action.php) is deprecated. It was called from require() in /dokuwiki/lib/plugins/hidden/action.php:9 Autoloading should be used instead!
2023-04-21 07:16:46		require(syntax.php) is deprecated. It was called from require_once() in /dokuwiki/lib/plugins/divalign2/common.php:22 Autoloading should be used instead!
2023-04-21 07:16:46		require(action.php) is deprecated. It was called from require() in /dokuwiki/lib/plugins/hidden/action.php:9 Autoloading should be used instead!
2023-04-21 07:53:50		require(syntax.php) is deprecated. It was called from require_once() in /dokuwiki/lib/plugins/divalign2/common.php:22 Autoloading should be used instead!
2023-04-21 07:53:50		require(action.php) is deprecated. It was called from require() in /dokuwiki/lib/plugins/hidden/action.php:9 Autoloading should be used instead!
2023-04-21 08:22:49		require(syntax.php) is deprecated. It was called from require_once() in /dokuwiki/lib/plugins/divalign2/common.php:22 Autoloading should be used instead!
2023-04-21 08:22:49		require(action.php) is deprecated. It was called from require() in /dokuwiki/lib/plugins/hidden/action.php:9 Autoloading should be used instead!
2023-04-21 09:58:39		require(syntax.php) is deprecated. It was called from require_once() in /dokuwiki/lib/plugins/divalign2/common.php:22 Autoloading should be used instead!
2023-04-21 09:58:39		require(action.php) is deprecated. It was called from require() in /dokuwiki/lib/plugins/hidden/action.php:9 Autoloading should be used instead!
2023-04-21 09:58:43		require(syntax.php) is deprecated. It was called from require_once() in /dokuwiki/lib/plugins/divalign2/common.php:22 Autoloading should be used instead!
2023-04-21 09:58:44		require(action.php) is deprecated. It was called from require() in /dokuwiki/lib/plugins/hidden/action.php:9 Autoloading should be used instead!
2023-04-21 09:58:45		require(syntax.php) is deprecated. It was called from require_once() in /dokuwiki/lib/plugins/divalign2/common.php:22 Autoloading should be used instead!
2023-04-21 09:58:45		require(action.php) is deprecated. It was called from require() in /dokuwiki/lib/plugins/hidden/action.php:9 Autoloading should be used instead!
2023-04-21 09:58:46		require(syntax.php) is deprecated. It was called from require_once() in /dokuwiki/lib/plugins/divalign2/common.php:22 Autoloading should be used instead!
2023-04-21 09:58:46		require(action.php) is deprecated. It was called from require() in /dokuwiki/lib/plugins/hidden/action.php:9 Autoloading should be used instead!
2023-04-21 10:22:50		require(syntax.php) is deprecated. It was called from require_once() in /dokuwiki/lib/plugins/divalign2/common.php:22 Autoloading should be used instead!
2023-04-21 10:22:50		require(action.php) is deprecated. It was called from require() in /dokuwiki/lib/plugins/hidden/action.php:9 Autoloading should be used instead!
2023-04-21 11:05:30		require(syntax.php) is deprecated. It was called from require_once() in /dokuwiki/lib/plugins/divalign2/common.php:22 Autoloading should be used instead!
2023-04-21 11:05:30		require(action.php) is deprecated. It was called from require() in /dokuwiki/lib/plugins/hidden/action.php:9 Autoloading should be used instead!
2023-04-21 11:05:30		require(syntax.php) is deprecated. It was called from require_once() in /dokuwiki/lib/plugins/divalign2/common.php:22 Autoloading should be used instead!
2023-04-21 11:05:30		require(action.php) is deprecated. It was called from require() in /dokuwiki/lib/plugins/hidden/action.php:9 Autoloading should be used instead!
2023-04-21 11:05:30		require(syntax.php) is deprecated. It was called from require_once() in /dokuwiki/lib/plugins/divalign2/common.php:22 Autoloading should be used instead!
2023-04-21 11:05:30		require(action.php) is deprecated. It was called from require() in /dokuwiki/lib/plugins/hidden/action.php:9 Autoloading should be used instead!
2023-04-21 11:05:30		require(syntax.php) is deprecated. It was called from require_once() in /dokuwiki/lib/plugins/divalign2/common.php:22 Autoloading should be used instead!
2023-04-21 11:05:30		require(action.php) is deprecated. It was called from require() in /dokuwiki/lib/plugins/hidden/action.php:9 Autoloading should be used instead!
2023-04-21 11:05:31		require(syntax.php) is deprecated. It was called from require_once() in /dokuwiki/lib/plugins/divalign2/common.php:22 Autoloading should be used instead!
2023-04-21 11:05:31		require(action.php) is deprecated. It was called from require() in /dokuwiki/lib/plugins/hidden/action.php:9 Autoloading should be used instead!
2023-04-21 11:05:32		require(syntax.php) is deprecated. It was called from require_once() in /dokuwiki/lib/plugins/divalign2/common.php:22 Autoloading should be used instead!
2023-04-21 11:05:32		require(action.php) is deprecated. It was called from require() in /dokuwiki/lib/plugins/hidden/action.php:9 Autoloading should be used instead!
2023-04-21 11:05:32		require(syntax.php) is deprecated. It was called from require_once() in /dokuwiki/lib/plugins/divalign2/common.php:22 Autoloading should be used instead!
2023-04-21 11:05:32		require(action.php) is deprecated. It was called from require() in /dokuwiki/lib/plugins/hidden/action.php:9 Autoloading should be used instead!
2023-04-21 11:05:32		require(syntax.php) is deprecated. It was called from require_once() in /dokuwiki/lib/plugins/divalign2/common.php:22 Autoloading should be used instead!
2023-04-21 11:05:32		require(action.php) is deprecated. It was called from require() in /dokuwiki/lib/plugins/hidden/action.php:9 Autoloading should be used instead!
2023-04-21 11:37:50		require(syntax.php) is deprecated. It was called from require_once() in /dokuwiki/lib/plugins/divalign2/common.php:22 Autoloading should be used instead!
2023-04-21 11:37:50		require(action.php) is deprecated. It was called from require() in /dokuwiki/lib/plugins/hidden/action.php:9 Autoloading should be used instead!
2023-04-21 11:53:54		require(syntax.php) is deprecated. It was called from require_once() in /dokuwiki/lib/plugins/divalign2/common.php:22 Autoloading should be used instead!
2023-04-21 11:53:54		require(action.php) is deprecated. It was called from require() in /dokuwiki/lib/plugins/hidden/action.php:9 Autoloading should be used instead!
2023-04-21 12:23:31		require(syntax.php) is deprecated. It was called from require_once() in /dokuwiki/lib/plugins/divalign2/common.php:22 Autoloading should be used instead!
2023-04-21 12:23:31		require(action.php) is deprecated. It was called from require() in /dokuwiki/lib/plugins/hidden/action.php:9 Autoloading should be used instead!
2023-04-21 12:23:31		require(syntax.php) is deprecated. It was called from require_once() in /dokuwiki/lib/plugins/divalign2/common.php:22 Autoloading should be used instead!
2023-04-21 12:23:31		require(action.php) is deprecated. It was called from require() in /dokuwiki/lib/plugins/hidden/action.php:9 Autoloading should be used instead!
2023-04-21 14:04:40		require(syntax.php) is deprecated. It was called from require_once() in /dokuwiki/lib/plugins/divalign2/common.php:22 Autoloading should be used instead!
2023-04-21 14:04:40		require(action.php) is deprecated. It was called from require() in /dokuwiki/lib/plugins/hidden/action.php:9 Autoloading should be used instead!
2023-04-21 14:04:40		html_li_index() is deprecated. It was called from html_buildlist() in /dokuwiki/inc/html.php:471 dokuwiki\Ui\Index::tagListItem() should be used instead!
2023-04-21 14:04:40		html_li_index() is deprecated. It was called from html_buildlist() in /dokuwiki/inc/html.php:471 dokuwiki\Ui\Index::tagListItem() should be used instead!
2023-04-21 14:04:40		html_li_index() is deprecated. It was called from html_buildlist() in /dokuwiki/inc/html.php:471 dokuwiki\Ui\Index::tagListItem() should be used instead!
2023-04-21 14:04:40		html_li_index() is deprecated. It was called from html_buildlist() in /dokuwiki/inc/html.php:471 dokuwiki\Ui\Index::tagListItem() should be used instead!
2023-04-21 14:04:40		html_li_index() is deprecated. It was called from html_buildlist() in /dokuwiki/inc/html.php:471 dokuwiki\Ui\Index::tagListItem() should be used instead!
2023-04-21 14:04:40		html_li_index() is deprecated. It was called from html_buildlist() in /dokuwiki/inc/html.php:471 dokuwiki\Ui\Index::tagListItem() should be used instead!
2023-04-21 14:04:40		html_li_index() is deprecated. It was called from html_buildlist() in /dokuwiki/inc/html.php:471 dokuwiki\Ui\Index::tagListItem() should be used instead!
2023-04-21 14:04:40		html_li_index() is deprecated. It was called from html_buildlist() in /dokuwiki/inc/html.php:471 dokuwiki\Ui\Index::tagListItem() should be used instead!
2023-04-21 14:22:50		require(syntax.php) is deprecated. It was called from require_once() in /dokuwiki/lib/plugins/divalign2/common.php:22 Autoloading should be used instead!
2023-04-21 14:22:50		require(action.php) is deprecated. It was called from require() in /dokuwiki/lib/plugins/hidden/action.php:9 Autoloading should be used instead!
2023-04-21 15:41:49		require(syntax.php) is deprecated. It was called from require_once() in /dokuwiki/lib/plugins/divalign2/common.php:22 Autoloading should be used instead!
2023-04-21 15:41:49		require(action.php) is deprecated. It was called from require() in /dokuwiki/lib/plugins/hidden/action.php:9 Autoloading should be used instead!
2023-04-21 15:59:07		require(syntax.php) is deprecated. It was called from require_once() in /dokuwiki/lib/plugins/divalign2/common.php:22 Autoloading should be used instead!
2023-04-21 15:59:07		require(action.php) is deprecated. It was called from require() in /dokuwiki/lib/plugins/hidden/action.php:9 Autoloading should be used instead!
2023-04-21 15:59:34		require(syntax.php) is deprecated. It was called from require_once() in /dokuwiki/lib/plugins/divalign2/common.php:22 Autoloading should be used instead!
2023-04-21 15:59:34		require(action.php) is deprecated. It was called from require() in /dokuwiki/lib/plugins/hidden/action.php:9 Autoloading should be used instead!
2023-04-21 15:59:41		require(syntax.php) is deprecated. It was called from require_once() in /dokuwiki/lib/plugins/divalign2/common.php:22 Autoloading should be used instead!
2023-04-21 15:59:41		require(action.php) is deprecated. It was called from require() in /dokuwiki/lib/plugins/hidden/action.php:9 Autoloading should be used instead!
2023-04-21 15:59:44		require(syntax.php) is deprecated. It was called from require_once() in /dokuwiki/lib/plugins/divalign2/common.php:22 Autoloading should be used instead!
2023-04-21 15:59:44		require(action.php) is deprecated. It was called from require() in /dokuwiki/lib/plugins/hidden/action.php:9 Autoloading should be used instead!
2023-04-21 16:12:53		require(syntax.php) is deprecated. It was called from require_once() in /dokuwiki/lib/plugins/divalign2/common.php:22 Autoloading should be used instead!
2023-04-21 16:12:53		require(action.php) is deprecated. It was called from require() in /dokuwiki/lib/plugins/hidden/action.php:9 Autoloading should be used instead!
2023-04-21 16:12:55		require(syntax.php) is deprecated. It was called from require_once() in /dokuwiki/lib/plugins/divalign2/common.php:22 Autoloading should be used instead!
2023-04-21 16:12:55		require(action.php) is deprecated. It was called from require() in /dokuwiki/lib/plugins/hidden/action.php:9 Autoloading should be used instead!
2023-04-21 16:12:56		require(syntax.php) is deprecated. It was called from require_once() in /dokuwiki/lib/plugins/divalign2/common.php:22 Autoloading should be used instead!
2023-04-21 16:12:56		require(action.php) is deprecated. It was called from require() in /dokuwiki/lib/plugins/hidden/action.php:9 Autoloading should be used instead!
2023-04-21 16:12:57		require(syntax.php) is deprecated. It was called from require_once() in /dokuwiki/lib/plugins/divalign2/common.php:22 Autoloading should be used instead!
2023-04-21 16:12:57		require(action.php) is deprecated. It was called from require() in /dokuwiki/lib/plugins/hidden/action.php:9 Autoloading should be used instead!
2023-04-21 16:31:41		require(syntax.php) is deprecated. It was called from require_once() in /dokuwiki/lib/plugins/divalign2/common.php:22 Autoloading should be used instead!
2023-04-21 16:31:41		require(action.php) is deprecated. It was called from require() in /dokuwiki/lib/plugins/hidden/action.php:9 Autoloading should be used instead!
2023-04-21 16:31:43		require(syntax.php) is deprecated. It was called from require_once() in /dokuwiki/lib/plugins/divalign2/common.php:22 Autoloading should be used instead!
2023-04-21 16:31:43		require(action.php) is deprecated. It was called from require() in /dokuwiki/lib/plugins/hidden/action.php:9 Autoloading should be used instead!
2023-04-21 16:31:44		require(syntax.php) is deprecated. It was called from require_once() in /dokuwiki/lib/plugins/divalign2/common.php:22 Autoloading should be used instead!
2023-04-21 16:31:44		require(action.php) is deprecated. It was called from require() in /dokuwiki/lib/plugins/hidden/action.php:9 Autoloading should be used instead!
2023-04-21 16:31:46		require(syntax.php) is deprecated. It was called from require_once() in /dokuwiki/lib/plugins/divalign2/common.php:22 Autoloading should be used instead!
2023-04-21 16:31:46		require(action.php) is deprecated. It was called from require() in /dokuwiki/lib/plugins/hidden/action.php:9 Autoloading should be used instead!
2023-04-21 16:31:46		html_li_index() is deprecated. It was called from html_buildlist() in /dokuwiki/inc/html.php:471 dokuwiki\Ui\Index::tagListItem() should be used instead!
2023-04-21 16:31:46		html_li_index() is deprecated. It was called from html_buildlist() in /dokuwiki/inc/html.php:471 dokuwiki\Ui\Index::tagListItem() should be used instead!
2023-04-21 16:31:46		html_li_index() is deprecated. It was called from html_buildlist() in /dokuwiki/inc/html.php:471 dokuwiki\Ui\Index::tagListItem() should be used instead!
2023-04-21 16:31:46		html_li_index() is deprecated. It was called from html_buildlist() in /dokuwiki/inc/html.php:471 dokuwiki\Ui\Index::tagListItem() should be used instead!
2023-04-21 16:31:46		html_li_index() is deprecated. It was called from html_buildlist() in /dokuwiki/inc/html.php:471 dokuwiki\Ui\Index::tagListItem() should be used instead!
2023-04-21 16:31:46		html_li_index() is deprecated. It was called from html_buildlist() in /dokuwiki/inc/html.php:471 dokuwiki\Ui\Index::tagListItem() should be used instead!
2023-04-21 16:31:46		html_li_index() is deprecated. It was called from html_buildlist() in /dokuwiki/inc/html.php:471 dokuwiki\Ui\Index::tagListItem() should be used instead!
2023-04-21 16:31:46		html_li_index() is deprecated. It was called from html_buildlist() in /dokuwiki/inc/html.php:471 dokuwiki\Ui\Index::tagListItem() should be used instead!
2023-04-21 16:31:48		require(syntax.php) is deprecated. It was called from require_once() in /dokuwiki/lib/plugins/divalign2/common.php:22 Autoloading should be used instead!
2023-04-21 16:31:48		require(action.php) is deprecated. It was called from require() in /dokuwiki/lib/plugins/hidden/action.php:9 Autoloading should be used instead!
2023-04-21 16:47:06		require(syntax.php) is deprecated. It was called from require_once() in /dokuwiki/lib/plugins/divalign2/common.php:22 Autoloading should be used instead!
2023-04-21 16:47:06		require(action.php) is deprecated. It was called from require() in /dokuwiki/lib/plugins/hidden/action.php:9 Autoloading should be used instead!
2023-04-21 16:47:22		require(syntax.php) is deprecated. It was called from require_once() in /dokuwiki/lib/plugins/divalign2/common.php:22 Autoloading should be used instead!
2023-04-21 16:47:22		require(action.php) is deprecated. It was called from require() in /dokuwiki/lib/plugins/hidden/action.php:9 Autoloading should be used instead!
2023-04-21 16:47:23		require(syntax.php) is deprecated. It was called from require_once() in /dokuwiki/lib/plugins/divalign2/common.php:22 Autoloading should be used instead!
2023-04-21 16:47:23		require(action.php) is deprecated. It was called from require() in /dokuwiki/lib/plugins/hidden/action.php:9 Autoloading should be used instead!
2023-04-21 16:47:28		require(syntax.php) is deprecated. It was called from require_once() in /dokuwiki/lib/plugins/divalign2/common.php:22 Autoloading should be used instead!
2023-04-21 16:47:28		require(action.php) is deprecated. It was called from require() in /dokuwiki/lib/plugins/hidden/action.php:9 Autoloading should be used instead!
2023-04-21 16:55:47		require(syntax.php) is deprecated. It was called from require_once() in /dokuwiki/lib/plugins/divalign2/common.php:22 Autoloading should be used instead!
2023-04-21 16:55:47		require(action.php) is deprecated. It was called from require() in /dokuwiki/lib/plugins/hidden/action.php:9 Autoloading should be used instead!
2023-04-21 16:55:49		require(syntax.php) is deprecated. It was called from require_once() in /dokuwiki/lib/plugins/divalign2/common.php:22 Autoloading should be used instead!
2023-04-21 16:55:49		require(action.php) is deprecated. It was called from require() in /dokuwiki/lib/plugins/hidden/action.php:9 Autoloading should be used instead!
2023-04-21 16:55:50		require(syntax.php) is deprecated. It was called from require_once() in /dokuwiki/lib/plugins/divalign2/common.php:22 Autoloading should be used instead!
2023-04-21 16:55:50		require(action.php) is deprecated. It was called from require() in /dokuwiki/lib/plugins/hidden/action.php:9 Autoloading should be used instead!
2023-04-21 16:55:52		require(syntax.php) is deprecated. It was called from require_once() in /dokuwiki/lib/plugins/divalign2/common.php:22 Autoloading should be used instead!
2023-04-21 16:55:52		require(action.php) is deprecated. It was called from require() in /dokuwiki/lib/plugins/hidden/action.php:9 Autoloading should be used instead!
2023-04-21 17:13:25		require(syntax.php) is deprecated. It was called from require_once() in /dokuwiki/lib/plugins/divalign2/common.php:22 Autoloading should be used instead!
2023-04-21 17:13:25		require(action.php) is deprecated. It was called from require() in /dokuwiki/lib/plugins/hidden/action.php:9 Autoloading should be used instead!
2023-04-21 17:13:27		require(syntax.php) is deprecated. It was called from require_once() in /dokuwiki/lib/plugins/divalign2/common.php:22 Autoloading should be used instead!
2023-04-21 17:13:27		require(action.php) is deprecated. It was called from require() in /dokuwiki/lib/plugins/hidden/action.php:9 Autoloading should be used instead!
2023-04-21 17:13:28		require(syntax.php) is deprecated. It was called from require_once() in /dokuwiki/lib/plugins/divalign2/common.php:22 Autoloading should be used instead!
2023-04-21 17:13:28		require(action.php) is deprecated. It was called from require() in /dokuwiki/lib/plugins/hidden/action.php:9 Autoloading should be used instead!
2023-04-21 17:13:29		require(syntax.php) is deprecated. It was called from require_once() in /dokuwiki/lib/plugins/divalign2/common.php:22 Autoloading should be used instead!
2023-04-21 17:13:29		require(action.php) is deprecated. It was called from require() in /dokuwiki/lib/plugins/hidden/action.php:9 Autoloading should be used instead!
2023-04-21 17:13:31		require(syntax.php) is deprecated. It was called from require_once() in /dokuwiki/lib/plugins/divalign2/common.php:22 Autoloading should be used instead!
2023-04-21 17:13:31		require(action.php) is deprecated. It was called from require() in /dokuwiki/lib/plugins/hidden/action.php:9 Autoloading should be used instead!
2023-04-21 17:15:57		require(syntax.php) is deprecated. It was called from require_once() in /dokuwiki/lib/plugins/divalign2/common.php:22 Autoloading should be used instead!
2023-04-21 17:15:57		require(action.php) is deprecated. It was called from require() in /dokuwiki/lib/plugins/hidden/action.php:9 Autoloading should be used instead!
2023-04-21 17:15:59		require(syntax.php) is deprecated. It was called from require_once() in /dokuwiki/lib/plugins/divalign2/common.php:22 Autoloading should be used instead!
2023-04-21 17:15:59		require(action.php) is deprecated. It was called from require() in /dokuwiki/lib/plugins/hidden/action.php:9 Autoloading should be used instead!
2023-04-21 17:16:00		require(syntax.php) is deprecated. It was called from require_once() in /dokuwiki/lib/plugins/divalign2/common.php:22 Autoloading should be used instead!
2023-04-21 17:16:00		require(action.php) is deprecated. It was called from require() in /dokuwiki/lib/plugins/hidden/action.php:9 Autoloading should be used instead!
2023-04-21 17:16:02		require(syntax.php) is deprecated. It was called from require_once() in /dokuwiki/lib/plugins/divalign2/common.php:22 Autoloading should be used instead!
2023-04-21 17:16:02		require(action.php) is deprecated. It was called from require() in /dokuwiki/lib/plugins/hidden/action.php:9 Autoloading should be used instead!
2023-04-21 17:32:49		require(syntax.php) is deprecated. It was called from require_once() in /dokuwiki/lib/plugins/divalign2/common.php:22 Autoloading should be used instead!
2023-04-21 17:32:49		require(action.php) is deprecated. It was called from require() in /dokuwiki/lib/plugins/hidden/action.php:9 Autoloading should be used instead!
2023-04-21 17:32:50		require(syntax.php) is deprecated. It was called from require_once() in /dokuwiki/lib/plugins/divalign2/common.php:22 Autoloading should be used instead!
2023-04-21 17:32:50		require(action.php) is deprecated. It was called from require() in /dokuwiki/lib/plugins/hidden/action.php:9 Autoloading should be used instead!
2023-04-21 17:32:52		require(syntax.php) is deprecated. It was called from require_once() in /dokuwiki/lib/plugins/divalign2/common.php:22 Autoloading should be used instead!
2023-04-21 17:32:52		require(action.php) is deprecated. It was called from require() in /dokuwiki/lib/plugins/hidden/action.php:9 Autoloading should be used instead!
2023-04-21 17:32:53		require(syntax.php) is deprecated. It was called from require_once() in /dokuwiki/lib/plugins/divalign2/common.php:22 Autoloading should be used instead!
2023-04-21 17:32:53		require(action.php) is deprecated. It was called from require() in /dokuwiki/lib/plugins/hidden/action.php:9 Autoloading should be used instead!
2023-04-21 17:32:55		require(syntax.php) is deprecated. It was called from require_once() in /dokuwiki/lib/plugins/divalign2/common.php:22 Autoloading should be used instead!
2023-04-21 17:32:55		require(action.php) is deprecated. It was called from require() in /dokuwiki/lib/plugins/hidden/action.php:9 Autoloading should be used instead!
2023-04-21 17:35:59		require(syntax.php) is deprecated. It was called from require_once() in /dokuwiki/lib/plugins/divalign2/common.php:22 Autoloading should be used instead!
2023-04-21 17:35:59		require(action.php) is deprecated. It was called from require() in /dokuwiki/lib/plugins/hidden/action.php:9 Autoloading should be used instead!
2023-04-21 17:36:04		require(syntax.php) is deprecated. It was called from require_once() in /dokuwiki/lib/plugins/divalign2/common.php:22 Autoloading should be used instead!
2023-04-21 17:36:04		require(action.php) is deprecated. It was called from require() in /dokuwiki/lib/plugins/hidden/action.php:9 Autoloading should be used instead!
2023-04-21 17:36:07		require(syntax.php) is deprecated. It was called from require_once() in /dokuwiki/lib/plugins/divalign2/common.php:22 Autoloading should be used instead!
2023-04-21 17:36:07		require(action.php) is deprecated. It was called from require() in /dokuwiki/lib/plugins/hidden/action.php:9 Autoloading should be used instead!
2023-04-21 17:36:11		require(syntax.php) is deprecated. It was called from require_once() in /dokuwiki/lib/plugins/divalign2/common.php:22 Autoloading should be used instead!
2023-04-21 17:36:11		require(action.php) is deprecated. It was called from require() in /dokuwiki/lib/plugins/hidden/action.php:9 Autoloading should be used instead!
2023-04-21 18:13:43		require(syntax.php) is deprecated. It was called from require_once() in /dokuwiki/lib/plugins/divalign2/common.php:22 Autoloading should be used instead!
2023-04-21 18:13:43		require(action.php) is deprecated. It was called from require() in /dokuwiki/lib/plugins/hidden/action.php:9 Autoloading should be used instead!
2023-04-21 18:13:48		require(syntax.php) is deprecated. It was called from require_once() in /dokuwiki/lib/plugins/divalign2/common.php:22 Autoloading should be used instead!
2023-04-21 18:13:48		require(action.php) is deprecated. It was called from require() in /dokuwiki/lib/plugins/hidden/action.php:9 Autoloading should be used instead!
2023-04-21 18:13:54		require(syntax.php) is deprecated. It was called from require_once() in /dokuwiki/lib/plugins/divalign2/common.php:22 Autoloading should be used instead!
2023-04-21 18:13:54		require(action.php) is deprecated. It was called from require() in /dokuwiki/lib/plugins/hidden/action.php:9 Autoloading should be used instead!
2023-04-21 18:14:04		require(syntax.php) is deprecated. It was called from require_once() in /dokuwiki/lib/plugins/divalign2/common.php:22 Autoloading should be used instead!
2023-04-21 18:14:04		require(action.php) is deprecated. It was called from require() in /dokuwiki/lib/plugins/hidden/action.php:9 Autoloading should be used instead!
2023-04-21 18:28:33		require(syntax.php) is deprecated. It was called from require_once() in /dokuwiki/lib/plugins/divalign2/common.php:22 Autoloading should be used instead!
2023-04-21 18:28:33		require(action.php) is deprecated. It was called from require() in /dokuwiki/lib/plugins/hidden/action.php:9 Autoloading should be used instead!
2023-04-21 18:28:34		require(syntax.php) is deprecated. It was called from require_once() in /dokuwiki/lib/plugins/divalign2/common.php:22 Autoloading should be used instead!
2023-04-21 18:28:34		require(action.php) is deprecated. It was called from require() in /dokuwiki/lib/plugins/hidden/action.php:9 Autoloading should be used instead!
2023-04-21 18:28:35		require(syntax.php) is deprecated. It was called from require_once() in /dokuwiki/lib/plugins/divalign2/common.php:22 Autoloading should be used instead!
2023-04-21 18:28:35		require(action.php) is deprecated. It was called from require() in /dokuwiki/lib/plugins/hidden/action.php:9 Autoloading should be used instead!
2023-04-21 18:28:37		require(syntax.php) is deprecated. It was called from require_once() in /dokuwiki/lib/plugins/divalign2/common.php:22 Autoloading should be used instead!
2023-04-21 18:28:37		require(action.php) is deprecated. It was called from require() in /dokuwiki/lib/plugins/hidden/action.php:9 Autoloading should be used instead!
2023-04-21 18:30:18		require(syntax.php) is deprecated. It was called from require_once() in /dokuwiki/lib/plugins/divalign2/common.php:22 Autoloading should be used instead!
2023-04-21 18:30:18		require(action.php) is deprecated. It was called from require() in /dokuwiki/lib/plugins/hidden/action.php:9 Autoloading should be used instead!
2023-04-21 18:30:18		html_li_index() is deprecated. It was called from html_buildlist() in /dokuwiki/inc/html.php:471 dokuwiki\Ui\Index::tagListItem() should be used instead!
2023-04-21 18:30:18		html_li_index() is deprecated. It was called from html_buildlist() in /dokuwiki/inc/html.php:471 dokuwiki\Ui\Index::tagListItem() should be used instead!
2023-04-21 18:30:18		html_li_index() is deprecated. It was called from html_buildlist() in /dokuwiki/inc/html.php:471 dokuwiki\Ui\Index::tagListItem() should be used instead!
2023-04-21 18:30:18		html_li_index() is deprecated. It was called from html_buildlist() in /dokuwiki/inc/html.php:471 dokuwiki\Ui\Index::tagListItem() should be used instead!
2023-04-21 18:30:18		html_li_index() is deprecated. It was called from html_buildlist() in /dokuwiki/inc/html.php:471 dokuwiki\Ui\Index::tagListItem() should be used instead!
2023-04-21 18:30:18		html_li_index() is deprecated. It was called from html_buildlist() in /dokuwiki/inc/html.php:471 dokuwiki\Ui\Index::tagListItem() should be used instead!
2023-04-21 18:30:18		html_li_index() is deprecated. It was called from html_buildlist() in /dokuwiki/inc/html.php:471 dokuwiki\Ui\Index::tagListItem() should be used instead!
2023-04-21 18:30:18		html_li_index() is deprecated. It was called from html_buildlist() in /dokuwiki/inc/html.php:471 dokuwiki\Ui\Index::tagListItem() should be used instead!
2023-04-21 19:05:09		require(syntax.php) is deprecated. It was called from require_once() in /dokuwiki/lib/plugins/divalign2/common.php:22 Autoloading should be used instead!
2023-04-21 19:05:09		require(action.php) is deprecated. It was called from require() in /dokuwiki/lib/plugins/hidden/action.php:9 Autoloading should be used instead!
2023-04-21 19:05:11		require(syntax.php) is deprecated. It was called from require_once() in /dokuwiki/lib/plugins/divalign2/common.php:22 Autoloading should be used instead!
2023-04-21 19:05:11		require(action.php) is deprecated. It was called from require() in /dokuwiki/lib/plugins/hidden/action.php:9 Autoloading should be used instead!
2023-04-21 19:05:12		require(syntax.php) is deprecated. It was called from require_once() in /dokuwiki/lib/plugins/divalign2/common.php:22 Autoloading should be used instead!
2023-04-21 19:05:12		require(action.php) is deprecated. It was called from require() in /dokuwiki/lib/plugins/hidden/action.php:9 Autoloading should be used instead!
2023-04-21 19:05:13		require(syntax.php) is deprecated. It was called from require_once() in /dokuwiki/lib/plugins/divalign2/common.php:22 Autoloading should be used instead!
2023-04-21 19:05:13		require(action.php) is deprecated. It was called from require() in /dokuwiki/lib/plugins/hidden/action.php:9 Autoloading should be used instead!
2023-04-21 19:05:15		require(syntax.php) is deprecated. It was called from require_once() in /dokuwiki/lib/plugins/divalign2/common.php:22 Autoloading should be used instead!
2023-04-21 19:05:15		require(action.php) is deprecated. It was called from require() in /dokuwiki/lib/plugins/hidden/action.php:9 Autoloading should be used instead!
2023-04-21 19:09:34		require(syntax.php) is deprecated. It was called from require_once() in /dokuwiki/lib/plugins/divalign2/common.php:22 Autoloading should be used instead!
2023-04-21 19:09:34		require(action.php) is deprecated. It was called from require() in /dokuwiki/lib/plugins/hidden/action.php:9 Autoloading should be used instead!
2023-04-21 19:09:39		require(syntax.php) is deprecated. It was called from require_once() in /dokuwiki/lib/plugins/divalign2/common.php:22 Autoloading should be used instead!
2023-04-21 19:09:39		require(action.php) is deprecated. It was called from require() in /dokuwiki/lib/plugins/hidden/action.php:9 Autoloading should be used instead!
2023-04-21 19:09:42		require(syntax.php) is deprecated. It was called from require_once() in /dokuwiki/lib/plugins/divalign2/common.php:22 Autoloading should be used instead!
2023-04-21 19:09:42		require(action.php) is deprecated. It was called from require() in /dokuwiki/lib/plugins/hidden/action.php:9 Autoloading should be used instead!
2023-04-21 19:09:45		require(syntax.php) is deprecated. It was called from require_once() in /dokuwiki/lib/plugins/divalign2/common.php:22 Autoloading should be used instead!
2023-04-21 19:09:45		require(action.php) is deprecated. It was called from require() in /dokuwiki/lib/plugins/hidden/action.php:9 Autoloading should be used instead!
2023-04-21 19:23:27		require(syntax.php) is deprecated. It was called from require_once() in /dokuwiki/lib/plugins/divalign2/common.php:22 Autoloading should be used instead!
2023-04-21 19:23:27		require(action.php) is deprecated. It was called from require() in /dokuwiki/lib/plugins/hidden/action.php:9 Autoloading should be used instead!
2023-04-21 19:23:31		require(syntax.php) is deprecated. It was called from require_once() in /dokuwiki/lib/plugins/divalign2/common.php:22 Autoloading should be used instead!
2023-04-21 19:23:31		require(action.php) is deprecated. It was called from require() in /dokuwiki/lib/plugins/hidden/action.php:9 Autoloading should be used instead!
2023-04-21 19:23:32		require(syntax.php) is deprecated. It was called from require_once() in /dokuwiki/lib/plugins/divalign2/common.php:22 Autoloading should be used instead!
2023-04-21 19:23:32		require(action.php) is deprecated. It was called from require() in /dokuwiki/lib/plugins/hidden/action.php:9 Autoloading should be used instead!
2023-04-21 19:23:33		require(syntax.php) is deprecated. It was called from require_once() in /dokuwiki/lib/plugins/divalign2/common.php:22 Autoloading should be used instead!
2023-04-21 19:23:33		require(action.php) is deprecated. It was called from require() in /dokuwiki/lib/plugins/hidden/action.php:9 Autoloading should be used instead!
2023-04-21 20:02:14		require(syntax.php) is deprecated. It was called from require_once() in /dokuwiki/lib/plugins/divalign2/common.php:22 Autoloading should be used instead!
2023-04-21 20:02:14		require(action.php) is deprecated. It was called from require() in /dokuwiki/lib/plugins/hidden/action.php:9 Autoloading should be used instead!
2023-04-21 20:02:19		require(syntax.php) is deprecated. It was called from require_once() in /dokuwiki/lib/plugins/divalign2/common.php:22 Autoloading should be used instead!
2023-04-21 20:02:19		require(action.php) is deprecated. It was called from require() in /dokuwiki/lib/plugins/hidden/action.php:9 Autoloading should be used instead!
2023-04-21 20:02:26		require(syntax.php) is deprecated. It was called from require_once() in /dokuwiki/lib/plugins/divalign2/common.php:22 Autoloading should be used instead!
2023-04-21 20:02:26		require(action.php) is deprecated. It was called from require() in /dokuwiki/lib/plugins/hidden/action.php:9 Autoloading should be used instead!
2023-04-21 20:02:30		require(syntax.php) is deprecated. It was called from require_once() in /dokuwiki/lib/plugins/divalign2/common.php:22 Autoloading should be used instead!
2023-04-21 20:02:30		require(action.php) is deprecated. It was called from require() in /dokuwiki/lib/plugins/hidden/action.php:9 Autoloading should be used instead!
2023-04-21 20:02:44		require(syntax.php) is deprecated. It was called from require_once() in /dokuwiki/lib/plugins/divalign2/common.php:22 Autoloading should be used instead!
2023-04-21 20:02:44		require(action.php) is deprecated. It was called from require() in /dokuwiki/lib/plugins/hidden/action.php:9 Autoloading should be used instead!
2023-04-21 20:37:35		require(syntax.php) is deprecated. It was called from require_once() in /dokuwiki/lib/plugins/divalign2/common.php:22 Autoloading should be used instead!
2023-04-21 20:37:35		require(action.php) is deprecated. It was called from require() in /dokuwiki/lib/plugins/hidden/action.php:9 Autoloading should be used instead!
2023-04-21 20:37:40		require(syntax.php) is deprecated. It was called from require_once() in /dokuwiki/lib/plugins/divalign2/common.php:22 Autoloading should be used instead!
2023-04-21 20:37:40		require(action.php) is deprecated. It was called from require() in /dokuwiki/lib/plugins/hidden/action.php:9 Autoloading should be used instead!
2023-04-21 20:37:41		require(syntax.php) is deprecated. It was called from require_once() in /dokuwiki/lib/plugins/divalign2/common.php:22 Autoloading should be used instead!
2023-04-21 20:37:41		require(action.php) is deprecated. It was called from require() in /dokuwiki/lib/plugins/hidden/action.php:9 Autoloading should be used instead!
2023-04-21 20:37:42		require(syntax.php) is deprecated. It was called from require_once() in /dokuwiki/lib/plugins/divalign2/common.php:22 Autoloading should be used instead!
2023-04-21 20:37:42		require(action.php) is deprecated. It was called from require() in /dokuwiki/lib/plugins/hidden/action.php:9 Autoloading should be used instead!
2023-04-21 22:23:38		require(syntax.php) is deprecated. It was called from require_once() in /dokuwiki/lib/plugins/divalign2/common.php:22 Autoloading should be used instead!
2023-04-21 22:23:38		require(action.php) is deprecated. It was called from require() in /dokuwiki/lib/plugins/hidden/action.php:9 Autoloading should be used instead!
2023-04-21 22:46:52		require(syntax.php) is deprecated. It was called from require_once() in /dokuwiki/lib/plugins/divalign2/common.php:22 Autoloading should be used instead!
2023-04-21 22:46:52		require(action.php) is deprecated. It was called from require() in /dokuwiki/lib/plugins/hidden/action.php:9 Autoloading should be used instead!
2023-04-21 22:46:52		html_li_index() is deprecated. It was called from html_buildlist() in /dokuwiki/inc/html.php:471 dokuwiki\Ui\Index::tagListItem() should be used instead!
2023-04-21 22:46:52		html_li_index() is deprecated. It was called from html_buildlist() in /dokuwiki/inc/html.php:471 dokuwiki\Ui\Index::tagListItem() should be used instead!
2023-04-21 22:46:52		html_li_index() is deprecated. It was called from html_buildlist() in /dokuwiki/inc/html.php:471 dokuwiki\Ui\Index::tagListItem() should be used instead!
2023-04-21 22:46:52		html_li_index() is deprecated. It was called from html_buildlist() in /dokuwiki/inc/html.php:471 dokuwiki\Ui\Index::tagListItem() should be used instead!
2023-04-21 22:46:52		html_li_index() is deprecated. It was called from html_buildlist() in /dokuwiki/inc/html.php:471 dokuwiki\Ui\Index::tagListItem() should be used instead!
2023-04-21 22:46:52		html_li_index() is deprecated. It was called from html_buildlist() in /dokuwiki/inc/html.php:471 dokuwiki\Ui\Index::tagListItem() should be used instead!
2023-04-21 22:46:52		html_li_index() is deprecated. It was called from html_buildlist() in /dokuwiki/inc/html.php:471 dokuwiki\Ui\Index::tagListItem() should be used instead!
2023-04-21 22:46:52		html_li_index() is deprecated. It was called from html_buildlist() in /dokuwiki/inc/html.php:471 dokuwiki\Ui\Index::tagListItem() should be used instead!
2023-04-21 22:46:52		html_li_index() is deprecated. It was called from html_buildlist() in /dokuwiki/inc/html.php:471 dokuwiki\Ui\Index::tagListItem() should be used instead!
2023-04-21 22:46:52		html_li_index() is deprecated. It was called from html_buildlist() in /dokuwiki/inc/html.php:471 dokuwiki\Ui\Index::tagListItem() should be used instead!
2023-04-21 22:46:52		html_li_index() is deprecated. It was called from html_buildlist() in /dokuwiki/inc/html.php:471 dokuwiki\Ui\Index::tagListItem() should be used instead!
2023-04-21 22:46:52		html_li_index() is deprecated. It was called from html_buildlist() in /dokuwiki/inc/html.php:471 dokuwiki\Ui\Index::tagListItem() should be used instead!
2023-04-21 22:46:52		html_li_index() is deprecated. It was called from html_buildlist() in /dokuwiki/inc/html.php:471 dokuwiki\Ui\Index::tagListItem() should be used instead!
2023-04-21 22:46:52		html_li_index() is deprecated. It was called from html_buildlist() in /dokuwiki/inc/html.php:471 dokuwiki\Ui\Index::tagListItem() should be used instead!
2023-04-21 22:46:52		html_li_index() is deprecated. It was called from html_buildlist() in /dokuwiki/inc/html.php:471 dokuwiki\Ui\Index::tagListItem() should be used instead!
2023-04-21 22:46:52		html_li_index() is deprecated. It was called from html_buildlist() in /dokuwiki/inc/html.php:471 dokuwiki\Ui\Index::tagListItem() should be used instead!
2023-04-21 22:46:53		require(syntax.php) is deprecated. It was called from require_once() in /dokuwiki/lib/plugins/divalign2/common.php:22 Autoloading should be used instead!
2023-04-21 22:46:53		require(action.php) is deprecated. It was called from require() in /dokuwiki/lib/plugins/hidden/action.php:9 Autoloading should be used instead!
2023-04-21 22:46:53		require(syntax.php) is deprecated. It was called from require_once() in /dokuwiki/lib/plugins/divalign2/common.php:22 Autoloading should be used instead!
2023-04-21 22:46:53		require(action.php) is deprecated. It was called from require() in /dokuwiki/lib/plugins/hidden/action.php:9 Autoloading should be used instead!
2023-04-21 22:46:53		require(syntax.php) is deprecated. It was called from require_once() in /dokuwiki/lib/plugins/divalign2/common.php:22 Autoloading should be used instead!
2023-04-21 22:46:53		require(action.php) is deprecated. It was called from require() in /dokuwiki/lib/plugins/hidden/action.php:9 Autoloading should be used instead!
2023-04-21 22:46:53		require(syntax.php) is deprecated. It was called from require_once() in /dokuwiki/lib/plugins/divalign2/common.php:22 Autoloading should be used instead!
2023-04-21 22:46:53		require(action.php) is deprecated. It was called from require() in /dokuwiki/lib/plugins/hidden/action.php:9 Autoloading should be used instead!
2023-04-21 22:46:54		require(syntax.php) is deprecated. It was called from require_once() in /dokuwiki/lib/plugins/divalign2/common.php:22 Autoloading should be used instead!
2023-04-21 22:46:54		require(action.php) is deprecated. It was called from require() in /dokuwiki/lib/plugins/hidden/action.php:9 Autoloading should be used instead!
2023-04-21 22:46:54		require(syntax.php) is deprecated. It was called from require_once() in /dokuwiki/lib/plugins/divalign2/common.php:22 Autoloading should be used instead!
2023-04-21 22:46:54		require(action.php) is deprecated. It was called from require() in /dokuwiki/lib/plugins/hidden/action.php:9 Autoloading should be used instead!
2023-04-21 22:46:55		require(syntax.php) is deprecated. It was called from require_once() in /dokuwiki/lib/plugins/divalign2/common.php:22 Autoloading should be used instead!
2023-04-21 22:46:55		require(syntax.php) is deprecated. It was called from require_once() in /dokuwiki/lib/plugins/divalign2/common.php:22 Autoloading should be used instead!
2023-04-21 22:46:55		require(action.php) is deprecated. It was called from require() in /dokuwiki/lib/plugins/hidden/action.php:9 Autoloading should be used instead!
2023-04-21 22:46:55		require(action.php) is deprecated. It was called from require() in /dokuwiki/lib/plugins/hidden/action.php:9 Autoloading should be used instead!
2023-04-21 22:46:55		require(syntax.php) is deprecated. It was called from require_once() in /dokuwiki/lib/plugins/divalign2/common.php:22 Autoloading should be used instead!
2023-04-21 22:46:55		require(action.php) is deprecated. It was called from require() in /dokuwiki/lib/plugins/hidden/action.php:9 Autoloading should be used instead!
2023-04-21 22:46:55		require(syntax.php) is deprecated. It was called from require_once() in /dokuwiki/lib/plugins/divalign2/common.php:22 Autoloading should be used instead!
2023-04-21 22:46:55		require(action.php) is deprecated. It was called from require() in /dokuwiki/lib/plugins/hidden/action.php:9 Autoloading should be used instead!
2023-04-21 22:46:55		require(syntax.php) is deprecated. It was called from require_once() in /dokuwiki/lib/plugins/divalign2/common.php:22 Autoloading should be used instead!
2023-04-21 22:46:55		require(action.php) is deprecated. It was called from require() in /dokuwiki/lib/plugins/hidden/action.php:9 Autoloading should be used instead!
2023-04-21 22:58:44		require(syntax.php) is deprecated. It was called from require_once() in /dokuwiki/lib/plugins/divalign2/common.php:22 Autoloading should be used instead!
2023-04-21 22:58:44		require(action.php) is deprecated. It was called from require() in /dokuwiki/lib/plugins/hidden/action.php:9 Autoloading should be used instead!
2023-04-21 22:58:49		require(syntax.php) is deprecated. It was called from require_once() in /dokuwiki/lib/plugins/divalign2/common.php:22 Autoloading should be used instead!
2023-04-21 22:58:49		require(action.php) is deprecated. It was called from require() in /dokuwiki/lib/plugins/hidden/action.php:9 Autoloading should be used instead!
2023-04-21 22:58:50		require(syntax.php) is deprecated. It was called from require_once() in /dokuwiki/lib/plugins/divalign2/common.php:22 Autoloading should be used instead!
2023-04-21 22:58:50		require(action.php) is deprecated. It was called from require() in /dokuwiki/lib/plugins/hidden/action.php:9 Autoloading should be used instead!
2023-04-21 22:58:51		require(syntax.php) is deprecated. It was called from require_once() in /dokuwiki/lib/plugins/divalign2/common.php:22 Autoloading should be used instead!
2023-04-21 22:58:51		require(action.php) is deprecated. It was called from require() in /dokuwiki/lib/plugins/hidden/action.php:9 Autoloading should be used instead!
2023-04-21 23:27:18		require(syntax.php) is deprecated. It was called from require_once() in /dokuwiki/lib/plugins/divalign2/common.php:22 Autoloading should be used instead!
2023-04-21 23:27:18		require(action.php) is deprecated. It was called from require() in /dokuwiki/lib/plugins/hidden/action.php:9 Autoloading should be used instead!
2023-04-21 23:33:19		require(syntax.php) is deprecated. It was called from require_once() in /dokuwiki/lib/plugins/divalign2/common.php:22 Autoloading should be used instead!
2023-04-21 23:33:19		require(action.php) is deprecated. It was called from require() in /dokuwiki/lib/plugins/hidden/action.php:9 Autoloading should be used instead!
2023-04-21 23:33:22		require(syntax.php) is deprecated. It was called from require_once() in /dokuwiki/lib/plugins/divalign2/common.php:22 Autoloading should be used instead!
2023-04-21 23:33:22		require(action.php) is deprecated. It was called from require() in /dokuwiki/lib/plugins/hidden/action.php:9 Autoloading should be used instead!
2023-04-21 23:33:27		require(syntax.php) is deprecated. It was called from require_once() in /dokuwiki/lib/plugins/divalign2/common.php:22 Autoloading should be used instead!
2023-04-21 23:33:27		require(action.php) is deprecated. It was called from require() in /dokuwiki/lib/plugins/hidden/action.php:9 Autoloading should be used instead!
2023-04-21 23:33:34		require(syntax.php) is deprecated. It was called from require_once() in /dokuwiki/lib/plugins/divalign2/common.php:22 Autoloading should be used instead!
2023-04-21 23:33:34		require(action.php) is deprecated. It was called from require() in /dokuwiki/lib/plugins/hidden/action.php:9 Autoloading should be used instead!
2023-04-21 23:33:40		require(syntax.php) is deprecated. It was called from require_once() in /dokuwiki/lib/plugins/divalign2/common.php:22 Autoloading should be used instead!
2023-04-21 23:33:40		require(action.php) is deprecated. It was called from require() in /dokuwiki/lib/plugins/hidden/action.php:9 Autoloading should be used instead!
2023-04-21 23:34:30		require(syntax.php) is deprecated. It was called from require_once() in /dokuwiki/lib/plugins/divalign2/common.php:22 Autoloading should be used instead!
2023-04-21 23:34:30		require(action.php) is deprecated. It was called from require() in /dokuwiki/lib/plugins/hidden/action.php:9 Autoloading should be used instead!
