2023-04-09 16:29:33		require(syntax.php) is deprecated. It was called from require_once() in /dokuwiki/lib/plugins/divalign2/common.php:22 Autoloading should be used instead!
2023-04-09 16:29:33		require(action.php) is deprecated. It was called from require() in /dokuwiki/lib/plugins/hidden/action.php:9 Autoloading should be used instead!
2023-04-09 16:29:33		resolve_id() is deprecated. It was called from syntax_plugin_indexmenu_indexmenu::_parse_ns() in /dokuwiki/lib/plugins/indexmenu/syntax/indexmenu.php:620 dokuwiki\File\Resolver and its children should be used instead!
2023-04-09 16:29:34		require(syntax.php) is deprecated. It was called from require_once() in /dokuwiki/lib/plugins/divalign2/common.php:22 Autoloading should be used instead!
2023-04-09 16:29:34		require(action.php) is deprecated. It was called from require() in /dokuwiki/lib/plugins/hidden/action.php:9 Autoloading should be used instead!
2023-04-09 16:29:34		require(syntax.php) is deprecated. It was called from require_once() in /dokuwiki/lib/plugins/divalign2/common.php:22 Autoloading should be used instead!
2023-04-09 16:29:34		require(action.php) is deprecated. It was called from require() in /dokuwiki/lib/plugins/hidden/action.php:9 Autoloading should be used instead!
2023-04-09 16:29:34		require(syntax.php) is deprecated. It was called from require_once() in /dokuwiki/lib/plugins/divalign2/common.php:22 Autoloading should be used instead!
2023-04-09 16:29:34		require(action.php) is deprecated. It was called from require() in /dokuwiki/lib/plugins/hidden/action.php:9 Autoloading should be used instead!
2023-04-09 16:29:36		html_li_index() is deprecated. It was called from html_buildlist() in /dokuwiki/inc/html.php:471 dokuwiki\Ui\Index::tagListItem() should be used instead!
2023-04-09 16:29:36		html_li_index() is deprecated. It was called from html_buildlist() in /dokuwiki/inc/html.php:471 dokuwiki\Ui\Index::tagListItem() should be used instead!
2023-04-09 16:29:36		html_li_index() is deprecated. It was called from html_buildlist() in /dokuwiki/inc/html.php:471 dokuwiki\Ui\Index::tagListItem() should be used instead!
2023-04-09 16:29:36		html_li_index() is deprecated. It was called from html_buildlist() in /dokuwiki/inc/html.php:471 dokuwiki\Ui\Index::tagListItem() should be used instead!
2023-04-09 16:29:36		html_li_index() is deprecated. It was called from html_buildlist() in /dokuwiki/inc/html.php:471 dokuwiki\Ui\Index::tagListItem() should be used instead!
2023-04-09 16:29:36		html_li_index() is deprecated. It was called from html_buildlist() in /dokuwiki/inc/html.php:471 dokuwiki\Ui\Index::tagListItem() should be used instead!
2023-04-09 16:29:36		html_li_index() is deprecated. It was called from html_buildlist() in /dokuwiki/inc/html.php:471 dokuwiki\Ui\Index::tagListItem() should be used instead!
2023-04-09 16:29:38		require(syntax.php) is deprecated. It was called from require_once() in /dokuwiki/lib/plugins/divalign2/common.php:22 Autoloading should be used instead!
2023-04-09 16:29:38		require(action.php) is deprecated. It was called from require() in /dokuwiki/lib/plugins/hidden/action.php:9 Autoloading should be used instead!
2023-04-09 16:29:38		require(syntax.php) is deprecated. It was called from require_once() in /dokuwiki/lib/plugins/divalign2/common.php:22 Autoloading should be used instead!
2023-04-09 16:29:38		require(action.php) is deprecated. It was called from require() in /dokuwiki/lib/plugins/hidden/action.php:9 Autoloading should be used instead!
2023-04-09 16:29:38		require(syntax.php) is deprecated. It was called from require_once() in /dokuwiki/lib/plugins/divalign2/common.php:22 Autoloading should be used instead!
2023-04-09 16:29:38		require(action.php) is deprecated. It was called from require() in /dokuwiki/lib/plugins/hidden/action.php:9 Autoloading should be used instead!
2023-04-09 16:29:39		require(syntax.php) is deprecated. It was called from require_once() in /dokuwiki/lib/plugins/divalign2/common.php:22 Autoloading should be used instead!
2023-04-09 16:29:39		require(action.php) is deprecated. It was called from require() in /dokuwiki/lib/plugins/hidden/action.php:9 Autoloading should be used instead!
2023-04-09 16:29:44		require(syntax.php) is deprecated. It was called from require_once() in /dokuwiki/lib/plugins/divalign2/common.php:22 Autoloading should be used instead!
2023-04-09 16:29:44		require(action.php) is deprecated. It was called from require() in /dokuwiki/lib/plugins/hidden/action.php:9 Autoloading should be used instead!
2023-04-09 16:29:44		require(syntax.php) is deprecated. It was called from require_once() in /dokuwiki/lib/plugins/divalign2/common.php:22 Autoloading should be used instead!
2023-04-09 16:29:44		require(action.php) is deprecated. It was called from require() in /dokuwiki/lib/plugins/hidden/action.php:9 Autoloading should be used instead!
2023-04-09 16:29:44		require(syntax.php) is deprecated. It was called from require_once() in /dokuwiki/lib/plugins/divalign2/common.php:22 Autoloading should be used instead!
2023-04-09 16:29:44		require(action.php) is deprecated. It was called from require() in /dokuwiki/lib/plugins/hidden/action.php:9 Autoloading should be used instead!
2023-04-09 16:29:53		require(syntax.php) is deprecated. It was called from require_once() in /dokuwiki/lib/plugins/divalign2/common.php:22 Autoloading should be used instead!
2023-04-09 16:29:53		require(action.php) is deprecated. It was called from require() in /dokuwiki/lib/plugins/hidden/action.php:9 Autoloading should be used instead!
2023-04-09 16:29:54		require(syntax.php) is deprecated. It was called from require_once() in /dokuwiki/lib/plugins/divalign2/common.php:22 Autoloading should be used instead!
2023-04-09 16:29:54		require(action.php) is deprecated. It was called from require() in /dokuwiki/lib/plugins/hidden/action.php:9 Autoloading should be used instead!
2023-04-09 16:30:00		require(syntax.php) is deprecated. It was called from require_once() in /dokuwiki/lib/plugins/divalign2/common.php:22 Autoloading should be used instead!
2023-04-09 16:30:00		require(action.php) is deprecated. It was called from require() in /dokuwiki/lib/plugins/hidden/action.php:9 Autoloading should be used instead!
2023-04-09 16:30:00		require(syntax.php) is deprecated. It was called from require_once() in /dokuwiki/lib/plugins/divalign2/common.php:22 Autoloading should be used instead!
2023-04-09 16:30:00		require(action.php) is deprecated. It was called from require() in /dokuwiki/lib/plugins/hidden/action.php:9 Autoloading should be used instead!
2023-04-09 16:30:36		require(syntax.php) is deprecated. It was called from require_once() in /dokuwiki/lib/plugins/divalign2/common.php:22 Autoloading should be used instead!
2023-04-09 16:30:36		require(action.php) is deprecated. It was called from require() in /dokuwiki/lib/plugins/hidden/action.php:9 Autoloading should be used instead!
2023-04-09 16:30:39		require(syntax.php) is deprecated. It was called from require_once() in /dokuwiki/lib/plugins/divalign2/common.php:22 Autoloading should be used instead!
2023-04-09 16:30:39		require(action.php) is deprecated. It was called from require() in /dokuwiki/lib/plugins/hidden/action.php:9 Autoloading should be used instead!
2023-04-09 16:30:43		require(syntax.php) is deprecated. It was called from require_once() in /dokuwiki/lib/plugins/divalign2/common.php:22 Autoloading should be used instead!
2023-04-09 16:30:43		require(action.php) is deprecated. It was called from require() in /dokuwiki/lib/plugins/hidden/action.php:9 Autoloading should be used instead!
2023-04-09 16:30:44		require(syntax.php) is deprecated. It was called from require_once() in /dokuwiki/lib/plugins/divalign2/common.php:22 Autoloading should be used instead!
2023-04-09 16:30:44		require(action.php) is deprecated. It was called from require() in /dokuwiki/lib/plugins/hidden/action.php:9 Autoloading should be used instead!
2023-04-09 16:30:44		require(syntax.php) is deprecated. It was called from require_once() in /dokuwiki/lib/plugins/divalign2/common.php:22 Autoloading should be used instead!
2023-04-09 16:30:44		require(action.php) is deprecated. It was called from require() in /dokuwiki/lib/plugins/hidden/action.php:9 Autoloading should be used instead!
2023-04-09 16:30:44		require(syntax.php) is deprecated. It was called from require_once() in /dokuwiki/lib/plugins/divalign2/common.php:22 Autoloading should be used instead!
2023-04-09 16:30:44		require(action.php) is deprecated. It was called from require() in /dokuwiki/lib/plugins/hidden/action.php:9 Autoloading should be used instead!
2023-04-09 16:30:44		require(syntax.php) is deprecated. It was called from require_once() in /dokuwiki/lib/plugins/divalign2/common.php:22 Autoloading should be used instead!
2023-04-09 16:30:44		require(action.php) is deprecated. It was called from require() in /dokuwiki/lib/plugins/hidden/action.php:9 Autoloading should be used instead!
2023-04-09 16:30:45		require(syntax.php) is deprecated. It was called from require_once() in /dokuwiki/lib/plugins/divalign2/common.php:22 Autoloading should be used instead!
2023-04-09 16:30:45		require(action.php) is deprecated. It was called from require() in /dokuwiki/lib/plugins/hidden/action.php:9 Autoloading should be used instead!
2023-04-09 16:30:45		require(syntax.php) is deprecated. It was called from require_once() in /dokuwiki/lib/plugins/divalign2/common.php:22 Autoloading should be used instead!
2023-04-09 16:30:45		require(action.php) is deprecated. It was called from require() in /dokuwiki/lib/plugins/hidden/action.php:9 Autoloading should be used instead!
2023-04-09 16:30:48		require(syntax.php) is deprecated. It was called from require_once() in /dokuwiki/lib/plugins/divalign2/common.php:22 Autoloading should be used instead!
2023-04-09 16:30:48		require(action.php) is deprecated. It was called from require() in /dokuwiki/lib/plugins/hidden/action.php:9 Autoloading should be used instead!
2023-04-09 16:30:49		require(syntax.php) is deprecated. It was called from require_once() in /dokuwiki/lib/plugins/divalign2/common.php:22 Autoloading should be used instead!
2023-04-09 16:30:49		require(action.php) is deprecated. It was called from require() in /dokuwiki/lib/plugins/hidden/action.php:9 Autoloading should be used instead!
2023-04-09 16:31:03		require(syntax.php) is deprecated. It was called from require_once() in /dokuwiki/lib/plugins/divalign2/common.php:22 Autoloading should be used instead!
2023-04-09 16:31:03		require(action.php) is deprecated. It was called from require() in /dokuwiki/lib/plugins/hidden/action.php:9 Autoloading should be used instead!
2023-04-09 16:31:04		require(syntax.php) is deprecated. It was called from require_once() in /dokuwiki/lib/plugins/divalign2/common.php:22 Autoloading should be used instead!
2023-04-09 16:31:04		require(action.php) is deprecated. It was called from require() in /dokuwiki/lib/plugins/hidden/action.php:9 Autoloading should be used instead!
2023-04-09 16:31:05		require(syntax.php) is deprecated. It was called from require_once() in /dokuwiki/lib/plugins/divalign2/common.php:22 Autoloading should be used instead!
2023-04-09 16:31:05		require(syntax.php) is deprecated. It was called from require_once() in /dokuwiki/lib/plugins/divalign2/common.php:22 Autoloading should be used instead!
2023-04-09 16:31:05		require(action.php) is deprecated. It was called from require() in /dokuwiki/lib/plugins/hidden/action.php:9 Autoloading should be used instead!
2023-04-09 16:31:05		require(action.php) is deprecated. It was called from require() in /dokuwiki/lib/plugins/hidden/action.php:9 Autoloading should be used instead!
2023-04-09 16:31:09		require(syntax.php) is deprecated. It was called from require_once() in /dokuwiki/lib/plugins/divalign2/common.php:22 Autoloading should be used instead!
2023-04-09 16:31:09		require(action.php) is deprecated. It was called from require() in /dokuwiki/lib/plugins/hidden/action.php:9 Autoloading should be used instead!
2023-04-09 16:31:11		require(syntax.php) is deprecated. It was called from require_once() in /dokuwiki/lib/plugins/divalign2/common.php:22 Autoloading should be used instead!
2023-04-09 16:31:11		require(action.php) is deprecated. It was called from require() in /dokuwiki/lib/plugins/hidden/action.php:9 Autoloading should be used instead!
2023-04-09 16:31:11		require(syntax.php) is deprecated. It was called from require_once() in /dokuwiki/lib/plugins/divalign2/common.php:22 Autoloading should be used instead!
2023-04-09 16:31:11		require(action.php) is deprecated. It was called from require() in /dokuwiki/lib/plugins/hidden/action.php:9 Autoloading should be used instead!
2023-04-09 16:31:37		require(syntax.php) is deprecated. It was called from require_once() in /dokuwiki/lib/plugins/divalign2/common.php:22 Autoloading should be used instead!
2023-04-09 16:31:37		require(action.php) is deprecated. It was called from require() in /dokuwiki/lib/plugins/hidden/action.php:9 Autoloading should be used instead!
2023-04-09 16:31:38		require(syntax.php) is deprecated. It was called from require_once() in /dokuwiki/lib/plugins/divalign2/common.php:22 Autoloading should be used instead!
2023-04-09 16:31:38		require(action.php) is deprecated. It was called from require() in /dokuwiki/lib/plugins/hidden/action.php:9 Autoloading should be used instead!
2023-04-09 16:31:39		require(syntax.php) is deprecated. It was called from require_once() in /dokuwiki/lib/plugins/divalign2/common.php:22 Autoloading should be used instead!
2023-04-09 16:31:39		require(syntax.php) is deprecated. It was called from require_once() in /dokuwiki/lib/plugins/divalign2/common.php:22 Autoloading should be used instead!
2023-04-09 16:31:39		require(action.php) is deprecated. It was called from require() in /dokuwiki/lib/plugins/hidden/action.php:9 Autoloading should be used instead!
2023-04-09 16:31:39		require(action.php) is deprecated. It was called from require() in /dokuwiki/lib/plugins/hidden/action.php:9 Autoloading should be used instead!
2023-04-09 16:31:43		require(syntax.php) is deprecated. It was called from require_once() in /dokuwiki/lib/plugins/divalign2/common.php:22 Autoloading should be used instead!
2023-04-09 16:31:43		require(action.php) is deprecated. It was called from require() in /dokuwiki/lib/plugins/hidden/action.php:9 Autoloading should be used instead!
2023-04-09 16:31:43		require(syntax.php) is deprecated. It was called from require_once() in /dokuwiki/lib/plugins/divalign2/common.php:22 Autoloading should be used instead!
2023-04-09 16:31:43		require(action.php) is deprecated. It was called from require() in /dokuwiki/lib/plugins/hidden/action.php:9 Autoloading should be used instead!
2023-04-09 16:31:50		require(syntax.php) is deprecated. It was called from require_once() in /dokuwiki/lib/plugins/divalign2/common.php:22 Autoloading should be used instead!
2023-04-09 16:31:50		require(action.php) is deprecated. It was called from require() in /dokuwiki/lib/plugins/hidden/action.php:9 Autoloading should be used instead!
2023-04-09 16:31:50		Doku_Handler::_addCall() is deprecated. It was called from syntax_plugin_divalign2_common::handle() in /dokuwiki/lib/plugins/divalign2/common.php:64 addCall should be used instead!
2023-04-09 16:31:50		Doku_Handler::_addCall() is deprecated. It was called from syntax_plugin_divalign2_common::handle() in /dokuwiki/lib/plugins/divalign2/common.php:64 addCall should be used instead!
2023-04-09 16:31:50		Doku_Handler::_addCall() is deprecated. It was called from syntax_plugin_divalign2_common::handle() in /dokuwiki/lib/plugins/divalign2/common.php:64 addCall should be used instead!
2023-04-09 16:31:50		Doku_Handler::_addCall() is deprecated. It was called from syntax_plugin_divalign2_common::handle() in /dokuwiki/lib/plugins/divalign2/common.php:64 addCall should be used instead!
2023-04-09 16:31:50		Doku_Handler::_addCall() is deprecated. It was called from syntax_plugin_divalign2_common::handle() in /dokuwiki/lib/plugins/divalign2/common.php:64 addCall should be used instead!
2023-04-09 16:31:50		Doku_Handler::_addCall() is deprecated. It was called from syntax_plugin_divalign2_common::handle() in /dokuwiki/lib/plugins/divalign2/common.php:64 addCall should be used instead!
2023-04-09 16:31:50		Doku_Handler::_addCall() is deprecated. It was called from syntax_plugin_divalign2_common::handle() in /dokuwiki/lib/plugins/divalign2/common.php:64 addCall should be used instead!
2023-04-09 16:31:50		Doku_Handler::_addCall() is deprecated. It was called from syntax_plugin_wrap_div::handle() in /dokuwiki/lib/plugins/wrap/syntax/div.php:49 addCall should be used instead!
2023-04-09 16:31:51		resolve_id() is deprecated. It was called from syntax_plugin_indexmenu_indexmenu::_parse_ns() in /dokuwiki/lib/plugins/indexmenu/syntax/indexmenu.php:620 dokuwiki\File\Resolver and its children should be used instead!
2023-04-09 16:31:52		html_li_index() is deprecated. It was called from html_buildlist() in /dokuwiki/inc/html.php:471 dokuwiki\Ui\Index::tagListItem() should be used instead!
2023-04-09 16:31:52		html_li_index() is deprecated. It was called from html_buildlist() in /dokuwiki/inc/html.php:471 dokuwiki\Ui\Index::tagListItem() should be used instead!
2023-04-09 16:31:52		html_li_index() is deprecated. It was called from html_buildlist() in /dokuwiki/inc/html.php:471 dokuwiki\Ui\Index::tagListItem() should be used instead!
2023-04-09 16:31:52		html_li_index() is deprecated. It was called from html_buildlist() in /dokuwiki/inc/html.php:471 dokuwiki\Ui\Index::tagListItem() should be used instead!
2023-04-09 16:31:52		html_li_index() is deprecated. It was called from html_buildlist() in /dokuwiki/inc/html.php:471 dokuwiki\Ui\Index::tagListItem() should be used instead!
2023-04-09 16:31:52		html_li_index() is deprecated. It was called from html_buildlist() in /dokuwiki/inc/html.php:471 dokuwiki\Ui\Index::tagListItem() should be used instead!
2023-04-09 16:31:52		html_li_index() is deprecated. It was called from html_buildlist() in /dokuwiki/inc/html.php:471 dokuwiki\Ui\Index::tagListItem() should be used instead!
2023-04-09 16:31:52		require(syntax.php) is deprecated. It was called from require_once() in /dokuwiki/lib/plugins/divalign2/common.php:22 Autoloading should be used instead!
2023-04-09 16:31:52		require(action.php) is deprecated. It was called from require() in /dokuwiki/lib/plugins/hidden/action.php:9 Autoloading should be used instead!
2023-04-09 16:31:52		require(syntax.php) is deprecated. It was called from require_once() in /dokuwiki/lib/plugins/divalign2/common.php:22 Autoloading should be used instead!
2023-04-09 16:31:52		require(action.php) is deprecated. It was called from require() in /dokuwiki/lib/plugins/hidden/action.php:9 Autoloading should be used instead!
2023-04-09 16:31:59		require(syntax.php) is deprecated. It was called from require_once() in /dokuwiki/lib/plugins/divalign2/common.php:22 Autoloading should be used instead!
2023-04-09 16:31:59		require(action.php) is deprecated. It was called from require() in /dokuwiki/lib/plugins/hidden/action.php:9 Autoloading should be used instead!
2023-04-09 16:31:59		require(syntax.php) is deprecated. It was called from require_once() in /dokuwiki/lib/plugins/divalign2/common.php:22 Autoloading should be used instead!
2023-04-09 16:31:59		require(action.php) is deprecated. It was called from require() in /dokuwiki/lib/plugins/hidden/action.php:9 Autoloading should be used instead!
2023-04-09 16:32:39		require(syntax.php) is deprecated. It was called from require_once() in /dokuwiki/lib/plugins/divalign2/common.php:22 Autoloading should be used instead!
2023-04-09 16:32:39		require(action.php) is deprecated. It was called from require() in /dokuwiki/lib/plugins/hidden/action.php:9 Autoloading should be used instead!
2023-04-09 16:32:39		require(syntax.php) is deprecated. It was called from require_once() in /dokuwiki/lib/plugins/divalign2/common.php:22 Autoloading should be used instead!
2023-04-09 16:32:39		require(action.php) is deprecated. It was called from require() in /dokuwiki/lib/plugins/hidden/action.php:9 Autoloading should be used instead!
2023-04-09 16:38:07		require(syntax.php) is deprecated. It was called from require_once() in /dokuwiki/lib/plugins/divalign2/common.php:22 Autoloading should be used instead!
2023-04-09 16:38:07		require(action.php) is deprecated. It was called from require() in /dokuwiki/lib/plugins/hidden/action.php:9 Autoloading should be used instead!
2023-04-09 16:38:08		resolve_id() is deprecated. It was called from syntax_plugin_indexmenu_indexmenu::_parse_ns() in /dokuwiki/lib/plugins/indexmenu/syntax/indexmenu.php:620 dokuwiki\File\Resolver and its children should be used instead!
2023-04-09 16:38:08		html_li_index() is deprecated. It was called from html_buildlist() in /dokuwiki/inc/html.php:471 dokuwiki\Ui\Index::tagListItem() should be used instead!
2023-04-09 16:38:08		html_li_index() is deprecated. It was called from html_buildlist() in /dokuwiki/inc/html.php:471 dokuwiki\Ui\Index::tagListItem() should be used instead!
2023-04-09 16:38:08		html_li_index() is deprecated. It was called from html_buildlist() in /dokuwiki/inc/html.php:471 dokuwiki\Ui\Index::tagListItem() should be used instead!
2023-04-09 16:38:08		html_li_index() is deprecated. It was called from html_buildlist() in /dokuwiki/inc/html.php:471 dokuwiki\Ui\Index::tagListItem() should be used instead!
2023-04-09 16:38:08		html_li_index() is deprecated. It was called from html_buildlist() in /dokuwiki/inc/html.php:471 dokuwiki\Ui\Index::tagListItem() should be used instead!
2023-04-09 16:38:08		html_li_index() is deprecated. It was called from html_buildlist() in /dokuwiki/inc/html.php:471 dokuwiki\Ui\Index::tagListItem() should be used instead!
2023-04-09 16:38:08		html_li_index() is deprecated. It was called from html_buildlist() in /dokuwiki/inc/html.php:471 dokuwiki\Ui\Index::tagListItem() should be used instead!
2023-04-09 16:38:08		require(syntax.php) is deprecated. It was called from require_once() in /dokuwiki/lib/plugins/divalign2/common.php:22 Autoloading should be used instead!
2023-04-09 16:38:08		require(action.php) is deprecated. It was called from require() in /dokuwiki/lib/plugins/hidden/action.php:9 Autoloading should be used instead!
2023-04-09 16:38:08		require(syntax.php) is deprecated. It was called from require_once() in /dokuwiki/lib/plugins/divalign2/common.php:22 Autoloading should be used instead!
2023-04-09 16:38:08		require(action.php) is deprecated. It was called from require() in /dokuwiki/lib/plugins/hidden/action.php:9 Autoloading should be used instead!
2023-04-09 16:38:08		require(syntax.php) is deprecated. It was called from require_once() in /dokuwiki/lib/plugins/divalign2/common.php:22 Autoloading should be used instead!
2023-04-09 16:38:08		require(action.php) is deprecated. It was called from require() in /dokuwiki/lib/plugins/hidden/action.php:9 Autoloading should be used instead!
2023-04-09 16:38:08		require(syntax.php) is deprecated. It was called from require_once() in /dokuwiki/lib/plugins/divalign2/common.php:22 Autoloading should be used instead!
2023-04-09 16:38:08		require(action.php) is deprecated. It was called from require() in /dokuwiki/lib/plugins/hidden/action.php:9 Autoloading should be used instead!
2023-04-09 16:38:19		require(syntax.php) is deprecated. It was called from require_once() in /dokuwiki/lib/plugins/divalign2/common.php:22 Autoloading should be used instead!
2023-04-09 16:38:19		require(action.php) is deprecated. It was called from require() in /dokuwiki/lib/plugins/hidden/action.php:9 Autoloading should be used instead!
2023-04-09 16:38:19		require(syntax.php) is deprecated. It was called from require_once() in /dokuwiki/lib/plugins/divalign2/common.php:22 Autoloading should be used instead!
2023-04-09 16:38:19		require(action.php) is deprecated. It was called from require() in /dokuwiki/lib/plugins/hidden/action.php:9 Autoloading should be used instead!
2023-04-09 16:38:21		require(syntax.php) is deprecated. It was called from require_once() in /dokuwiki/lib/plugins/divalign2/common.php:22 Autoloading should be used instead!
2023-04-09 16:38:21		require(action.php) is deprecated. It was called from require() in /dokuwiki/lib/plugins/hidden/action.php:9 Autoloading should be used instead!
2023-04-09 16:38:22		require(syntax.php) is deprecated. It was called from require_once() in /dokuwiki/lib/plugins/divalign2/common.php:22 Autoloading should be used instead!
2023-04-09 16:38:22		require(action.php) is deprecated. It was called from require() in /dokuwiki/lib/plugins/hidden/action.php:9 Autoloading should be used instead!
2023-04-09 16:38:35		require(syntax.php) is deprecated. It was called from require_once() in /dokuwiki/lib/plugins/divalign2/common.php:22 Autoloading should be used instead!
2023-04-09 16:38:35		require(action.php) is deprecated. It was called from require() in /dokuwiki/lib/plugins/hidden/action.php:9 Autoloading should be used instead!
2023-04-09 16:38:35		require(syntax.php) is deprecated. It was called from require_once() in /dokuwiki/lib/plugins/divalign2/common.php:22 Autoloading should be used instead!
2023-04-09 16:38:35		require(action.php) is deprecated. It was called from require() in /dokuwiki/lib/plugins/hidden/action.php:9 Autoloading should be used instead!
2023-04-09 16:38:37		require(syntax.php) is deprecated. It was called from require_once() in /dokuwiki/lib/plugins/divalign2/common.php:22 Autoloading should be used instead!
2023-04-09 16:38:37		require(action.php) is deprecated. It was called from require() in /dokuwiki/lib/plugins/hidden/action.php:9 Autoloading should be used instead!
2023-04-09 16:38:37		require(syntax.php) is deprecated. It was called from require_once() in /dokuwiki/lib/plugins/divalign2/common.php:22 Autoloading should be used instead!
2023-04-09 16:38:37		require(action.php) is deprecated. It was called from require() in /dokuwiki/lib/plugins/hidden/action.php:9 Autoloading should be used instead!
2023-04-09 16:38:41		require(syntax.php) is deprecated. It was called from require_once() in /dokuwiki/lib/plugins/divalign2/common.php:22 Autoloading should be used instead!
2023-04-09 16:38:41		require(action.php) is deprecated. It was called from require() in /dokuwiki/lib/plugins/hidden/action.php:9 Autoloading should be used instead!
2023-04-09 16:38:41		require(syntax.php) is deprecated. It was called from require_once() in /dokuwiki/lib/plugins/divalign2/common.php:22 Autoloading should be used instead!
2023-04-09 16:38:41		require(action.php) is deprecated. It was called from require() in /dokuwiki/lib/plugins/hidden/action.php:9 Autoloading should be used instead!
2023-04-09 16:41:01		require(syntax.php) is deprecated. It was called from require_once() in /dokuwiki/lib/plugins/divalign2/common.php:22 Autoloading should be used instead!
2023-04-09 16:41:01		require(action.php) is deprecated. It was called from require() in /dokuwiki/lib/plugins/hidden/action.php:9 Autoloading should be used instead!
2023-04-09 16:41:01		require(syntax.php) is deprecated. It was called from require_once() in /dokuwiki/lib/plugins/divalign2/common.php:22 Autoloading should be used instead!
2023-04-09 16:41:01		require(action.php) is deprecated. It was called from require() in /dokuwiki/lib/plugins/hidden/action.php:9 Autoloading should be used instead!
2023-04-09 16:41:01		require(syntax.php) is deprecated. It was called from require_once() in /dokuwiki/lib/plugins/divalign2/common.php:22 Autoloading should be used instead!
2023-04-09 16:41:01		require(action.php) is deprecated. It was called from require() in /dokuwiki/lib/plugins/hidden/action.php:9 Autoloading should be used instead!
2023-04-09 16:41:01		require(syntax.php) is deprecated. It was called from require_once() in /dokuwiki/lib/plugins/divalign2/common.php:22 Autoloading should be used instead!
2023-04-09 16:41:01		require(action.php) is deprecated. It was called from require() in /dokuwiki/lib/plugins/hidden/action.php:9 Autoloading should be used instead!
2023-04-09 16:41:01		require(syntax.php) is deprecated. It was called from require_once() in /dokuwiki/lib/plugins/divalign2/common.php:22 Autoloading should be used instead!
2023-04-09 16:41:01		require(action.php) is deprecated. It was called from require() in /dokuwiki/lib/plugins/hidden/action.php:9 Autoloading should be used instead!
2023-04-09 16:41:13		require(syntax.php) is deprecated. It was called from require_once() in /dokuwiki/lib/plugins/divalign2/common.php:22 Autoloading should be used instead!
2023-04-09 16:41:13		require(action.php) is deprecated. It was called from require() in /dokuwiki/lib/plugins/hidden/action.php:9 Autoloading should be used instead!
2023-04-09 16:41:14		require(syntax.php) is deprecated. It was called from require_once() in /dokuwiki/lib/plugins/divalign2/common.php:22 Autoloading should be used instead!
2023-04-09 16:41:14		require(action.php) is deprecated. It was called from require() in /dokuwiki/lib/plugins/hidden/action.php:9 Autoloading should be used instead!
2023-04-09 16:41:14		require(syntax.php) is deprecated. It was called from require_once() in /dokuwiki/lib/plugins/divalign2/common.php:22 Autoloading should be used instead!
2023-04-09 16:41:14		require(action.php) is deprecated. It was called from require() in /dokuwiki/lib/plugins/hidden/action.php:9 Autoloading should be used instead!
2023-04-09 16:51:26		require(syntax.php) is deprecated. It was called from require_once() in /dokuwiki/lib/plugins/divalign2/common.php:22 Autoloading should be used instead!
2023-04-09 16:51:26		require(action.php) is deprecated. It was called from require() in /dokuwiki/lib/plugins/hidden/action.php:9 Autoloading should be used instead!
2023-04-09 16:51:26		Doku_Handler::_addCall() is deprecated. It was called from syntax_plugin_divalign2_common::handle() in /dokuwiki/lib/plugins/divalign2/common.php:64 addCall should be used instead!
2023-04-09 16:51:26		Doku_Handler::_addCall() is deprecated. It was called from syntax_plugin_divalign2_common::handle() in /dokuwiki/lib/plugins/divalign2/common.php:64 addCall should be used instead!
2023-04-09 16:51:26		Doku_Handler::_addCall() is deprecated. It was called from syntax_plugin_divalign2_common::handle() in /dokuwiki/lib/plugins/divalign2/common.php:64 addCall should be used instead!
2023-04-09 16:51:26		Doku_Handler::_addCall() is deprecated. It was called from syntax_plugin_divalign2_common::handle() in /dokuwiki/lib/plugins/divalign2/common.php:64 addCall should be used instead!
2023-04-09 16:51:26		Doku_Handler::_addCall() is deprecated. It was called from syntax_plugin_divalign2_common::handle() in /dokuwiki/lib/plugins/divalign2/common.php:64 addCall should be used instead!
2023-04-09 16:51:26		Doku_Handler::_addCall() is deprecated. It was called from syntax_plugin_divalign2_common::handle() in /dokuwiki/lib/plugins/divalign2/common.php:64 addCall should be used instead!
2023-04-09 16:51:26		Doku_Handler::_addCall() is deprecated. It was called from syntax_plugin_divalign2_common::handle() in /dokuwiki/lib/plugins/divalign2/common.php:64 addCall should be used instead!
2023-04-09 16:51:26		Doku_Handler::_addCall() is deprecated. It was called from syntax_plugin_wrap_div::handle() in /dokuwiki/lib/plugins/wrap/syntax/div.php:49 addCall should be used instead!
2023-04-09 16:51:26		resolve_id() is deprecated. It was called from syntax_plugin_indexmenu_indexmenu::_parse_ns() in /dokuwiki/lib/plugins/indexmenu/syntax/indexmenu.php:620 dokuwiki\File\Resolver and its children should be used instead!
2023-04-09 16:51:29		html_li_index() is deprecated. It was called from html_buildlist() in /dokuwiki/inc/html.php:471 dokuwiki\Ui\Index::tagListItem() should be used instead!
2023-04-09 16:51:29		html_li_index() is deprecated. It was called from html_buildlist() in /dokuwiki/inc/html.php:471 dokuwiki\Ui\Index::tagListItem() should be used instead!
2023-04-09 16:51:29		html_li_index() is deprecated. It was called from html_buildlist() in /dokuwiki/inc/html.php:471 dokuwiki\Ui\Index::tagListItem() should be used instead!
2023-04-09 16:51:29		html_li_index() is deprecated. It was called from html_buildlist() in /dokuwiki/inc/html.php:471 dokuwiki\Ui\Index::tagListItem() should be used instead!
2023-04-09 16:51:29		html_li_index() is deprecated. It was called from html_buildlist() in /dokuwiki/inc/html.php:471 dokuwiki\Ui\Index::tagListItem() should be used instead!
2023-04-09 16:51:29		html_li_index() is deprecated. It was called from html_buildlist() in /dokuwiki/inc/html.php:471 dokuwiki\Ui\Index::tagListItem() should be used instead!
2023-04-09 16:51:29		html_li_index() is deprecated. It was called from html_buildlist() in /dokuwiki/inc/html.php:471 dokuwiki\Ui\Index::tagListItem() should be used instead!
2023-04-09 19:03:02		require(syntax.php) is deprecated. It was called from require_once() in /dokuwiki/lib/plugins/divalign2/common.php:22 Autoloading should be used instead!
2023-04-09 19:03:02		require(action.php) is deprecated. It was called from require() in /dokuwiki/lib/plugins/hidden/action.php:9 Autoloading should be used instead!
2023-04-09 19:03:02		Doku_Handler::_addCall() is deprecated. It was called from syntax_plugin_divalign2_common::handle() in /dokuwiki/lib/plugins/divalign2/common.php:64 addCall should be used instead!
2023-04-09 19:03:02		Doku_Handler::_addCall() is deprecated. It was called from syntax_plugin_divalign2_common::handle() in /dokuwiki/lib/plugins/divalign2/common.php:64 addCall should be used instead!
2023-04-09 19:03:02		Doku_Handler::_addCall() is deprecated. It was called from syntax_plugin_divalign2_common::handle() in /dokuwiki/lib/plugins/divalign2/common.php:64 addCall should be used instead!
2023-04-09 19:03:02		Doku_Handler::_addCall() is deprecated. It was called from syntax_plugin_divalign2_common::handle() in /dokuwiki/lib/plugins/divalign2/common.php:64 addCall should be used instead!
2023-04-09 19:03:02		Doku_Handler::_addCall() is deprecated. It was called from syntax_plugin_divalign2_common::handle() in /dokuwiki/lib/plugins/divalign2/common.php:64 addCall should be used instead!
2023-04-09 19:03:02		Doku_Handler::_addCall() is deprecated. It was called from syntax_plugin_divalign2_common::handle() in /dokuwiki/lib/plugins/divalign2/common.php:64 addCall should be used instead!
2023-04-09 19:03:02		Doku_Handler::_addCall() is deprecated. It was called from syntax_plugin_divalign2_common::handle() in /dokuwiki/lib/plugins/divalign2/common.php:64 addCall should be used instead!
2023-04-09 19:03:02		Doku_Handler::_addCall() is deprecated. It was called from syntax_plugin_wrap_div::handle() in /dokuwiki/lib/plugins/wrap/syntax/div.php:49 addCall should be used instead!
2023-04-09 19:03:02		resolve_id() is deprecated. It was called from syntax_plugin_indexmenu_indexmenu::_parse_ns() in /dokuwiki/lib/plugins/indexmenu/syntax/indexmenu.php:620 dokuwiki\File\Resolver and its children should be used instead!
2023-04-09 19:03:04		html_li_index() is deprecated. It was called from html_buildlist() in /dokuwiki/inc/html.php:471 dokuwiki\Ui\Index::tagListItem() should be used instead!
2023-04-09 19:03:04		html_li_index() is deprecated. It was called from html_buildlist() in /dokuwiki/inc/html.php:471 dokuwiki\Ui\Index::tagListItem() should be used instead!
2023-04-09 19:03:04		html_li_index() is deprecated. It was called from html_buildlist() in /dokuwiki/inc/html.php:471 dokuwiki\Ui\Index::tagListItem() should be used instead!
2023-04-09 19:03:04		html_li_index() is deprecated. It was called from html_buildlist() in /dokuwiki/inc/html.php:471 dokuwiki\Ui\Index::tagListItem() should be used instead!
2023-04-09 19:03:04		html_li_index() is deprecated. It was called from html_buildlist() in /dokuwiki/inc/html.php:471 dokuwiki\Ui\Index::tagListItem() should be used instead!
2023-04-09 19:03:04		html_li_index() is deprecated. It was called from html_buildlist() in /dokuwiki/inc/html.php:471 dokuwiki\Ui\Index::tagListItem() should be used instead!
2023-04-09 19:03:04		html_li_index() is deprecated. It was called from html_buildlist() in /dokuwiki/inc/html.php:471 dokuwiki\Ui\Index::tagListItem() should be used instead!
2023-04-09 19:03:05		require(syntax.php) is deprecated. It was called from require_once() in /dokuwiki/lib/plugins/divalign2/common.php:22 Autoloading should be used instead!
2023-04-09 19:03:05		require(action.php) is deprecated. It was called from require() in /dokuwiki/lib/plugins/hidden/action.php:9 Autoloading should be used instead!
