2023-04-10 00:55:26		require(syntax.php) is deprecated. It was called from require_once() in /dokuwiki/lib/plugins/divalign2/common.php:22 Autoloading should be used instead!
2023-04-10 00:55:26		require(action.php) is deprecated. It was called from require() in /dokuwiki/lib/plugins/hidden/action.php:9 Autoloading should be used instead!
2023-04-10 00:55:27		html_li_index() is deprecated. It was called from html_buildlist() in /dokuwiki/inc/html.php:471 dokuwiki\Ui\Index::tagListItem() should be used instead!
2023-04-10 00:55:27		html_li_index() is deprecated. It was called from html_buildlist() in /dokuwiki/inc/html.php:471 dokuwiki\Ui\Index::tagListItem() should be used instead!
2023-04-10 00:55:27		html_li_index() is deprecated. It was called from html_buildlist() in /dokuwiki/inc/html.php:471 dokuwiki\Ui\Index::tagListItem() should be used instead!
2023-04-10 00:55:27		html_li_index() is deprecated. It was called from html_buildlist() in /dokuwiki/inc/html.php:471 dokuwiki\Ui\Index::tagListItem() should be used instead!
2023-04-10 00:55:27		html_li_index() is deprecated. It was called from html_buildlist() in /dokuwiki/inc/html.php:471 dokuwiki\Ui\Index::tagListItem() should be used instead!
2023-04-10 00:55:27		html_li_index() is deprecated. It was called from html_buildlist() in /dokuwiki/inc/html.php:471 dokuwiki\Ui\Index::tagListItem() should be used instead!
2023-04-10 00:55:27		html_li_index() is deprecated. It was called from html_buildlist() in /dokuwiki/inc/html.php:471 dokuwiki\Ui\Index::tagListItem() should be used instead!
2023-04-10 00:55:27		html_li_index() is deprecated. It was called from html_buildlist() in /dokuwiki/inc/html.php:471 dokuwiki\Ui\Index::tagListItem() should be used instead!
2023-04-10 00:55:27		html_li_index() is deprecated. It was called from html_buildlist() in /dokuwiki/inc/html.php:471 dokuwiki\Ui\Index::tagListItem() should be used instead!
2023-04-10 00:55:27		html_li_index() is deprecated. It was called from html_buildlist() in /dokuwiki/inc/html.php:471 dokuwiki\Ui\Index::tagListItem() should be used instead!
2023-04-10 00:55:27		html_li_index() is deprecated. It was called from html_buildlist() in /dokuwiki/inc/html.php:471 dokuwiki\Ui\Index::tagListItem() should be used instead!
2023-04-10 00:55:27		html_li_index() is deprecated. It was called from html_buildlist() in /dokuwiki/inc/html.php:471 dokuwiki\Ui\Index::tagListItem() should be used instead!
2023-04-10 00:55:27		html_li_index() is deprecated. It was called from html_buildlist() in /dokuwiki/inc/html.php:471 dokuwiki\Ui\Index::tagListItem() should be used instead!
2023-04-10 00:55:27		html_li_index() is deprecated. It was called from html_buildlist() in /dokuwiki/inc/html.php:471 dokuwiki\Ui\Index::tagListItem() should be used instead!
2023-04-10 00:55:39		require(syntax.php) is deprecated. It was called from require_once() in /dokuwiki/lib/plugins/divalign2/common.php:22 Autoloading should be used instead!
2023-04-10 00:55:39		require(action.php) is deprecated. It was called from require() in /dokuwiki/lib/plugins/hidden/action.php:9 Autoloading should be used instead!
2023-04-10 02:52:32		require(syntax.php) is deprecated. It was called from require_once() in /dokuwiki/lib/plugins/divalign2/common.php:22 Autoloading should be used instead!
2023-04-10 02:52:32		require(action.php) is deprecated. It was called from require() in /dokuwiki/lib/plugins/hidden/action.php:9 Autoloading should be used instead!
2023-04-10 02:52:33		require(syntax.php) is deprecated. It was called from require_once() in /dokuwiki/lib/plugins/divalign2/common.php:22 Autoloading should be used instead!
2023-04-10 02:52:33		require(action.php) is deprecated. It was called from require() in /dokuwiki/lib/plugins/hidden/action.php:9 Autoloading should be used instead!
2023-04-10 02:52:33		require(syntax.php) is deprecated. It was called from require_once() in /dokuwiki/lib/plugins/divalign2/common.php:22 Autoloading should be used instead!
2023-04-10 02:52:33		require(action.php) is deprecated. It was called from require() in /dokuwiki/lib/plugins/hidden/action.php:9 Autoloading should be used instead!
2023-04-10 02:52:33		require(syntax.php) is deprecated. It was called from require_once() in /dokuwiki/lib/plugins/divalign2/common.php:22 Autoloading should be used instead!
2023-04-10 02:52:33		require(action.php) is deprecated. It was called from require() in /dokuwiki/lib/plugins/hidden/action.php:9 Autoloading should be used instead!
2023-04-10 02:52:33		html_li_index() is deprecated. It was called from html_buildlist() in /dokuwiki/inc/html.php:471 dokuwiki\Ui\Index::tagListItem() should be used instead!
2023-04-10 02:52:33		html_li_index() is deprecated. It was called from html_buildlist() in /dokuwiki/inc/html.php:471 dokuwiki\Ui\Index::tagListItem() should be used instead!
2023-04-10 02:52:33		html_li_index() is deprecated. It was called from html_buildlist() in /dokuwiki/inc/html.php:471 dokuwiki\Ui\Index::tagListItem() should be used instead!
2023-04-10 02:52:33		html_li_index() is deprecated. It was called from html_buildlist() in /dokuwiki/inc/html.php:471 dokuwiki\Ui\Index::tagListItem() should be used instead!
2023-04-10 02:52:33		html_li_index() is deprecated. It was called from html_buildlist() in /dokuwiki/inc/html.php:471 dokuwiki\Ui\Index::tagListItem() should be used instead!
2023-04-10 02:52:33		html_li_index() is deprecated. It was called from html_buildlist() in /dokuwiki/inc/html.php:471 dokuwiki\Ui\Index::tagListItem() should be used instead!
2023-04-10 02:52:33		html_li_index() is deprecated. It was called from html_buildlist() in /dokuwiki/inc/html.php:471 dokuwiki\Ui\Index::tagListItem() should be used instead!
2023-04-10 02:52:34		require(syntax.php) is deprecated. It was called from require_once() in /dokuwiki/lib/plugins/divalign2/common.php:22 Autoloading should be used instead!
2023-04-10 02:52:34		require(action.php) is deprecated. It was called from require() in /dokuwiki/lib/plugins/hidden/action.php:9 Autoloading should be used instead!
2023-04-10 02:52:34		require(syntax.php) is deprecated. It was called from require_once() in /dokuwiki/lib/plugins/divalign2/common.php:22 Autoloading should be used instead!
2023-04-10 02:52:34		require(action.php) is deprecated. It was called from require() in /dokuwiki/lib/plugins/hidden/action.php:9 Autoloading should be used instead!
2023-04-10 02:52:36		require(syntax.php) is deprecated. It was called from require_once() in /dokuwiki/lib/plugins/divalign2/common.php:22 Autoloading should be used instead!
2023-04-10 02:52:36		require(action.php) is deprecated. It was called from require() in /dokuwiki/lib/plugins/hidden/action.php:9 Autoloading should be used instead!
2023-04-10 02:52:36		require(syntax.php) is deprecated. It was called from require_once() in /dokuwiki/lib/plugins/divalign2/common.php:22 Autoloading should be used instead!
2023-04-10 02:52:36		require(action.php) is deprecated. It was called from require() in /dokuwiki/lib/plugins/hidden/action.php:9 Autoloading should be used instead!
2023-04-10 02:52:36		require(syntax.php) is deprecated. It was called from require_once() in /dokuwiki/lib/plugins/divalign2/common.php:22 Autoloading should be used instead!
2023-04-10 02:52:36		require(action.php) is deprecated. It was called from require() in /dokuwiki/lib/plugins/hidden/action.php:9 Autoloading should be used instead!
2023-04-10 02:52:36		require(syntax.php) is deprecated. It was called from require_once() in /dokuwiki/lib/plugins/divalign2/common.php:22 Autoloading should be used instead!
2023-04-10 02:52:36		require(action.php) is deprecated. It was called from require() in /dokuwiki/lib/plugins/hidden/action.php:9 Autoloading should be used instead!
2023-04-10 02:52:36		require(syntax.php) is deprecated. It was called from require_once() in /dokuwiki/lib/plugins/divalign2/common.php:22 Autoloading should be used instead!
2023-04-10 02:52:36		require(action.php) is deprecated. It was called from require() in /dokuwiki/lib/plugins/hidden/action.php:9 Autoloading should be used instead!
2023-04-10 02:52:36		require(syntax.php) is deprecated. It was called from require_once() in /dokuwiki/lib/plugins/divalign2/common.php:22 Autoloading should be used instead!
2023-04-10 02:52:36		require(action.php) is deprecated. It was called from require() in /dokuwiki/lib/plugins/hidden/action.php:9 Autoloading should be used instead!
2023-04-10 02:52:37		require(syntax.php) is deprecated. It was called from require_once() in /dokuwiki/lib/plugins/divalign2/common.php:22 Autoloading should be used instead!
2023-04-10 02:52:37		require(action.php) is deprecated. It was called from require() in /dokuwiki/lib/plugins/hidden/action.php:9 Autoloading should be used instead!
2023-04-10 02:52:41		require(syntax.php) is deprecated. It was called from require_once() in /dokuwiki/lib/plugins/divalign2/common.php:22 Autoloading should be used instead!
2023-04-10 02:52:41		require(action.php) is deprecated. It was called from require() in /dokuwiki/lib/plugins/hidden/action.php:9 Autoloading should be used instead!
2023-04-10 02:52:41		html_li_index() is deprecated. It was called from html_buildlist() in /dokuwiki/inc/html.php:471 dokuwiki\Ui\Index::tagListItem() should be used instead!
2023-04-10 02:52:41		html_li_index() is deprecated. It was called from html_buildlist() in /dokuwiki/inc/html.php:471 dokuwiki\Ui\Index::tagListItem() should be used instead!
2023-04-10 02:52:41		html_li_index() is deprecated. It was called from html_buildlist() in /dokuwiki/inc/html.php:471 dokuwiki\Ui\Index::tagListItem() should be used instead!
2023-04-10 02:52:41		html_li_index() is deprecated. It was called from html_buildlist() in /dokuwiki/inc/html.php:471 dokuwiki\Ui\Index::tagListItem() should be used instead!
2023-04-10 02:52:41		html_li_index() is deprecated. It was called from html_buildlist() in /dokuwiki/inc/html.php:471 dokuwiki\Ui\Index::tagListItem() should be used instead!
2023-04-10 02:52:41		html_li_index() is deprecated. It was called from html_buildlist() in /dokuwiki/inc/html.php:471 dokuwiki\Ui\Index::tagListItem() should be used instead!
2023-04-10 02:52:41		html_li_index() is deprecated. It was called from html_buildlist() in /dokuwiki/inc/html.php:471 dokuwiki\Ui\Index::tagListItem() should be used instead!
2023-04-10 02:52:41		require(syntax.php) is deprecated. It was called from require_once() in /dokuwiki/lib/plugins/divalign2/common.php:22 Autoloading should be used instead!
2023-04-10 02:52:41		require(action.php) is deprecated. It was called from require() in /dokuwiki/lib/plugins/hidden/action.php:9 Autoloading should be used instead!
2023-04-10 02:52:41		require(syntax.php) is deprecated. It was called from require_once() in /dokuwiki/lib/plugins/divalign2/common.php:22 Autoloading should be used instead!
2023-04-10 02:52:41		require(action.php) is deprecated. It was called from require() in /dokuwiki/lib/plugins/hidden/action.php:9 Autoloading should be used instead!
2023-04-10 02:52:42		require(syntax.php) is deprecated. It was called from require_once() in /dokuwiki/lib/plugins/divalign2/common.php:22 Autoloading should be used instead!
2023-04-10 02:52:42		require(action.php) is deprecated. It was called from require() in /dokuwiki/lib/plugins/hidden/action.php:9 Autoloading should be used instead!
2023-04-10 02:52:42		require(syntax.php) is deprecated. It was called from require_once() in /dokuwiki/lib/plugins/divalign2/common.php:22 Autoloading should be used instead!
2023-04-10 02:52:42		require(action.php) is deprecated. It was called from require() in /dokuwiki/lib/plugins/hidden/action.php:9 Autoloading should be used instead!
2023-04-10 02:52:42		require(syntax.php) is deprecated. It was called from require_once() in /dokuwiki/lib/plugins/divalign2/common.php:22 Autoloading should be used instead!
2023-04-10 02:52:42		require(action.php) is deprecated. It was called from require() in /dokuwiki/lib/plugins/hidden/action.php:9 Autoloading should be used instead!
2023-04-10 02:52:42		require(syntax.php) is deprecated. It was called from require_once() in /dokuwiki/lib/plugins/divalign2/common.php:22 Autoloading should be used instead!
2023-04-10 02:52:42		require(action.php) is deprecated. It was called from require() in /dokuwiki/lib/plugins/hidden/action.php:9 Autoloading should be used instead!
2023-04-10 02:52:42		require(syntax.php) is deprecated. It was called from require_once() in /dokuwiki/lib/plugins/divalign2/common.php:22 Autoloading should be used instead!
2023-04-10 02:52:42		require(action.php) is deprecated. It was called from require() in /dokuwiki/lib/plugins/hidden/action.php:9 Autoloading should be used instead!
2023-04-10 02:52:42		require(syntax.php) is deprecated. It was called from require_once() in /dokuwiki/lib/plugins/divalign2/common.php:22 Autoloading should be used instead!
2023-04-10 02:52:42		require(action.php) is deprecated. It was called from require() in /dokuwiki/lib/plugins/hidden/action.php:9 Autoloading should be used instead!
2023-04-10 02:53:51		require(syntax.php) is deprecated. It was called from require_once() in /dokuwiki/lib/plugins/divalign2/common.php:22 Autoloading should be used instead!
2023-04-10 02:53:51		require(action.php) is deprecated. It was called from require() in /dokuwiki/lib/plugins/hidden/action.php:9 Autoloading should be used instead!
2023-04-10 02:53:56		require(syntax.php) is deprecated. It was called from require_once() in /dokuwiki/lib/plugins/divalign2/common.php:22 Autoloading should be used instead!
2023-04-10 02:53:56		require(action.php) is deprecated. It was called from require() in /dokuwiki/lib/plugins/hidden/action.php:9 Autoloading should be used instead!
2023-04-10 02:53:56		require(syntax.php) is deprecated. It was called from require_once() in /dokuwiki/lib/plugins/divalign2/common.php:22 Autoloading should be used instead!
2023-04-10 02:53:56		require(action.php) is deprecated. It was called from require() in /dokuwiki/lib/plugins/hidden/action.php:9 Autoloading should be used instead!
2023-04-10 02:53:57		require(syntax.php) is deprecated. It was called from require_once() in /dokuwiki/lib/plugins/divalign2/common.php:22 Autoloading should be used instead!
2023-04-10 02:53:57		require(action.php) is deprecated. It was called from require() in /dokuwiki/lib/plugins/hidden/action.php:9 Autoloading should be used instead!
2023-04-10 02:53:58		require(syntax.php) is deprecated. It was called from require_once() in /dokuwiki/lib/plugins/divalign2/common.php:22 Autoloading should be used instead!
2023-04-10 02:53:58		require(action.php) is deprecated. It was called from require() in /dokuwiki/lib/plugins/hidden/action.php:9 Autoloading should be used instead!
2023-04-10 02:54:03		require(syntax.php) is deprecated. It was called from require_once() in /dokuwiki/lib/plugins/divalign2/common.php:22 Autoloading should be used instead!
2023-04-10 02:54:03		require(action.php) is deprecated. It was called from require() in /dokuwiki/lib/plugins/hidden/action.php:9 Autoloading should be used instead!
2023-04-10 02:54:03		require(syntax.php) is deprecated. It was called from require_once() in /dokuwiki/lib/plugins/divalign2/common.php:22 Autoloading should be used instead!
2023-04-10 02:54:03		require(action.php) is deprecated. It was called from require() in /dokuwiki/lib/plugins/hidden/action.php:9 Autoloading should be used instead!
2023-04-10 02:54:11		require(syntax.php) is deprecated. It was called from require_once() in /dokuwiki/lib/plugins/divalign2/common.php:22 Autoloading should be used instead!
2023-04-10 02:54:11		require(action.php) is deprecated. It was called from require() in /dokuwiki/lib/plugins/hidden/action.php:9 Autoloading should be used instead!
2023-04-10 02:54:12		require(syntax.php) is deprecated. It was called from require_once() in /dokuwiki/lib/plugins/divalign2/common.php:22 Autoloading should be used instead!
2023-04-10 02:54:12		require(action.php) is deprecated. It was called from require() in /dokuwiki/lib/plugins/hidden/action.php:9 Autoloading should be used instead!
2023-04-10 04:25:53		require(syntax.php) is deprecated. It was called from require_once() in /dokuwiki/lib/plugins/divalign2/common.php:22 Autoloading should be used instead!
2023-04-10 04:25:53		require(action.php) is deprecated. It was called from require() in /dokuwiki/lib/plugins/hidden/action.php:9 Autoloading should be used instead!
2023-04-10 04:25:54		require(syntax.php) is deprecated. It was called from require_once() in /dokuwiki/lib/plugins/divalign2/common.php:22 Autoloading should be used instead!
2023-04-10 04:25:54		require(action.php) is deprecated. It was called from require() in /dokuwiki/lib/plugins/hidden/action.php:9 Autoloading should be used instead!
2023-04-10 04:25:55		require(syntax.php) is deprecated. It was called from require_once() in /dokuwiki/lib/plugins/divalign2/common.php:22 Autoloading should be used instead!
2023-04-10 04:25:55		require(action.php) is deprecated. It was called from require() in /dokuwiki/lib/plugins/hidden/action.php:9 Autoloading should be used instead!
2023-04-10 04:25:56		require(syntax.php) is deprecated. It was called from require_once() in /dokuwiki/lib/plugins/divalign2/common.php:22 Autoloading should be used instead!
2023-04-10 04:25:56		require(action.php) is deprecated. It was called from require() in /dokuwiki/lib/plugins/hidden/action.php:9 Autoloading should be used instead!
2023-04-10 04:25:57		require(syntax.php) is deprecated. It was called from require_once() in /dokuwiki/lib/plugins/divalign2/common.php:22 Autoloading should be used instead!
2023-04-10 04:25:57		require(action.php) is deprecated. It was called from require() in /dokuwiki/lib/plugins/hidden/action.php:9 Autoloading should be used instead!
2023-04-10 04:26:11		require(syntax.php) is deprecated. It was called from require_once() in /dokuwiki/lib/plugins/divalign2/common.php:22 Autoloading should be used instead!
2023-04-10 04:26:11		require(action.php) is deprecated. It was called from require() in /dokuwiki/lib/plugins/hidden/action.php:9 Autoloading should be used instead!
2023-04-10 04:26:12		require(syntax.php) is deprecated. It was called from require_once() in /dokuwiki/lib/plugins/divalign2/common.php:22 Autoloading should be used instead!
2023-04-10 04:26:12		require(action.php) is deprecated. It was called from require() in /dokuwiki/lib/plugins/hidden/action.php:9 Autoloading should be used instead!
2023-04-10 04:26:45		require(syntax.php) is deprecated. It was called from require_once() in /dokuwiki/lib/plugins/divalign2/common.php:22 Autoloading should be used instead!
2023-04-10 04:26:45		require(action.php) is deprecated. It was called from require() in /dokuwiki/lib/plugins/hidden/action.php:9 Autoloading should be used instead!
2023-04-10 04:26:46		require(syntax.php) is deprecated. It was called from require_once() in /dokuwiki/lib/plugins/divalign2/common.php:22 Autoloading should be used instead!
2023-04-10 04:26:46		require(action.php) is deprecated. It was called from require() in /dokuwiki/lib/plugins/hidden/action.php:9 Autoloading should be used instead!
2023-04-10 04:26:47		resolve_id() is deprecated. It was called from syntax_plugin_indexmenu_indexmenu::_parse_ns() in /dokuwiki/lib/plugins/indexmenu/syntax/indexmenu.php:620 dokuwiki\File\Resolver and its children should be used instead!
2023-04-10 04:26:47		html_li_index() is deprecated. It was called from html_buildlist() in /dokuwiki/inc/html.php:471 dokuwiki\Ui\Index::tagListItem() should be used instead!
2023-04-10 04:26:47		html_li_index() is deprecated. It was called from html_buildlist() in /dokuwiki/inc/html.php:471 dokuwiki\Ui\Index::tagListItem() should be used instead!
2023-04-10 04:26:47		html_li_index() is deprecated. It was called from html_buildlist() in /dokuwiki/inc/html.php:471 dokuwiki\Ui\Index::tagListItem() should be used instead!
2023-04-10 04:26:47		html_li_index() is deprecated. It was called from html_buildlist() in /dokuwiki/inc/html.php:471 dokuwiki\Ui\Index::tagListItem() should be used instead!
2023-04-10 04:26:47		html_li_index() is deprecated. It was called from html_buildlist() in /dokuwiki/inc/html.php:471 dokuwiki\Ui\Index::tagListItem() should be used instead!
2023-04-10 04:26:47		html_li_index() is deprecated. It was called from html_buildlist() in /dokuwiki/inc/html.php:471 dokuwiki\Ui\Index::tagListItem() should be used instead!
2023-04-10 04:26:47		html_li_index() is deprecated. It was called from html_buildlist() in /dokuwiki/inc/html.php:471 dokuwiki\Ui\Index::tagListItem() should be used instead!
2023-04-10 04:26:47		html_li_index() is deprecated. It was called from html_buildlist() in /dokuwiki/inc/html.php:471 dokuwiki\Ui\Index::tagListItem() should be used instead!
2023-04-10 04:26:47		html_li_index() is deprecated. It was called from html_buildlist() in /dokuwiki/inc/html.php:471 dokuwiki\Ui\Index::tagListItem() should be used instead!
2023-04-10 04:26:47		html_li_index() is deprecated. It was called from html_buildlist() in /dokuwiki/inc/html.php:471 dokuwiki\Ui\Index::tagListItem() should be used instead!
2023-04-10 04:26:47		html_li_index() is deprecated. It was called from html_buildlist() in /dokuwiki/inc/html.php:471 dokuwiki\Ui\Index::tagListItem() should be used instead!
2023-04-10 04:26:47		html_li_index() is deprecated. It was called from html_buildlist() in /dokuwiki/inc/html.php:471 dokuwiki\Ui\Index::tagListItem() should be used instead!
2023-04-10 04:26:47		html_li_index() is deprecated. It was called from html_buildlist() in /dokuwiki/inc/html.php:471 dokuwiki\Ui\Index::tagListItem() should be used instead!
2023-04-10 04:26:47		html_li_index() is deprecated. It was called from html_buildlist() in /dokuwiki/inc/html.php:471 dokuwiki\Ui\Index::tagListItem() should be used instead!
2023-04-10 04:26:47		require(syntax.php) is deprecated. It was called from require_once() in /dokuwiki/lib/plugins/divalign2/common.php:22 Autoloading should be used instead!
2023-04-10 04:26:47		require(action.php) is deprecated. It was called from require() in /dokuwiki/lib/plugins/hidden/action.php:9 Autoloading should be used instead!
2023-04-10 04:26:49		require(syntax.php) is deprecated. It was called from require_once() in /dokuwiki/lib/plugins/divalign2/common.php:22 Autoloading should be used instead!
2023-04-10 04:26:49		require(action.php) is deprecated. It was called from require() in /dokuwiki/lib/plugins/hidden/action.php:9 Autoloading should be used instead!
2023-04-10 04:26:50		require(syntax.php) is deprecated. It was called from require_once() in /dokuwiki/lib/plugins/divalign2/common.php:22 Autoloading should be used instead!
2023-04-10 04:26:50		require(action.php) is deprecated. It was called from require() in /dokuwiki/lib/plugins/hidden/action.php:9 Autoloading should be used instead!
2023-04-10 04:26:50		require(syntax.php) is deprecated. It was called from require_once() in /dokuwiki/lib/plugins/divalign2/common.php:22 Autoloading should be used instead!
2023-04-10 04:26:50		require(action.php) is deprecated. It was called from require() in /dokuwiki/lib/plugins/hidden/action.php:9 Autoloading should be used instead!
2023-04-10 04:26:57		require(syntax.php) is deprecated. It was called from require_once() in /dokuwiki/lib/plugins/divalign2/common.php:22 Autoloading should be used instead!
2023-04-10 04:26:57		require(action.php) is deprecated. It was called from require() in /dokuwiki/lib/plugins/hidden/action.php:9 Autoloading should be used instead!
2023-04-10 04:26:57		require(syntax.php) is deprecated. It was called from require_once() in /dokuwiki/lib/plugins/divalign2/common.php:22 Autoloading should be used instead!
2023-04-10 04:26:57		require(action.php) is deprecated. It was called from require() in /dokuwiki/lib/plugins/hidden/action.php:9 Autoloading should be used instead!
2023-04-10 04:26:58		require(syntax.php) is deprecated. It was called from require_once() in /dokuwiki/lib/plugins/divalign2/common.php:22 Autoloading should be used instead!
2023-04-10 04:26:58		require(action.php) is deprecated. It was called from require() in /dokuwiki/lib/plugins/hidden/action.php:9 Autoloading should be used instead!
2023-04-10 04:26:59		require(syntax.php) is deprecated. It was called from require_once() in /dokuwiki/lib/plugins/divalign2/common.php:22 Autoloading should be used instead!
2023-04-10 04:26:59		require(action.php) is deprecated. It was called from require() in /dokuwiki/lib/plugins/hidden/action.php:9 Autoloading should be used instead!
2023-04-10 04:26:59		require(syntax.php) is deprecated. It was called from require_once() in /dokuwiki/lib/plugins/divalign2/common.php:22 Autoloading should be used instead!
2023-04-10 04:26:59		require(action.php) is deprecated. It was called from require() in /dokuwiki/lib/plugins/hidden/action.php:9 Autoloading should be used instead!
2023-04-10 04:26:59		require(syntax.php) is deprecated. It was called from require_once() in /dokuwiki/lib/plugins/divalign2/common.php:22 Autoloading should be used instead!
2023-04-10 04:26:59		require(action.php) is deprecated. It was called from require() in /dokuwiki/lib/plugins/hidden/action.php:9 Autoloading should be used instead!
2023-04-10 04:27:37		require(syntax.php) is deprecated. It was called from require_once() in /dokuwiki/lib/plugins/divalign2/common.php:22 Autoloading should be used instead!
2023-04-10 04:27:37		require(action.php) is deprecated. It was called from require() in /dokuwiki/lib/plugins/hidden/action.php:9 Autoloading should be used instead!
2023-04-10 04:27:37		require(syntax.php) is deprecated. It was called from require_once() in /dokuwiki/lib/plugins/divalign2/common.php:22 Autoloading should be used instead!
2023-04-10 04:27:37		require(action.php) is deprecated. It was called from require() in /dokuwiki/lib/plugins/hidden/action.php:9 Autoloading should be used instead!
2023-04-10 04:27:38		resolve_id() is deprecated. It was called from syntax_plugin_indexmenu_indexmenu::_parse_ns() in /dokuwiki/lib/plugins/indexmenu/syntax/indexmenu.php:620 dokuwiki\File\Resolver and its children should be used instead!
2023-04-10 04:27:38		html_li_index() is deprecated. It was called from html_buildlist() in /dokuwiki/inc/html.php:471 dokuwiki\Ui\Index::tagListItem() should be used instead!
2023-04-10 04:27:38		html_li_index() is deprecated. It was called from html_buildlist() in /dokuwiki/inc/html.php:471 dokuwiki\Ui\Index::tagListItem() should be used instead!
2023-04-10 04:27:38		html_li_index() is deprecated. It was called from html_buildlist() in /dokuwiki/inc/html.php:471 dokuwiki\Ui\Index::tagListItem() should be used instead!
2023-04-10 04:27:38		html_li_index() is deprecated. It was called from html_buildlist() in /dokuwiki/inc/html.php:471 dokuwiki\Ui\Index::tagListItem() should be used instead!
2023-04-10 04:27:38		html_li_index() is deprecated. It was called from html_buildlist() in /dokuwiki/inc/html.php:471 dokuwiki\Ui\Index::tagListItem() should be used instead!
2023-04-10 04:27:38		html_li_index() is deprecated. It was called from html_buildlist() in /dokuwiki/inc/html.php:471 dokuwiki\Ui\Index::tagListItem() should be used instead!
2023-04-10 04:27:38		html_li_index() is deprecated. It was called from html_buildlist() in /dokuwiki/inc/html.php:471 dokuwiki\Ui\Index::tagListItem() should be used instead!
2023-04-10 04:27:38		html_li_index() is deprecated. It was called from html_buildlist() in /dokuwiki/inc/html.php:471 dokuwiki\Ui\Index::tagListItem() should be used instead!
2023-04-10 04:27:38		html_li_index() is deprecated. It was called from html_buildlist() in /dokuwiki/inc/html.php:471 dokuwiki\Ui\Index::tagListItem() should be used instead!
2023-04-10 04:27:38		html_li_index() is deprecated. It was called from html_buildlist() in /dokuwiki/inc/html.php:471 dokuwiki\Ui\Index::tagListItem() should be used instead!
2023-04-10 04:27:38		html_li_index() is deprecated. It was called from html_buildlist() in /dokuwiki/inc/html.php:471 dokuwiki\Ui\Index::tagListItem() should be used instead!
2023-04-10 04:27:38		html_li_index() is deprecated. It was called from html_buildlist() in /dokuwiki/inc/html.php:471 dokuwiki\Ui\Index::tagListItem() should be used instead!
2023-04-10 04:27:38		html_li_index() is deprecated. It was called from html_buildlist() in /dokuwiki/inc/html.php:471 dokuwiki\Ui\Index::tagListItem() should be used instead!
2023-04-10 04:27:38		html_li_index() is deprecated. It was called from html_buildlist() in /dokuwiki/inc/html.php:471 dokuwiki\Ui\Index::tagListItem() should be used instead!
2023-04-10 04:27:40		require(syntax.php) is deprecated. It was called from require_once() in /dokuwiki/lib/plugins/divalign2/common.php:22 Autoloading should be used instead!
2023-04-10 04:27:40		require(action.php) is deprecated. It was called from require() in /dokuwiki/lib/plugins/hidden/action.php:9 Autoloading should be used instead!
2023-04-10 04:27:41		require(syntax.php) is deprecated. It was called from require_once() in /dokuwiki/lib/plugins/divalign2/common.php:22 Autoloading should be used instead!
2023-04-10 04:27:41		require(action.php) is deprecated. It was called from require() in /dokuwiki/lib/plugins/hidden/action.php:9 Autoloading should be used instead!
2023-04-10 04:27:41		require(syntax.php) is deprecated. It was called from require_once() in /dokuwiki/lib/plugins/divalign2/common.php:22 Autoloading should be used instead!
2023-04-10 04:27:41		require(action.php) is deprecated. It was called from require() in /dokuwiki/lib/plugins/hidden/action.php:9 Autoloading should be used instead!
2023-04-10 04:27:42		require(syntax.php) is deprecated. It was called from require_once() in /dokuwiki/lib/plugins/divalign2/common.php:22 Autoloading should be used instead!
2023-04-10 04:27:42		require(action.php) is deprecated. It was called from require() in /dokuwiki/lib/plugins/hidden/action.php:9 Autoloading should be used instead!
2023-04-10 04:29:07		require(syntax.php) is deprecated. It was called from require_once() in /dokuwiki/lib/plugins/divalign2/common.php:22 Autoloading should be used instead!
2023-04-10 04:29:07		require(action.php) is deprecated. It was called from require() in /dokuwiki/lib/plugins/hidden/action.php:9 Autoloading should be used instead!
2023-04-10 04:29:08		require(syntax.php) is deprecated. It was called from require_once() in /dokuwiki/lib/plugins/divalign2/common.php:22 Autoloading should be used instead!
2023-04-10 04:29:08		require(action.php) is deprecated. It was called from require() in /dokuwiki/lib/plugins/hidden/action.php:9 Autoloading should be used instead!
2023-04-10 04:29:10		require(syntax.php) is deprecated. It was called from require_once() in /dokuwiki/lib/plugins/divalign2/common.php:22 Autoloading should be used instead!
2023-04-10 04:29:10		require(action.php) is deprecated. It was called from require() in /dokuwiki/lib/plugins/hidden/action.php:9 Autoloading should be used instead!
2023-04-10 04:29:10		require(syntax.php) is deprecated. It was called from require_once() in /dokuwiki/lib/plugins/divalign2/common.php:22 Autoloading should be used instead!
2023-04-10 04:29:10		require(action.php) is deprecated. It was called from require() in /dokuwiki/lib/plugins/hidden/action.php:9 Autoloading should be used instead!
2023-04-10 04:29:13		require(syntax.php) is deprecated. It was called from require_once() in /dokuwiki/lib/plugins/divalign2/common.php:22 Autoloading should be used instead!
2023-04-10 04:29:13		require(action.php) is deprecated. It was called from require() in /dokuwiki/lib/plugins/hidden/action.php:9 Autoloading should be used instead!
2023-04-10 04:29:13		require(syntax.php) is deprecated. It was called from require_once() in /dokuwiki/lib/plugins/divalign2/common.php:22 Autoloading should be used instead!
2023-04-10 04:29:13		require(action.php) is deprecated. It was called from require() in /dokuwiki/lib/plugins/hidden/action.php:9 Autoloading should be used instead!
2023-04-10 04:35:28		require(syntax.php) is deprecated. It was called from require_once() in /dokuwiki/lib/plugins/divalign2/common.php:22 Autoloading should be used instead!
2023-04-10 04:35:28		require(action.php) is deprecated. It was called from require() in /dokuwiki/lib/plugins/hidden/action.php:9 Autoloading should be used instead!
2023-04-10 04:35:28		require(syntax.php) is deprecated. It was called from require_once() in /dokuwiki/lib/plugins/divalign2/common.php:22 Autoloading should be used instead!
2023-04-10 04:35:28		require(action.php) is deprecated. It was called from require() in /dokuwiki/lib/plugins/hidden/action.php:9 Autoloading should be used instead!
2023-04-10 04:35:29		resolve_id() is deprecated. It was called from syntax_plugin_indexmenu_indexmenu::_parse_ns() in /dokuwiki/lib/plugins/indexmenu/syntax/indexmenu.php:620 dokuwiki\File\Resolver and its children should be used instead!
2023-04-10 04:35:29		html_li_index() is deprecated. It was called from html_buildlist() in /dokuwiki/inc/html.php:471 dokuwiki\Ui\Index::tagListItem() should be used instead!
2023-04-10 04:35:29		html_li_index() is deprecated. It was called from html_buildlist() in /dokuwiki/inc/html.php:471 dokuwiki\Ui\Index::tagListItem() should be used instead!
2023-04-10 04:35:29		html_li_index() is deprecated. It was called from html_buildlist() in /dokuwiki/inc/html.php:471 dokuwiki\Ui\Index::tagListItem() should be used instead!
2023-04-10 04:35:29		html_li_index() is deprecated. It was called from html_buildlist() in /dokuwiki/inc/html.php:471 dokuwiki\Ui\Index::tagListItem() should be used instead!
2023-04-10 04:35:29		html_li_index() is deprecated. It was called from html_buildlist() in /dokuwiki/inc/html.php:471 dokuwiki\Ui\Index::tagListItem() should be used instead!
2023-04-10 04:35:29		html_li_index() is deprecated. It was called from html_buildlist() in /dokuwiki/inc/html.php:471 dokuwiki\Ui\Index::tagListItem() should be used instead!
2023-04-10 04:35:29		html_li_index() is deprecated. It was called from html_buildlist() in /dokuwiki/inc/html.php:471 dokuwiki\Ui\Index::tagListItem() should be used instead!
2023-04-10 04:35:29		html_li_index() is deprecated. It was called from html_buildlist() in /dokuwiki/inc/html.php:471 dokuwiki\Ui\Index::tagListItem() should be used instead!
2023-04-10 04:35:29		html_li_index() is deprecated. It was called from html_buildlist() in /dokuwiki/inc/html.php:471 dokuwiki\Ui\Index::tagListItem() should be used instead!
2023-04-10 04:35:29		html_li_index() is deprecated. It was called from html_buildlist() in /dokuwiki/inc/html.php:471 dokuwiki\Ui\Index::tagListItem() should be used instead!
2023-04-10 04:35:29		html_li_index() is deprecated. It was called from html_buildlist() in /dokuwiki/inc/html.php:471 dokuwiki\Ui\Index::tagListItem() should be used instead!
2023-04-10 04:35:29		html_li_index() is deprecated. It was called from html_buildlist() in /dokuwiki/inc/html.php:471 dokuwiki\Ui\Index::tagListItem() should be used instead!
2023-04-10 04:35:29		html_li_index() is deprecated. It was called from html_buildlist() in /dokuwiki/inc/html.php:471 dokuwiki\Ui\Index::tagListItem() should be used instead!
2023-04-10 04:35:29		html_li_index() is deprecated. It was called from html_buildlist() in /dokuwiki/inc/html.php:471 dokuwiki\Ui\Index::tagListItem() should be used instead!
2023-04-10 04:35:30		require(syntax.php) is deprecated. It was called from require_once() in /dokuwiki/lib/plugins/divalign2/common.php:22 Autoloading should be used instead!
2023-04-10 04:35:30		require(action.php) is deprecated. It was called from require() in /dokuwiki/lib/plugins/hidden/action.php:9 Autoloading should be used instead!
2023-04-10 04:35:35		require(syntax.php) is deprecated. It was called from require_once() in /dokuwiki/lib/plugins/divalign2/common.php:22 Autoloading should be used instead!
2023-04-10 04:35:35		require(action.php) is deprecated. It was called from require() in /dokuwiki/lib/plugins/hidden/action.php:9 Autoloading should be used instead!
2023-04-10 04:35:37		require(syntax.php) is deprecated. It was called from require_once() in /dokuwiki/lib/plugins/divalign2/common.php:22 Autoloading should be used instead!
2023-04-10 04:35:37		require(action.php) is deprecated. It was called from require() in /dokuwiki/lib/plugins/hidden/action.php:9 Autoloading should be used instead!
2023-04-10 04:35:38		require(syntax.php) is deprecated. It was called from require_once() in /dokuwiki/lib/plugins/divalign2/common.php:22 Autoloading should be used instead!
2023-04-10 04:35:38		require(action.php) is deprecated. It was called from require() in /dokuwiki/lib/plugins/hidden/action.php:9 Autoloading should be used instead!
2023-04-10 04:35:40		require(syntax.php) is deprecated. It was called from require_once() in /dokuwiki/lib/plugins/divalign2/common.php:22 Autoloading should be used instead!
2023-04-10 04:35:40		require(action.php) is deprecated. It was called from require() in /dokuwiki/lib/plugins/hidden/action.php:9 Autoloading should be used instead!
2023-04-10 04:35:42		require(syntax.php) is deprecated. It was called from require_once() in /dokuwiki/lib/plugins/divalign2/common.php:22 Autoloading should be used instead!
2023-04-10 04:35:42		require(action.php) is deprecated. It was called from require() in /dokuwiki/lib/plugins/hidden/action.php:9 Autoloading should be used instead!
2023-04-10 04:35:46		require(syntax.php) is deprecated. It was called from require_once() in /dokuwiki/lib/plugins/divalign2/common.php:22 Autoloading should be used instead!
2023-04-10 04:35:46		require(action.php) is deprecated. It was called from require() in /dokuwiki/lib/plugins/hidden/action.php:9 Autoloading should be used instead!
2023-04-10 04:35:46		require(syntax.php) is deprecated. It was called from require_once() in /dokuwiki/lib/plugins/divalign2/common.php:22 Autoloading should be used instead!
2023-04-10 04:35:46		require(action.php) is deprecated. It was called from require() in /dokuwiki/lib/plugins/hidden/action.php:9 Autoloading should be used instead!
2023-04-10 04:35:47		require(syntax.php) is deprecated. It was called from require_once() in /dokuwiki/lib/plugins/divalign2/common.php:22 Autoloading should be used instead!
2023-04-10 04:35:47		require(action.php) is deprecated. It was called from require() in /dokuwiki/lib/plugins/hidden/action.php:9 Autoloading should be used instead!
2023-04-10 04:35:47		require(syntax.php) is deprecated. It was called from require_once() in /dokuwiki/lib/plugins/divalign2/common.php:22 Autoloading should be used instead!
2023-04-10 04:35:47		require(action.php) is deprecated. It was called from require() in /dokuwiki/lib/plugins/hidden/action.php:9 Autoloading should be used instead!
2023-04-10 04:39:15		require(syntax.php) is deprecated. It was called from require_once() in /dokuwiki/lib/plugins/divalign2/common.php:22 Autoloading should be used instead!
2023-04-10 04:39:15		require(action.php) is deprecated. It was called from require() in /dokuwiki/lib/plugins/hidden/action.php:9 Autoloading should be used instead!
2023-04-10 04:39:16		require(syntax.php) is deprecated. It was called from require_once() in /dokuwiki/lib/plugins/divalign2/common.php:22 Autoloading should be used instead!
2023-04-10 04:39:16		require(action.php) is deprecated. It was called from require() in /dokuwiki/lib/plugins/hidden/action.php:9 Autoloading should be used instead!
2023-04-10 04:39:17		resolve_id() is deprecated. It was called from syntax_plugin_indexmenu_indexmenu::_parse_ns() in /dokuwiki/lib/plugins/indexmenu/syntax/indexmenu.php:620 dokuwiki\File\Resolver and its children should be used instead!
2023-04-10 04:39:17		html_li_index() is deprecated. It was called from html_buildlist() in /dokuwiki/inc/html.php:471 dokuwiki\Ui\Index::tagListItem() should be used instead!
2023-04-10 04:39:17		html_li_index() is deprecated. It was called from html_buildlist() in /dokuwiki/inc/html.php:471 dokuwiki\Ui\Index::tagListItem() should be used instead!
2023-04-10 04:39:17		html_li_index() is deprecated. It was called from html_buildlist() in /dokuwiki/inc/html.php:471 dokuwiki\Ui\Index::tagListItem() should be used instead!
2023-04-10 04:39:17		html_li_index() is deprecated. It was called from html_buildlist() in /dokuwiki/inc/html.php:471 dokuwiki\Ui\Index::tagListItem() should be used instead!
2023-04-10 04:39:17		html_li_index() is deprecated. It was called from html_buildlist() in /dokuwiki/inc/html.php:471 dokuwiki\Ui\Index::tagListItem() should be used instead!
2023-04-10 04:39:17		html_li_index() is deprecated. It was called from html_buildlist() in /dokuwiki/inc/html.php:471 dokuwiki\Ui\Index::tagListItem() should be used instead!
2023-04-10 04:39:17		html_li_index() is deprecated. It was called from html_buildlist() in /dokuwiki/inc/html.php:471 dokuwiki\Ui\Index::tagListItem() should be used instead!
2023-04-10 04:39:17		html_li_index() is deprecated. It was called from html_buildlist() in /dokuwiki/inc/html.php:471 dokuwiki\Ui\Index::tagListItem() should be used instead!
2023-04-10 04:39:17		html_li_index() is deprecated. It was called from html_buildlist() in /dokuwiki/inc/html.php:471 dokuwiki\Ui\Index::tagListItem() should be used instead!
2023-04-10 04:39:17		html_li_index() is deprecated. It was called from html_buildlist() in /dokuwiki/inc/html.php:471 dokuwiki\Ui\Index::tagListItem() should be used instead!
2023-04-10 04:39:17		html_li_index() is deprecated. It was called from html_buildlist() in /dokuwiki/inc/html.php:471 dokuwiki\Ui\Index::tagListItem() should be used instead!
2023-04-10 04:39:17		html_li_index() is deprecated. It was called from html_buildlist() in /dokuwiki/inc/html.php:471 dokuwiki\Ui\Index::tagListItem() should be used instead!
2023-04-10 04:39:17		html_li_index() is deprecated. It was called from html_buildlist() in /dokuwiki/inc/html.php:471 dokuwiki\Ui\Index::tagListItem() should be used instead!
2023-04-10 04:39:17		html_li_index() is deprecated. It was called from html_buildlist() in /dokuwiki/inc/html.php:471 dokuwiki\Ui\Index::tagListItem() should be used instead!
2023-04-10 04:39:18		require(syntax.php) is deprecated. It was called from require_once() in /dokuwiki/lib/plugins/divalign2/common.php:22 Autoloading should be used instead!
2023-04-10 04:39:18		require(action.php) is deprecated. It was called from require() in /dokuwiki/lib/plugins/hidden/action.php:9 Autoloading should be used instead!
2023-04-10 04:39:21		require(syntax.php) is deprecated. It was called from require_once() in /dokuwiki/lib/plugins/divalign2/common.php:22 Autoloading should be used instead!
2023-04-10 04:39:21		require(action.php) is deprecated. It was called from require() in /dokuwiki/lib/plugins/hidden/action.php:9 Autoloading should be used instead!
2023-04-10 04:39:23		require(syntax.php) is deprecated. It was called from require_once() in /dokuwiki/lib/plugins/divalign2/common.php:22 Autoloading should be used instead!
2023-04-10 04:39:23		require(action.php) is deprecated. It was called from require() in /dokuwiki/lib/plugins/hidden/action.php:9 Autoloading should be used instead!
2023-04-10 04:39:23		require(syntax.php) is deprecated. It was called from require_once() in /dokuwiki/lib/plugins/divalign2/common.php:22 Autoloading should be used instead!
2023-04-10 04:39:23		require(action.php) is deprecated. It was called from require() in /dokuwiki/lib/plugins/hidden/action.php:9 Autoloading should be used instead!
2023-04-10 04:39:31		require(syntax.php) is deprecated. It was called from require_once() in /dokuwiki/lib/plugins/divalign2/common.php:22 Autoloading should be used instead!
2023-04-10 04:39:31		require(action.php) is deprecated. It was called from require() in /dokuwiki/lib/plugins/hidden/action.php:9 Autoloading should be used instead!
2023-04-10 04:39:33		require(syntax.php) is deprecated. It was called from require_once() in /dokuwiki/lib/plugins/divalign2/common.php:22 Autoloading should be used instead!
2023-04-10 04:39:33		require(action.php) is deprecated. It was called from require() in /dokuwiki/lib/plugins/hidden/action.php:9 Autoloading should be used instead!
2023-04-10 04:39:35		require(syntax.php) is deprecated. It was called from require_once() in /dokuwiki/lib/plugins/divalign2/common.php:22 Autoloading should be used instead!
2023-04-10 04:39:35		require(action.php) is deprecated. It was called from require() in /dokuwiki/lib/plugins/hidden/action.php:9 Autoloading should be used instead!
2023-04-10 04:39:35		require(syntax.php) is deprecated. It was called from require_once() in /dokuwiki/lib/plugins/divalign2/common.php:22 Autoloading should be used instead!
2023-04-10 04:39:35		require(action.php) is deprecated. It was called from require() in /dokuwiki/lib/plugins/hidden/action.php:9 Autoloading should be used instead!
2023-04-10 04:39:36		require(syntax.php) is deprecated. It was called from require_once() in /dokuwiki/lib/plugins/divalign2/common.php:22 Autoloading should be used instead!
2023-04-10 04:39:36		require(action.php) is deprecated. It was called from require() in /dokuwiki/lib/plugins/hidden/action.php:9 Autoloading should be used instead!
2023-04-10 04:39:36		require(syntax.php) is deprecated. It was called from require_once() in /dokuwiki/lib/plugins/divalign2/common.php:22 Autoloading should be used instead!
2023-04-10 04:39:36		require(action.php) is deprecated. It was called from require() in /dokuwiki/lib/plugins/hidden/action.php:9 Autoloading should be used instead!
2023-04-10 04:40:04		require(syntax.php) is deprecated. It was called from require_once() in /dokuwiki/lib/plugins/divalign2/common.php:22 Autoloading should be used instead!
2023-04-10 04:40:04		require(action.php) is deprecated. It was called from require() in /dokuwiki/lib/plugins/hidden/action.php:9 Autoloading should be used instead!
2023-04-10 04:40:04		require(syntax.php) is deprecated. It was called from require_once() in /dokuwiki/lib/plugins/divalign2/common.php:22 Autoloading should be used instead!
2023-04-10 04:40:05		require(action.php) is deprecated. It was called from require() in /dokuwiki/lib/plugins/hidden/action.php:9 Autoloading should be used instead!
2023-04-10 04:40:05		resolve_id() is deprecated. It was called from syntax_plugin_indexmenu_indexmenu::_parse_ns() in /dokuwiki/lib/plugins/indexmenu/syntax/indexmenu.php:620 dokuwiki\File\Resolver and its children should be used instead!
2023-04-10 04:40:05		html_li_index() is deprecated. It was called from html_buildlist() in /dokuwiki/inc/html.php:471 dokuwiki\Ui\Index::tagListItem() should be used instead!
2023-04-10 04:40:05		html_li_index() is deprecated. It was called from html_buildlist() in /dokuwiki/inc/html.php:471 dokuwiki\Ui\Index::tagListItem() should be used instead!
2023-04-10 04:40:05		html_li_index() is deprecated. It was called from html_buildlist() in /dokuwiki/inc/html.php:471 dokuwiki\Ui\Index::tagListItem() should be used instead!
2023-04-10 04:40:05		html_li_index() is deprecated. It was called from html_buildlist() in /dokuwiki/inc/html.php:471 dokuwiki\Ui\Index::tagListItem() should be used instead!
2023-04-10 04:40:05		html_li_index() is deprecated. It was called from html_buildlist() in /dokuwiki/inc/html.php:471 dokuwiki\Ui\Index::tagListItem() should be used instead!
2023-04-10 04:40:05		html_li_index() is deprecated. It was called from html_buildlist() in /dokuwiki/inc/html.php:471 dokuwiki\Ui\Index::tagListItem() should be used instead!
2023-04-10 04:40:05		html_li_index() is deprecated. It was called from html_buildlist() in /dokuwiki/inc/html.php:471 dokuwiki\Ui\Index::tagListItem() should be used instead!
2023-04-10 04:40:05		html_li_index() is deprecated. It was called from html_buildlist() in /dokuwiki/inc/html.php:471 dokuwiki\Ui\Index::tagListItem() should be used instead!
2023-04-10 04:40:05		html_li_index() is deprecated. It was called from html_buildlist() in /dokuwiki/inc/html.php:471 dokuwiki\Ui\Index::tagListItem() should be used instead!
2023-04-10 04:40:05		html_li_index() is deprecated. It was called from html_buildlist() in /dokuwiki/inc/html.php:471 dokuwiki\Ui\Index::tagListItem() should be used instead!
2023-04-10 04:40:05		html_li_index() is deprecated. It was called from html_buildlist() in /dokuwiki/inc/html.php:471 dokuwiki\Ui\Index::tagListItem() should be used instead!
2023-04-10 04:40:05		html_li_index() is deprecated. It was called from html_buildlist() in /dokuwiki/inc/html.php:471 dokuwiki\Ui\Index::tagListItem() should be used instead!
2023-04-10 04:40:05		html_li_index() is deprecated. It was called from html_buildlist() in /dokuwiki/inc/html.php:471 dokuwiki\Ui\Index::tagListItem() should be used instead!
2023-04-10 04:40:05		html_li_index() is deprecated. It was called from html_buildlist() in /dokuwiki/inc/html.php:471 dokuwiki\Ui\Index::tagListItem() should be used instead!
2023-04-10 04:40:07		require(syntax.php) is deprecated. It was called from require_once() in /dokuwiki/lib/plugins/divalign2/common.php:22 Autoloading should be used instead!
2023-04-10 04:40:07		require(action.php) is deprecated. It was called from require() in /dokuwiki/lib/plugins/hidden/action.php:9 Autoloading should be used instead!
2023-04-10 04:40:14		require(syntax.php) is deprecated. It was called from require_once() in /dokuwiki/lib/plugins/divalign2/common.php:22 Autoloading should be used instead!
2023-04-10 04:40:14		require(action.php) is deprecated. It was called from require() in /dokuwiki/lib/plugins/hidden/action.php:9 Autoloading should be used instead!
2023-04-10 04:40:15		require(syntax.php) is deprecated. It was called from require_once() in /dokuwiki/lib/plugins/divalign2/common.php:22 Autoloading should be used instead!
2023-04-10 04:40:15		require(action.php) is deprecated. It was called from require() in /dokuwiki/lib/plugins/hidden/action.php:9 Autoloading should be used instead!
2023-04-10 04:40:16		require(syntax.php) is deprecated. It was called from require_once() in /dokuwiki/lib/plugins/divalign2/common.php:22 Autoloading should be used instead!
2023-04-10 04:40:16		require(action.php) is deprecated. It was called from require() in /dokuwiki/lib/plugins/hidden/action.php:9 Autoloading should be used instead!
2023-04-10 04:41:17		require(syntax.php) is deprecated. It was called from require_once() in /dokuwiki/lib/plugins/divalign2/common.php:22 Autoloading should be used instead!
2023-04-10 04:41:17		require(action.php) is deprecated. It was called from require() in /dokuwiki/lib/plugins/hidden/action.php:9 Autoloading should be used instead!
2023-04-10 04:41:18		require(syntax.php) is deprecated. It was called from require_once() in /dokuwiki/lib/plugins/divalign2/common.php:22 Autoloading should be used instead!
2023-04-10 04:41:18		require(action.php) is deprecated. It was called from require() in /dokuwiki/lib/plugins/hidden/action.php:9 Autoloading should be used instead!
2023-04-10 04:41:21		require(syntax.php) is deprecated. It was called from require_once() in /dokuwiki/lib/plugins/divalign2/common.php:22 Autoloading should be used instead!
2023-04-10 04:41:21		require(action.php) is deprecated. It was called from require() in /dokuwiki/lib/plugins/hidden/action.php:9 Autoloading should be used instead!
2023-04-10 04:41:21		require(syntax.php) is deprecated. It was called from require_once() in /dokuwiki/lib/plugins/divalign2/common.php:22 Autoloading should be used instead!
2023-04-10 04:41:21		require(action.php) is deprecated. It was called from require() in /dokuwiki/lib/plugins/hidden/action.php:9 Autoloading should be used instead!
2023-04-10 04:41:23		require(syntax.php) is deprecated. It was called from require_once() in /dokuwiki/lib/plugins/divalign2/common.php:22 Autoloading should be used instead!
2023-04-10 04:41:23		require(action.php) is deprecated. It was called from require() in /dokuwiki/lib/plugins/hidden/action.php:9 Autoloading should be used instead!
2023-04-10 04:41:23		require(syntax.php) is deprecated. It was called from require_once() in /dokuwiki/lib/plugins/divalign2/common.php:22 Autoloading should be used instead!
2023-04-10 04:41:23		require(action.php) is deprecated. It was called from require() in /dokuwiki/lib/plugins/hidden/action.php:9 Autoloading should be used instead!
2023-04-10 04:41:29		require(syntax.php) is deprecated. It was called from require_once() in /dokuwiki/lib/plugins/divalign2/common.php:22 Autoloading should be used instead!
2023-04-10 04:41:29		require(action.php) is deprecated. It was called from require() in /dokuwiki/lib/plugins/hidden/action.php:9 Autoloading should be used instead!
2023-04-10 04:41:30		require(syntax.php) is deprecated. It was called from require_once() in /dokuwiki/lib/plugins/divalign2/common.php:22 Autoloading should be used instead!
2023-04-10 04:41:30		require(action.php) is deprecated. It was called from require() in /dokuwiki/lib/plugins/hidden/action.php:9 Autoloading should be used instead!
2023-04-10 04:41:30		resolve_id() is deprecated. It was called from syntax_plugin_indexmenu_indexmenu::_parse_ns() in /dokuwiki/lib/plugins/indexmenu/syntax/indexmenu.php:620 dokuwiki\File\Resolver and its children should be used instead!
2023-04-10 04:41:30		html_li_index() is deprecated. It was called from html_buildlist() in /dokuwiki/inc/html.php:471 dokuwiki\Ui\Index::tagListItem() should be used instead!
2023-04-10 04:41:30		html_li_index() is deprecated. It was called from html_buildlist() in /dokuwiki/inc/html.php:471 dokuwiki\Ui\Index::tagListItem() should be used instead!
2023-04-10 04:41:30		html_li_index() is deprecated. It was called from html_buildlist() in /dokuwiki/inc/html.php:471 dokuwiki\Ui\Index::tagListItem() should be used instead!
2023-04-10 04:41:30		html_li_index() is deprecated. It was called from html_buildlist() in /dokuwiki/inc/html.php:471 dokuwiki\Ui\Index::tagListItem() should be used instead!
2023-04-10 04:41:30		html_li_index() is deprecated. It was called from html_buildlist() in /dokuwiki/inc/html.php:471 dokuwiki\Ui\Index::tagListItem() should be used instead!
2023-04-10 04:41:30		html_li_index() is deprecated. It was called from html_buildlist() in /dokuwiki/inc/html.php:471 dokuwiki\Ui\Index::tagListItem() should be used instead!
2023-04-10 04:41:30		html_li_index() is deprecated. It was called from html_buildlist() in /dokuwiki/inc/html.php:471 dokuwiki\Ui\Index::tagListItem() should be used instead!
2023-04-10 04:41:30		html_li_index() is deprecated. It was called from html_buildlist() in /dokuwiki/inc/html.php:471 dokuwiki\Ui\Index::tagListItem() should be used instead!
2023-04-10 04:41:30		html_li_index() is deprecated. It was called from html_buildlist() in /dokuwiki/inc/html.php:471 dokuwiki\Ui\Index::tagListItem() should be used instead!
2023-04-10 04:41:30		html_li_index() is deprecated. It was called from html_buildlist() in /dokuwiki/inc/html.php:471 dokuwiki\Ui\Index::tagListItem() should be used instead!
2023-04-10 04:41:30		html_li_index() is deprecated. It was called from html_buildlist() in /dokuwiki/inc/html.php:471 dokuwiki\Ui\Index::tagListItem() should be used instead!
2023-04-10 04:41:30		html_li_index() is deprecated. It was called from html_buildlist() in /dokuwiki/inc/html.php:471 dokuwiki\Ui\Index::tagListItem() should be used instead!
2023-04-10 04:41:30		html_li_index() is deprecated. It was called from html_buildlist() in /dokuwiki/inc/html.php:471 dokuwiki\Ui\Index::tagListItem() should be used instead!
2023-04-10 04:41:30		html_li_index() is deprecated. It was called from html_buildlist() in /dokuwiki/inc/html.php:471 dokuwiki\Ui\Index::tagListItem() should be used instead!
2023-04-10 04:41:32		require(syntax.php) is deprecated. It was called from require_once() in /dokuwiki/lib/plugins/divalign2/common.php:22 Autoloading should be used instead!
2023-04-10 04:41:32		require(action.php) is deprecated. It was called from require() in /dokuwiki/lib/plugins/hidden/action.php:9 Autoloading should be used instead!
2023-04-10 04:41:34		require(syntax.php) is deprecated. It was called from require_once() in /dokuwiki/lib/plugins/divalign2/common.php:22 Autoloading should be used instead!
2023-04-10 04:41:34		require(action.php) is deprecated. It was called from require() in /dokuwiki/lib/plugins/hidden/action.php:9 Autoloading should be used instead!
2023-04-10 04:41:34		require(syntax.php) is deprecated. It was called from require_once() in /dokuwiki/lib/plugins/divalign2/common.php:22 Autoloading should be used instead!
2023-04-10 04:41:34		require(action.php) is deprecated. It was called from require() in /dokuwiki/lib/plugins/hidden/action.php:9 Autoloading should be used instead!
2023-04-10 04:41:35		require(syntax.php) is deprecated. It was called from require_once() in /dokuwiki/lib/plugins/divalign2/common.php:22 Autoloading should be used instead!
2023-04-10 04:41:35		require(action.php) is deprecated. It was called from require() in /dokuwiki/lib/plugins/hidden/action.php:9 Autoloading should be used instead!
2023-04-10 05:43:11		require(syntax.php) is deprecated. It was called from require_once() in /dokuwiki/lib/plugins/divalign2/common.php:22 Autoloading should be used instead!
2023-04-10 05:43:11		require(action.php) is deprecated. It was called from require() in /dokuwiki/lib/plugins/hidden/action.php:9 Autoloading should be used instead!
2023-04-10 05:43:12		require(syntax.php) is deprecated. It was called from require_once() in /dokuwiki/lib/plugins/divalign2/common.php:22 Autoloading should be used instead!
2023-04-10 05:43:12		require(action.php) is deprecated. It was called from require() in /dokuwiki/lib/plugins/hidden/action.php:9 Autoloading should be used instead!
2023-04-10 05:43:13		require(syntax.php) is deprecated. It was called from require_once() in /dokuwiki/lib/plugins/divalign2/common.php:22 Autoloading should be used instead!
2023-04-10 05:43:13		require(action.php) is deprecated. It was called from require() in /dokuwiki/lib/plugins/hidden/action.php:9 Autoloading should be used instead!
2023-04-10 05:43:13		require(syntax.php) is deprecated. It was called from require_once() in /dokuwiki/lib/plugins/divalign2/common.php:22 Autoloading should be used instead!
2023-04-10 05:43:13		require(action.php) is deprecated. It was called from require() in /dokuwiki/lib/plugins/hidden/action.php:9 Autoloading should be used instead!
2023-04-10 05:43:14		require(syntax.php) is deprecated. It was called from require_once() in /dokuwiki/lib/plugins/divalign2/common.php:22 Autoloading should be used instead!
2023-04-10 05:43:14		require(action.php) is deprecated. It was called from require() in /dokuwiki/lib/plugins/hidden/action.php:9 Autoloading should be used instead!
2023-04-10 05:43:14		require(syntax.php) is deprecated. It was called from require_once() in /dokuwiki/lib/plugins/divalign2/common.php:22 Autoloading should be used instead!
2023-04-10 05:43:14		require(action.php) is deprecated. It was called from require() in /dokuwiki/lib/plugins/hidden/action.php:9 Autoloading should be used instead!
2023-04-10 05:43:16		require(syntax.php) is deprecated. It was called from require_once() in /dokuwiki/lib/plugins/divalign2/common.php:22 Autoloading should be used instead!
2023-04-10 05:43:16		require(action.php) is deprecated. It was called from require() in /dokuwiki/lib/plugins/hidden/action.php:9 Autoloading should be used instead!
2023-04-10 05:43:17		require(syntax.php) is deprecated. It was called from require_once() in /dokuwiki/lib/plugins/divalign2/common.php:22 Autoloading should be used instead!
2023-04-10 05:43:17		require(action.php) is deprecated. It was called from require() in /dokuwiki/lib/plugins/hidden/action.php:9 Autoloading should be used instead!
2023-04-10 05:43:20		require(syntax.php) is deprecated. It was called from require_once() in /dokuwiki/lib/plugins/divalign2/common.php:22 Autoloading should be used instead!
2023-04-10 05:43:20		require(action.php) is deprecated. It was called from require() in /dokuwiki/lib/plugins/hidden/action.php:9 Autoloading should be used instead!
2023-04-10 05:43:25		require(syntax.php) is deprecated. It was called from require_once() in /dokuwiki/lib/plugins/divalign2/common.php:22 Autoloading should be used instead!
2023-04-10 05:43:25		require(action.php) is deprecated. It was called from require() in /dokuwiki/lib/plugins/hidden/action.php:9 Autoloading should be used instead!
2023-04-10 05:43:59		require(syntax.php) is deprecated. It was called from require_once() in /dokuwiki/lib/plugins/divalign2/common.php:22 Autoloading should be used instead!
2023-04-10 05:43:59		require(action.php) is deprecated. It was called from require() in /dokuwiki/lib/plugins/hidden/action.php:9 Autoloading should be used instead!
2023-04-10 05:44:00		require(syntax.php) is deprecated. It was called from require_once() in /dokuwiki/lib/plugins/divalign2/common.php:22 Autoloading should be used instead!
2023-04-10 05:44:00		require(action.php) is deprecated. It was called from require() in /dokuwiki/lib/plugins/hidden/action.php:9 Autoloading should be used instead!
2023-04-10 05:44:00		require(syntax.php) is deprecated. It was called from require_once() in /dokuwiki/lib/plugins/divalign2/common.php:22 Autoloading should be used instead!
2023-04-10 05:44:00		require(action.php) is deprecated. It was called from require() in /dokuwiki/lib/plugins/hidden/action.php:9 Autoloading should be used instead!
2023-04-10 08:34:07		require(syntax.php) is deprecated. It was called from require_once() in /dokuwiki/lib/plugins/divalign2/common.php:22 Autoloading should be used instead!
2023-04-10 08:34:07		require(action.php) is deprecated. It was called from require() in /dokuwiki/lib/plugins/hidden/action.php:9 Autoloading should be used instead!
2023-04-10 08:34:08		resolve_id() is deprecated. It was called from syntax_plugin_indexmenu_indexmenu::_parse_ns() in /dokuwiki/lib/plugins/indexmenu/syntax/indexmenu.php:620 dokuwiki\File\Resolver and its children should be used instead!
2023-04-10 08:34:08		html_li_index() is deprecated. It was called from html_buildlist() in /dokuwiki/inc/html.php:471 dokuwiki\Ui\Index::tagListItem() should be used instead!
2023-04-10 08:34:08		html_li_index() is deprecated. It was called from html_buildlist() in /dokuwiki/inc/html.php:471 dokuwiki\Ui\Index::tagListItem() should be used instead!
2023-04-10 08:34:08		html_li_index() is deprecated. It was called from html_buildlist() in /dokuwiki/inc/html.php:471 dokuwiki\Ui\Index::tagListItem() should be used instead!
2023-04-10 08:34:08		html_li_index() is deprecated. It was called from html_buildlist() in /dokuwiki/inc/html.php:471 dokuwiki\Ui\Index::tagListItem() should be used instead!
2023-04-10 08:34:08		html_li_index() is deprecated. It was called from html_buildlist() in /dokuwiki/inc/html.php:471 dokuwiki\Ui\Index::tagListItem() should be used instead!
2023-04-10 08:34:08		html_li_index() is deprecated. It was called from html_buildlist() in /dokuwiki/inc/html.php:471 dokuwiki\Ui\Index::tagListItem() should be used instead!
2023-04-10 08:34:08		html_li_index() is deprecated. It was called from html_buildlist() in /dokuwiki/inc/html.php:471 dokuwiki\Ui\Index::tagListItem() should be used instead!
2023-04-10 09:41:21		require(syntax.php) is deprecated. It was called from require_once() in /dokuwiki/lib/plugins/divalign2/common.php:22 Autoloading should be used instead!
2023-04-10 09:41:21		require(action.php) is deprecated. It was called from require() in /dokuwiki/lib/plugins/hidden/action.php:9 Autoloading should be used instead!
2023-04-10 09:41:48		require(syntax.php) is deprecated. It was called from require_once() in /dokuwiki/lib/plugins/divalign2/common.php:22 Autoloading should be used instead!
2023-04-10 09:41:48		require(action.php) is deprecated. It was called from require() in /dokuwiki/lib/plugins/hidden/action.php:9 Autoloading should be used instead!
2023-04-10 10:01:49		require(syntax.php) is deprecated. It was called from require_once() in /dokuwiki/lib/plugins/divalign2/common.php:22 Autoloading should be used instead!
2023-04-10 10:01:49		require(action.php) is deprecated. It was called from require() in /dokuwiki/lib/plugins/hidden/action.php:9 Autoloading should be used instead!
2023-04-10 13:00:25		require(syntax.php) is deprecated. It was called from require_once() in /dokuwiki/lib/plugins/divalign2/common.php:22 Autoloading should be used instead!
2023-04-10 13:00:25		require(action.php) is deprecated. It was called from require() in /dokuwiki/lib/plugins/hidden/action.php:9 Autoloading should be used instead!
2023-04-10 13:00:25		html_li_index() is deprecated. It was called from html_buildlist() in /dokuwiki/inc/html.php:471 dokuwiki\Ui\Index::tagListItem() should be used instead!
2023-04-10 13:00:25		html_li_index() is deprecated. It was called from html_buildlist() in /dokuwiki/inc/html.php:471 dokuwiki\Ui\Index::tagListItem() should be used instead!
2023-04-10 13:00:25		html_li_index() is deprecated. It was called from html_buildlist() in /dokuwiki/inc/html.php:471 dokuwiki\Ui\Index::tagListItem() should be used instead!
2023-04-10 13:00:25		html_li_index() is deprecated. It was called from html_buildlist() in /dokuwiki/inc/html.php:471 dokuwiki\Ui\Index::tagListItem() should be used instead!
2023-04-10 13:00:25		html_li_index() is deprecated. It was called from html_buildlist() in /dokuwiki/inc/html.php:471 dokuwiki\Ui\Index::tagListItem() should be used instead!
2023-04-10 13:00:25		html_li_index() is deprecated. It was called from html_buildlist() in /dokuwiki/inc/html.php:471 dokuwiki\Ui\Index::tagListItem() should be used instead!
2023-04-10 13:00:25		html_li_index() is deprecated. It was called from html_buildlist() in /dokuwiki/inc/html.php:471 dokuwiki\Ui\Index::tagListItem() should be used instead!
2023-04-10 13:25:10		require(syntax.php) is deprecated. It was called from require_once() in /dokuwiki/lib/plugins/divalign2/common.php:22 Autoloading should be used instead!
2023-04-10 13:25:10		require(action.php) is deprecated. It was called from require() in /dokuwiki/lib/plugins/hidden/action.php:9 Autoloading should be used instead!
2023-04-10 13:25:10		Doku_Handler::_addCall() is deprecated. It was called from syntax_plugin_divalign2_common::handle() in /dokuwiki/lib/plugins/divalign2/common.php:64 addCall should be used instead!
2023-04-10 13:25:10		Doku_Handler::_addCall() is deprecated. It was called from syntax_plugin_divalign2_common::handle() in /dokuwiki/lib/plugins/divalign2/common.php:64 addCall should be used instead!
2023-04-10 13:25:10		Doku_Handler::_addCall() is deprecated. It was called from syntax_plugin_divalign2_common::handle() in /dokuwiki/lib/plugins/divalign2/common.php:64 addCall should be used instead!
2023-04-10 13:25:11		Doku_Handler::_addCall() is deprecated. It was called from syntax_plugin_divalign2_common::handle() in /dokuwiki/lib/plugins/divalign2/common.php:64 addCall should be used instead!
2023-04-10 13:25:11		Doku_Handler::_addCall() is deprecated. It was called from syntax_plugin_divalign2_common::handle() in /dokuwiki/lib/plugins/divalign2/common.php:64 addCall should be used instead!
2023-04-10 13:25:11		Doku_Handler::_addCall() is deprecated. It was called from syntax_plugin_divalign2_common::handle() in /dokuwiki/lib/plugins/divalign2/common.php:64 addCall should be used instead!
2023-04-10 13:25:11		Doku_Handler::_addCall() is deprecated. It was called from syntax_plugin_divalign2_common::handle() in /dokuwiki/lib/plugins/divalign2/common.php:64 addCall should be used instead!
2023-04-10 13:25:11		Doku_Handler::_addCall() is deprecated. It was called from syntax_plugin_wrap_div::handle() in /dokuwiki/lib/plugins/wrap/syntax/div.php:49 addCall should be used instead!
2023-04-10 13:25:11		resolve_id() is deprecated. It was called from syntax_plugin_indexmenu_indexmenu::_parse_ns() in /dokuwiki/lib/plugins/indexmenu/syntax/indexmenu.php:620 dokuwiki\File\Resolver and its children should be used instead!
2023-04-10 13:25:13		html_li_index() is deprecated. It was called from html_buildlist() in /dokuwiki/inc/html.php:471 dokuwiki\Ui\Index::tagListItem() should be used instead!
2023-04-10 13:25:13		html_li_index() is deprecated. It was called from html_buildlist() in /dokuwiki/inc/html.php:471 dokuwiki\Ui\Index::tagListItem() should be used instead!
2023-04-10 13:25:13		html_li_index() is deprecated. It was called from html_buildlist() in /dokuwiki/inc/html.php:471 dokuwiki\Ui\Index::tagListItem() should be used instead!
2023-04-10 13:25:13		html_li_index() is deprecated. It was called from html_buildlist() in /dokuwiki/inc/html.php:471 dokuwiki\Ui\Index::tagListItem() should be used instead!
2023-04-10 13:25:13		html_li_index() is deprecated. It was called from html_buildlist() in /dokuwiki/inc/html.php:471 dokuwiki\Ui\Index::tagListItem() should be used instead!
2023-04-10 13:25:13		html_li_index() is deprecated. It was called from html_buildlist() in /dokuwiki/inc/html.php:471 dokuwiki\Ui\Index::tagListItem() should be used instead!
2023-04-10 13:25:13		html_li_index() is deprecated. It was called from html_buildlist() in /dokuwiki/inc/html.php:471 dokuwiki\Ui\Index::tagListItem() should be used instead!
2023-04-10 13:51:04		require(syntax.php) is deprecated. It was called from require_once() in /dokuwiki/lib/plugins/divalign2/common.php:22 Autoloading should be used instead!
2023-04-10 13:51:04		require(action.php) is deprecated. It was called from require() in /dokuwiki/lib/plugins/hidden/action.php:9 Autoloading should be used instead!
2023-04-10 13:51:06		resolve_id() is deprecated. It was called from syntax_plugin_indexmenu_indexmenu::_parse_ns() in /dokuwiki/lib/plugins/indexmenu/syntax/indexmenu.php:620 dokuwiki\File\Resolver and its children should be used instead!
2023-04-10 13:51:06		html_li_index() is deprecated. It was called from html_buildlist() in /dokuwiki/inc/html.php:471 dokuwiki\Ui\Index::tagListItem() should be used instead!
2023-04-10 13:51:06		html_li_index() is deprecated. It was called from html_buildlist() in /dokuwiki/inc/html.php:471 dokuwiki\Ui\Index::tagListItem() should be used instead!
2023-04-10 13:51:06		html_li_index() is deprecated. It was called from html_buildlist() in /dokuwiki/inc/html.php:471 dokuwiki\Ui\Index::tagListItem() should be used instead!
2023-04-10 13:51:06		html_li_index() is deprecated. It was called from html_buildlist() in /dokuwiki/inc/html.php:471 dokuwiki\Ui\Index::tagListItem() should be used instead!
2023-04-10 13:51:06		html_li_index() is deprecated. It was called from html_buildlist() in /dokuwiki/inc/html.php:471 dokuwiki\Ui\Index::tagListItem() should be used instead!
2023-04-10 13:51:06		html_li_index() is deprecated. It was called from html_buildlist() in /dokuwiki/inc/html.php:471 dokuwiki\Ui\Index::tagListItem() should be used instead!
2023-04-10 13:51:06		html_li_index() is deprecated. It was called from html_buildlist() in /dokuwiki/inc/html.php:471 dokuwiki\Ui\Index::tagListItem() should be used instead!
